
         /\      Grafana   /‾‾/  
    /\  /  \     |\  __   /  /   
   /  \/    \    | |/ /  /   ‾‾\ 
  /          \   |   (  |  (‾)  |
 / __________ \  |_|\_\  \_____/ 


     execution: local
        script: k6/07-session-lifecycle.js
        output: json (k6/results/kafka/07-session-lifecycle.json)

     scenarios: (100.00%) 1 scenario, 50 max VUs, 4m30s max duration (incl. graceful stop):
              * lifecycle: Up to 50 looping VUs for 4m0s over 5 stages (gracefulRampDown: 30s, gracefulStop: 30s)


running (0m01.0s), 01/50 VUs, 0 complete and 0 interrupted iterations
lifecycle   [   0% ] 01/50 VUs  0m00.8s/4m00.0s

running (0m02.0s), 01/50 VUs, 0 complete and 0 interrupted iterations
lifecycle   [   1% ] 01/50 VUs  0m01.8s/4m00.0s

running (0m03.0s), 01/50 VUs, 0 complete and 0 interrupted iterations
lifecycle   [   1% ] 01/50 VUs  0m02.8s/4m00.0s

running (0m04.0s), 02/50 VUs, 0 complete and 0 interrupted iterations
lifecycle   [   2% ] 02/50 VUs  0m03.8s/4m00.0s

running (0m05.0s), 02/50 VUs, 0 complete and 0 interrupted iterations
lifecycle   [   2% ] 02/50 VUs  0m04.8s/4m00.0s

running (0m06.0s), 02/50 VUs, 0 complete and 0 interrupted iterations
lifecycle   [   2% ] 02/50 VUs  0m05.8s/4m00.0s

running (0m07.0s), 03/50 VUs, 0 complete and 0 interrupted iterations
lifecycle   [   3% ] 03/50 VUs  0m06.8s/4m00.0s

running (0m08.0s), 03/50 VUs, 0 complete and 0 interrupted iterations
lifecycle   [   3% ] 03/50 VUs  0m07.8s/4m00.0s

running (0m09.0s), 03/50 VUs, 0 complete and 0 interrupted iterations
lifecycle   [   4% ] 03/50 VUs  0m08.8s/4m00.0s

running (0m10.0s), 03/50 VUs, 2 complete and 0 interrupted iterations
lifecycle   [   4% ] 03/50 VUs  0m09.8s/4m00.0s

running (0m11.0s), 04/50 VUs, 3 complete and 0 interrupted iterations
lifecycle   [   4% ] 04/50 VUs  0m10.8s/4m00.0s

running (0m12.0s), 04/50 VUs, 3 complete and 0 interrupted iterations
lifecycle   [   5% ] 04/50 VUs  0m11.8s/4m00.0s

running (0m13.0s), 04/50 VUs, 3 complete and 0 interrupted iterations
lifecycle   [   5% ] 04/50 VUs  0m12.8s/4m00.0s

running (0m14.0s), 05/50 VUs, 4 complete and 0 interrupted iterations
lifecycle   [   6% ] 05/50 VUs  0m13.8s/4m00.0s

running (0m15.0s), 05/50 VUs, 6 complete and 0 interrupted iterations
lifecycle   [   6% ] 05/50 VUs  0m14.8s/4m00.0s

running (0m16.0s), 05/50 VUs, 7 complete and 0 interrupted iterations
lifecycle   [   7% ] 05/50 VUs  0m15.8s/4m00.0s

running (0m17.0s), 06/50 VUs, 9 complete and 0 interrupted iterations
lifecycle   [   7% ] 06/50 VUs  0m16.8s/4m00.0s

running (0m18.0s), 06/50 VUs, 10 complete and 0 interrupted iterations
lifecycle   [   7% ] 06/50 VUs  0m17.8s/4m00.0s

running (0m19.0s), 06/50 VUs, 11 complete and 0 interrupted iterations
lifecycle   [   8% ] 06/50 VUs  0m18.8s/4m00.0s

running (0m20.0s), 06/50 VUs, 13 complete and 0 interrupted iterations
lifecycle   [   8% ] 06/50 VUs  0m19.8s/4m00.0s

running (0m21.0s), 07/50 VUs, 13 complete and 0 interrupted iterations
lifecycle   [   9% ] 07/50 VUs  0m20.8s/4m00.0s

running (0m22.0s), 07/50 VUs, 15 complete and 0 interrupted iterations
lifecycle   [   9% ] 07/50 VUs  0m21.8s/4m00.0s

running (0m23.0s), 07/50 VUs, 19 complete and 0 interrupted iterations
lifecycle   [   9% ] 07/50 VUs  0m22.8s/4m00.0s

running (0m24.0s), 08/50 VUs, 20 complete and 0 interrupted iterations
lifecycle   [  10% ] 08/50 VUs  0m23.8s/4m00.0s

running (0m25.0s), 08/50 VUs, 22 complete and 0 interrupted iterations
lifecycle   [  10% ] 08/50 VUs  0m24.8s/4m00.0s

running (0m26.0s), 08/50 VUs, 23 complete and 0 interrupted iterations
lifecycle   [  11% ] 08/50 VUs  0m25.8s/4m00.0s

running (0m27.0s), 09/50 VUs, 25 complete and 0 interrupted iterations
lifecycle   [  11% ] 09/50 VUs  0m26.8s/4m00.0s

running (0m28.0s), 09/50 VUs, 28 complete and 0 interrupted iterations
lifecycle   [  12% ] 09/50 VUs  0m27.8s/4m00.0s

running (0m29.0s), 09/50 VUs, 29 complete and 0 interrupted iterations
lifecycle   [  12% ] 09/50 VUs  0m28.8s/4m00.0s

running (0m30.0s), 09/50 VUs, 30 complete and 0 interrupted iterations
lifecycle   [  12% ] 09/50 VUs  0m29.8s/4m00.0s

running (0m31.0s), 10/50 VUs, 31 complete and 0 interrupted iterations
lifecycle   [  13% ] 10/50 VUs  0m30.8s/4m00.0s

running (0m32.0s), 10/50 VUs, 32 complete and 0 interrupted iterations
lifecycle   [  13% ] 10/50 VUs  0m31.8s/4m00.0s

running (0m33.0s), 10/50 VUs, 34 complete and 0 interrupted iterations
lifecycle   [  14% ] 10/50 VUs  0m32.8s/4m00.0s

running (0m34.0s), 11/50 VUs, 39 complete and 0 interrupted iterations
lifecycle   [  14% ] 11/50 VUs  0m33.8s/4m00.0s

running (0m35.0s), 11/50 VUs, 39 complete and 0 interrupted iterations
lifecycle   [  14% ] 11/50 VUs  0m34.8s/4m00.0s

running (0m36.0s), 11/50 VUs, 43 complete and 0 interrupted iterations
lifecycle   [  15% ] 11/50 VUs  0m35.8s/4m00.0s

running (0m37.0s), 12/50 VUs, 43 complete and 0 interrupted iterations
lifecycle   [  15% ] 12/50 VUs  0m36.8s/4m00.0s

running (0m38.0s), 12/50 VUs, 43 complete and 0 interrupted iterations
lifecycle   [  16% ] 12/50 VUs  0m37.8s/4m00.0s

running (0m39.0s), 12/50 VUs, 44 complete and 0 interrupted iterations
lifecycle   [  16% ] 12/50 VUs  0m38.8s/4m00.0s

running (0m40.0s), 13/50 VUs, 48 complete and 0 interrupted iterations
lifecycle   [  17% ] 13/50 VUs  0m39.8s/4m00.0s

running (0m41.0s), 13/50 VUs, 51 complete and 0 interrupted iterations
lifecycle   [  17% ] 13/50 VUs  0m40.8s/4m00.0s

running (0m42.0s), 13/50 VUs, 53 complete and 0 interrupted iterations
lifecycle   [  17% ] 13/50 VUs  0m41.8s/4m00.0s

running (0m43.0s), 14/50 VUs, 55 complete and 0 interrupted iterations
lifecycle   [  18% ] 14/50 VUs  0m42.8s/4m00.0s

running (0m44.0s), 14/50 VUs, 57 complete and 0 interrupted iterations
lifecycle   [  18% ] 14/50 VUs  0m43.8s/4m00.0s

running (0m45.0s), 14/50 VUs, 60 complete and 0 interrupted iterations
lifecycle   [  19% ] 14/50 VUs  0m44.8s/4m00.0s

running (0m46.0s), 15/50 VUs, 61 complete and 0 interrupted iterations
lifecycle   [  19% ] 15/50 VUs  0m45.8s/4m00.0s

running (0m47.0s), 15/50 VUs, 65 complete and 0 interrupted iterations
lifecycle   [  19% ] 15/50 VUs  0m46.8s/4m00.0s

running (0m48.0s), 15/50 VUs, 68 complete and 0 interrupted iterations
lifecycle   [  20% ] 15/50 VUs  0m47.8s/4m00.0s

running (0m49.0s), 16/50 VUs, 70 complete and 0 interrupted iterations
lifecycle   [  20% ] 16/50 VUs  0m48.8s/4m00.0s

running (0m50.0s), 16/50 VUs, 71 complete and 0 interrupted iterations
lifecycle   [  21% ] 16/50 VUs  0m49.8s/4m00.0s

running (0m51.0s), 16/50 VUs, 72 complete and 0 interrupted iterations
lifecycle   [  21% ] 16/50 VUs  0m50.8s/4m00.0s

running (0m52.0s), 17/50 VUs, 75 complete and 0 interrupted iterations
lifecycle   [  22% ] 17/50 VUs  0m51.8s/4m00.0s

running (0m53.0s), 17/50 VUs, 77 complete and 0 interrupted iterations
lifecycle   [  22% ] 17/50 VUs  0m52.8s/4m00.0s

running (0m54.0s), 17/50 VUs, 79 complete and 0 interrupted iterations
lifecycle   [  22% ] 17/50 VUs  0m53.8s/4m00.0s

running (0m55.0s), 18/50 VUs, 81 complete and 0 interrupted iterations
lifecycle   [  23% ] 18/50 VUs  0m54.8s/4m00.0s

running (0m56.0s), 18/50 VUs, 85 complete and 0 interrupted iterations
lifecycle   [  23% ] 18/50 VUs  0m55.8s/4m00.0s

running (0m57.0s), 18/50 VUs, 86 complete and 0 interrupted iterations
lifecycle   [  24% ] 18/50 VUs  0m56.8s/4m00.0s

running (0m58.0s), 19/50 VUs, 87 complete and 0 interrupted iterations
lifecycle   [  24% ] 19/50 VUs  0m57.8s/4m00.0s

running (0m59.0s), 19/50 VUs, 90 complete and 0 interrupted iterations
lifecycle   [  24% ] 19/50 VUs  0m58.8s/4m00.0s

running (1m00.0s), 19/50 VUs, 92 complete and 0 interrupted iterations
lifecycle   [  25% ] 19/50 VUs  0m59.8s/4m00.0s

running (1m01.0s), 20/50 VUs, 95 complete and 0 interrupted iterations
lifecycle   [  25% ] 20/50 VUs  1m00.8s/4m00.0s

running (1m02.0s), 20/50 VUs, 97 complete and 0 interrupted iterations
lifecycle   [  26% ] 20/50 VUs  1m01.8s/4m00.0s

running (1m03.0s), 20/50 VUs, 97 complete and 0 interrupted iterations
lifecycle   [  26% ] 20/50 VUs  1m02.8s/4m00.0s

running (1m04.0s), 21/50 VUs, 100 complete and 0 interrupted iterations
lifecycle   [  27% ] 21/50 VUs  1m03.8s/4m00.0s

running (1m05.0s), 21/50 VUs, 102 complete and 0 interrupted iterations
lifecycle   [  27% ] 21/50 VUs  1m04.8s/4m00.0s

running (1m06.0s), 21/50 VUs, 103 complete and 0 interrupted iterations
lifecycle   [  27% ] 21/50 VUs  1m05.8s/4m00.0s

running (1m07.0s), 22/50 VUs, 104 complete and 0 interrupted iterations
lifecycle   [  28% ] 22/50 VUs  1m06.8s/4m00.0s

running (1m08.0s), 22/50 VUs, 107 complete and 0 interrupted iterations
lifecycle   [  28% ] 22/50 VUs  1m07.8s/4m00.0s

running (1m09.0s), 22/50 VUs, 110 complete and 0 interrupted iterations
lifecycle   [  29% ] 22/50 VUs  1m08.8s/4m00.0s

running (1m10.0s), 23/50 VUs, 111 complete and 0 interrupted iterations
lifecycle   [  29% ] 23/50 VUs  1m09.8s/4m00.0s

running (1m11.0s), 23/50 VUs, 113 complete and 0 interrupted iterations
lifecycle   [  29% ] 23/50 VUs  1m10.8s/4m00.0s

running (1m12.0s), 23/50 VUs, 114 complete and 0 interrupted iterations
lifecycle   [  30% ] 23/50 VUs  1m11.8s/4m00.0s

running (1m13.0s), 24/50 VUs, 117 complete and 0 interrupted iterations
lifecycle   [  30% ] 24/50 VUs  1m12.8s/4m00.0s

running (1m14.0s), 24/50 VUs, 118 complete and 0 interrupted iterations
lifecycle   [  31% ] 24/50 VUs  1m13.8s/4m00.0s

running (1m15.0s), 24/50 VUs, 120 complete and 0 interrupted iterations
lifecycle   [  31% ] 24/50 VUs  1m14.8s/4m00.0s

running (1m16.0s), 25/50 VUs, 122 complete and 0 interrupted iterations
lifecycle   [  32% ] 25/50 VUs  1m15.8s/4m00.0s

running (1m17.0s), 25/50 VUs, 123 complete and 0 interrupted iterations
lifecycle   [  32% ] 25/50 VUs  1m16.8s/4m00.0s

running (1m18.0s), 25/50 VUs, 124 complete and 0 interrupted iterations
lifecycle   [  32% ] 25/50 VUs  1m17.8s/4m00.0s

running (1m19.0s), 26/50 VUs, 126 complete and 0 interrupted iterations
lifecycle   [  33% ] 26/50 VUs  1m18.8s/4m00.0s

running (1m20.0s), 26/50 VUs, 129 complete and 0 interrupted iterations
lifecycle   [  33% ] 26/50 VUs  1m19.8s/4m00.0s

running (1m21.0s), 26/50 VUs, 133 complete and 0 interrupted iterations
lifecycle   [  34% ] 26/50 VUs  1m20.8s/4m00.0s

running (1m22.0s), 27/50 VUs, 134 complete and 0 interrupted iterations
lifecycle   [  34% ] 27/50 VUs  1m21.8s/4m00.0s

running (1m23.0s), 27/50 VUs, 135 complete and 0 interrupted iterations
lifecycle   [  34% ] 27/50 VUs  1m22.8s/4m00.0s

running (1m24.0s), 27/50 VUs, 135 complete and 0 interrupted iterations
lifecycle   [  35% ] 27/50 VUs  1m23.8s/4m00.0s

running (1m25.0s), 28/50 VUs, 139 complete and 0 interrupted iterations
lifecycle   [  35% ] 28/50 VUs  1m24.8s/4m00.0s

running (1m26.0s), 28/50 VUs, 141 complete and 0 interrupted iterations
lifecycle   [  36% ] 28/50 VUs  1m25.8s/4m00.0s

running (1m27.0s), 28/50 VUs, 142 complete and 0 interrupted iterations
lifecycle   [  36% ] 28/50 VUs  1m26.8s/4m00.0s

running (1m28.0s), 29/50 VUs, 145 complete and 0 interrupted iterations
lifecycle   [  37% ] 29/50 VUs  1m27.8s/4m00.0s

running (1m29.0s), 29/50 VUs, 146 complete and 0 interrupted iterations
lifecycle   [  37% ] 29/50 VUs  1m28.8s/4m00.0s

running (1m30.0s), 29/50 VUs, 147 complete and 0 interrupted iterations
lifecycle   [  37% ] 29/50 VUs  1m29.8s/4m00.0s

running (1m31.0s), 30/50 VUs, 150 complete and 0 interrupted iterations
lifecycle   [  38% ] 30/50 VUs  1m30.8s/4m00.0s

running (1m32.0s), 30/50 VUs, 152 complete and 0 interrupted iterations
lifecycle   [  38% ] 30/50 VUs  1m31.8s/4m00.0s

running (1m33.0s), 30/50 VUs, 154 complete and 0 interrupted iterations
lifecycle   [  39% ] 30/50 VUs  1m32.8s/4m00.0s

running (1m34.0s), 31/50 VUs, 157 complete and 0 interrupted iterations
lifecycle   [  39% ] 31/50 VUs  1m33.8s/4m00.0s

running (1m35.0s), 31/50 VUs, 160 complete and 0 interrupted iterations
lifecycle   [  39% ] 31/50 VUs  1m34.8s/4m00.0s

running (1m36.0s), 31/50 VUs, 161 complete and 0 interrupted iterations
lifecycle   [  40% ] 31/50 VUs  1m35.8s/4m00.0s

running (1m37.0s), 32/50 VUs, 161 complete and 0 interrupted iterations
lifecycle   [  40% ] 32/50 VUs  1m36.8s/4m00.0s

running (1m38.0s), 32/50 VUs, 162 complete and 0 interrupted iterations
lifecycle   [  41% ] 32/50 VUs  1m37.8s/4m00.0s

running (1m39.0s), 32/50 VUs, 164 complete and 0 interrupted iterations
lifecycle   [  41% ] 32/50 VUs  1m38.8s/4m00.0s

running (1m40.0s), 33/50 VUs, 166 complete and 0 interrupted iterations
lifecycle   [  42% ] 33/50 VUs  1m39.8s/4m00.0s

running (1m41.0s), 33/50 VUs, 170 complete and 0 interrupted iterations
lifecycle   [  42% ] 33/50 VUs  1m40.8s/4m00.0s

running (1m42.0s), 33/50 VUs, 173 complete and 0 interrupted iterations
lifecycle   [  42% ] 33/50 VUs  1m41.8s/4m00.0s

running (1m43.0s), 34/50 VUs, 175 complete and 0 interrupted iterations
lifecycle   [  43% ] 34/50 VUs  1m42.8s/4m00.0s

running (1m44.0s), 34/50 VUs, 180 complete and 0 interrupted iterations
lifecycle   [  43% ] 34/50 VUs  1m43.8s/4m00.0s

running (1m45.0s), 34/50 VUs, 183 complete and 0 interrupted iterations
lifecycle   [  44% ] 34/50 VUs  1m44.8s/4m00.0s

running (1m46.0s), 35/50 VUs, 185 complete and 0 interrupted iterations
lifecycle   [  44% ] 35/50 VUs  1m45.8s/4m00.0s

running (1m47.0s), 35/50 VUs, 186 complete and 0 interrupted iterations
lifecycle   [  44% ] 35/50 VUs  1m46.8s/4m00.0s

running (1m48.0s), 35/50 VUs, 186 complete and 0 interrupted iterations
lifecycle   [  45% ] 35/50 VUs  1m47.8s/4m00.0s

running (1m49.0s), 36/50 VUs, 188 complete and 0 interrupted iterations
lifecycle   [  45% ] 36/50 VUs  1m48.8s/4m00.0s

running (1m50.0s), 36/50 VUs, 188 complete and 0 interrupted iterations
lifecycle   [  46% ] 36/50 VUs  1m49.8s/4m00.0s

running (1m51.0s), 36/50 VUs, 189 complete and 0 interrupted iterations
lifecycle   [  46% ] 36/50 VUs  1m50.8s/4m00.0s

running (1m52.0s), 37/50 VUs, 193 complete and 0 interrupted iterations
lifecycle   [  47% ] 37/50 VUs  1m51.8s/4m00.0s

running (1m53.0s), 37/50 VUs, 196 complete and 0 interrupted iterations
lifecycle   [  47% ] 37/50 VUs  1m52.8s/4m00.0s

running (1m54.0s), 37/50 VUs, 196 complete and 0 interrupted iterations
lifecycle   [  47% ] 37/50 VUs  1m53.8s/4m00.0s

running (1m55.0s), 38/50 VUs, 198 complete and 0 interrupted iterations
lifecycle   [  48% ] 38/50 VUs  1m54.8s/4m00.0s

running (1m56.0s), 38/50 VUs, 199 complete and 0 interrupted iterations
lifecycle   [  48% ] 38/50 VUs  1m55.8s/4m00.0s

running (1m57.0s), 38/50 VUs, 203 complete and 0 interrupted iterations
lifecycle   [  49% ] 38/50 VUs  1m56.8s/4m00.0s

running (1m58.0s), 39/50 VUs, 203 complete and 0 interrupted iterations
lifecycle   [  49% ] 39/50 VUs  1m57.8s/4m00.0s

running (1m59.0s), 39/50 VUs, 206 complete and 0 interrupted iterations
lifecycle   [  49% ] 39/50 VUs  1m58.8s/4m00.0s

running (2m00.0s), 39/50 VUs, 209 complete and 0 interrupted iterations
lifecycle   [  50% ] 39/50 VUs  1m59.8s/4m00.0s

running (2m01.0s), 40/50 VUs, 211 complete and 0 interrupted iterations
lifecycle   [  50% ] 40/50 VUs  2m00.8s/4m00.0s

running (2m02.0s), 40/50 VUs, 214 complete and 0 interrupted iterations
lifecycle   [  51% ] 40/50 VUs  2m01.8s/4m00.0s

running (2m03.0s), 40/50 VUs, 218 complete and 0 interrupted iterations
lifecycle   [  51% ] 40/50 VUs  2m02.8s/4m00.0s

running (2m04.0s), 41/50 VUs, 222 complete and 0 interrupted iterations
lifecycle   [  52% ] 41/50 VUs  2m03.8s/4m00.0s

running (2m05.0s), 41/50 VUs, 222 complete and 0 interrupted iterations
lifecycle   [  52% ] 41/50 VUs  2m04.8s/4m00.0s

running (2m06.0s), 41/50 VUs, 222 complete and 0 interrupted iterations
lifecycle   [  52% ] 41/50 VUs  2m05.8s/4m00.0s

running (2m07.0s), 42/50 VUs, 223 complete and 0 interrupted iterations
lifecycle   [  53% ] 42/50 VUs  2m06.8s/4m00.0s

running (2m08.0s), 42/50 VUs, 223 complete and 0 interrupted iterations
lifecycle   [  53% ] 42/50 VUs  2m07.8s/4m00.0s

running (2m09.0s), 42/50 VUs, 223 complete and 0 interrupted iterations
lifecycle   [  54% ] 42/50 VUs  2m08.8s/4m00.0s

running (2m10.0s), 43/50 VUs, 225 complete and 0 interrupted iterations
lifecycle   [  54% ] 43/50 VUs  2m09.8s/4m00.0s

running (2m11.0s), 43/50 VUs, 226 complete and 0 interrupted iterations
lifecycle   [  54% ] 43/50 VUs  2m10.8s/4m00.0s

running (2m12.0s), 43/50 VUs, 227 complete and 0 interrupted iterations
lifecycle   [  55% ] 43/50 VUs  2m11.8s/4m00.0s

running (2m13.0s), 44/50 VUs, 232 complete and 0 interrupted iterations
lifecycle   [  55% ] 44/50 VUs  2m12.8s/4m00.0s

running (2m14.0s), 44/50 VUs, 233 complete and 0 interrupted iterations
lifecycle   [  56% ] 44/50 VUs  2m13.8s/4m00.0s

running (2m15.0s), 44/50 VUs, 235 complete and 0 interrupted iterations
lifecycle   [  56% ] 44/50 VUs  2m14.8s/4m00.0s

running (2m16.0s), 45/50 VUs, 239 complete and 0 interrupted iterations
lifecycle   [  57% ] 45/50 VUs  2m15.8s/4m00.0s

running (2m17.0s), 45/50 VUs, 241 complete and 0 interrupted iterations
lifecycle   [  57% ] 45/50 VUs  2m16.8s/4m00.0s

running (2m18.0s), 45/50 VUs, 243 complete and 0 interrupted iterations
lifecycle   [  57% ] 45/50 VUs  2m17.8s/4m00.0s

running (2m19.0s), 46/50 VUs, 245 complete and 0 interrupted iterations
lifecycle   [  58% ] 46/50 VUs  2m18.8s/4m00.0s

running (2m20.0s), 46/50 VUs, 248 complete and 0 interrupted iterations
lifecycle   [  58% ] 46/50 VUs  2m19.8s/4m00.0s

running (2m21.0s), 46/50 VUs, 251 complete and 0 interrupted iterations
lifecycle   [  59% ] 46/50 VUs  2m20.8s/4m00.0s

running (2m22.0s), 47/50 VUs, 253 complete and 0 interrupted iterations
lifecycle   [  59% ] 47/50 VUs  2m21.8s/4m00.0s

running (2m23.0s), 47/50 VUs, 257 complete and 0 interrupted iterations
lifecycle   [  59% ] 47/50 VUs  2m22.8s/4m00.0s

running (2m24.0s), 47/50 VUs, 259 complete and 0 interrupted iterations
lifecycle   [  60% ] 47/50 VUs  2m23.8s/4m00.0s

running (2m25.0s), 48/50 VUs, 261 complete and 0 interrupted iterations
lifecycle   [  60% ] 48/50 VUs  2m24.8s/4m00.0s

running (2m26.0s), 48/50 VUs, 264 complete and 0 interrupted iterations
lifecycle   [  61% ] 48/50 VUs  2m25.8s/4m00.0s

running (2m27.0s), 48/50 VUs, 264 complete and 0 interrupted iterations
lifecycle   [  61% ] 48/50 VUs  2m26.8s/4m00.0s

running (2m28.0s), 49/50 VUs, 264 complete and 0 interrupted iterations
lifecycle   [  62% ] 49/50 VUs  2m27.8s/4m00.0s

running (2m29.0s), 49/50 VUs, 264 complete and 0 interrupted iterations
lifecycle   [  62% ] 49/50 VUs  2m28.8s/4m00.0s

running (2m30.0s), 49/50 VUs, 264 complete and 0 interrupted iterations
lifecycle   [  62% ] 49/50 VUs  2m29.8s/4m00.0s

running (2m31.0s), 50/50 VUs, 264 complete and 0 interrupted iterations
lifecycle   [  63% ] 50/50 VUs  2m30.8s/4m00.0s

running (2m32.0s), 50/50 VUs, 265 complete and 0 interrupted iterations
lifecycle   [  63% ] 50/50 VUs  2m31.8s/4m00.0s

running (2m33.0s), 50/50 VUs, 269 complete and 0 interrupted iterations
lifecycle   [  64% ] 50/50 VUs  2m32.8s/4m00.0s

running (2m34.0s), 50/50 VUs, 270 complete and 0 interrupted iterations
lifecycle   [  64% ] 50/50 VUs  2m33.8s/4m00.0s

running (2m35.0s), 50/50 VUs, 272 complete and 0 interrupted iterations
lifecycle   [  64% ] 50/50 VUs  2m34.8s/4m00.0s

running (2m36.0s), 50/50 VUs, 275 complete and 0 interrupted iterations
lifecycle   [  65% ] 50/50 VUs  2m35.8s/4m00.0s

running (2m37.0s), 50/50 VUs, 278 complete and 0 interrupted iterations
lifecycle   [  65% ] 50/50 VUs  2m36.8s/4m00.0s

running (2m38.0s), 50/50 VUs, 281 complete and 0 interrupted iterations
lifecycle   [  66% ] 50/50 VUs  2m37.8s/4m00.0s

running (2m39.0s), 50/50 VUs, 282 complete and 0 interrupted iterations
lifecycle   [  66% ] 50/50 VUs  2m38.8s/4m00.0s

running (2m40.0s), 50/50 VUs, 282 complete and 0 interrupted iterations
lifecycle   [  67% ] 50/50 VUs  2m39.8s/4m00.0s

running (2m41.0s), 50/50 VUs, 288 complete and 0 interrupted iterations
lifecycle   [  67% ] 50/50 VUs  2m40.8s/4m00.0s

running (2m42.0s), 50/50 VUs, 290 complete and 0 interrupted iterations
lifecycle   [  67% ] 50/50 VUs  2m41.8s/4m00.0s

running (2m43.0s), 50/50 VUs, 294 complete and 0 interrupted iterations
lifecycle   [  68% ] 50/50 VUs  2m42.8s/4m00.0s

running (2m44.0s), 50/50 VUs, 297 complete and 0 interrupted iterations
lifecycle   [  68% ] 50/50 VUs  2m43.8s/4m00.0s

running (2m45.0s), 48/50 VUs, 301 complete and 0 interrupted iterations
lifecycle   [  69% ] 48/50 VUs  2m44.8s/4m00.0s

running (2m46.0s), 48/50 VUs, 302 complete and 0 interrupted iterations
lifecycle   [  69% ] 48/50 VUs  2m45.8s/4m00.0s

running (2m47.0s), 48/50 VUs, 305 complete and 0 interrupted iterations
lifecycle   [  69% ] 48/50 VUs  2m46.8s/4m00.0s

running (2m48.0s), 48/50 VUs, 306 complete and 0 interrupted iterations
lifecycle   [  70% ] 48/50 VUs  2m47.8s/4m00.0s

running (2m49.0s), 48/50 VUs, 308 complete and 0 interrupted iterations
lifecycle   [  70% ] 48/50 VUs  2m48.8s/4m00.0s

running (2m50.0s), 48/50 VUs, 309 complete and 0 interrupted iterations
lifecycle   [  71% ] 48/50 VUs  2m49.8s/4m00.0s

running (2m51.0s), 47/50 VUs, 311 complete and 0 interrupted iterations
lifecycle   [  71% ] 47/50 VUs  2m50.8s/4m00.0s

running (2m52.0s), 46/50 VUs, 312 complete and 0 interrupted iterations
lifecycle   [  72% ] 46/50 VUs  2m51.8s/4m00.0s

running (2m53.0s), 46/50 VUs, 315 complete and 0 interrupted iterations
lifecycle   [  72% ] 46/50 VUs  2m52.8s/4m00.0s

running (2m54.0s), 46/50 VUs, 317 complete and 0 interrupted iterations
lifecycle   [  72% ] 46/50 VUs  2m53.8s/4m00.0s

running (2m55.0s), 45/50 VUs, 319 complete and 0 interrupted iterations
lifecycle   [  73% ] 45/50 VUs  2m54.8s/4m00.0s

running (2m56.0s), 45/50 VUs, 322 complete and 0 interrupted iterations
lifecycle   [  73% ] 45/50 VUs  2m55.8s/4m00.0s

running (2m57.0s), 45/50 VUs, 324 complete and 0 interrupted iterations
lifecycle   [  74% ] 45/50 VUs  2m56.8s/4m00.0s

running (2m58.0s), 45/50 VUs, 325 complete and 0 interrupted iterations
lifecycle   [  74% ] 45/50 VUs  2m57.8s/4m00.0s

running (2m59.0s), 45/50 VUs, 327 complete and 0 interrupted iterations
lifecycle   [  74% ] 45/50 VUs  2m58.8s/4m00.0s

running (3m00.0s), 45/50 VUs, 329 complete and 0 interrupted iterations
lifecycle   [  75% ] 45/50 VUs  2m59.8s/4m00.0s

running (3m01.0s), 45/50 VUs, 330 complete and 0 interrupted iterations
lifecycle   [  75% ] 45/50 VUs  3m00.8s/4m00.0s

running (3m02.0s), 45/50 VUs, 330 complete and 0 interrupted iterations
lifecycle   [  76% ] 45/50 VUs  3m01.8s/4m00.0s

running (3m03.0s), 45/50 VUs, 332 complete and 0 interrupted iterations
lifecycle   [  76% ] 45/50 VUs  3m02.8s/4m00.0s

running (3m04.0s), 45/50 VUs, 333 complete and 0 interrupted iterations
lifecycle   [  77% ] 45/50 VUs  3m03.8s/4m00.0s

running (3m05.0s), 44/50 VUs, 335 complete and 0 interrupted iterations
lifecycle   [  77% ] 44/50 VUs  3m04.8s/4m00.0s

running (3m06.0s), 42/50 VUs, 339 complete and 0 interrupted iterations
lifecycle   [  77% ] 42/50 VUs  3m05.8s/4m00.0s

running (3m07.0s), 41/50 VUs, 341 complete and 0 interrupted iterations
lifecycle   [  78% ] 41/50 VUs  3m06.8s/4m00.0s

running (3m08.0s), 41/50 VUs, 346 complete and 0 interrupted iterations
lifecycle   [  78% ] 41/50 VUs  3m07.8s/4m00.0s

running (3m09.0s), 41/50 VUs, 347 complete and 0 interrupted iterations
lifecycle   [  79% ] 41/50 VUs  3m08.8s/4m00.0s

running (3m10.0s), 41/50 VUs, 350 complete and 0 interrupted iterations
lifecycle   [  79% ] 41/50 VUs  3m09.8s/4m00.0s

running (3m11.0s), 40/50 VUs, 353 complete and 0 interrupted iterations
lifecycle   [  79% ] 40/50 VUs  3m10.8s/4m00.0s

running (3m12.0s), 40/50 VUs, 355 complete and 0 interrupted iterations
lifecycle   [  80% ] 40/50 VUs  3m11.8s/4m00.0s

running (3m13.0s), 39/50 VUs, 359 complete and 0 interrupted iterations
lifecycle   [  80% ] 39/50 VUs  3m12.8s/4m00.0s

running (3m14.0s), 38/50 VUs, 361 complete and 0 interrupted iterations
lifecycle   [  81% ] 38/50 VUs  3m13.8s/4m00.0s

running (3m15.0s), 38/50 VUs, 362 complete and 0 interrupted iterations
lifecycle   [  81% ] 38/50 VUs  3m14.8s/4m00.0s

running (3m16.0s), 36/50 VUs, 364 complete and 0 interrupted iterations
lifecycle   [  82% ] 36/50 VUs  3m15.8s/4m00.0s

running (3m17.0s), 36/50 VUs, 366 complete and 0 interrupted iterations
lifecycle   [  82% ] 36/50 VUs  3m16.8s/4m00.0s

running (3m18.0s), 36/50 VUs, 368 complete and 0 interrupted iterations
lifecycle   [  82% ] 36/50 VUs  3m17.8s/4m00.0s

running (3m19.0s), 36/50 VUs, 370 complete and 0 interrupted iterations
lifecycle   [  83% ] 36/50 VUs  3m18.8s/4m00.0s

running (3m20.0s), 36/50 VUs, 373 complete and 0 interrupted iterations
lifecycle   [  83% ] 36/50 VUs  3m19.8s/4m00.0s

running (3m21.0s), 36/50 VUs, 377 complete and 0 interrupted iterations
lifecycle   [  84% ] 36/50 VUs  3m20.8s/4m00.0s

running (3m22.0s), 36/50 VUs, 379 complete and 0 interrupted iterations
lifecycle   [  84% ] 36/50 VUs  3m21.8s/4m00.0s

running (3m23.0s), 36/50 VUs, 384 complete and 0 interrupted iterations
lifecycle   [  84% ] 36/50 VUs  3m22.8s/4m00.0s

running (3m24.0s), 35/50 VUs, 385 complete and 0 interrupted iterations
lifecycle   [  85% ] 35/50 VUs  3m23.8s/4m00.0s

running (3m25.0s), 35/50 VUs, 388 complete and 0 interrupted iterations
lifecycle   [  85% ] 35/50 VUs  3m24.8s/4m00.0s

running (3m26.0s), 35/50 VUs, 390 complete and 0 interrupted iterations
lifecycle   [  86% ] 35/50 VUs  3m25.8s/4m00.0s

running (3m27.0s), 34/50 VUs, 392 complete and 0 interrupted iterations
lifecycle   [  86% ] 34/50 VUs  3m26.8s/4m00.0s

running (3m28.0s), 33/50 VUs, 393 complete and 0 interrupted iterations
lifecycle   [  87% ] 33/50 VUs  3m27.8s/4m00.0s

running (3m29.0s), 33/50 VUs, 399 complete and 0 interrupted iterations
lifecycle   [  87% ] 33/50 VUs  3m28.8s/4m00.0s

running (3m30.0s), 33/50 VUs, 400 complete and 0 interrupted iterations
lifecycle   [  87% ] 33/50 VUs  3m29.8s/4m00.0s

running (3m31.0s), 32/50 VUs, 401 complete and 0 interrupted iterations
lifecycle   [  88% ] 32/50 VUs  3m30.8s/4m00.0s

running (3m32.0s), 32/50 VUs, 403 complete and 0 interrupted iterations
lifecycle   [  88% ] 32/50 VUs  3m31.8s/4m00.0s

running (3m33.0s), 32/50 VUs, 403 complete and 0 interrupted iterations
lifecycle   [  89% ] 32/50 VUs  3m32.8s/4m00.0s

running (3m34.0s), 32/50 VUs, 406 complete and 0 interrupted iterations
lifecycle   [  89% ] 32/50 VUs  3m33.8s/4m00.0s

running (3m35.0s), 31/50 VUs, 408 complete and 0 interrupted iterations
lifecycle   [  89% ] 31/50 VUs  3m34.8s/4m00.0s

running (3m36.0s), 30/50 VUs, 412 complete and 0 interrupted iterations
lifecycle   [  90% ] 30/50 VUs  3m35.8s/4m00.0s

running (3m37.0s), 30/50 VUs, 413 complete and 0 interrupted iterations
lifecycle   [  90% ] 30/50 VUs  3m36.8s/4m00.0s

running (3m38.0s), 30/50 VUs, 413 complete and 0 interrupted iterations
lifecycle   [  91% ] 30/50 VUs  3m37.8s/4m00.0s

running (3m39.0s), 29/50 VUs, 416 complete and 0 interrupted iterations
lifecycle   [  91% ] 29/50 VUs  3m38.8s/4m00.0s

running (3m40.0s), 28/50 VUs, 417 complete and 0 interrupted iterations
lifecycle   [  92% ] 28/50 VUs  3m39.8s/4m00.0s

running (3m41.0s), 28/50 VUs, 419 complete and 0 interrupted iterations
lifecycle   [  92% ] 28/50 VUs  3m40.8s/4m00.0s

running (3m42.0s), 27/50 VUs, 421 complete and 0 interrupted iterations
lifecycle   [  92% ] 27/50 VUs  3m41.8s/4m00.0s

running (3m43.0s), 27/50 VUs, 425 complete and 0 interrupted iterations
lifecycle   [  93% ] 27/50 VUs  3m42.8s/4m00.0s

running (3m44.0s), 26/50 VUs, 427 complete and 0 interrupted iterations
lifecycle   [  93% ] 26/50 VUs  3m43.8s/4m00.0s

running (3m45.0s), 26/50 VUs, 430 complete and 0 interrupted iterations
lifecycle   [  94% ] 26/50 VUs  3m44.8s/4m00.0s

running (3m46.0s), 24/50 VUs, 432 complete and 0 interrupted iterations
lifecycle   [  94% ] 24/50 VUs  3m45.8s/4m00.0s

running (3m47.0s), 22/50 VUs, 435 complete and 0 interrupted iterations
lifecycle   [  94% ] 22/50 VUs  3m46.8s/4m00.0s

running (3m48.0s), 21/50 VUs, 437 complete and 0 interrupted iterations
lifecycle   [  95% ] 21/50 VUs  3m47.8s/4m00.0s

running (3m49.0s), 19/50 VUs, 442 complete and 0 interrupted iterations
lifecycle   [  95% ] 19/50 VUs  3m48.8s/4m00.0s

running (3m50.0s), 18/50 VUs, 443 complete and 0 interrupted iterations
lifecycle   [  96% ] 18/50 VUs  3m49.8s/4m00.0s

running (3m51.0s), 18/50 VUs, 443 complete and 0 interrupted iterations
lifecycle   [  96% ] 18/50 VUs  3m50.8s/4m00.0s

running (3m52.0s), 18/50 VUs, 444 complete and 0 interrupted iterations
lifecycle   [  97% ] 18/50 VUs  3m51.8s/4m00.0s

running (3m53.0s), 17/50 VUs, 447 complete and 0 interrupted iterations
lifecycle   [  97% ] 17/50 VUs  3m52.8s/4m00.0s

running (3m54.0s), 15/50 VUs, 452 complete and 0 interrupted iterations
lifecycle   [  97% ] 15/50 VUs  3m53.8s/4m00.0s

running (3m55.0s), 14/50 VUs, 456 complete and 0 interrupted iterations
lifecycle   [  98% ] 14/50 VUs  3m54.8s/4m00.0s

running (3m56.0s), 14/50 VUs, 456 complete and 0 interrupted iterations
lifecycle   [  98% ] 14/50 VUs  3m55.8s/4m00.0s

running (3m57.0s), 11/50 VUs, 460 complete and 0 interrupted iterations
lifecycle   [  99% ] 11/50 VUs  3m56.8s/4m00.0s

running (3m58.0s), 10/50 VUs, 461 complete and 0 interrupted iterations
lifecycle   [  99% ] 10/50 VUs  3m57.8s/4m00.0s

running (3m59.0s), 10/50 VUs, 462 complete and 0 interrupted iterations
lifecycle   [  99% ] 10/50 VUs  3m58.8s/4m00.0s

running (4m00.0s), 08/50 VUs, 465 complete and 0 interrupted iterations
lifecycle   [ 100% ] 08/50 VUs  3m59.8s/4m00.0s

running (4m01.0s), 07/50 VUs, 466 complete and 0 interrupted iterations
lifecycle ↓ [ 100% ] 08/50 VUs  4m0s

running (4m02.0s), 04/50 VUs, 469 complete and 0 interrupted iterations
lifecycle ↓ [ 100% ] 08/50 VUs  4m0s

running (4m03.0s), 01/50 VUs, 472 complete and 0 interrupted iterations
lifecycle ↓ [ 100% ] 08/50 VUs  4m0s


  █ THRESHOLDS 

    http_req_duration
    ✓ 'p(95)<15000' p(95)=3.18s

    lifecycle_errors
    ✓ 'rate<0.25' rate=0.00%


  █ TOTAL RESULTS 

    checks_total.......: 473     1.944521/s
    checks_succeeded...: 100.00% 473 out of 473
    checks_failed......: 0.00%   0 out of 473

    ✓ Calculator lifecycle complete
    ✓ DataExchange lifecycle complete
    ✓ Analytics lifecycle complete
    ✓ MonteCarlo lifecycle complete
    ✓ Advanced lifecycle complete
    ✓ MLTrainer lifecycle complete
    ✓ Geospatial lifecycle complete
    ✓ ClimateAnomaly lifecycle complete

    CUSTOM
    lifecycle_errors...............: 0.00%  0 out of 4257
    lifecycle_op_ms................: avg=1s     min=37ms    med=675.09ms max=8.66s  p(90)=2.44s  p(95)=3.3s  
    lifecycle_ops..................: 5203   21.389734/s

    HTTP
    http_req_duration..............: avg=1.03s  min=37.18ms med=754.59ms max=8.66s  p(90)=2.39s  p(95)=3.18s 
      { expected_response:true }...: avg=1.03s  min=37.18ms med=754.59ms max=8.66s  p(90)=2.39s  p(95)=3.18s 
    http_req_failed................: 0.00%  0 out of 6151
    http_reqs......................: 6151   25.286998/s

    EXECUTION
    iteration_duration.............: avg=14.77s min=3.05s   med=15.11s   max=32.31s p(90)=23.19s p(95)=24.94s
    iterations.....................: 473    1.944521/s
    vus............................: 1      min=1         max=50
    vus_max........................: 50     min=50        max=50

    NETWORK
    data_received..................: 131 MB 538 kB/s
    data_sent......................: 2.0 MB 8.4 kB/s




running (4m03.2s), 00/50 VUs, 473 complete and 0 interrupted iterations
lifecycle ✓ [ 100% ] 00/50 VUs  4m0s
