
         /\      Grafana   /‾‾/  
    /\  /  \     |\  __   /  /   
   /  \/    \    | |/ /  /   ‾‾\ 
  /          \   |   (  |  (‾)  |
 / __________ \  |_|\_\  \_____/ 


     execution: local
        script: k6/08-multi-user-collab.js
        output: json (k6/results/kafka/08-multi-user-collab.json)

     scenarios: (100.00%) 1 scenario, 3 max VUs, 5m30s max duration (incl. graceful stop):
              * multi_user: 8 iterations for each of 3 VUs (maxDuration: 5m0s, gracefulStop: 30s)


running (0m01.0s), 3/3 VUs, 0 complete and 0 interrupted iterations
multi_user   [   0% ] 3 VUs  0m00.8s/5m0s  00/24 iters, 8 per VU

running (0m02.0s), 3/3 VUs, 0 complete and 0 interrupted iterations
multi_user   [   0% ] 3 VUs  0m01.8s/5m0s  00/24 iters, 8 per VU

running (0m03.0s), 3/3 VUs, 1 complete and 0 interrupted iterations
multi_user   [   4% ] 3 VUs  0m02.8s/5m0s  01/24 iters, 8 per VU

running (0m04.0s), 3/3 VUs, 2 complete and 0 interrupted iterations
multi_user   [   8% ] 3 VUs  0m03.8s/5m0s  02/24 iters, 8 per VU

running (0m05.0s), 3/3 VUs, 3 complete and 0 interrupted iterations
multi_user   [  12% ] 3 VUs  0m04.8s/5m0s  03/24 iters, 8 per VU

running (0m06.0s), 3/3 VUs, 3 complete and 0 interrupted iterations
multi_user   [  12% ] 3 VUs  0m05.8s/5m0s  03/24 iters, 8 per VU

running (0m07.0s), 3/3 VUs, 3 complete and 0 interrupted iterations
multi_user   [  12% ] 3 VUs  0m06.8s/5m0s  03/24 iters, 8 per VU

running (0m08.0s), 3/3 VUs, 3 complete and 0 interrupted iterations
multi_user   [  12% ] 3 VUs  0m07.8s/5m0s  03/24 iters, 8 per VU

running (0m09.0s), 3/3 VUs, 3 complete and 0 interrupted iterations
multi_user   [  12% ] 3 VUs  0m08.8s/5m0s  03/24 iters, 8 per VU

running (0m10.0s), 3/3 VUs, 3 complete and 0 interrupted iterations
multi_user   [  12% ] 3 VUs  0m09.8s/5m0s  03/24 iters, 8 per VU

running (0m11.0s), 3/3 VUs, 3 complete and 0 interrupted iterations
multi_user   [  12% ] 3 VUs  0m10.8s/5m0s  03/24 iters, 8 per VU

running (0m12.0s), 3/3 VUs, 3 complete and 0 interrupted iterations
multi_user   [  12% ] 3 VUs  0m11.8s/5m0s  03/24 iters, 8 per VU

running (0m13.0s), 3/3 VUs, 3 complete and 0 interrupted iterations
multi_user   [  12% ] 3 VUs  0m12.8s/5m0s  03/24 iters, 8 per VU

running (0m14.0s), 3/3 VUs, 3 complete and 0 interrupted iterations
multi_user   [  12% ] 3 VUs  0m13.8s/5m0s  03/24 iters, 8 per VU

running (0m15.0s), 3/3 VUs, 3 complete and 0 interrupted iterations
multi_user   [  12% ] 3 VUs  0m14.8s/5m0s  03/24 iters, 8 per VU

running (0m16.0s), 3/3 VUs, 3 complete and 0 interrupted iterations
multi_user   [  12% ] 3 VUs  0m15.8s/5m0s  03/24 iters, 8 per VU

running (0m17.0s), 3/3 VUs, 3 complete and 0 interrupted iterations
multi_user   [  12% ] 3 VUs  0m16.8s/5m0s  03/24 iters, 8 per VU

running (0m18.0s), 3/3 VUs, 3 complete and 0 interrupted iterations
multi_user   [  12% ] 3 VUs  0m17.8s/5m0s  03/24 iters, 8 per VU

running (0m19.0s), 3/3 VUs, 3 complete and 0 interrupted iterations
multi_user   [  12% ] 3 VUs  0m18.8s/5m0s  03/24 iters, 8 per VU

running (0m20.0s), 3/3 VUs, 3 complete and 0 interrupted iterations
multi_user   [  12% ] 3 VUs  0m19.8s/5m0s  03/24 iters, 8 per VU

running (0m21.0s), 3/3 VUs, 3 complete and 0 interrupted iterations
multi_user   [  12% ] 3 VUs  0m20.8s/5m0s  03/24 iters, 8 per VU

running (0m22.0s), 3/3 VUs, 3 complete and 0 interrupted iterations
multi_user   [  12% ] 3 VUs  0m21.8s/5m0s  03/24 iters, 8 per VU

running (0m23.0s), 3/3 VUs, 3 complete and 0 interrupted iterations
multi_user   [  12% ] 3 VUs  0m22.8s/5m0s  03/24 iters, 8 per VU

running (0m24.0s), 3/3 VUs, 3 complete and 0 interrupted iterations
multi_user   [  12% ] 3 VUs  0m23.8s/5m0s  03/24 iters, 8 per VU

running (0m25.0s), 3/3 VUs, 4 complete and 0 interrupted iterations
multi_user   [  17% ] 3 VUs  0m24.8s/5m0s  04/24 iters, 8 per VU

running (0m26.0s), 3/3 VUs, 4 complete and 0 interrupted iterations
multi_user   [  17% ] 3 VUs  0m25.8s/5m0s  04/24 iters, 8 per VU

running (0m27.0s), 3/3 VUs, 5 complete and 0 interrupted iterations
multi_user   [  21% ] 3 VUs  0m26.8s/5m0s  05/24 iters, 8 per VU

running (0m28.0s), 3/3 VUs, 6 complete and 0 interrupted iterations
multi_user   [  25% ] 3 VUs  0m27.8s/5m0s  06/24 iters, 8 per VU

running (0m29.0s), 3/3 VUs, 6 complete and 0 interrupted iterations
multi_user   [  25% ] 3 VUs  0m28.8s/5m0s  06/24 iters, 8 per VU

running (0m30.0s), 3/3 VUs, 7 complete and 0 interrupted iterations
multi_user   [  29% ] 3 VUs  0m29.8s/5m0s  07/24 iters, 8 per VU

running (0m31.0s), 3/3 VUs, 7 complete and 0 interrupted iterations
multi_user   [  29% ] 3 VUs  0m30.8s/5m0s  07/24 iters, 8 per VU

running (0m32.0s), 3/3 VUs, 8 complete and 0 interrupted iterations
multi_user   [  33% ] 3 VUs  0m31.8s/5m0s  08/24 iters, 8 per VU

running (0m33.0s), 3/3 VUs, 8 complete and 0 interrupted iterations
multi_user   [  33% ] 3 VUs  0m32.8s/5m0s  08/24 iters, 8 per VU

running (0m34.0s), 3/3 VUs, 9 complete and 0 interrupted iterations
multi_user   [  38% ] 3 VUs  0m33.8s/5m0s  09/24 iters, 8 per VU

running (0m35.0s), 3/3 VUs, 9 complete and 0 interrupted iterations
multi_user   [  38% ] 3 VUs  0m34.8s/5m0s  09/24 iters, 8 per VU

running (0m36.0s), 3/3 VUs, 9 complete and 0 interrupted iterations
multi_user   [  38% ] 3 VUs  0m35.8s/5m0s  09/24 iters, 8 per VU

running (0m37.0s), 3/3 VUs, 9 complete and 0 interrupted iterations
multi_user   [  38% ] 3 VUs  0m36.8s/5m0s  09/24 iters, 8 per VU

running (0m38.0s), 3/3 VUs, 9 complete and 0 interrupted iterations
multi_user   [  38% ] 3 VUs  0m37.8s/5m0s  09/24 iters, 8 per VU

running (0m39.0s), 3/3 VUs, 9 complete and 0 interrupted iterations
multi_user   [  38% ] 3 VUs  0m38.8s/5m0s  09/24 iters, 8 per VU

running (0m40.0s), 3/3 VUs, 9 complete and 0 interrupted iterations
multi_user   [  38% ] 3 VUs  0m39.8s/5m0s  09/24 iters, 8 per VU

running (0m41.0s), 3/3 VUs, 9 complete and 0 interrupted iterations
multi_user   [  38% ] 3 VUs  0m40.8s/5m0s  09/24 iters, 8 per VU

running (0m42.0s), 3/3 VUs, 9 complete and 0 interrupted iterations
multi_user   [  38% ] 3 VUs  0m41.8s/5m0s  09/24 iters, 8 per VU

running (0m43.0s), 3/3 VUs, 9 complete and 0 interrupted iterations
multi_user   [  38% ] 3 VUs  0m42.8s/5m0s  09/24 iters, 8 per VU

running (0m44.0s), 3/3 VUs, 10 complete and 0 interrupted iterations
multi_user   [  42% ] 3 VUs  0m43.8s/5m0s  10/24 iters, 8 per VU

running (0m45.0s), 3/3 VUs, 10 complete and 0 interrupted iterations
multi_user   [  42% ] 3 VUs  0m44.8s/5m0s  10/24 iters, 8 per VU

running (0m46.0s), 3/3 VUs, 10 complete and 0 interrupted iterations
multi_user   [  42% ] 3 VUs  0m45.8s/5m0s  10/24 iters, 8 per VU

running (0m47.0s), 3/3 VUs, 10 complete and 0 interrupted iterations
multi_user   [  42% ] 3 VUs  0m46.8s/5m0s  10/24 iters, 8 per VU

running (0m48.0s), 3/3 VUs, 11 complete and 0 interrupted iterations
multi_user   [  46% ] 3 VUs  0m47.8s/5m0s  11/24 iters, 8 per VU

running (0m49.0s), 3/3 VUs, 11 complete and 0 interrupted iterations
multi_user   [  46% ] 3 VUs  0m48.8s/5m0s  11/24 iters, 8 per VU

running (0m50.0s), 3/3 VUs, 12 complete and 0 interrupted iterations
multi_user   [  50% ] 3 VUs  0m49.8s/5m0s  12/24 iters, 8 per VU

running (0m51.0s), 3/3 VUs, 13 complete and 0 interrupted iterations
multi_user   [  54% ] 3 VUs  0m50.8s/5m0s  13/24 iters, 8 per VU

running (0m52.0s), 3/3 VUs, 14 complete and 0 interrupted iterations
multi_user   [  58% ] 3 VUs  0m51.8s/5m0s  14/24 iters, 8 per VU

running (0m53.0s), 3/3 VUs, 14 complete and 0 interrupted iterations
multi_user   [  58% ] 3 VUs  0m52.8s/5m0s  14/24 iters, 8 per VU

running (0m54.0s), 3/3 VUs, 14 complete and 0 interrupted iterations
multi_user   [  58% ] 3 VUs  0m53.8s/5m0s  14/24 iters, 8 per VU

running (0m55.0s), 3/3 VUs, 14 complete and 0 interrupted iterations
multi_user   [  58% ] 3 VUs  0m54.8s/5m0s  14/24 iters, 8 per VU

running (0m56.0s), 3/3 VUs, 14 complete and 0 interrupted iterations
multi_user   [  58% ] 3 VUs  0m55.8s/5m0s  14/24 iters, 8 per VU

running (0m57.0s), 3/3 VUs, 14 complete and 0 interrupted iterations
multi_user   [  58% ] 3 VUs  0m56.8s/5m0s  14/24 iters, 8 per VU

running (0m58.0s), 3/3 VUs, 14 complete and 0 interrupted iterations
multi_user   [  58% ] 3 VUs  0m57.8s/5m0s  14/24 iters, 8 per VU

running (0m59.0s), 3/3 VUs, 14 complete and 0 interrupted iterations
multi_user   [  58% ] 3 VUs  0m58.8s/5m0s  14/24 iters, 8 per VU

running (1m00.0s), 3/3 VUs, 14 complete and 0 interrupted iterations
multi_user   [  58% ] 3 VUs  0m59.8s/5m0s  14/24 iters, 8 per VU

running (1m01.0s), 3/3 VUs, 15 complete and 0 interrupted iterations
multi_user   [  62% ] 3 VUs  1m00.8s/5m0s  15/24 iters, 8 per VU

running (1m02.0s), 3/3 VUs, 15 complete and 0 interrupted iterations
multi_user   [  62% ] 3 VUs  1m01.8s/5m0s  15/24 iters, 8 per VU

running (1m03.0s), 3/3 VUs, 16 complete and 0 interrupted iterations
multi_user   [  67% ] 3 VUs  1m02.8s/5m0s  16/24 iters, 8 per VU

running (1m04.0s), 3/3 VUs, 16 complete and 0 interrupted iterations
multi_user   [  67% ] 3 VUs  1m03.8s/5m0s  16/24 iters, 8 per VU

running (1m05.0s), 3/3 VUs, 16 complete and 0 interrupted iterations
multi_user   [  67% ] 3 VUs  1m04.8s/5m0s  16/24 iters, 8 per VU

running (1m06.0s), 3/3 VUs, 16 complete and 0 interrupted iterations
multi_user   [  67% ] 3 VUs  1m05.8s/5m0s  16/24 iters, 8 per VU

running (1m07.0s), 3/3 VUs, 16 complete and 0 interrupted iterations
multi_user   [  67% ] 3 VUs  1m06.8s/5m0s  16/24 iters, 8 per VU

running (1m08.0s), 3/3 VUs, 16 complete and 0 interrupted iterations
multi_user   [  67% ] 3 VUs  1m07.8s/5m0s  16/24 iters, 8 per VU

running (1m09.0s), 3/3 VUs, 16 complete and 0 interrupted iterations
multi_user   [  67% ] 3 VUs  1m08.8s/5m0s  16/24 iters, 8 per VU

running (1m10.0s), 3/3 VUs, 16 complete and 0 interrupted iterations
multi_user   [  67% ] 3 VUs  1m09.8s/5m0s  16/24 iters, 8 per VU

running (1m11.0s), 3/3 VUs, 16 complete and 0 interrupted iterations
multi_user   [  67% ] 3 VUs  1m10.8s/5m0s  16/24 iters, 8 per VU

running (1m12.0s), 3/3 VUs, 16 complete and 0 interrupted iterations
multi_user   [  67% ] 3 VUs  1m11.8s/5m0s  16/24 iters, 8 per VU

running (1m13.0s), 3/3 VUs, 16 complete and 0 interrupted iterations
multi_user   [  67% ] 3 VUs  1m12.8s/5m0s  16/24 iters, 8 per VU

running (1m14.0s), 3/3 VUs, 17 complete and 0 interrupted iterations
multi_user   [  71% ] 3 VUs  1m13.8s/5m0s  17/24 iters, 8 per VU

running (1m15.0s), 3/3 VUs, 17 complete and 0 interrupted iterations
multi_user   [  71% ] 3 VUs  1m14.8s/5m0s  17/24 iters, 8 per VU

running (1m16.0s), 3/3 VUs, 17 complete and 0 interrupted iterations
multi_user   [  71% ] 3 VUs  1m15.8s/5m0s  17/24 iters, 8 per VU

running (1m17.0s), 3/3 VUs, 17 complete and 0 interrupted iterations
multi_user   [  71% ] 3 VUs  1m16.8s/5m0s  17/24 iters, 8 per VU

running (1m18.0s), 3/3 VUs, 17 complete and 0 interrupted iterations
multi_user   [  71% ] 3 VUs  1m17.8s/5m0s  17/24 iters, 8 per VU

running (1m19.0s), 3/3 VUs, 17 complete and 0 interrupted iterations
multi_user   [  71% ] 3 VUs  1m18.8s/5m0s  17/24 iters, 8 per VU

running (1m20.0s), 3/3 VUs, 17 complete and 0 interrupted iterations
multi_user   [  71% ] 3 VUs  1m19.8s/5m0s  17/24 iters, 8 per VU

running (1m21.0s), 3/3 VUs, 17 complete and 0 interrupted iterations
multi_user   [  71% ] 3 VUs  1m20.8s/5m0s  17/24 iters, 8 per VU

running (1m22.0s), 3/3 VUs, 17 complete and 0 interrupted iterations
multi_user   [  71% ] 3 VUs  1m21.8s/5m0s  17/24 iters, 8 per VU

running (1m23.0s), 3/3 VUs, 17 complete and 0 interrupted iterations
multi_user   [  71% ] 3 VUs  1m22.8s/5m0s  17/24 iters, 8 per VU

running (1m24.0s), 3/3 VUs, 17 complete and 0 interrupted iterations
multi_user   [  71% ] 3 VUs  1m23.8s/5m0s  17/24 iters, 8 per VU

running (1m25.0s), 3/3 VUs, 17 complete and 0 interrupted iterations
multi_user   [  71% ] 3 VUs  1m24.8s/5m0s  17/24 iters, 8 per VU

running (1m26.0s), 3/3 VUs, 17 complete and 0 interrupted iterations
multi_user   [  71% ] 3 VUs  1m25.8s/5m0s  17/24 iters, 8 per VU

running (1m27.0s), 3/3 VUs, 17 complete and 0 interrupted iterations
multi_user   [  71% ] 3 VUs  1m26.8s/5m0s  17/24 iters, 8 per VU

running (1m28.0s), 3/3 VUs, 17 complete and 0 interrupted iterations
multi_user   [  71% ] 3 VUs  1m27.8s/5m0s  17/24 iters, 8 per VU

running (1m29.0s), 3/3 VUs, 17 complete and 0 interrupted iterations
multi_user   [  71% ] 3 VUs  1m28.8s/5m0s  17/24 iters, 8 per VU

running (1m30.0s), 3/3 VUs, 18 complete and 0 interrupted iterations
multi_user   [  75% ] 3 VUs  1m29.8s/5m0s  18/24 iters, 8 per VU

running (1m31.0s), 3/3 VUs, 19 complete and 0 interrupted iterations
multi_user   [  79% ] 3 VUs  1m30.8s/5m0s  19/24 iters, 8 per VU

running (1m32.0s), 3/3 VUs, 19 complete and 0 interrupted iterations
multi_user   [  79% ] 3 VUs  1m31.8s/5m0s  19/24 iters, 8 per VU

running (1m33.0s), 3/3 VUs, 19 complete and 0 interrupted iterations
multi_user   [  79% ] 3 VUs  1m32.8s/5m0s  19/24 iters, 8 per VU

running (1m34.0s), 3/3 VUs, 20 complete and 0 interrupted iterations
multi_user   [  83% ] 3 VUs  1m33.8s/5m0s  20/24 iters, 8 per VU

running (1m35.0s), 2/3 VUs, 21 complete and 0 interrupted iterations
multi_user   [  88% ] 3 VUs  1m34.8s/5m0s  21/24 iters, 8 per VU

running (1m36.0s), 2/3 VUs, 21 complete and 0 interrupted iterations
multi_user   [  88% ] 3 VUs  1m35.8s/5m0s  21/24 iters, 8 per VU

running (1m37.0s), 2/3 VUs, 21 complete and 0 interrupted iterations
multi_user   [  88% ] 3 VUs  1m36.8s/5m0s  21/24 iters, 8 per VU

running (1m38.0s), 2/3 VUs, 21 complete and 0 interrupted iterations
multi_user   [  88% ] 3 VUs  1m37.8s/5m0s  21/24 iters, 8 per VU

running (1m39.0s), 2/3 VUs, 21 complete and 0 interrupted iterations
multi_user   [  88% ] 3 VUs  1m38.8s/5m0s  21/24 iters, 8 per VU

running (1m40.0s), 2/3 VUs, 21 complete and 0 interrupted iterations
multi_user   [  88% ] 3 VUs  1m39.8s/5m0s  21/24 iters, 8 per VU

running (1m41.0s), 2/3 VUs, 21 complete and 0 interrupted iterations
multi_user   [  88% ] 3 VUs  1m40.8s/5m0s  21/24 iters, 8 per VU

running (1m42.0s), 2/3 VUs, 21 complete and 0 interrupted iterations
multi_user   [  88% ] 3 VUs  1m41.8s/5m0s  21/24 iters, 8 per VU

running (1m43.0s), 2/3 VUs, 21 complete and 0 interrupted iterations
multi_user   [  88% ] 3 VUs  1m42.8s/5m0s  21/24 iters, 8 per VU

running (1m44.0s), 2/3 VUs, 21 complete and 0 interrupted iterations
multi_user   [  88% ] 3 VUs  1m43.8s/5m0s  21/24 iters, 8 per VU

running (1m45.0s), 2/3 VUs, 21 complete and 0 interrupted iterations
multi_user   [  88% ] 3 VUs  1m44.8s/5m0s  21/24 iters, 8 per VU

running (1m46.0s), 2/3 VUs, 21 complete and 0 interrupted iterations
multi_user   [  88% ] 3 VUs  1m45.8s/5m0s  21/24 iters, 8 per VU

running (1m47.0s), 2/3 VUs, 21 complete and 0 interrupted iterations
multi_user   [  88% ] 3 VUs  1m46.8s/5m0s  21/24 iters, 8 per VU

running (1m48.0s), 2/3 VUs, 21 complete and 0 interrupted iterations
multi_user   [  88% ] 3 VUs  1m47.8s/5m0s  21/24 iters, 8 per VU

running (1m49.0s), 2/3 VUs, 21 complete and 0 interrupted iterations
multi_user   [  88% ] 3 VUs  1m48.8s/5m0s  21/24 iters, 8 per VU

running (1m50.0s), 2/3 VUs, 21 complete and 0 interrupted iterations
multi_user   [  88% ] 3 VUs  1m49.8s/5m0s  21/24 iters, 8 per VU

running (1m51.0s), 2/3 VUs, 21 complete and 0 interrupted iterations
multi_user   [  88% ] 3 VUs  1m50.8s/5m0s  21/24 iters, 8 per VU

running (1m52.0s), 2/3 VUs, 21 complete and 0 interrupted iterations
multi_user   [  88% ] 3 VUs  1m51.8s/5m0s  21/24 iters, 8 per VU

running (1m53.0s), 2/3 VUs, 21 complete and 0 interrupted iterations
multi_user   [  88% ] 3 VUs  1m52.8s/5m0s  21/24 iters, 8 per VU

running (1m54.0s), 2/3 VUs, 21 complete and 0 interrupted iterations
multi_user   [  88% ] 3 VUs  1m53.8s/5m0s  21/24 iters, 8 per VU

running (1m55.0s), 2/3 VUs, 21 complete and 0 interrupted iterations
multi_user   [  88% ] 3 VUs  1m54.8s/5m0s  21/24 iters, 8 per VU

running (1m56.0s), 1/3 VUs, 22 complete and 0 interrupted iterations
multi_user   [  92% ] 3 VUs  1m55.8s/5m0s  22/24 iters, 8 per VU

running (1m57.0s), 1/3 VUs, 22 complete and 0 interrupted iterations
multi_user   [  92% ] 3 VUs  1m56.8s/5m0s  22/24 iters, 8 per VU

running (1m58.0s), 1/3 VUs, 22 complete and 0 interrupted iterations
multi_user   [  92% ] 3 VUs  1m57.8s/5m0s  22/24 iters, 8 per VU

running (1m59.0s), 1/3 VUs, 22 complete and 0 interrupted iterations
multi_user   [  92% ] 3 VUs  1m58.8s/5m0s  22/24 iters, 8 per VU

running (2m00.0s), 1/3 VUs, 22 complete and 0 interrupted iterations
multi_user   [  92% ] 3 VUs  1m59.8s/5m0s  22/24 iters, 8 per VU

running (2m01.0s), 1/3 VUs, 22 complete and 0 interrupted iterations
multi_user   [  92% ] 3 VUs  2m00.8s/5m0s  22/24 iters, 8 per VU

running (2m02.0s), 1/3 VUs, 22 complete and 0 interrupted iterations
multi_user   [  92% ] 3 VUs  2m01.8s/5m0s  22/24 iters, 8 per VU

running (2m03.0s), 1/3 VUs, 22 complete and 0 interrupted iterations
multi_user   [  92% ] 3 VUs  2m02.8s/5m0s  22/24 iters, 8 per VU

running (2m04.0s), 1/3 VUs, 22 complete and 0 interrupted iterations
multi_user   [  92% ] 3 VUs  2m03.8s/5m0s  22/24 iters, 8 per VU

running (2m05.0s), 1/3 VUs, 22 complete and 0 interrupted iterations
multi_user   [  92% ] 3 VUs  2m04.8s/5m0s  22/24 iters, 8 per VU

running (2m06.0s), 1/3 VUs, 22 complete and 0 interrupted iterations
multi_user   [  92% ] 3 VUs  2m05.8s/5m0s  22/24 iters, 8 per VU

running (2m07.0s), 1/3 VUs, 22 complete and 0 interrupted iterations
multi_user   [  92% ] 3 VUs  2m06.8s/5m0s  22/24 iters, 8 per VU

running (2m08.0s), 1/3 VUs, 22 complete and 0 interrupted iterations
multi_user   [  92% ] 3 VUs  2m07.8s/5m0s  22/24 iters, 8 per VU

running (2m09.0s), 1/3 VUs, 22 complete and 0 interrupted iterations
multi_user   [  92% ] 3 VUs  2m08.8s/5m0s  22/24 iters, 8 per VU

running (2m10.0s), 1/3 VUs, 22 complete and 0 interrupted iterations
multi_user   [  92% ] 3 VUs  2m09.8s/5m0s  22/24 iters, 8 per VU

running (2m11.0s), 1/3 VUs, 22 complete and 0 interrupted iterations
multi_user   [  92% ] 3 VUs  2m10.8s/5m0s  22/24 iters, 8 per VU

running (2m12.0s), 1/3 VUs, 22 complete and 0 interrupted iterations
multi_user   [  92% ] 3 VUs  2m11.8s/5m0s  22/24 iters, 8 per VU

running (2m13.0s), 1/3 VUs, 23 complete and 0 interrupted iterations
multi_user   [  96% ] 3 VUs  2m12.8s/5m0s  23/24 iters, 8 per VU

running (2m14.0s), 1/3 VUs, 23 complete and 0 interrupted iterations
multi_user   [  96% ] 3 VUs  2m13.8s/5m0s  23/24 iters, 8 per VU

running (2m15.0s), 1/3 VUs, 23 complete and 0 interrupted iterations
multi_user   [  96% ] 3 VUs  2m14.8s/5m0s  23/24 iters, 8 per VU

running (2m16.0s), 1/3 VUs, 23 complete and 0 interrupted iterations
multi_user   [  96% ] 3 VUs  2m15.8s/5m0s  23/24 iters, 8 per VU

running (2m17.0s), 1/3 VUs, 23 complete and 0 interrupted iterations
multi_user   [  96% ] 3 VUs  2m16.8s/5m0s  23/24 iters, 8 per VU

running (2m18.0s), 1/3 VUs, 23 complete and 0 interrupted iterations
multi_user   [  96% ] 3 VUs  2m17.8s/5m0s  23/24 iters, 8 per VU

running (2m19.0s), 1/3 VUs, 23 complete and 0 interrupted iterations
multi_user   [  96% ] 3 VUs  2m18.8s/5m0s  23/24 iters, 8 per VU

running (2m20.0s), 1/3 VUs, 23 complete and 0 interrupted iterations
multi_user   [  96% ] 3 VUs  2m19.8s/5m0s  23/24 iters, 8 per VU

running (2m21.0s), 1/3 VUs, 23 complete and 0 interrupted iterations
multi_user   [  96% ] 3 VUs  2m20.8s/5m0s  23/24 iters, 8 per VU

running (2m22.0s), 1/3 VUs, 23 complete and 0 interrupted iterations
multi_user   [  96% ] 3 VUs  2m21.8s/5m0s  23/24 iters, 8 per VU

running (2m23.0s), 1/3 VUs, 23 complete and 0 interrupted iterations
multi_user   [  96% ] 3 VUs  2m22.8s/5m0s  23/24 iters, 8 per VU

running (2m24.0s), 1/3 VUs, 23 complete and 0 interrupted iterations
multi_user   [  96% ] 3 VUs  2m23.8s/5m0s  23/24 iters, 8 per VU

running (2m25.0s), 1/3 VUs, 23 complete and 0 interrupted iterations
multi_user   [  96% ] 3 VUs  2m24.8s/5m0s  23/24 iters, 8 per VU

running (2m26.0s), 1/3 VUs, 23 complete and 0 interrupted iterations
multi_user   [  96% ] 3 VUs  2m25.8s/5m0s  23/24 iters, 8 per VU

running (2m27.0s), 1/3 VUs, 23 complete and 0 interrupted iterations
multi_user   [  96% ] 3 VUs  2m26.8s/5m0s  23/24 iters, 8 per VU

running (2m28.0s), 1/3 VUs, 23 complete and 0 interrupted iterations
multi_user   [  96% ] 3 VUs  2m27.8s/5m0s  23/24 iters, 8 per VU

running (2m29.0s), 1/3 VUs, 23 complete and 0 interrupted iterations
multi_user   [  96% ] 3 VUs  2m28.8s/5m0s  23/24 iters, 8 per VU

running (2m30.0s), 1/3 VUs, 23 complete and 0 interrupted iterations
multi_user   [  96% ] 3 VUs  2m29.8s/5m0s  23/24 iters, 8 per VU

running (2m31.0s), 1/3 VUs, 23 complete and 0 interrupted iterations
multi_user   [  96% ] 3 VUs  2m30.8s/5m0s  23/24 iters, 8 per VU

running (2m32.0s), 1/3 VUs, 23 complete and 0 interrupted iterations
multi_user   [  96% ] 3 VUs  2m31.8s/5m0s  23/24 iters, 8 per VU

running (2m33.0s), 1/3 VUs, 23 complete and 0 interrupted iterations
multi_user   [  96% ] 3 VUs  2m32.8s/5m0s  23/24 iters, 8 per VU

running (2m34.0s), 1/3 VUs, 23 complete and 0 interrupted iterations
multi_user   [  96% ] 3 VUs  2m33.8s/5m0s  23/24 iters, 8 per VU

running (2m35.0s), 1/3 VUs, 23 complete and 0 interrupted iterations
multi_user   [  96% ] 3 VUs  2m34.8s/5m0s  23/24 iters, 8 per VU

running (2m36.0s), 1/3 VUs, 23 complete and 0 interrupted iterations
multi_user   [  96% ] 3 VUs  2m35.8s/5m0s  23/24 iters, 8 per VU

running (2m37.0s), 1/3 VUs, 23 complete and 0 interrupted iterations
multi_user   [  96% ] 3 VUs  2m36.8s/5m0s  23/24 iters, 8 per VU

running (2m38.0s), 1/3 VUs, 23 complete and 0 interrupted iterations
multi_user   [  96% ] 3 VUs  2m37.8s/5m0s  23/24 iters, 8 per VU

running (2m39.0s), 1/3 VUs, 23 complete and 0 interrupted iterations
multi_user   [  96% ] 3 VUs  2m38.8s/5m0s  23/24 iters, 8 per VU

running (2m40.0s), 1/3 VUs, 23 complete and 0 interrupted iterations
multi_user   [  96% ] 3 VUs  2m39.8s/5m0s  23/24 iters, 8 per VU

running (2m41.0s), 1/3 VUs, 23 complete and 0 interrupted iterations
multi_user   [  96% ] 3 VUs  2m40.8s/5m0s  23/24 iters, 8 per VU

running (2m42.0s), 1/3 VUs, 23 complete and 0 interrupted iterations
multi_user   [  96% ] 3 VUs  2m41.8s/5m0s  23/24 iters, 8 per VU

running (2m43.0s), 1/3 VUs, 23 complete and 0 interrupted iterations
multi_user   [  96% ] 3 VUs  2m42.8s/5m0s  23/24 iters, 8 per VU

running (2m44.0s), 1/3 VUs, 23 complete and 0 interrupted iterations
multi_user   [  96% ] 3 VUs  2m43.8s/5m0s  23/24 iters, 8 per VU

running (2m45.0s), 1/3 VUs, 23 complete and 0 interrupted iterations
multi_user   [  96% ] 3 VUs  2m44.8s/5m0s  23/24 iters, 8 per VU

running (2m46.0s), 1/3 VUs, 23 complete and 0 interrupted iterations
multi_user   [  96% ] 3 VUs  2m45.8s/5m0s  23/24 iters, 8 per VU

running (2m47.0s), 1/3 VUs, 23 complete and 0 interrupted iterations
multi_user   [  96% ] 3 VUs  2m46.8s/5m0s  23/24 iters, 8 per VU

running (2m48.0s), 1/3 VUs, 23 complete and 0 interrupted iterations
multi_user   [  96% ] 3 VUs  2m47.8s/5m0s  23/24 iters, 8 per VU

running (2m49.0s), 1/3 VUs, 23 complete and 0 interrupted iterations
multi_user   [  96% ] 3 VUs  2m48.8s/5m0s  23/24 iters, 8 per VU

running (2m50.0s), 1/3 VUs, 23 complete and 0 interrupted iterations
multi_user   [  96% ] 3 VUs  2m49.8s/5m0s  23/24 iters, 8 per VU

running (2m51.0s), 1/3 VUs, 23 complete and 0 interrupted iterations
multi_user   [  96% ] 3 VUs  2m50.8s/5m0s  23/24 iters, 8 per VU

running (2m52.0s), 1/3 VUs, 23 complete and 0 interrupted iterations
multi_user   [  96% ] 3 VUs  2m51.8s/5m0s  23/24 iters, 8 per VU


  █ THRESHOLDS 

    http_req_failed
    ✓ 'rate<0.3' rate=0.00%

    multi_propagation_all_ms
    ✗ 'p(95)<15000' p(95)=36.67s


  █ TOTAL RESULTS 

    checks_total.......: 48     0.278637/s
    checks_succeeded...: 50.00% 24 out of 48
    checks_failed......: 50.00% 24 out of 48

    ✓ Calculator all 3 guests see update
    ✓ Calculator at least one guest sees update
    ✓ Calculator all 5 guests see update
    ✓ Calculator all 10 guests see update
    ✗ Analytics all 3 guests see update
      ↳  0% — ✓ 0 / ✗ 1
    ✗ Analytics at least one guest sees update
      ↳  0% — ✓ 0 / ✗ 3
    ✓ Advanced all 3 guests see update
    ✓ Advanced at least one guest sees update
    ✓ DataExchange all 3 guests see update
    ✓ DataExchange at least one guest sees update
    ✗ Analytics all 5 guests see update
      ↳  0% — ✓ 0 / ✗ 1
    ✓ Advanced all 5 guests see update
    ✓ DataExchange all 5 guests see update
    ✗ Analytics all 10 guests see update
      ↳  0% — ✓ 0 / ✗ 1
    ✓ Advanced all 10 guests see update
    ✗ MonteCarlo all 3 guests see update
      ↳  0% — ✓ 0 / ✗ 1
    ✗ MonteCarlo at least one guest sees update
      ↳  0% — ✓ 0 / ✗ 3
    ✓ DataExchange all 10 guests see update
    ✓ Geospatial all 3 guests see update
    ✓ Geospatial at least one guest sees update
    ✗ MonteCarlo all 5 guests see update
      ↳  0% — ✓ 0 / ✗ 1
    ✓ Geospatial all 5 guests see update
    ✗ ClimateAnomaly all 3 guests see update
      ↳  0% — ✓ 0 / ✗ 1
    ✗ ClimateAnomaly at least one guest sees update
      ↳  0% — ✓ 0 / ✗ 3
    ✗ ClimateAnomaly all 5 guests see update
      ↳  0% — ✓ 0 / ✗ 1
    ✗ MonteCarlo all 10 guests see update
      ↳  0% — ✓ 0 / ✗ 1
    ✓ Geospatial all 10 guests see update
    ✗ MLTrainer all 3 guests see update
      ↳  0% — ✓ 0 / ✗ 1
    ✗ MLTrainer at least one guest sees update
      ↳  0% — ✓ 0 / ✗ 3
    ✗ MLTrainer all 5 guests see update
      ↳  0% — ✓ 0 / ✗ 1
    ✗ ClimateAnomaly all 10 guests see update
      ↳  0% — ✓ 0 / ✗ 1
    ✗ MLTrainer all 10 guests see update
      ↳  0% — ✓ 0 / ✗ 1

    CUSTOM
    multi_propagation_all_ms.......: avg=13.64s min=76ms    med=10.19s  max=36.69s   p(90)=36.6s   p(95)=36.67s 
    multi_propagation_first_ms.....: avg=39ms   min=36ms    med=39ms    max=44ms     p(90)=40.9ms  p(95)=42.34ms
    multi_success..................: 12     0.069659/s
    multi_timeout..................: 12     0.069659/s

    HTTP
    http_req_duration..............: avg=44.4ms min=29.01ms med=39.07ms max=461.74ms p(90)=46.51ms p(95)=55.65ms
      { expected_response:true }...: avg=44.4ms min=29.01ms med=39.07ms max=461.74ms p(90)=46.51ms p(95)=55.65ms
    http_req_failed................: 0.00%  0 out of 3974
    http_reqs......................: 3974   23.068804/s

    EXECUTION
    iteration_duration.............: avg=15.92s min=1.62s   med=12.85s  max=39.64s   p(90)=39.5s   p(95)=39.61s 
    iterations.....................: 24     0.139318/s
    vus............................: 1      min=1         max=3
    vus_max........................: 3      min=3         max=3

    NETWORK
    data_received..................: 2.1 MB 12 kB/s
    data_sent......................: 1.2 MB 7.2 kB/s




running (2m52.3s), 0/3 VUs, 24 complete and 0 interrupted iterations
multi_user ✓ [ 100% ] 3 VUs  2m52.0s/5m0s  24/24 iters, 8 per VU
time="2026-06-10T22:16:18+02:00" level=error msg="thresholds on metrics 'multi_propagation_all_ms' have been crossed"
