
         /\      Grafana   /‾‾/  
    /\  /  \     |\  __   /  /   
   /  \/    \    | |/ /  /   ‾‾\ 
  /          \   |   (  |  (‾)  |
 / __________ \  |_|\_\  \_____/ 


     execution: local
        script: k6/01-state-relay-latency.js
        output: -

     scenarios: (100.00%) 1 scenario, 20 max VUs, 4m30s max duration (incl. graceful stop):
              * relay_latency: Up to 20 looping VUs for 4m0s over 5 stages (gracefulRampDown: 30s, gracefulStop: 30s)


Run             [ 100% ] setup()
relay_latency   [   0% ]

Run             [ 100% ] setup()
relay_latency   [   0% ]

Run             [ 100% ] setup()
relay_latency   [   0% ]

Run             [ 100% ] setup()
relay_latency   [   0% ]

Run             [ 100% ] setup()
relay_latency   [   0% ]

Run             [ 100% ] setup()
relay_latency   [   0% ]

Run             [ 100% ] setup()
relay_latency   [   0% ]

Run             [ 100% ] setup()
relay_latency   [   0% ]

Run             [ 100% ] setup()
relay_latency   [   0% ]

Run             [ 100% ] setup()
relay_latency   [   0% ]

Run             [ 100% ] setup()
relay_latency   [   0% ]

Run             [ 100% ] setup()
relay_latency   [   0% ]

Run             [ 100% ] setup()
relay_latency   [   0% ]

Run             [ 100% ] setup()
relay_latency   [   0% ]

Run             [ 100% ] setup()
relay_latency   [   0% ]

Run             [ 100% ] setup()
relay_latency   [   0% ]

Run             [ 100% ] setup()
relay_latency   [   0% ]

Run             [ 100% ] setup()
relay_latency   [   0% ]

Run             [ 100% ] setup()
relay_latency   [   0% ]

Run             [ 100% ] setup()
relay_latency   [   0% ]

Run             [ 100% ] setup()
relay_latency   [   0% ]

Run             [ 100% ] setup()
relay_latency   [   0% ]

Run             [ 100% ] setup()
relay_latency   [   0% ]

Run             [ 100% ] setup()
relay_latency   [   0% ]

Run             [ 100% ] setup()
relay_latency   [   0% ]

Run             [ 100% ] setup()
relay_latency   [   0% ]
time="2026-06-11T22:17:18+02:00" level=info msg="Health check passed. 8 apps registered." source=console

running (0m27.0s), 01/20 VUs, 0 complete and 0 interrupted iterations
relay_latency   [   0% ] 01/20 VUs  0m00.2s/4m00.0s

running (0m28.0s), 01/20 VUs, 0 complete and 0 interrupted iterations
relay_latency   [   1% ] 01/20 VUs  0m01.2s/4m00.0s

running (0m29.0s), 01/20 VUs, 0 complete and 0 interrupted iterations
relay_latency   [   1% ] 01/20 VUs  0m02.2s/4m00.0s

running (0m30.0s), 01/20 VUs, 0 complete and 0 interrupted iterations
relay_latency   [   1% ] 01/20 VUs  0m03.2s/4m00.0s

running (0m31.0s), 01/20 VUs, 0 complete and 0 interrupted iterations
relay_latency   [   2% ] 01/20 VUs  0m04.2s/4m00.0s

running (0m32.0s), 01/20 VUs, 0 complete and 0 interrupted iterations
relay_latency   [   2% ] 01/20 VUs  0m05.2s/4m00.0s

running (0m33.0s), 01/20 VUs, 0 complete and 0 interrupted iterations
relay_latency   [   3% ] 01/20 VUs  0m06.2s/4m00.0s

running (0m34.0s), 01/20 VUs, 0 complete and 0 interrupted iterations
relay_latency   [   3% ] 01/20 VUs  0m07.2s/4m00.0s

running (0m35.0s), 02/20 VUs, 0 complete and 0 interrupted iterations
relay_latency   [   3% ] 02/20 VUs  0m08.2s/4m00.0s

running (0m36.0s), 02/20 VUs, 0 complete and 0 interrupted iterations
relay_latency   [   4% ] 02/20 VUs  0m09.2s/4m00.0s

running (0m37.0s), 02/20 VUs, 0 complete and 0 interrupted iterations
relay_latency   [   4% ] 02/20 VUs  0m10.2s/4m00.0s

running (0m38.0s), 02/20 VUs, 0 complete and 0 interrupted iterations
relay_latency   [   5% ] 02/20 VUs  0m11.2s/4m00.0s

running (0m39.0s), 02/20 VUs, 0 complete and 0 interrupted iterations
relay_latency   [   5% ] 02/20 VUs  0m12.2s/4m00.0s

running (0m40.0s), 02/20 VUs, 0 complete and 0 interrupted iterations
relay_latency   [   6% ] 02/20 VUs  0m13.2s/4m00.0s

running (0m41.0s), 02/20 VUs, 0 complete and 0 interrupted iterations
relay_latency   [   6% ] 02/20 VUs  0m14.2s/4m00.0s

running (0m42.0s), 03/20 VUs, 0 complete and 0 interrupted iterations
relay_latency   [   6% ] 03/20 VUs  0m15.2s/4m00.0s

running (0m43.0s), 03/20 VUs, 0 complete and 0 interrupted iterations
relay_latency   [   7% ] 03/20 VUs  0m16.2s/4m00.0s

running (0m44.0s), 03/20 VUs, 0 complete and 0 interrupted iterations
relay_latency   [   7% ] 03/20 VUs  0m17.2s/4m00.0s

running (0m45.0s), 03/20 VUs, 0 complete and 0 interrupted iterations
relay_latency   [   8% ] 03/20 VUs  0m18.2s/4m00.0s

running (0m46.0s), 03/20 VUs, 0 complete and 0 interrupted iterations
relay_latency   [   8% ] 03/20 VUs  0m19.2s/4m00.0s

running (0m47.0s), 03/20 VUs, 0 complete and 0 interrupted iterations
relay_latency   [   8% ] 03/20 VUs  0m20.2s/4m00.0s

running (0m48.0s), 03/20 VUs, 0 complete and 0 interrupted iterations
relay_latency   [   9% ] 03/20 VUs  0m21.2s/4m00.0s

running (0m49.0s), 03/20 VUs, 0 complete and 0 interrupted iterations
relay_latency   [   9% ] 03/20 VUs  0m22.2s/4m00.0s

running (0m50.0s), 04/20 VUs, 0 complete and 0 interrupted iterations
relay_latency   [  10% ] 04/20 VUs  0m23.2s/4m00.0s

running (0m51.0s), 04/20 VUs, 0 complete and 0 interrupted iterations
relay_latency   [  10% ] 04/20 VUs  0m24.2s/4m00.0s

running (0m52.0s), 04/20 VUs, 0 complete and 0 interrupted iterations
relay_latency   [  11% ] 04/20 VUs  0m25.2s/4m00.0s

running (0m53.0s), 04/20 VUs, 0 complete and 0 interrupted iterations
relay_latency   [  11% ] 04/20 VUs  0m26.2s/4m00.0s

running (0m54.0s), 04/20 VUs, 0 complete and 0 interrupted iterations
relay_latency   [  11% ] 04/20 VUs  0m27.2s/4m00.0s

running (0m55.0s), 04/20 VUs, 0 complete and 0 interrupted iterations
relay_latency   [  12% ] 04/20 VUs  0m28.2s/4m00.0s

running (0m56.0s), 04/20 VUs, 0 complete and 0 interrupted iterations
relay_latency   [  12% ] 04/20 VUs  0m29.2s/4m00.0s

running (0m57.0s), 05/20 VUs, 0 complete and 0 interrupted iterations
relay_latency   [  13% ] 05/20 VUs  0m30.2s/4m00.0s

running (0m58.0s), 05/20 VUs, 0 complete and 0 interrupted iterations
relay_latency   [  13% ] 05/20 VUs  0m31.2s/4m00.0s

running (0m59.0s), 05/20 VUs, 0 complete and 0 interrupted iterations
relay_latency   [  13% ] 05/20 VUs  0m32.2s/4m00.0s

running (1m00.0s), 05/20 VUs, 0 complete and 0 interrupted iterations
relay_latency   [  14% ] 05/20 VUs  0m33.2s/4m00.0s

running (1m01.0s), 05/20 VUs, 0 complete and 0 interrupted iterations
relay_latency   [  14% ] 05/20 VUs  0m34.2s/4m00.0s

running (1m02.0s), 05/20 VUs, 0 complete and 0 interrupted iterations
relay_latency   [  15% ] 05/20 VUs  0m35.2s/4m00.0s

running (1m03.0s), 05/20 VUs, 0 complete and 0 interrupted iterations
relay_latency   [  15% ] 05/20 VUs  0m36.2s/4m00.0s

running (1m04.0s), 05/20 VUs, 0 complete and 0 interrupted iterations
relay_latency   [  16% ] 05/20 VUs  0m37.2s/4m00.0s

running (1m05.0s), 05/20 VUs, 0 complete and 0 interrupted iterations
relay_latency   [  16% ] 05/20 VUs  0m38.2s/4m00.0s

running (1m06.0s), 05/20 VUs, 0 complete and 0 interrupted iterations
relay_latency   [  16% ] 05/20 VUs  0m39.2s/4m00.0s

running (1m07.0s), 05/20 VUs, 0 complete and 0 interrupted iterations
relay_latency   [  17% ] 05/20 VUs  0m40.2s/4m00.0s

running (1m08.0s), 05/20 VUs, 0 complete and 0 interrupted iterations
relay_latency   [  17% ] 05/20 VUs  0m41.2s/4m00.0s

running (1m09.0s), 06/20 VUs, 0 complete and 0 interrupted iterations
relay_latency   [  18% ] 06/20 VUs  0m42.2s/4m00.0s

running (1m10.0s), 06/20 VUs, 0 complete and 0 interrupted iterations
relay_latency   [  18% ] 06/20 VUs  0m43.2s/4m00.0s

running (1m11.0s), 06/20 VUs, 0 complete and 0 interrupted iterations
relay_latency   [  18% ] 06/20 VUs  0m44.2s/4m00.0s

running (1m12.0s), 06/20 VUs, 0 complete and 0 interrupted iterations
relay_latency   [  19% ] 06/20 VUs  0m45.2s/4m00.0s

running (1m13.0s), 06/20 VUs, 0 complete and 0 interrupted iterations
relay_latency   [  19% ] 06/20 VUs  0m46.2s/4m00.0s

running (1m14.0s), 06/20 VUs, 0 complete and 0 interrupted iterations
relay_latency   [  20% ] 06/20 VUs  0m47.2s/4m00.0s

running (1m15.0s), 06/20 VUs, 1 complete and 0 interrupted iterations
relay_latency   [  20% ] 06/20 VUs  0m48.2s/4m00.0s

running (1m16.0s), 06/20 VUs, 1 complete and 0 interrupted iterations
relay_latency   [  21% ] 06/20 VUs  0m49.2s/4m00.0s

running (1m17.0s), 06/20 VUs, 1 complete and 0 interrupted iterations
relay_latency   [  21% ] 06/20 VUs  0m50.2s/4m00.0s

running (1m18.0s), 06/20 VUs, 1 complete and 0 interrupted iterations
relay_latency   [  21% ] 06/20 VUs  0m51.2s/4m00.0s

running (1m19.0s), 06/20 VUs, 1 complete and 0 interrupted iterations
relay_latency   [  22% ] 06/20 VUs  0m52.2s/4m00.0s

running (1m20.0s), 06/20 VUs, 1 complete and 0 interrupted iterations
relay_latency   [  22% ] 06/20 VUs  0m53.2s/4m00.0s

running (1m21.0s), 07/20 VUs, 1 complete and 0 interrupted iterations
relay_latency   [  23% ] 07/20 VUs  0m54.2s/4m00.0s

running (1m22.0s), 07/20 VUs, 1 complete and 0 interrupted iterations
relay_latency   [  23% ] 07/20 VUs  0m55.2s/4m00.0s

running (1m23.0s), 07/20 VUs, 1 complete and 0 interrupted iterations
relay_latency   [  23% ] 07/20 VUs  0m56.2s/4m00.0s

running (1m24.0s), 07/20 VUs, 1 complete and 0 interrupted iterations
relay_latency   [  24% ] 07/20 VUs  0m57.2s/4m00.0s

running (1m25.0s), 07/20 VUs, 1 complete and 0 interrupted iterations
relay_latency   [  24% ] 07/20 VUs  0m58.2s/4m00.0s

running (1m26.0s), 07/20 VUs, 1 complete and 0 interrupted iterations
relay_latency   [  25% ] 07/20 VUs  0m59.2s/4m00.0s

running (1m27.0s), 07/20 VUs, 1 complete and 0 interrupted iterations
relay_latency   [  25% ] 07/20 VUs  1m00.2s/4m00.0s

running (1m28.0s), 07/20 VUs, 1 complete and 0 interrupted iterations
relay_latency   [  26% ] 07/20 VUs  1m01.2s/4m00.0s

running (1m29.0s), 07/20 VUs, 2 complete and 0 interrupted iterations
relay_latency   [  26% ] 07/20 VUs  1m02.2s/4m00.0s

running (1m30.0s), 07/20 VUs, 2 complete and 0 interrupted iterations
relay_latency   [  26% ] 07/20 VUs  1m03.2s/4m00.0s

running (1m31.0s), 07/20 VUs, 2 complete and 0 interrupted iterations
relay_latency   [  27% ] 07/20 VUs  1m04.2s/4m00.0s
time="2026-06-11T22:18:23+02:00" level=warning msg="Request Failed" error="Post \"http://188.245.60.172:30001/api/collab/9f8b79d6-1d40-48e9-9ba1-ec6414daf414/state\": request timeout"

running (1m32.0s), 07/20 VUs, 2 complete and 0 interrupted iterations
relay_latency   [  27% ] 07/20 VUs  1m05.2s/4m00.0s

running (1m33.0s), 08/20 VUs, 3 complete and 0 interrupted iterations
relay_latency   [  28% ] 08/20 VUs  1m06.2s/4m00.0s

running (1m34.0s), 08/20 VUs, 3 complete and 0 interrupted iterations
relay_latency   [  28% ] 08/20 VUs  1m07.2s/4m00.0s

running (1m35.0s), 08/20 VUs, 3 complete and 0 interrupted iterations
relay_latency   [  28% ] 08/20 VUs  1m08.2s/4m00.0s

running (1m36.0s), 08/20 VUs, 3 complete and 0 interrupted iterations
relay_latency   [  29% ] 08/20 VUs  1m09.2s/4m00.0s

running (1m37.0s), 08/20 VUs, 3 complete and 0 interrupted iterations
relay_latency   [  29% ] 08/20 VUs  1m10.2s/4m00.0s

running (1m38.0s), 08/20 VUs, 3 complete and 0 interrupted iterations
relay_latency   [  30% ] 08/20 VUs  1m11.2s/4m00.0s

running (1m39.0s), 08/20 VUs, 3 complete and 0 interrupted iterations
relay_latency   [  30% ] 08/20 VUs  1m12.2s/4m00.0s

running (1m40.0s), 08/20 VUs, 3 complete and 0 interrupted iterations
relay_latency   [  31% ] 08/20 VUs  1m13.2s/4m00.0s

running (1m41.0s), 08/20 VUs, 3 complete and 0 interrupted iterations
relay_latency   [  31% ] 08/20 VUs  1m14.2s/4m00.0s
time="2026-06-11T22:18:32+02:00" level=warning msg="Request Failed" error="Post \"http://188.245.60.172:30001/api/collab/5fbce06a-628e-4cfd-bfc1-8c99dbffc98b/state\": request timeout"

running (1m42.0s), 08/20 VUs, 5 complete and 0 interrupted iterations
relay_latency   [  31% ] 08/20 VUs  1m15.2s/4m00.0s

running (1m43.0s), 08/20 VUs, 5 complete and 0 interrupted iterations
relay_latency   [  32% ] 08/20 VUs  1m16.2s/4m00.0s

running (1m44.0s), 08/20 VUs, 5 complete and 0 interrupted iterations
relay_latency   [  32% ] 08/20 VUs  1m17.2s/4m00.0s

running (1m45.0s), 09/20 VUs, 5 complete and 0 interrupted iterations
relay_latency   [  33% ] 09/20 VUs  1m18.2s/4m00.0s

running (1m46.0s), 09/20 VUs, 5 complete and 0 interrupted iterations
relay_latency   [  33% ] 09/20 VUs  1m19.2s/4m00.0s

running (1m47.0s), 09/20 VUs, 5 complete and 0 interrupted iterations
relay_latency   [  33% ] 09/20 VUs  1m20.2s/4m00.0s

running (1m48.0s), 09/20 VUs, 5 complete and 0 interrupted iterations
relay_latency   [  34% ] 09/20 VUs  1m21.2s/4m00.0s

running (1m49.0s), 09/20 VUs, 5 complete and 0 interrupted iterations
relay_latency   [  34% ] 09/20 VUs  1m22.2s/4m00.0s

running (1m50.0s), 09/20 VUs, 5 complete and 0 interrupted iterations
relay_latency   [  35% ] 09/20 VUs  1m23.2s/4m00.0s

running (1m51.0s), 09/20 VUs, 5 complete and 0 interrupted iterations
relay_latency   [  35% ] 09/20 VUs  1m24.2s/4m00.0s

running (1m52.0s), 09/20 VUs, 6 complete and 0 interrupted iterations
relay_latency   [  36% ] 09/20 VUs  1m25.2s/4m00.0s

running (1m53.0s), 09/20 VUs, 6 complete and 0 interrupted iterations
relay_latency   [  36% ] 09/20 VUs  1m26.2s/4m00.0s
time="2026-06-11T22:18:45+02:00" level=warning msg="Request Failed" error="Post \"http://188.245.60.172:30001/api/collab/0907eec5-5356-4335-8604-bfe2c55eb38a/state\": request timeout"

running (1m54.0s), 09/20 VUs, 6 complete and 0 interrupted iterations
relay_latency   [  36% ] 09/20 VUs  1m27.2s/4m00.0s

running (1m55.0s), 09/20 VUs, 7 complete and 0 interrupted iterations
relay_latency   [  37% ] 09/20 VUs  1m28.2s/4m00.0s

running (1m56.0s), 09/20 VUs, 8 complete and 0 interrupted iterations
relay_latency   [  37% ] 09/20 VUs  1m29.2s/4m00.0s

running (1m57.0s), 10/20 VUs, 8 complete and 0 interrupted iterations
relay_latency   [  38% ] 10/20 VUs  1m30.2s/4m00.0s

running (1m58.0s), 10/20 VUs, 8 complete and 0 interrupted iterations
relay_latency   [  38% ] 10/20 VUs  1m31.2s/4m00.0s

running (1m59.0s), 10/20 VUs, 8 complete and 0 interrupted iterations
relay_latency   [  38% ] 10/20 VUs  1m32.2s/4m00.0s

running (2m00.0s), 10/20 VUs, 8 complete and 0 interrupted iterations
relay_latency   [  39% ] 10/20 VUs  1m33.2s/4m00.0s

running (2m01.0s), 10/20 VUs, 8 complete and 0 interrupted iterations
relay_latency   [  39% ] 10/20 VUs  1m34.2s/4m00.0s

running (2m02.0s), 10/20 VUs, 8 complete and 0 interrupted iterations
relay_latency   [  40% ] 10/20 VUs  1m35.2s/4m00.0s

running (2m03.0s), 11/20 VUs, 8 complete and 0 interrupted iterations
relay_latency   [  40% ] 11/20 VUs  1m36.2s/4m00.0s

running (2m04.0s), 11/20 VUs, 8 complete and 0 interrupted iterations
relay_latency   [  41% ] 11/20 VUs  1m37.2s/4m00.0s

running (2m05.0s), 11/20 VUs, 9 complete and 0 interrupted iterations
relay_latency   [  41% ] 11/20 VUs  1m38.2s/4m00.0s

running (2m06.0s), 11/20 VUs, 9 complete and 0 interrupted iterations
relay_latency   [  41% ] 11/20 VUs  1m39.2s/4m00.0s

running (2m07.0s), 11/20 VUs, 9 complete and 0 interrupted iterations
relay_latency   [  42% ] 11/20 VUs  1m40.2s/4m00.0s

running (2m08.0s), 11/20 VUs, 9 complete and 0 interrupted iterations
relay_latency   [  42% ] 11/20 VUs  1m41.2s/4m00.0s

running (2m09.0s), 12/20 VUs, 10 complete and 0 interrupted iterations
relay_latency   [  43% ] 12/20 VUs  1m42.2s/4m00.0s

running (2m10.0s), 12/20 VUs, 10 complete and 0 interrupted iterations
relay_latency   [  43% ] 12/20 VUs  1m43.2s/4m00.0s

running (2m11.0s), 12/20 VUs, 10 complete and 0 interrupted iterations
relay_latency   [  43% ] 12/20 VUs  1m44.2s/4m00.0s

running (2m12.0s), 12/20 VUs, 10 complete and 0 interrupted iterations
relay_latency   [  44% ] 12/20 VUs  1m45.2s/4m00.0s

running (2m13.0s), 12/20 VUs, 10 complete and 0 interrupted iterations
relay_latency   [  44% ] 12/20 VUs  1m46.2s/4m00.0s

running (2m14.0s), 12/20 VUs, 10 complete and 0 interrupted iterations
relay_latency   [  45% ] 12/20 VUs  1m47.2s/4m00.0s

running (2m15.0s), 13/20 VUs, 10 complete and 0 interrupted iterations
relay_latency   [  45% ] 13/20 VUs  1m48.2s/4m00.0s

running (2m16.0s), 13/20 VUs, 10 complete and 0 interrupted iterations
relay_latency   [  46% ] 13/20 VUs  1m49.2s/4m00.0s

running (2m17.0s), 13/20 VUs, 11 complete and 0 interrupted iterations
relay_latency   [  46% ] 13/20 VUs  1m50.2s/4m00.0s

running (2m18.0s), 13/20 VUs, 11 complete and 0 interrupted iterations
relay_latency   [  46% ] 13/20 VUs  1m51.2s/4m00.0s

running (2m19.0s), 13/20 VUs, 11 complete and 0 interrupted iterations
relay_latency   [  47% ] 13/20 VUs  1m52.2s/4m00.0s
time="2026-06-11T22:19:11+02:00" level=warning msg="Request Failed" error="Post \"http://188.245.60.172:30001/api/collab/5d1866e0-d5aa-496b-8d0e-1dcea8779163/state\": request timeout"

running (2m20.0s), 13/20 VUs, 12 complete and 0 interrupted iterations
relay_latency   [  47% ] 13/20 VUs  1m53.2s/4m00.0s

running (2m21.0s), 14/20 VUs, 12 complete and 0 interrupted iterations
relay_latency   [  48% ] 14/20 VUs  1m54.2s/4m00.0s

running (2m22.0s), 14/20 VUs, 13 complete and 0 interrupted iterations
relay_latency   [  48% ] 14/20 VUs  1m55.2s/4m00.0s

running (2m23.0s), 14/20 VUs, 13 complete and 0 interrupted iterations
relay_latency   [  48% ] 14/20 VUs  1m56.2s/4m00.0s

running (2m24.0s), 14/20 VUs, 13 complete and 0 interrupted iterations
relay_latency   [  49% ] 14/20 VUs  1m57.2s/4m00.0s

running (2m25.0s), 14/20 VUs, 13 complete and 0 interrupted iterations
relay_latency   [  49% ] 14/20 VUs  1m58.2s/4m00.0s

running (2m26.0s), 14/20 VUs, 13 complete and 0 interrupted iterations
relay_latency   [  50% ] 14/20 VUs  1m59.2s/4m00.0s

running (2m27.0s), 15/20 VUs, 13 complete and 0 interrupted iterations
relay_latency   [  50% ] 15/20 VUs  2m00.2s/4m00.0s

running (2m28.0s), 15/20 VUs, 13 complete and 0 interrupted iterations
relay_latency   [  51% ] 15/20 VUs  2m01.2s/4m00.0s

running (2m29.0s), 15/20 VUs, 13 complete and 0 interrupted iterations
relay_latency   [  51% ] 15/20 VUs  2m02.2s/4m00.0s

running (2m30.0s), 15/20 VUs, 13 complete and 0 interrupted iterations
relay_latency   [  51% ] 15/20 VUs  2m03.2s/4m00.0s

running (2m31.0s), 15/20 VUs, 14 complete and 0 interrupted iterations
relay_latency   [  52% ] 15/20 VUs  2m04.2s/4m00.0s

running (2m32.0s), 15/20 VUs, 14 complete and 0 interrupted iterations
relay_latency   [  52% ] 15/20 VUs  2m05.2s/4m00.0s

running (2m33.0s), 16/20 VUs, 14 complete and 0 interrupted iterations
relay_latency   [  53% ] 16/20 VUs  2m06.2s/4m00.0s
time="2026-06-11T22:19:25+02:00" level=warning msg="Request Failed" error="Post \"http://188.245.60.172:30001/api/collab/d68c024f-c627-47ec-a98a-3d10382b333c/state\": request timeout"

running (2m34.0s), 16/20 VUs, 15 complete and 0 interrupted iterations
relay_latency   [  53% ] 16/20 VUs  2m07.2s/4m00.0s

running (2m35.0s), 16/20 VUs, 16 complete and 0 interrupted iterations
relay_latency   [  53% ] 16/20 VUs  2m08.2s/4m00.0s

running (2m36.0s), 16/20 VUs, 16 complete and 0 interrupted iterations
relay_latency   [  54% ] 16/20 VUs  2m09.2s/4m00.0s
time="2026-06-11T22:19:28+02:00" level=warning msg="Request Failed" error="Post \"http://188.245.60.172:30001/api/collab/ea208a3c-5b12-4a70-b871-a9481c7450f3/state\": request timeout"

running (2m37.0s), 16/20 VUs, 16 complete and 0 interrupted iterations
relay_latency   [  54% ] 16/20 VUs  2m10.2s/4m00.0s

running (2m38.0s), 16/20 VUs, 17 complete and 0 interrupted iterations
relay_latency   [  55% ] 16/20 VUs  2m11.2s/4m00.0s

running (2m39.0s), 17/20 VUs, 17 complete and 0 interrupted iterations
relay_latency   [  55% ] 17/20 VUs  2m12.2s/4m00.0s

running (2m40.0s), 17/20 VUs, 17 complete and 0 interrupted iterations
relay_latency   [  56% ] 17/20 VUs  2m13.2s/4m00.0s

running (2m41.0s), 17/20 VUs, 17 complete and 0 interrupted iterations
relay_latency   [  56% ] 17/20 VUs  2m14.2s/4m00.0s

running (2m42.0s), 17/20 VUs, 17 complete and 0 interrupted iterations
relay_latency   [  56% ] 17/20 VUs  2m15.2s/4m00.0s

running (2m43.0s), 17/20 VUs, 17 complete and 0 interrupted iterations
relay_latency   [  57% ] 17/20 VUs  2m16.2s/4m00.0s

running (2m44.0s), 17/20 VUs, 17 complete and 0 interrupted iterations
relay_latency   [  57% ] 17/20 VUs  2m17.2s/4m00.0s

running (2m45.0s), 18/20 VUs, 17 complete and 0 interrupted iterations
relay_latency   [  58% ] 18/20 VUs  2m18.2s/4m00.0s

running (2m46.0s), 18/20 VUs, 17 complete and 0 interrupted iterations
relay_latency   [  58% ] 18/20 VUs  2m19.2s/4m00.0s

running (2m47.0s), 18/20 VUs, 17 complete and 0 interrupted iterations
relay_latency   [  58% ] 18/20 VUs  2m20.2s/4m00.0s

running (2m48.0s), 18/20 VUs, 19 complete and 0 interrupted iterations
relay_latency   [  59% ] 18/20 VUs  2m21.2s/4m00.0s

running (2m49.0s), 18/20 VUs, 19 complete and 0 interrupted iterations
relay_latency   [  59% ] 18/20 VUs  2m22.2s/4m00.0s

running (2m50.0s), 18/20 VUs, 19 complete and 0 interrupted iterations
relay_latency   [  60% ] 18/20 VUs  2m23.2s/4m00.0s

running (2m51.0s), 19/20 VUs, 19 complete and 0 interrupted iterations
relay_latency   [  60% ] 19/20 VUs  2m24.2s/4m00.0s

running (2m52.0s), 19/20 VUs, 19 complete and 0 interrupted iterations
relay_latency   [  61% ] 19/20 VUs  2m25.2s/4m00.0s

running (2m53.0s), 19/20 VUs, 19 complete and 0 interrupted iterations
relay_latency   [  61% ] 19/20 VUs  2m26.2s/4m00.0s

running (2m54.0s), 19/20 VUs, 19 complete and 0 interrupted iterations
relay_latency   [  61% ] 19/20 VUs  2m27.2s/4m00.0s

running (2m55.0s), 19/20 VUs, 19 complete and 0 interrupted iterations
relay_latency   [  62% ] 19/20 VUs  2m28.2s/4m00.0s

running (2m56.0s), 19/20 VUs, 19 complete and 0 interrupted iterations
relay_latency   [  62% ] 19/20 VUs  2m29.2s/4m00.0s

running (2m57.0s), 20/20 VUs, 20 complete and 0 interrupted iterations
relay_latency   [  63% ] 20/20 VUs  2m30.2s/4m00.0s
time="2026-06-11T22:19:49+02:00" level=warning msg="Request Failed" error="Post \"http://188.245.60.172:30001/api/collab/b7c2370a-fe49-42b0-a178-f06fb5ec43fe/state\": request timeout"

running (2m58.0s), 20/20 VUs, 21 complete and 0 interrupted iterations
relay_latency   [  63% ] 20/20 VUs  2m31.2s/4m00.0s

running (2m59.0s), 20/20 VUs, 21 complete and 0 interrupted iterations
relay_latency   [  63% ] 20/20 VUs  2m32.2s/4m00.0s

running (3m00.0s), 20/20 VUs, 21 complete and 0 interrupted iterations
relay_latency   [  64% ] 20/20 VUs  2m33.2s/4m00.0s

running (3m01.0s), 20/20 VUs, 22 complete and 0 interrupted iterations
relay_latency   [  64% ] 20/20 VUs  2m34.2s/4m00.0s

running (3m02.0s), 20/20 VUs, 22 complete and 0 interrupted iterations
relay_latency   [  65% ] 20/20 VUs  2m35.2s/4m00.0s

running (3m03.0s), 20/20 VUs, 22 complete and 0 interrupted iterations
relay_latency   [  65% ] 20/20 VUs  2m36.2s/4m00.0s

running (3m04.0s), 20/20 VUs, 22 complete and 0 interrupted iterations
relay_latency   [  66% ] 20/20 VUs  2m37.2s/4m00.0s

running (3m05.0s), 20/20 VUs, 22 complete and 0 interrupted iterations
relay_latency   [  66% ] 20/20 VUs  2m38.2s/4m00.0s

running (3m06.0s), 20/20 VUs, 22 complete and 0 interrupted iterations
relay_latency   [  66% ] 20/20 VUs  2m39.2s/4m00.0s

running (3m07.0s), 20/20 VUs, 22 complete and 0 interrupted iterations
relay_latency   [  67% ] 20/20 VUs  2m40.2s/4m00.0s

running (3m08.0s), 20/20 VUs, 22 complete and 0 interrupted iterations
relay_latency   [  67% ] 20/20 VUs  2m41.2s/4m00.0s

running (3m09.0s), 20/20 VUs, 22 complete and 0 interrupted iterations
relay_latency   [  68% ] 20/20 VUs  2m42.2s/4m00.0s

running (3m10.0s), 20/20 VUs, 22 complete and 0 interrupted iterations
relay_latency   [  68% ] 20/20 VUs  2m43.2s/4m00.0s

running (3m11.0s), 20/20 VUs, 22 complete and 0 interrupted iterations
relay_latency   [  68% ] 20/20 VUs  2m44.2s/4m00.0s

running (3m12.0s), 20/20 VUs, 23 complete and 0 interrupted iterations
relay_latency   [  69% ] 20/20 VUs  2m45.2s/4m00.0s

running (3m13.0s), 20/20 VUs, 23 complete and 0 interrupted iterations
relay_latency   [  69% ] 20/20 VUs  2m46.2s/4m00.0s
time="2026-06-11T22:20:04+02:00" level=warning msg="Request Failed" error="Post \"http://188.245.60.172:30001/api/collab/42add048-781f-445b-ac47-19175630444d/state\": request timeout"

running (3m14.0s), 20/20 VUs, 24 complete and 0 interrupted iterations
relay_latency   [  70% ] 20/20 VUs  2m47.2s/4m00.0s

running (3m15.0s), 20/20 VUs, 24 complete and 0 interrupted iterations
relay_latency   [  70% ] 20/20 VUs  2m48.2s/4m00.0s

running (3m16.0s), 20/20 VUs, 24 complete and 0 interrupted iterations
relay_latency   [  71% ] 20/20 VUs  2m49.2s/4m00.0s

running (3m17.0s), 20/20 VUs, 24 complete and 0 interrupted iterations
relay_latency   [  71% ] 20/20 VUs  2m50.2s/4m00.0s

running (3m18.0s), 20/20 VUs, 24 complete and 0 interrupted iterations
relay_latency   [  71% ] 20/20 VUs  2m51.2s/4m00.0s

running (3m19.0s), 20/20 VUs, 24 complete and 0 interrupted iterations
relay_latency   [  72% ] 20/20 VUs  2m52.2s/4m00.0s

running (3m20.0s), 20/20 VUs, 24 complete and 0 interrupted iterations
relay_latency   [  72% ] 20/20 VUs  2m53.2s/4m00.0s

running (3m21.0s), 20/20 VUs, 24 complete and 0 interrupted iterations
relay_latency   [  73% ] 20/20 VUs  2m54.2s/4m00.0s

running (3m22.0s), 20/20 VUs, 24 complete and 0 interrupted iterations
relay_latency   [  73% ] 20/20 VUs  2m55.2s/4m00.0s
time="2026-06-11T22:20:14+02:00" level=warning msg="Request Failed" error="Post \"http://188.245.60.172:30001/api/collab/2f8f39b7-44cd-4f7d-bc2a-445dc9c5b2e4/state\": request timeout"

running (3m23.0s), 20/20 VUs, 24 complete and 0 interrupted iterations
relay_latency   [  73% ] 20/20 VUs  2m56.2s/4m00.0s

running (3m24.0s), 20/20 VUs, 25 complete and 0 interrupted iterations
relay_latency   [  74% ] 20/20 VUs  2m57.2s/4m00.0s

running (3m25.0s), 20/20 VUs, 25 complete and 0 interrupted iterations
relay_latency   [  74% ] 20/20 VUs  2m58.2s/4m00.0s

running (3m26.0s), 20/20 VUs, 25 complete and 0 interrupted iterations
relay_latency   [  75% ] 20/20 VUs  2m59.2s/4m00.0s

running (3m27.0s), 20/20 VUs, 27 complete and 0 interrupted iterations
relay_latency   [  75% ] 20/20 VUs  3m00.2s/4m00.0s

running (3m28.0s), 20/20 VUs, 27 complete and 0 interrupted iterations
relay_latency   [  76% ] 20/20 VUs  3m01.2s/4m00.0s

running (3m29.0s), 20/20 VUs, 27 complete and 0 interrupted iterations
relay_latency   [  76% ] 20/20 VUs  3m02.2s/4m00.0s

running (3m30.0s), 20/20 VUs, 28 complete and 0 interrupted iterations
relay_latency   [  76% ] 20/20 VUs  3m03.2s/4m00.0s

running (3m31.0s), 20/20 VUs, 28 complete and 0 interrupted iterations
relay_latency   [  77% ] 20/20 VUs  3m04.2s/4m00.0s

running (3m32.0s), 20/20 VUs, 28 complete and 0 interrupted iterations
relay_latency   [  77% ] 20/20 VUs  3m05.2s/4m00.0s

running (3m33.0s), 19/20 VUs, 28 complete and 1 interrupted iterations
relay_latency   [  78% ] 19/20 VUs  3m06.2s/4m00.0s

running (3m34.0s), 19/20 VUs, 28 complete and 1 interrupted iterations
relay_latency   [  78% ] 19/20 VUs  3m07.2s/4m00.0s

running (3m35.0s), 19/20 VUs, 28 complete and 1 interrupted iterations
relay_latency   [  78% ] 19/20 VUs  3m08.2s/4m00.0s
time="2026-06-11T22:20:27+02:00" level=warning msg="Request Failed" error="Post \"http://188.245.60.172:30001/api/collab/ecb5827f-ba05-4087-8b1b-1ec26a8cda96/state\": request timeout"

running (3m36.0s), 19/20 VUs, 29 complete and 1 interrupted iterations
relay_latency   [  79% ] 19/20 VUs  3m09.2s/4m00.0s

running (3m37.0s), 19/20 VUs, 29 complete and 1 interrupted iterations
relay_latency   [  79% ] 19/20 VUs  3m10.2s/4m00.0s

running (3m38.0s), 19/20 VUs, 30 complete and 1 interrupted iterations
relay_latency   [  80% ] 19/20 VUs  3m11.2s/4m00.0s

running (3m39.0s), 18/20 VUs, 30 complete and 2 interrupted iterations
relay_latency   [  80% ] 18/20 VUs  3m12.2s/4m00.0s

running (3m40.0s), 18/20 VUs, 30 complete and 2 interrupted iterations
relay_latency   [  81% ] 18/20 VUs  3m13.2s/4m00.0s

running (3m41.0s), 18/20 VUs, 30 complete and 2 interrupted iterations
relay_latency   [  81% ] 18/20 VUs  3m14.2s/4m00.0s

running (3m42.0s), 17/20 VUs, 31 complete and 2 interrupted iterations
relay_latency   [  81% ] 17/20 VUs  3m15.2s/4m00.0s

running (3m43.0s), 17/20 VUs, 31 complete and 2 interrupted iterations
relay_latency   [  82% ] 17/20 VUs  3m16.2s/4m00.0s

running (3m44.0s), 17/20 VUs, 31 complete and 2 interrupted iterations
relay_latency   [  82% ] 17/20 VUs  3m17.2s/4m00.0s

running (3m45.0s), 16/20 VUs, 31 complete and 3 interrupted iterations
relay_latency   [  83% ] 16/20 VUs  3m18.2s/4m00.0s

running (3m46.0s), 16/20 VUs, 31 complete and 3 interrupted iterations
relay_latency   [  83% ] 16/20 VUs  3m19.2s/4m00.0s

running (3m47.0s), 16/20 VUs, 31 complete and 3 interrupted iterations
relay_latency   [  83% ] 16/20 VUs  3m20.2s/4m00.0s

running (3m48.0s), 16/20 VUs, 31 complete and 3 interrupted iterations
relay_latency   [  84% ] 16/20 VUs  3m21.2s/4m00.0s
time="2026-06-11T22:20:39+02:00" level=warning msg="Request Failed" error="Post \"http://188.245.60.172:30001/api/collab/ffc55c3b-6c31-4f67-b6c1-79c04001830f/state\": request timeout"

running (3m49.0s), 16/20 VUs, 32 complete and 3 interrupted iterations
relay_latency   [  84% ] 16/20 VUs  3m22.2s/4m00.0s

running (3m50.0s), 16/20 VUs, 32 complete and 3 interrupted iterations
relay_latency   [  85% ] 16/20 VUs  3m23.2s/4m00.0s

running (3m51.0s), 16/20 VUs, 33 complete and 3 interrupted iterations
relay_latency   [  85% ] 16/20 VUs  3m24.2s/4m00.0s

running (3m52.0s), 16/20 VUs, 33 complete and 3 interrupted iterations
relay_latency   [  86% ] 16/20 VUs  3m25.2s/4m00.0s

running (3m53.0s), 16/20 VUs, 33 complete and 3 interrupted iterations
relay_latency   [  86% ] 16/20 VUs  3m26.2s/4m00.0s

running (3m54.0s), 16/20 VUs, 33 complete and 3 interrupted iterations
relay_latency   [  86% ] 16/20 VUs  3m27.2s/4m00.0s

running (3m55.0s), 16/20 VUs, 34 complete and 3 interrupted iterations
relay_latency   [  87% ] 16/20 VUs  3m28.2s/4m00.0s

running (3m56.0s), 16/20 VUs, 34 complete and 3 interrupted iterations
relay_latency   [  87% ] 16/20 VUs  3m29.2s/4m00.0s

running (3m57.0s), 15/20 VUs, 34 complete and 4 interrupted iterations
relay_latency   [  88% ] 15/20 VUs  3m30.2s/4m00.0s

running (3m58.0s), 15/20 VUs, 34 complete and 4 interrupted iterations
relay_latency   [  88% ] 15/20 VUs  3m31.2s/4m00.0s

running (3m59.0s), 15/20 VUs, 34 complete and 4 interrupted iterations
relay_latency   [  88% ] 15/20 VUs  3m32.2s/4m00.0s

running (4m00.0s), 15/20 VUs, 34 complete and 4 interrupted iterations
relay_latency   [  89% ] 15/20 VUs  3m33.2s/4m00.0s

running (4m01.0s), 15/20 VUs, 34 complete and 4 interrupted iterations
relay_latency   [  89% ] 15/20 VUs  3m34.2s/4m00.0s

running (4m02.0s), 15/20 VUs, 34 complete and 4 interrupted iterations
relay_latency   [  90% ] 15/20 VUs  3m35.2s/4m00.0s

running (4m03.0s), 14/20 VUs, 34 complete and 5 interrupted iterations
relay_latency   [  90% ] 14/20 VUs  3m36.2s/4m00.0s

running (4m04.0s), 14/20 VUs, 34 complete and 5 interrupted iterations
relay_latency   [  91% ] 14/20 VUs  3m37.2s/4m00.0s

running (4m05.0s), 14/20 VUs, 34 complete and 5 interrupted iterations
relay_latency   [  91% ] 14/20 VUs  3m38.2s/4m00.0s

running (4m06.0s), 14/20 VUs, 34 complete and 5 interrupted iterations
relay_latency   [  91% ] 14/20 VUs  3m39.2s/4m00.0s

running (4m07.0s), 14/20 VUs, 34 complete and 5 interrupted iterations
relay_latency   [  92% ] 14/20 VUs  3m40.2s/4m00.0s

running (4m08.0s), 14/20 VUs, 34 complete and 5 interrupted iterations
relay_latency   [  92% ] 14/20 VUs  3m41.2s/4m00.0s

running (4m09.0s), 12/20 VUs, 35 complete and 6 interrupted iterations
relay_latency   [  93% ] 12/20 VUs  3m42.2s/4m00.0s

running (4m10.0s), 12/20 VUs, 35 complete and 6 interrupted iterations
relay_latency   [  93% ] 12/20 VUs  3m43.2s/4m00.0s

running (4m11.0s), 12/20 VUs, 35 complete and 6 interrupted iterations
relay_latency   [  93% ] 12/20 VUs  3m44.2s/4m00.0s

running (4m12.0s), 12/20 VUs, 35 complete and 6 interrupted iterations
relay_latency   [  94% ] 12/20 VUs  3m45.2s/4m00.0s

running (4m13.0s), 12/20 VUs, 35 complete and 6 interrupted iterations
relay_latency   [  94% ] 12/20 VUs  3m46.2s/4m00.0s

running (4m14.0s), 12/20 VUs, 35 complete and 6 interrupted iterations
relay_latency   [  95% ] 12/20 VUs  3m47.2s/4m00.0s

running (4m15.0s), 11/20 VUs, 35 complete and 7 interrupted iterations
relay_latency   [  95% ] 11/20 VUs  3m48.2s/4m00.0s

running (4m16.0s), 11/20 VUs, 35 complete and 7 interrupted iterations
relay_latency   [  96% ] 11/20 VUs  3m49.2s/4m00.0s

running (4m17.0s), 11/20 VUs, 35 complete and 7 interrupted iterations
relay_latency   [  96% ] 11/20 VUs  3m50.2s/4m00.0s

running (4m18.0s), 11/20 VUs, 35 complete and 7 interrupted iterations
relay_latency   [  96% ] 11/20 VUs  3m51.2s/4m00.0s

running (4m19.0s), 10/20 VUs, 36 complete and 7 interrupted iterations
relay_latency   [  97% ] 10/20 VUs  3m52.2s/4m00.0s

running (4m20.0s), 10/20 VUs, 36 complete and 7 interrupted iterations
relay_latency   [  97% ] 10/20 VUs  3m53.2s/4m00.0s

running (4m21.0s), 10/20 VUs, 36 complete and 7 interrupted iterations
relay_latency   [  98% ] 10/20 VUs  3m54.2s/4m00.0s

running (4m22.0s), 10/20 VUs, 36 complete and 7 interrupted iterations
relay_latency   [  98% ] 10/20 VUs  3m55.2s/4m00.0s

running (4m23.0s), 10/20 VUs, 36 complete and 7 interrupted iterations
relay_latency   [  98% ] 10/20 VUs  3m56.2s/4m00.0s

running (4m24.0s), 10/20 VUs, 36 complete and 7 interrupted iterations
relay_latency   [  99% ] 10/20 VUs  3m57.2s/4m00.0s

running (4m25.0s), 10/20 VUs, 36 complete and 7 interrupted iterations
relay_latency   [  99% ] 10/20 VUs  3m58.2s/4m00.0s

running (4m26.0s), 10/20 VUs, 36 complete and 7 interrupted iterations
relay_latency   [ 100% ] 10/20 VUs  3m59.2s/4m00.0s

running (4m27.0s), 09/20 VUs, 36 complete and 8 interrupted iterations
relay_latency ↓ [ 100% ] 10/20 VUs  4m0s

running (4m28.0s), 09/20 VUs, 36 complete and 8 interrupted iterations
relay_latency ↓ [ 100% ] 10/20 VUs  4m0s
time="2026-06-11T22:21:20+02:00" level=warning msg="Request Failed" error="Post \"http://188.245.60.172:30001/api/collab/b48250af-c749-4fd6-8d4e-ec8296205f46/state\": request timeout"

running (4m29.0s), 08/20 VUs, 37 complete and 8 interrupted iterations
relay_latency ↓ [ 100% ] 10/20 VUs  4m0s

running (4m30.0s), 07/20 VUs, 38 complete and 8 interrupted iterations
relay_latency ↓ [ 100% ] 10/20 VUs  4m0s

running (4m31.0s), 06/20 VUs, 38 complete and 9 interrupted iterations
relay_latency ↓ [ 100% ] 10/20 VUs  4m0s

running (4m32.0s), 06/20 VUs, 38 complete and 9 interrupted iterations
relay_latency ↓ [ 100% ] 10/20 VUs  4m0s

running (4m33.0s), 06/20 VUs, 38 complete and 9 interrupted iterations
relay_latency ↓ [ 100% ] 10/20 VUs  4m0s

running (4m34.0s), 05/20 VUs, 38 complete and 10 interrupted iterations
relay_latency ↓ [ 100% ] 10/20 VUs  4m0s

running (4m35.0s), 05/20 VUs, 38 complete and 10 interrupted iterations
relay_latency ↓ [ 100% ] 10/20 VUs  4m0s

running (4m36.0s), 05/20 VUs, 38 complete and 10 interrupted iterations
relay_latency ↓ [ 100% ] 10/20 VUs  4m0s

running (4m37.0s), 05/20 VUs, 38 complete and 10 interrupted iterations
relay_latency ↓ [ 100% ] 10/20 VUs  4m0s

running (4m38.0s), 05/20 VUs, 38 complete and 10 interrupted iterations
relay_latency ↓ [ 100% ] 10/20 VUs  4m0s

running (4m39.0s), 05/20 VUs, 38 complete and 10 interrupted iterations
relay_latency ↓ [ 100% ] 10/20 VUs  4m0s

running (4m40.0s), 05/20 VUs, 38 complete and 10 interrupted iterations
relay_latency ↓ [ 100% ] 10/20 VUs  4m0s

running (4m41.0s), 04/20 VUs, 38 complete and 11 interrupted iterations
relay_latency ↓ [ 100% ] 10/20 VUs  4m0s

running (4m42.0s), 04/20 VUs, 38 complete and 11 interrupted iterations
relay_latency ↓ [ 100% ] 10/20 VUs  4m0s

running (4m43.0s), 04/20 VUs, 38 complete and 11 interrupted iterations
relay_latency ↓ [ 100% ] 10/20 VUs  4m0s
time="2026-06-11T22:21:35+02:00" level=warning msg="Request Failed" error="Post \"http://188.245.60.172:30001/api/collab/5b23be58-b2f8-4057-9b17-7900479edae6/state\": request timeout"

running (4m44.0s), 03/20 VUs, 39 complete and 11 interrupted iterations
relay_latency ↓ [ 100% ] 10/20 VUs  4m0s

running (4m45.0s), 03/20 VUs, 39 complete and 11 interrupted iterations
relay_latency ↓ [ 100% ] 10/20 VUs  4m0s

running (4m46.0s), 03/20 VUs, 39 complete and 11 interrupted iterations
relay_latency ↓ [ 100% ] 10/20 VUs  4m0s

running (4m47.0s), 03/20 VUs, 39 complete and 11 interrupted iterations
relay_latency ↓ [ 100% ] 10/20 VUs  4m0s

running (4m48.0s), 03/20 VUs, 39 complete and 11 interrupted iterations
relay_latency ↓ [ 100% ] 10/20 VUs  4m0s

running (4m49.0s), 03/20 VUs, 39 complete and 11 interrupted iterations
relay_latency ↓ [ 100% ] 10/20 VUs  4m0s

running (4m50.0s), 03/20 VUs, 39 complete and 11 interrupted iterations
relay_latency ↓ [ 100% ] 10/20 VUs  4m0s

running (4m51.0s), 02/20 VUs, 39 complete and 12 interrupted iterations
relay_latency ↓ [ 100% ] 10/20 VUs  4m0s

running (4m52.0s), 02/20 VUs, 39 complete and 12 interrupted iterations
relay_latency ↓ [ 100% ] 10/20 VUs  4m0s

running (4m53.0s), 02/20 VUs, 39 complete and 12 interrupted iterations
relay_latency ↓ [ 100% ] 10/20 VUs  4m0s

running (4m54.0s), 02/20 VUs, 39 complete and 12 interrupted iterations
relay_latency ↓ [ 100% ] 10/20 VUs  4m0s

running (4m55.0s), 01/20 VUs, 40 complete and 12 interrupted iterations
relay_latency ↓ [ 100% ] 10/20 VUs  4m0s

running (4m56.0s), 01/20 VUs, 40 complete and 12 interrupted iterations
relay_latency ↓ [ 100% ] 10/20 VUs  4m0s
time="2026-06-11T22:21:47+02:00" level=warning msg="Request Failed" error="Post \"http://188.245.60.172:30001/api/collab/40ddc9a6-2ec8-4cad-9d8e-707c3c5296b6/state\": request timeout"


  █ THRESHOLDS 

    http_req_failed
    ✓ 'rate<0.15' rate=5.29%

    relay_total_ms
    ✗ 'p(95)<10000' p(95)=25.4s


  █ TOTAL RESULTS 

    checks_total.......: 344     1.159824/s
    checks_succeeded...: 100.00% 344 out of 344
    checks_failed......: 0.00%   0 out of 344

    ✓ Calculator relay ok
    ✓ Analytics relay ok
    ✓ Advanced relay ok
    ✓ DataExchange relay ok
    ✓ MonteCarlo relay ok
    ✓ Geospatial relay ok
    ✓ MLTrainer relay ok

    CUSTOM
    relay_failure..................: 65     0.219153/s
    relay_poll_ms..................: avg=526.15ms min=34ms    med=45ms    max=15.09s p(90)=290.19ms p(95)=3.12s 
    relay_post_ms..................: avg=4.52s    min=40ms    med=89.5ms  max=1m0s   p(90)=15.53s   p(95)=27.58s
    relay_success..................: 344    1.159824/s
    relay_total_ms.................: avg=3.22s    min=77ms    med=166.5ms max=38.71s p(90)=11.51s   p(95)=25.4s 

    HTTP
    http_req_duration..............: avg=2.12s    min=34.29ms med=56.99ms max=1m0s   p(90)=4.83s    p(95)=8.38s 
      { expected_response:true }...: avg=1.48s    min=34.29ms med=56.99ms max=38.59s p(90)=3.74s    p(95)=8.07s 
    http_req_failed................: 5.29%  65 out of 1228
    http_reqs......................: 1228   4.1403/s

    EXECUTION
    iteration_duration.............: avg=56.52s   min=18.46s  med=59.76s  max=1m47s  p(90)=1m19s    p(95)=1m41s 
    iterations.....................: 41     0.138235/s
    vus............................: 1      min=0          max=20
    vus_max........................: 20     min=20         max=20

    NETWORK
    data_received..................: 1.4 MB 4.6 kB/s
    data_sent......................: 479 kB 1.6 kB/s




running (4m56.6s), 00/20 VUs, 41 complete and 12 interrupted iterations
relay_latency ✓ [ 100% ] 00/20 VUs  4m0s
time="2026-06-11T22:21:48+02:00" level=error msg="thresholds on metrics 'relay_total_ms' have been crossed"
