
         /\      Grafana   /‾‾/  
    /\  /  \     |\  __   /  /   
   /  \/    \    | |/ /  /   ‾‾\ 
  /          \   |   (  |  (‾)  |
 / __________ \  |_|\_\  \_____/ 


     execution: local
        script: k6/02-collaboration-latency.js
        output: -

     scenarios: (100.00%) 1 scenario, 30 max VUs, 4m30s max duration (incl. graceful stop):
              * collab_latency: Up to 30 looping VUs for 4m0s over 5 stages (gracefulRampDown: 30s, gracefulStop: 30s)


running (0m01.0s), 01/30 VUs, 0 complete and 0 interrupted iterations
collab_latency   [   0% ] 01/30 VUs  0m00.7s/4m00.0s

running (0m02.0s), 01/30 VUs, 1 complete and 0 interrupted iterations
collab_latency   [   1% ] 01/30 VUs  0m01.7s/4m00.0s

running (0m03.0s), 01/30 VUs, 1 complete and 0 interrupted iterations
collab_latency   [   1% ] 01/30 VUs  0m02.7s/4m00.0s

running (0m04.0s), 02/30 VUs, 2 complete and 0 interrupted iterations
collab_latency   [   2% ] 02/30 VUs  0m03.7s/4m00.0s

running (0m05.0s), 02/30 VUs, 3 complete and 0 interrupted iterations
collab_latency   [   2% ] 02/30 VUs  0m04.7s/4m00.0s

running (0m06.0s), 02/30 VUs, 4 complete and 0 interrupted iterations
collab_latency   [   2% ] 02/30 VUs  0m05.7s/4m00.0s

running (0m07.0s), 03/30 VUs, 6 complete and 0 interrupted iterations
collab_latency   [   3% ] 03/30 VUs  0m06.7s/4m00.0s

running (0m08.0s), 03/30 VUs, 6 complete and 0 interrupted iterations
collab_latency   [   3% ] 03/30 VUs  0m07.7s/4m00.0s

running (0m09.0s), 03/30 VUs, 7 complete and 0 interrupted iterations
collab_latency   [   4% ] 03/30 VUs  0m08.7s/4m00.0s

running (0m10.0s), 03/30 VUs, 9 complete and 0 interrupted iterations
collab_latency   [   4% ] 03/30 VUs  0m09.7s/4m00.0s

running (0m11.0s), 04/30 VUs, 9 complete and 0 interrupted iterations
collab_latency   [   4% ] 04/30 VUs  0m10.7s/4m00.0s

running (0m12.0s), 04/30 VUs, 10 complete and 0 interrupted iterations
collab_latency   [   5% ] 04/30 VUs  0m11.7s/4m00.0s

running (0m13.0s), 04/30 VUs, 10 complete and 0 interrupted iterations
collab_latency   [   5% ] 04/30 VUs  0m12.7s/4m00.0s

running (0m14.0s), 05/30 VUs, 11 complete and 0 interrupted iterations
collab_latency   [   6% ] 05/30 VUs  0m13.7s/4m00.0s

running (0m15.0s), 05/30 VUs, 12 complete and 0 interrupted iterations
collab_latency   [   6% ] 05/30 VUs  0m14.7s/4m00.0s

running (0m16.0s), 05/30 VUs, 12 complete and 0 interrupted iterations
collab_latency   [   7% ] 05/30 VUs  0m15.7s/4m00.0s

running (0m17.0s), 06/30 VUs, 13 complete and 0 interrupted iterations
collab_latency   [   7% ] 06/30 VUs  0m16.7s/4m00.0s

running (0m18.0s), 06/30 VUs, 14 complete and 0 interrupted iterations
collab_latency   [   7% ] 06/30 VUs  0m17.7s/4m00.0s

running (0m19.0s), 06/30 VUs, 15 complete and 0 interrupted iterations
collab_latency   [   8% ] 06/30 VUs  0m18.7s/4m00.0s

running (0m20.0s), 06/30 VUs, 15 complete and 0 interrupted iterations
collab_latency   [   8% ] 06/30 VUs  0m19.7s/4m00.0s

running (0m21.0s), 07/30 VUs, 17 complete and 0 interrupted iterations
collab_latency   [   9% ] 07/30 VUs  0m20.7s/4m00.0s

running (0m22.0s), 07/30 VUs, 17 complete and 0 interrupted iterations
collab_latency   [   9% ] 07/30 VUs  0m21.7s/4m00.0s

running (0m23.0s), 07/30 VUs, 20 complete and 0 interrupted iterations
collab_latency   [   9% ] 07/30 VUs  0m22.7s/4m00.0s

running (0m24.0s), 08/30 VUs, 21 complete and 0 interrupted iterations
collab_latency   [  10% ] 08/30 VUs  0m23.7s/4m00.0s

running (0m25.0s), 08/30 VUs, 24 complete and 0 interrupted iterations
collab_latency   [  10% ] 08/30 VUs  0m24.7s/4m00.0s

running (0m26.0s), 08/30 VUs, 26 complete and 0 interrupted iterations
collab_latency   [  11% ] 08/30 VUs  0m25.7s/4m00.0s

running (0m27.0s), 09/30 VUs, 28 complete and 0 interrupted iterations
collab_latency   [  11% ] 09/30 VUs  0m26.7s/4m00.0s

running (0m28.0s), 09/30 VUs, 31 complete and 0 interrupted iterations
collab_latency   [  12% ] 09/30 VUs  0m27.7s/4m00.0s

running (0m29.0s), 09/30 VUs, 32 complete and 0 interrupted iterations
collab_latency   [  12% ] 09/30 VUs  0m28.7s/4m00.0s

running (0m30.0s), 09/30 VUs, 37 complete and 0 interrupted iterations
collab_latency   [  12% ] 09/30 VUs  0m29.7s/4m00.0s

running (0m31.0s), 10/30 VUs, 38 complete and 0 interrupted iterations
collab_latency   [  13% ] 10/30 VUs  0m30.7s/4m00.0s

running (0m32.0s), 10/30 VUs, 42 complete and 0 interrupted iterations
collab_latency   [  13% ] 10/30 VUs  0m31.7s/4m00.0s

running (0m33.0s), 10/30 VUs, 43 complete and 0 interrupted iterations
collab_latency   [  14% ] 10/30 VUs  0m32.7s/4m00.0s

running (0m34.0s), 10/30 VUs, 44 complete and 0 interrupted iterations
collab_latency   [  14% ] 10/30 VUs  0m33.7s/4m00.0s

running (0m35.0s), 10/30 VUs, 48 complete and 0 interrupted iterations
collab_latency   [  14% ] 10/30 VUs  0m34.7s/4m00.0s

running (0m36.0s), 10/30 VUs, 49 complete and 0 interrupted iterations
collab_latency   [  15% ] 10/30 VUs  0m35.7s/4m00.0s

running (0m37.0s), 11/30 VUs, 52 complete and 0 interrupted iterations
collab_latency   [  15% ] 11/30 VUs  0m36.7s/4m00.0s

running (0m38.0s), 11/30 VUs, 54 complete and 0 interrupted iterations
collab_latency   [  16% ] 11/30 VUs  0m37.7s/4m00.0s

running (0m39.0s), 11/30 VUs, 55 complete and 0 interrupted iterations
collab_latency   [  16% ] 11/30 VUs  0m38.7s/4m00.0s

running (0m40.0s), 11/30 VUs, 59 complete and 0 interrupted iterations
collab_latency   [  17% ] 11/30 VUs  0m39.7s/4m00.0s

running (0m41.0s), 11/30 VUs, 60 complete and 0 interrupted iterations
collab_latency   [  17% ] 11/30 VUs  0m40.7s/4m00.0s

running (0m42.0s), 11/30 VUs, 62 complete and 0 interrupted iterations
collab_latency   [  17% ] 11/30 VUs  0m41.7s/4m00.0s

running (0m43.0s), 12/30 VUs, 63 complete and 0 interrupted iterations
collab_latency   [  18% ] 12/30 VUs  0m42.7s/4m00.0s

running (0m44.0s), 12/30 VUs, 64 complete and 0 interrupted iterations
collab_latency   [  18% ] 12/30 VUs  0m43.7s/4m00.0s

running (0m45.0s), 12/30 VUs, 68 complete and 0 interrupted iterations
collab_latency   [  19% ] 12/30 VUs  0m44.7s/4m00.0s

running (0m46.0s), 12/30 VUs, 68 complete and 0 interrupted iterations
collab_latency   [  19% ] 12/30 VUs  0m45.7s/4m00.0s

running (0m47.0s), 12/30 VUs, 69 complete and 0 interrupted iterations
collab_latency   [  19% ] 12/30 VUs  0m46.7s/4m00.0s

running (0m48.0s), 12/30 VUs, 73 complete and 0 interrupted iterations
collab_latency   [  20% ] 12/30 VUs  0m47.7s/4m00.0s

running (0m49.0s), 13/30 VUs, 73 complete and 0 interrupted iterations
collab_latency   [  20% ] 13/30 VUs  0m48.7s/4m00.0s

running (0m50.0s), 13/30 VUs, 73 complete and 0 interrupted iterations
collab_latency   [  21% ] 13/30 VUs  0m49.7s/4m00.0s

running (0m51.0s), 13/30 VUs, 73 complete and 0 interrupted iterations
collab_latency   [  21% ] 13/30 VUs  0m50.7s/4m00.0s

running (0m52.0s), 13/30 VUs, 73 complete and 0 interrupted iterations
collab_latency   [  22% ] 13/30 VUs  0m51.7s/4m00.0s

running (0m53.0s), 13/30 VUs, 73 complete and 0 interrupted iterations
collab_latency   [  22% ] 13/30 VUs  0m52.7s/4m00.0s

running (0m54.0s), 13/30 VUs, 77 complete and 0 interrupted iterations
collab_latency   [  22% ] 13/30 VUs  0m53.7s/4m00.0s

running (0m55.0s), 14/30 VUs, 77 complete and 0 interrupted iterations
collab_latency   [  23% ] 14/30 VUs  0m54.7s/4m00.0s

running (0m56.0s), 14/30 VUs, 81 complete and 0 interrupted iterations
collab_latency   [  23% ] 14/30 VUs  0m55.7s/4m00.0s

running (0m57.0s), 14/30 VUs, 82 complete and 0 interrupted iterations
collab_latency   [  24% ] 14/30 VUs  0m56.7s/4m00.0s

running (0m58.0s), 14/30 VUs, 87 complete and 0 interrupted iterations
collab_latency   [  24% ] 14/30 VUs  0m57.7s/4m00.0s

running (0m59.0s), 14/30 VUs, 87 complete and 0 interrupted iterations
collab_latency   [  24% ] 14/30 VUs  0m58.7s/4m00.0s

running (1m00.0s), 14/30 VUs, 91 complete and 0 interrupted iterations
collab_latency   [  25% ] 14/30 VUs  0m59.7s/4m00.0s

running (1m01.0s), 15/30 VUs, 92 complete and 0 interrupted iterations
collab_latency   [  25% ] 15/30 VUs  1m00.7s/4m00.0s

running (1m02.0s), 15/30 VUs, 92 complete and 0 interrupted iterations
collab_latency   [  26% ] 15/30 VUs  1m01.7s/4m00.0s

running (1m03.0s), 15/30 VUs, 96 complete and 0 interrupted iterations
collab_latency   [  26% ] 15/30 VUs  1m02.7s/4m00.0s

running (1m04.0s), 15/30 VUs, 96 complete and 0 interrupted iterations
collab_latency   [  27% ] 15/30 VUs  1m03.7s/4m00.0s

running (1m05.0s), 15/30 VUs, 98 complete and 0 interrupted iterations
collab_latency   [  27% ] 15/30 VUs  1m04.7s/4m00.0s

running (1m06.0s), 15/30 VUs, 102 complete and 0 interrupted iterations
collab_latency   [  27% ] 15/30 VUs  1m05.7s/4m00.0s

running (1m07.0s), 16/30 VUs, 104 complete and 0 interrupted iterations
collab_latency   [  28% ] 16/30 VUs  1m06.7s/4m00.0s

running (1m08.0s), 16/30 VUs, 104 complete and 0 interrupted iterations
collab_latency   [  28% ] 16/30 VUs  1m07.7s/4m00.0s

running (1m09.0s), 16/30 VUs, 108 complete and 0 interrupted iterations
collab_latency   [  29% ] 16/30 VUs  1m08.7s/4m00.0s

running (1m10.0s), 16/30 VUs, 108 complete and 0 interrupted iterations
collab_latency   [  29% ] 16/30 VUs  1m09.7s/4m00.0s

running (1m11.0s), 16/30 VUs, 108 complete and 0 interrupted iterations
collab_latency   [  29% ] 16/30 VUs  1m10.7s/4m00.0s

running (1m12.0s), 16/30 VUs, 108 complete and 0 interrupted iterations
collab_latency   [  30% ] 16/30 VUs  1m11.7s/4m00.0s

running (1m13.0s), 17/30 VUs, 108 complete and 0 interrupted iterations
collab_latency   [  30% ] 17/30 VUs  1m12.7s/4m00.0s

running (1m14.0s), 17/30 VUs, 108 complete and 0 interrupted iterations
collab_latency   [  31% ] 17/30 VUs  1m13.7s/4m00.0s

running (1m15.0s), 17/30 VUs, 108 complete and 0 interrupted iterations
collab_latency   [  31% ] 17/30 VUs  1m14.7s/4m00.0s

running (1m16.0s), 17/30 VUs, 108 complete and 0 interrupted iterations
collab_latency   [  32% ] 17/30 VUs  1m15.7s/4m00.0s

running (1m17.0s), 17/30 VUs, 111 complete and 0 interrupted iterations
collab_latency   [  32% ] 17/30 VUs  1m16.7s/4m00.0s

running (1m18.0s), 17/30 VUs, 114 complete and 0 interrupted iterations
collab_latency   [  32% ] 17/30 VUs  1m17.7s/4m00.0s

running (1m19.0s), 18/30 VUs, 119 complete and 0 interrupted iterations
collab_latency   [  33% ] 18/30 VUs  1m18.7s/4m00.0s

running (1m20.0s), 18/30 VUs, 119 complete and 0 interrupted iterations
collab_latency   [  33% ] 18/30 VUs  1m19.7s/4m00.0s

running (1m21.0s), 18/30 VUs, 119 complete and 0 interrupted iterations
collab_latency   [  34% ] 18/30 VUs  1m20.7s/4m00.0s

running (1m22.0s), 18/30 VUs, 120 complete and 0 interrupted iterations
collab_latency   [  34% ] 18/30 VUs  1m21.7s/4m00.0s

running (1m23.0s), 18/30 VUs, 129 complete and 0 interrupted iterations
collab_latency   [  34% ] 18/30 VUs  1m22.7s/4m00.0s

running (1m24.0s), 18/30 VUs, 129 complete and 0 interrupted iterations
collab_latency   [  35% ] 18/30 VUs  1m23.7s/4m00.0s

running (1m25.0s), 19/30 VUs, 129 complete and 0 interrupted iterations
collab_latency   [  35% ] 19/30 VUs  1m24.7s/4m00.0s

running (1m26.0s), 19/30 VUs, 130 complete and 0 interrupted iterations
collab_latency   [  36% ] 19/30 VUs  1m25.7s/4m00.0s

running (1m27.0s), 19/30 VUs, 140 complete and 0 interrupted iterations
collab_latency   [  36% ] 19/30 VUs  1m26.7s/4m00.0s

running (1m28.0s), 19/30 VUs, 141 complete and 0 interrupted iterations
collab_latency   [  37% ] 19/30 VUs  1m27.7s/4m00.0s

running (1m29.0s), 19/30 VUs, 142 complete and 0 interrupted iterations
collab_latency   [  37% ] 19/30 VUs  1m28.7s/4m00.0s

running (1m30.0s), 19/30 VUs, 142 complete and 0 interrupted iterations
collab_latency   [  37% ] 19/30 VUs  1m29.7s/4m00.0s

running (1m31.0s), 20/30 VUs, 146 complete and 0 interrupted iterations
collab_latency   [  38% ] 20/30 VUs  1m30.7s/4m00.0s

running (1m32.0s), 20/30 VUs, 152 complete and 0 interrupted iterations
collab_latency   [  38% ] 20/30 VUs  1m31.7s/4m00.0s

running (1m33.0s), 20/30 VUs, 152 complete and 0 interrupted iterations
collab_latency   [  39% ] 20/30 VUs  1m32.7s/4m00.0s

running (1m34.0s), 20/30 VUs, 154 complete and 0 interrupted iterations
collab_latency   [  39% ] 20/30 VUs  1m33.7s/4m00.0s

running (1m35.0s), 20/30 VUs, 154 complete and 0 interrupted iterations
collab_latency   [  39% ] 20/30 VUs  1m34.7s/4m00.0s

running (1m36.0s), 20/30 VUs, 154 complete and 0 interrupted iterations
collab_latency   [  40% ] 20/30 VUs  1m35.7s/4m00.0s

running (1m37.0s), 21/30 VUs, 167 complete and 0 interrupted iterations
collab_latency   [  40% ] 21/30 VUs  1m36.7s/4m00.0s

running (1m38.0s), 21/30 VUs, 167 complete and 0 interrupted iterations
collab_latency   [  41% ] 21/30 VUs  1m37.7s/4m00.0s

running (1m39.0s), 21/30 VUs, 167 complete and 0 interrupted iterations
collab_latency   [  41% ] 21/30 VUs  1m38.7s/4m00.0s

running (1m40.0s), 21/30 VUs, 167 complete and 0 interrupted iterations
collab_latency   [  42% ] 21/30 VUs  1m39.7s/4m00.0s

running (1m41.0s), 21/30 VUs, 168 complete and 0 interrupted iterations
collab_latency   [  42% ] 21/30 VUs  1m40.7s/4m00.0s

running (1m42.0s), 21/30 VUs, 179 complete and 0 interrupted iterations
collab_latency   [  42% ] 21/30 VUs  1m41.7s/4m00.0s

running (1m43.0s), 22/30 VUs, 181 complete and 0 interrupted iterations
collab_latency   [  43% ] 22/30 VUs  1m42.7s/4m00.0s

running (1m44.0s), 22/30 VUs, 181 complete and 0 interrupted iterations
collab_latency   [  43% ] 22/30 VUs  1m43.7s/4m00.0s

running (1m45.0s), 22/30 VUs, 181 complete and 0 interrupted iterations
collab_latency   [  44% ] 22/30 VUs  1m44.7s/4m00.0s

running (1m46.0s), 22/30 VUs, 181 complete and 0 interrupted iterations
collab_latency   [  44% ] 22/30 VUs  1m45.7s/4m00.0s

running (1m47.0s), 22/30 VUs, 184 complete and 0 interrupted iterations
collab_latency   [  44% ] 22/30 VUs  1m46.7s/4m00.0s

running (1m48.0s), 22/30 VUs, 191 complete and 0 interrupted iterations
collab_latency   [  45% ] 22/30 VUs  1m47.7s/4m00.0s

running (1m49.0s), 23/30 VUs, 191 complete and 0 interrupted iterations
collab_latency   [  45% ] 23/30 VUs  1m48.7s/4m00.0s

running (1m50.0s), 23/30 VUs, 191 complete and 0 interrupted iterations
collab_latency   [  46% ] 23/30 VUs  1m49.7s/4m00.0s

running (1m51.0s), 23/30 VUs, 191 complete and 0 interrupted iterations
collab_latency   [  46% ] 23/30 VUs  1m50.7s/4m00.0s

running (1m52.0s), 23/30 VUs, 192 complete and 0 interrupted iterations
collab_latency   [  47% ] 23/30 VUs  1m51.7s/4m00.0s

running (1m53.0s), 23/30 VUs, 194 complete and 0 interrupted iterations
collab_latency   [  47% ] 23/30 VUs  1m52.7s/4m00.0s

running (1m54.0s), 23/30 VUs, 194 complete and 0 interrupted iterations
collab_latency   [  47% ] 23/30 VUs  1m53.7s/4m00.0s

running (1m55.0s), 24/30 VUs, 194 complete and 0 interrupted iterations
collab_latency   [  48% ] 24/30 VUs  1m54.7s/4m00.0s

running (1m56.0s), 24/30 VUs, 194 complete and 0 interrupted iterations
collab_latency   [  48% ] 24/30 VUs  1m55.7s/4m00.0s

running (1m57.0s), 24/30 VUs, 196 complete and 0 interrupted iterations
collab_latency   [  49% ] 24/30 VUs  1m56.7s/4m00.0s

running (1m58.0s), 24/30 VUs, 199 complete and 0 interrupted iterations
collab_latency   [  49% ] 24/30 VUs  1m57.7s/4m00.0s

running (1m59.0s), 24/30 VUs, 199 complete and 0 interrupted iterations
collab_latency   [  49% ] 24/30 VUs  1m58.7s/4m00.0s

running (2m00.0s), 24/30 VUs, 199 complete and 0 interrupted iterations
collab_latency   [  50% ] 24/30 VUs  1m59.7s/4m00.0s

running (2m01.0s), 25/30 VUs, 199 complete and 0 interrupted iterations
collab_latency   [  50% ] 25/30 VUs  2m00.7s/4m00.0s

running (2m02.0s), 25/30 VUs, 199 complete and 0 interrupted iterations
collab_latency   [  51% ] 25/30 VUs  2m01.7s/4m00.0s

running (2m03.0s), 25/30 VUs, 205 complete and 0 interrupted iterations
collab_latency   [  51% ] 25/30 VUs  2m02.7s/4m00.0s

running (2m04.0s), 25/30 VUs, 209 complete and 0 interrupted iterations
collab_latency   [  52% ] 25/30 VUs  2m03.7s/4m00.0s

running (2m05.0s), 25/30 VUs, 209 complete and 0 interrupted iterations
collab_latency   [  52% ] 25/30 VUs  2m04.7s/4m00.0s

running (2m06.0s), 25/30 VUs, 209 complete and 0 interrupted iterations
collab_latency   [  52% ] 25/30 VUs  2m05.7s/4m00.0s

running (2m07.0s), 26/30 VUs, 209 complete and 0 interrupted iterations
collab_latency   [  53% ] 26/30 VUs  2m06.7s/4m00.0s

running (2m08.0s), 26/30 VUs, 209 complete and 0 interrupted iterations
collab_latency   [  53% ] 26/30 VUs  2m07.7s/4m00.0s

running (2m09.0s), 26/30 VUs, 210 complete and 0 interrupted iterations
collab_latency   [  54% ] 26/30 VUs  2m08.7s/4m00.0s

running (2m10.0s), 26/30 VUs, 216 complete and 0 interrupted iterations
collab_latency   [  54% ] 26/30 VUs  2m09.7s/4m00.0s

running (2m11.0s), 26/30 VUs, 223 complete and 0 interrupted iterations
collab_latency   [  54% ] 26/30 VUs  2m10.7s/4m00.0s

running (2m12.0s), 26/30 VUs, 226 complete and 0 interrupted iterations
collab_latency   [  55% ] 26/30 VUs  2m11.7s/4m00.0s

running (2m13.0s), 27/30 VUs, 227 complete and 0 interrupted iterations
collab_latency   [  55% ] 27/30 VUs  2m12.7s/4m00.0s

running (2m14.0s), 27/30 VUs, 229 complete and 0 interrupted iterations
collab_latency   [  56% ] 27/30 VUs  2m13.7s/4m00.0s

running (2m15.0s), 27/30 VUs, 233 complete and 0 interrupted iterations
collab_latency   [  56% ] 27/30 VUs  2m14.7s/4m00.0s

running (2m16.0s), 27/30 VUs, 235 complete and 0 interrupted iterations
collab_latency   [  57% ] 27/30 VUs  2m15.7s/4m00.0s

running (2m17.0s), 27/30 VUs, 238 complete and 0 interrupted iterations
collab_latency   [  57% ] 27/30 VUs  2m16.7s/4m00.0s

running (2m18.0s), 27/30 VUs, 244 complete and 0 interrupted iterations
collab_latency   [  57% ] 27/30 VUs  2m17.7s/4m00.0s

running (2m19.0s), 28/30 VUs, 247 complete and 0 interrupted iterations
collab_latency   [  58% ] 28/30 VUs  2m18.7s/4m00.0s

running (2m20.0s), 28/30 VUs, 251 complete and 0 interrupted iterations
collab_latency   [  58% ] 28/30 VUs  2m19.7s/4m00.0s

running (2m21.0s), 28/30 VUs, 253 complete and 0 interrupted iterations
collab_latency   [  59% ] 28/30 VUs  2m20.7s/4m00.0s

running (2m22.0s), 28/30 VUs, 256 complete and 0 interrupted iterations
collab_latency   [  59% ] 28/30 VUs  2m21.7s/4m00.0s

running (2m23.0s), 28/30 VUs, 261 complete and 0 interrupted iterations
collab_latency   [  59% ] 28/30 VUs  2m22.7s/4m00.0s

running (2m24.0s), 28/30 VUs, 265 complete and 0 interrupted iterations
collab_latency   [  60% ] 28/30 VUs  2m23.7s/4m00.0s

running (2m25.0s), 29/30 VUs, 266 complete and 0 interrupted iterations
collab_latency   [  60% ] 29/30 VUs  2m24.7s/4m00.0s

running (2m26.0s), 29/30 VUs, 270 complete and 0 interrupted iterations
collab_latency   [  61% ] 29/30 VUs  2m25.7s/4m00.0s

running (2m27.0s), 29/30 VUs, 273 complete and 0 interrupted iterations
collab_latency   [  61% ] 29/30 VUs  2m26.7s/4m00.0s

running (2m28.0s), 29/30 VUs, 276 complete and 0 interrupted iterations
collab_latency   [  62% ] 29/30 VUs  2m27.7s/4m00.0s

running (2m29.0s), 29/30 VUs, 278 complete and 0 interrupted iterations
collab_latency   [  62% ] 29/30 VUs  2m28.7s/4m00.0s

running (2m30.0s), 29/30 VUs, 279 complete and 0 interrupted iterations
collab_latency   [  62% ] 29/30 VUs  2m29.7s/4m00.0s

running (2m31.0s), 30/30 VUs, 279 complete and 0 interrupted iterations
collab_latency   [  63% ] 30/30 VUs  2m30.7s/4m00.0s

running (2m32.0s), 30/30 VUs, 279 complete and 0 interrupted iterations
collab_latency   [  63% ] 30/30 VUs  2m31.7s/4m00.0s

running (2m33.0s), 30/30 VUs, 280 complete and 0 interrupted iterations
collab_latency   [  64% ] 30/30 VUs  2m32.7s/4m00.0s

running (2m34.0s), 30/30 VUs, 283 complete and 0 interrupted iterations
collab_latency   [  64% ] 30/30 VUs  2m33.7s/4m00.0s

running (2m35.0s), 30/30 VUs, 285 complete and 0 interrupted iterations
collab_latency   [  64% ] 30/30 VUs  2m34.7s/4m00.0s

running (2m36.0s), 30/30 VUs, 291 complete and 0 interrupted iterations
collab_latency   [  65% ] 30/30 VUs  2m35.7s/4m00.0s

running (2m37.0s), 30/30 VUs, 293 complete and 0 interrupted iterations
collab_latency   [  65% ] 30/30 VUs  2m36.7s/4m00.0s

running (2m38.0s), 30/30 VUs, 294 complete and 0 interrupted iterations
collab_latency   [  66% ] 30/30 VUs  2m37.7s/4m00.0s

running (2m39.0s), 30/30 VUs, 296 complete and 0 interrupted iterations
collab_latency   [  66% ] 30/30 VUs  2m38.7s/4m00.0s

running (2m40.0s), 30/30 VUs, 296 complete and 0 interrupted iterations
collab_latency   [  67% ] 30/30 VUs  2m39.7s/4m00.0s

running (2m41.0s), 30/30 VUs, 296 complete and 0 interrupted iterations
collab_latency   [  67% ] 30/30 VUs  2m40.7s/4m00.0s

running (2m42.0s), 30/30 VUs, 296 complete and 0 interrupted iterations
collab_latency   [  67% ] 30/30 VUs  2m41.7s/4m00.0s

running (2m43.0s), 30/30 VUs, 296 complete and 0 interrupted iterations
collab_latency   [  68% ] 30/30 VUs  2m42.7s/4m00.0s

running (2m44.0s), 30/30 VUs, 296 complete and 0 interrupted iterations
collab_latency   [  68% ] 30/30 VUs  2m43.7s/4m00.0s

running (2m45.0s), 30/30 VUs, 296 complete and 0 interrupted iterations
collab_latency   [  69% ] 30/30 VUs  2m44.7s/4m00.0s

running (2m46.0s), 30/30 VUs, 296 complete and 0 interrupted iterations
collab_latency   [  69% ] 30/30 VUs  2m45.7s/4m00.0s

running (2m47.0s), 30/30 VUs, 296 complete and 0 interrupted iterations
collab_latency   [  69% ] 30/30 VUs  2m46.7s/4m00.0s

running (2m48.0s), 30/30 VUs, 297 complete and 0 interrupted iterations
collab_latency   [  70% ] 30/30 VUs  2m47.7s/4m00.0s

running (2m49.0s), 29/30 VUs, 300 complete and 0 interrupted iterations
collab_latency   [  70% ] 29/30 VUs  2m48.7s/4m00.0s

running (2m50.0s), 29/30 VUs, 300 complete and 0 interrupted iterations
collab_latency   [  71% ] 29/30 VUs  2m49.7s/4m00.0s

running (2m51.0s), 29/30 VUs, 301 complete and 0 interrupted iterations
collab_latency   [  71% ] 29/30 VUs  2m50.7s/4m00.0s
time="2026-06-11T21:54:29+02:00" level=warning msg="Request Failed" error="Post \"http://188.245.60.172:30001/api/collab/cfc02f9d-936c-44cd-839e-d77919b572c6/state\": request timeout"

running (2m52.0s), 29/30 VUs, 301 complete and 0 interrupted iterations
collab_latency   [  72% ] 29/30 VUs  2m51.7s/4m00.0s

running (2m53.0s), 29/30 VUs, 305 complete and 0 interrupted iterations
collab_latency   [  72% ] 29/30 VUs  2m52.7s/4m00.0s

running (2m54.0s), 28/30 VUs, 313 complete and 0 interrupted iterations
collab_latency   [  72% ] 28/30 VUs  2m53.7s/4m00.0s

running (2m55.0s), 27/30 VUs, 317 complete and 0 interrupted iterations
collab_latency   [  73% ] 27/30 VUs  2m54.7s/4m00.0s

running (2m56.0s), 27/30 VUs, 319 complete and 0 interrupted iterations
collab_latency   [  73% ] 27/30 VUs  2m55.7s/4m00.0s

running (2m57.0s), 27/30 VUs, 320 complete and 0 interrupted iterations
collab_latency   [  74% ] 27/30 VUs  2m56.7s/4m00.0s

running (2m58.0s), 27/30 VUs, 320 complete and 0 interrupted iterations
collab_latency   [  74% ] 27/30 VUs  2m57.7s/4m00.0s

running (2m59.0s), 27/30 VUs, 320 complete and 0 interrupted iterations
collab_latency   [  74% ] 27/30 VUs  2m58.7s/4m00.0s

running (3m00.0s), 27/30 VUs, 321 complete and 0 interrupted iterations
collab_latency   [  75% ] 27/30 VUs  2m59.7s/4m00.0s

running (3m01.0s), 26/30 VUs, 325 complete and 0 interrupted iterations
collab_latency   [  75% ] 26/30 VUs  3m00.7s/4m00.0s

running (3m02.0s), 26/30 VUs, 326 complete and 0 interrupted iterations
collab_latency   [  76% ] 26/30 VUs  3m01.7s/4m00.0s

running (3m03.0s), 26/30 VUs, 326 complete and 0 interrupted iterations
collab_latency   [  76% ] 26/30 VUs  3m02.7s/4m00.0s
time="2026-06-11T21:54:41+02:00" level=warning msg="Request Failed" error="Post \"http://188.245.60.172:30001/api/collab/871999ce-1760-4e03-b94b-2dc93d45ab78/state\": request timeout"

running (3m04.0s), 26/30 VUs, 326 complete and 0 interrupted iterations
collab_latency   [  77% ] 26/30 VUs  3m03.7s/4m00.0s

running (3m05.0s), 26/30 VUs, 327 complete and 0 interrupted iterations
collab_latency   [  77% ] 26/30 VUs  3m04.7s/4m00.0s

running (3m06.0s), 26/30 VUs, 327 complete and 0 interrupted iterations
collab_latency   [  77% ] 26/30 VUs  3m05.7s/4m00.0s

running (3m07.0s), 26/30 VUs, 327 complete and 0 interrupted iterations
collab_latency   [  78% ] 26/30 VUs  3m06.7s/4m00.0s

running (3m08.0s), 26/30 VUs, 329 complete and 0 interrupted iterations
collab_latency   [  78% ] 26/30 VUs  3m07.7s/4m00.0s

running (3m09.0s), 24/30 VUs, 334 complete and 1 interrupted iterations
collab_latency   [  79% ] 24/30 VUs  3m08.7s/4m00.0s

running (3m10.0s), 24/30 VUs, 336 complete and 1 interrupted iterations
collab_latency   [  79% ] 24/30 VUs  3m09.7s/4m00.0s

running (3m11.0s), 24/30 VUs, 336 complete and 1 interrupted iterations
collab_latency   [  79% ] 24/30 VUs  3m10.7s/4m00.0s

running (3m12.0s), 24/30 VUs, 336 complete and 1 interrupted iterations
collab_latency   [  80% ] 24/30 VUs  3m11.7s/4m00.0s

running (3m13.0s), 23/30 VUs, 336 complete and 2 interrupted iterations
collab_latency   [  80% ] 23/30 VUs  3m12.7s/4m00.0s
time="2026-06-11T21:54:50+02:00" level=warning msg="Request Failed" error="Post \"http://188.245.60.172:30001/api/collab/a24eb483-8cba-4b9a-a0d2-32f76b7374af/state\": request timeout"

running (3m14.0s), 23/30 VUs, 337 complete and 2 interrupted iterations
collab_latency   [  81% ] 23/30 VUs  3m13.7s/4m00.0s

running (3m15.0s), 23/30 VUs, 338 complete and 2 interrupted iterations
collab_latency   [  81% ] 23/30 VUs  3m14.7s/4m00.0s

running (3m16.0s), 23/30 VUs, 338 complete and 2 interrupted iterations
collab_latency   [  82% ] 23/30 VUs  3m15.7s/4m00.0s

running (3m17.0s), 23/30 VUs, 338 complete and 2 interrupted iterations
collab_latency   [  82% ] 23/30 VUs  3m16.7s/4m00.0s

running (3m18.0s), 23/30 VUs, 338 complete and 2 interrupted iterations
collab_latency   [  82% ] 23/30 VUs  3m17.7s/4m00.0s

running (3m19.0s), 22/30 VUs, 345 complete and 2 interrupted iterations
collab_latency   [  83% ] 22/30 VUs  3m18.7s/4m00.0s

running (3m20.0s), 22/30 VUs, 345 complete and 2 interrupted iterations
collab_latency   [  83% ] 22/30 VUs  3m19.7s/4m00.0s

running (3m21.0s), 21/30 VUs, 346 complete and 2 interrupted iterations
collab_latency   [  84% ] 21/30 VUs  3m20.7s/4m00.0s

running (3m22.0s), 20/30 VUs, 349 complete and 2 interrupted iterations
collab_latency   [  84% ] 20/30 VUs  3m21.7s/4m00.0s

running (3m23.0s), 20/30 VUs, 349 complete and 2 interrupted iterations
collab_latency   [  84% ] 20/30 VUs  3m22.7s/4m00.0s

running (3m24.0s), 20/30 VUs, 349 complete and 2 interrupted iterations
collab_latency   [  85% ] 20/30 VUs  3m23.7s/4m00.0s

running (3m25.0s), 20/30 VUs, 349 complete and 2 interrupted iterations
collab_latency   [  85% ] 20/30 VUs  3m24.7s/4m00.0s

running (3m26.0s), 20/30 VUs, 350 complete and 2 interrupted iterations
collab_latency   [  86% ] 20/30 VUs  3m25.7s/4m00.0s
time="2026-06-11T21:55:04+02:00" level=warning msg="Request Failed" error="Post \"http://188.245.60.172:30001/api/collab/48021305-9eb9-4a93-ab12-5fef7d5fde60/state\": request timeout"
time="2026-06-11T21:55:04+02:00" level=warning msg="Request Failed" error="Post \"http://188.245.60.172:30001/api/collab/11aa9d16-d2b6-49b2-9ca0-3617a3ee29a5/state\": request timeout"

running (3m27.0s), 20/30 VUs, 351 complete and 2 interrupted iterations
collab_latency   [  86% ] 20/30 VUs  3m26.7s/4m00.0s

running (3m28.0s), 20/30 VUs, 354 complete and 2 interrupted iterations
collab_latency   [  87% ] 20/30 VUs  3m27.7s/4m00.0s

running (3m29.0s), 19/30 VUs, 354 complete and 3 interrupted iterations
collab_latency   [  87% ] 19/30 VUs  3m28.7s/4m00.0s

running (3m30.0s), 19/30 VUs, 354 complete and 3 interrupted iterations
collab_latency   [  87% ] 19/30 VUs  3m29.7s/4m00.0s

running (3m31.0s), 19/30 VUs, 354 complete and 3 interrupted iterations
collab_latency   [  88% ] 19/30 VUs  3m30.7s/4m00.0s

running (3m32.0s), 19/30 VUs, 362 complete and 3 interrupted iterations
collab_latency   [  88% ] 19/30 VUs  3m31.7s/4m00.0s

running (3m33.0s), 18/30 VUs, 367 complete and 4 interrupted iterations
collab_latency   [  89% ] 18/30 VUs  3m32.7s/4m00.0s

running (3m34.0s), 18/30 VUs, 367 complete and 4 interrupted iterations
collab_latency   [  89% ] 18/30 VUs  3m33.7s/4m00.0s

running (3m35.0s), 18/30 VUs, 367 complete and 4 interrupted iterations
collab_latency   [  89% ] 18/30 VUs  3m34.7s/4m00.0s

running (3m36.0s), 18/30 VUs, 367 complete and 4 interrupted iterations
collab_latency   [  90% ] 18/30 VUs  3m35.7s/4m00.0s

running (3m37.0s), 16/30 VUs, 379 complete and 4 interrupted iterations
collab_latency   [  90% ] 16/30 VUs  3m36.7s/4m00.0s

running (3m38.0s), 16/30 VUs, 379 complete and 4 interrupted iterations
collab_latency   [  91% ] 16/30 VUs  3m37.7s/4m00.0s

running (3m39.0s), 16/30 VUs, 379 complete and 4 interrupted iterations
collab_latency   [  91% ] 16/30 VUs  3m38.7s/4m00.0s

running (3m40.0s), 15/30 VUs, 380 complete and 4 interrupted iterations
collab_latency   [  92% ] 15/30 VUs  3m39.7s/4m00.0s

running (3m41.0s), 15/30 VUs, 386 complete and 4 interrupted iterations
collab_latency   [  92% ] 15/30 VUs  3m40.7s/4m00.0s

running (3m42.0s), 15/30 VUs, 389 complete and 4 interrupted iterations
collab_latency   [  92% ] 15/30 VUs  3m41.7s/4m00.0s

running (3m43.0s), 15/30 VUs, 389 complete and 4 interrupted iterations
collab_latency   [  93% ] 15/30 VUs  3m42.7s/4m00.0s

running (3m44.0s), 15/30 VUs, 389 complete and 4 interrupted iterations
collab_latency   [  93% ] 15/30 VUs  3m43.7s/4m00.0s

running (3m45.0s), 14/30 VUs, 397 complete and 4 interrupted iterations
collab_latency   [  94% ] 14/30 VUs  3m44.7s/4m00.0s

running (3m46.0s), 14/30 VUs, 397 complete and 4 interrupted iterations
collab_latency   [  94% ] 14/30 VUs  3m45.7s/4m00.0s

running (3m47.0s), 14/30 VUs, 397 complete and 4 interrupted iterations
collab_latency   [  94% ] 14/30 VUs  3m46.7s/4m00.0s

running (3m48.0s), 14/30 VUs, 397 complete and 4 interrupted iterations
collab_latency   [  95% ] 14/30 VUs  3m47.7s/4m00.0s

running (3m49.0s), 14/30 VUs, 397 complete and 4 interrupted iterations
collab_latency   [  95% ] 14/30 VUs  3m48.7s/4m00.0s

running (3m50.0s), 13/30 VUs, 398 complete and 4 interrupted iterations
collab_latency   [  96% ] 13/30 VUs  3m49.7s/4m00.0s

running (3m51.0s), 13/30 VUs, 398 complete and 4 interrupted iterations
collab_latency   [  96% ] 13/30 VUs  3m50.7s/4m00.0s

running (3m52.0s), 13/30 VUs, 398 complete and 4 interrupted iterations
collab_latency   [  97% ] 13/30 VUs  3m51.7s/4m00.0s

running (3m53.0s), 13/30 VUs, 398 complete and 4 interrupted iterations
collab_latency   [  97% ] 13/30 VUs  3m52.7s/4m00.0s

running (3m54.0s), 13/30 VUs, 398 complete and 4 interrupted iterations
collab_latency   [  97% ] 13/30 VUs  3m53.7s/4m00.0s

running (3m55.0s), 13/30 VUs, 398 complete and 4 interrupted iterations
collab_latency   [  98% ] 13/30 VUs  3m54.7s/4m00.0s

running (3m56.0s), 13/30 VUs, 398 complete and 4 interrupted iterations
collab_latency   [  98% ] 13/30 VUs  3m55.7s/4m00.0s

running (3m57.0s), 12/30 VUs, 398 complete and 5 interrupted iterations
collab_latency   [  99% ] 12/30 VUs  3m56.7s/4m00.0s

running (3m58.0s), 12/30 VUs, 398 complete and 5 interrupted iterations
collab_latency   [  99% ] 12/30 VUs  3m57.7s/4m00.0s

running (3m59.0s), 07/30 VUs, 404 complete and 5 interrupted iterations
collab_latency   [  99% ] 07/30 VUs  3m58.7s/4m00.0s

running (4m00.0s), 07/30 VUs, 405 complete and 5 interrupted iterations
collab_latency   [ 100% ] 07/30 VUs  3m59.7s/4m00.0s

running (4m01.0s), 07/30 VUs, 405 complete and 5 interrupted iterations
collab_latency ↓ [ 100% ] 07/30 VUs  4m0s

running (4m02.0s), 07/30 VUs, 405 complete and 5 interrupted iterations
collab_latency ↓ [ 100% ] 07/30 VUs  4m0s

running (4m03.0s), 07/30 VUs, 405 complete and 5 interrupted iterations
collab_latency ↓ [ 100% ] 07/30 VUs  4m0s

running (4m04.0s), 07/30 VUs, 405 complete and 5 interrupted iterations
collab_latency ↓ [ 100% ] 07/30 VUs  4m0s

running (4m05.0s), 07/30 VUs, 405 complete and 5 interrupted iterations
collab_latency ↓ [ 100% ] 07/30 VUs  4m0s

running (4m06.0s), 07/30 VUs, 405 complete and 5 interrupted iterations
collab_latency ↓ [ 100% ] 07/30 VUs  4m0s

running (4m07.0s), 06/30 VUs, 405 complete and 6 interrupted iterations
collab_latency ↓ [ 100% ] 07/30 VUs  4m0s
time="2026-06-11T21:55:45+02:00" level=warning msg="Request Failed" error="Post \"http://188.245.60.172:30001/api/collab/c568527d-c34f-46e5-ba00-0a5480521ab4/state\": request timeout"

running (4m08.0s), 06/30 VUs, 405 complete and 6 interrupted iterations
collab_latency ↓ [ 100% ] 07/30 VUs  4m0s

running (4m09.0s), 05/30 VUs, 406 complete and 6 interrupted iterations
collab_latency ↓ [ 100% ] 07/30 VUs  4m0s

running (4m10.0s), 05/30 VUs, 406 complete and 6 interrupted iterations
collab_latency ↓ [ 100% ] 07/30 VUs  4m0s

running (4m11.0s), 05/30 VUs, 406 complete and 6 interrupted iterations
collab_latency ↓ [ 100% ] 07/30 VUs  4m0s

running (4m12.0s), 05/30 VUs, 406 complete and 6 interrupted iterations
collab_latency ↓ [ 100% ] 07/30 VUs  4m0s

running (4m13.0s), 05/30 VUs, 406 complete and 6 interrupted iterations
collab_latency ↓ [ 100% ] 07/30 VUs  4m0s

running (4m14.0s), 04/30 VUs, 406 complete and 7 interrupted iterations
collab_latency ↓ [ 100% ] 07/30 VUs  4m0s

running (4m15.0s), 04/30 VUs, 406 complete and 7 interrupted iterations
collab_latency ↓ [ 100% ] 07/30 VUs  4m0s

running (4m16.0s), 04/30 VUs, 406 complete and 7 interrupted iterations
collab_latency ↓ [ 100% ] 07/30 VUs  4m0s

running (4m17.0s), 04/30 VUs, 406 complete and 7 interrupted iterations
collab_latency ↓ [ 100% ] 07/30 VUs  4m0s

running (4m18.0s), 04/30 VUs, 406 complete and 7 interrupted iterations
collab_latency ↓ [ 100% ] 07/30 VUs  4m0s

running (4m19.0s), 04/30 VUs, 406 complete and 7 interrupted iterations
collab_latency ↓ [ 100% ] 07/30 VUs  4m0s

running (4m20.0s), 03/30 VUs, 406 complete and 8 interrupted iterations
collab_latency ↓ [ 100% ] 07/30 VUs  4m0s

running (4m21.0s), 03/30 VUs, 406 complete and 8 interrupted iterations
collab_latency ↓ [ 100% ] 07/30 VUs  4m0s

running (4m22.0s), 03/30 VUs, 406 complete and 8 interrupted iterations
collab_latency ↓ [ 100% ] 07/30 VUs  4m0s

running (4m23.0s), 03/30 VUs, 406 complete and 8 interrupted iterations
collab_latency ↓ [ 100% ] 07/30 VUs  4m0s

running (4m24.0s), 03/30 VUs, 406 complete and 8 interrupted iterations
collab_latency ↓ [ 100% ] 07/30 VUs  4m0s

running (4m25.0s), 03/30 VUs, 406 complete and 8 interrupted iterations
collab_latency ↓ [ 100% ] 07/30 VUs  4m0s

running (4m26.0s), 03/30 VUs, 406 complete and 8 interrupted iterations
collab_latency ↓ [ 100% ] 07/30 VUs  4m0s

running (4m27.0s), 02/30 VUs, 406 complete and 9 interrupted iterations
collab_latency ↓ [ 100% ] 07/30 VUs  4m0s

running (4m28.0s), 02/30 VUs, 406 complete and 9 interrupted iterations
collab_latency ↓ [ 100% ] 07/30 VUs  4m0s

running (4m29.0s), 02/30 VUs, 406 complete and 9 interrupted iterations
collab_latency ↓ [ 100% ] 07/30 VUs  4m0s

running (4m30.0s), 02/30 VUs, 406 complete and 9 interrupted iterations
collab_latency ↓ [ 100% ] 07/30 VUs  4m0s


  █ THRESHOLDS 

    collab_propagation_ms
    ✓ 'p(95)<10000' p(95)=3.95s

    http_req_failed
    ✓ 'rate<0.2' rate=2.55%


  █ TOTAL RESULTS 

    checks_total.......: 345     1.276396/s
    checks_succeeded...: 100.00% 345 out of 345
    checks_failed......: 0.00%   0 out of 345

    ✓ Analytics guest sees host state
    ✓ Advanced guest sees host state
    ✓ DataExchange guest sees host state
    ✓ Geospatial guest sees host state
    ✓ MonteCarlo guest sees host state
    ✓ Calculator guest sees host state
    ✓ MLTrainer guest sees host state

    CUSTOM
    collab_host_post_ms............: avg=4.71s    min=42ms    med=465ms    max=1m0s   p(90)=14.78s p(95)=34.83s
    collab_propagation_ms..........: avg=730.23ms min=36ms    med=186ms    max=9.39s  p(90)=1.22s  p(95)=3.95s 
    collab_success.................: 345    1.276396/s
    collab_timeout.................: 62     0.229381/s

    HTTP
    http_req_duration..............: avg=1.58s    min=35.86ms med=524.18ms max=1m0s   p(90)=3.14s  p(95)=4.59s 
      { expected_response:true }...: avg=1.44s    min=35.86ms med=525.49ms max=58.22s p(90)=3.08s  p(95)=4.53s 
    http_req_failed................: 2.55%  62 out of 2422
    http_reqs......................: 2422   8.960673/s

    EXECUTION
    iteration_duration.............: avg=10.22s   min=1.36s   med=5.44s    max=1m12s  p(90)=18.97s p(95)=40.48s
    iterations.....................: 406    1.502078/s
    vus............................: 2      min=1          max=30
    vus_max........................: 30     min=30         max=30

    NETWORK
    data_received..................: 2.7 MB 10 kB/s
    data_sent......................: 771 kB 2.9 kB/s




running (4m30.3s), 00/30 VUs, 406 complete and 11 interrupted iterations
collab_latency ✓ [ 100% ] 02/30 VUs  4m0s
