
         /\      Grafana   /‾‾/  
    /\  /  \     |\  __   /  /   
   /  \/    \    | |/ /  /   ‾‾\ 
  /          \   |   (  |  (‾)  |
 / __________ \  |_|\_\  \_____/ 


     execution: local
        script: k6/06-cross-contamination.js
        output: -

     scenarios: (100.00%) 1 scenario, 30 max VUs, 10m30s max duration (incl. graceful stop):
              * isolation: 1 iterations for each of 30 VUs (maxDuration: 10m0s, gracefulStop: 30s)


running (00m01.0s), 30/30 VUs, 0 complete and 0 interrupted iterations
isolation   [   0% ] 30 VUs  00m00.8s/10m0s  00/30 iters, 1 per VU

running (00m02.0s), 30/30 VUs, 0 complete and 0 interrupted iterations
isolation   [   0% ] 30 VUs  00m01.8s/10m0s  00/30 iters, 1 per VU

running (00m03.0s), 30/30 VUs, 0 complete and 0 interrupted iterations
isolation   [   0% ] 30 VUs  00m02.8s/10m0s  00/30 iters, 1 per VU

running (00m04.0s), 30/30 VUs, 0 complete and 0 interrupted iterations
isolation   [   0% ] 30 VUs  00m03.8s/10m0s  00/30 iters, 1 per VU

running (00m05.0s), 30/30 VUs, 0 complete and 0 interrupted iterations
isolation   [   0% ] 30 VUs  00m04.8s/10m0s  00/30 iters, 1 per VU

running (00m06.0s), 30/30 VUs, 0 complete and 0 interrupted iterations
isolation   [   0% ] 30 VUs  00m05.8s/10m0s  00/30 iters, 1 per VU

running (00m07.0s), 30/30 VUs, 0 complete and 0 interrupted iterations
isolation   [   0% ] 30 VUs  00m06.8s/10m0s  00/30 iters, 1 per VU

running (00m08.0s), 30/30 VUs, 0 complete and 0 interrupted iterations
isolation   [   0% ] 30 VUs  00m07.8s/10m0s  00/30 iters, 1 per VU

running (00m09.0s), 30/30 VUs, 0 complete and 0 interrupted iterations
isolation   [   0% ] 30 VUs  00m08.8s/10m0s  00/30 iters, 1 per VU

running (00m10.0s), 30/30 VUs, 0 complete and 0 interrupted iterations
isolation   [   0% ] 30 VUs  00m09.8s/10m0s  00/30 iters, 1 per VU

running (00m11.0s), 30/30 VUs, 0 complete and 0 interrupted iterations
isolation   [   0% ] 30 VUs  00m10.8s/10m0s  00/30 iters, 1 per VU

running (00m12.0s), 30/30 VUs, 0 complete and 0 interrupted iterations
isolation   [   0% ] 30 VUs  00m11.8s/10m0s  00/30 iters, 1 per VU

running (00m13.0s), 30/30 VUs, 0 complete and 0 interrupted iterations
isolation   [   0% ] 30 VUs  00m12.8s/10m0s  00/30 iters, 1 per VU

running (00m14.0s), 30/30 VUs, 0 complete and 0 interrupted iterations
isolation   [   0% ] 30 VUs  00m13.8s/10m0s  00/30 iters, 1 per VU

running (00m15.0s), 30/30 VUs, 0 complete and 0 interrupted iterations
isolation   [   0% ] 30 VUs  00m14.8s/10m0s  00/30 iters, 1 per VU
time="2026-06-11T00:29:23+02:00" level=info msg="VU9 Analytics: isolation check complete (b0f3b7d4-6743-4fd3-8f7a-87b8a83b5af1, 36b7ffef-bd58-4f15-9bcb-84bbd4f6028a)" source=console
time="2026-06-11T00:29:23+02:00" level=info msg="VU27 DataExchange: isolation check complete (ac48e194-d933-4a02-b40c-f7aea3345549, 500f4d42-ffe8-46d1-8b28-3f04895f59f5)" source=console
time="2026-06-11T00:29:23+02:00" level=info msg="VU10 Advanced: isolation check complete (47a70944-ce39-4de8-9588-4ac353d7ef12, e9b2d616-e97c-49a5-b202-3c0e119ed0e2)" source=console
time="2026-06-11T00:29:23+02:00" level=info msg="VU3 DataExchange: isolation check complete (25a74556-cd61-4ff6-84d8-8e00431b09f3, 35010007-0b0e-4b14-bcd0-075913fadeaf)" source=console
time="2026-06-11T00:29:23+02:00" level=info msg="VU21 Geospatial: isolation check complete (2508e484-2a2a-4771-b91d-fbdbfa84db68, 4053ffd0-6e46-4e81-8db6-a286a2b41e70)" source=console
time="2026-06-11T00:29:23+02:00" level=info msg="VU30 ClimateAnomaly: isolation check complete (9d909fa0-c950-4774-b75b-cf7e6c826a7a, 64a60fea-3aa1-4044-981b-95a42116936a)" source=console
time="2026-06-11T00:29:23+02:00" level=info msg="VU2 Advanced: isolation check complete (16b4bbbd-6039-4b34-b617-bbc811874eb5, 65e177f5-7913-4edd-93d3-858e113f941f)" source=console
time="2026-06-11T00:29:23+02:00" level=info msg="VU25 Analytics: isolation check complete (af8538c5-13ac-46f3-a9d2-2cc61bb2c975, 29d5ecdb-9355-429d-8b4b-dbdfddd04d5b)" source=console
time="2026-06-11T00:29:23+02:00" level=info msg="VU5 Geospatial: isolation check complete (949c1259-3b4c-4f0c-a880-726b8e2514c4, b931ab68-af85-487b-91b1-2ac6765d1140)" source=console
time="2026-06-11T00:29:23+02:00" level=info msg="VU29 Geospatial: isolation check complete (e123da4f-08c2-4eb0-8050-e2f46ab44c37, 22cd792c-1e45-45a5-b950-66f004400c18)" source=console
time="2026-06-11T00:29:23+02:00" level=info msg="VU6 ClimateAnomaly: isolation check complete (c2cd662d-1fd2-4480-8372-e6b06f6b3b37, dc21fd69-3622-4c9d-8255-b9f74e61b757)" source=console
time="2026-06-11T00:29:23+02:00" level=info msg="VU11 DataExchange: isolation check complete (6f72c79e-7b3a-4203-b95f-7450440c8c4e, 08429701-c414-4b13-9c3a-1f7654e69eb9)" source=console
time="2026-06-11T00:29:23+02:00" level=info msg="VU17 Analytics: isolation check complete (108f48c0-8f6a-4c10-a6ed-ba07b9c637f2, f766c329-5b35-40a4-963b-268cc721bda7)" source=console
time="2026-06-11T00:29:23+02:00" level=info msg="VU19 DataExchange: isolation check complete (528f6bf7-3530-410f-80d8-f4de26b809be, 2fe7f355-c4e1-42b8-b61b-d901bbce051a)" source=console
time="2026-06-11T00:29:23+02:00" level=info msg="VU14 ClimateAnomaly: isolation check complete (407d5311-08da-47a9-b5a3-cafa48f5b3a6, 34534b67-130f-4310-a55b-a29e232756f7)" source=console
time="2026-06-11T00:29:23+02:00" level=info msg="VU24 Calculator: isolation check complete (6ff94295-9013-48fd-b7d9-a5f57c39bbb1, 1661ffc7-baa3-40c5-86cd-7e85489e5b4a)" source=console
time="2026-06-11T00:29:23+02:00" level=info msg="VU13 Geospatial: isolation check complete (b6990d0f-f276-4d8d-a183-658d3403e5ca, b6ea32cd-5e9b-45cb-a654-9c9c57b98edc)" source=console
time="2026-06-11T00:29:23+02:00" level=info msg="VU18 Advanced: isolation check complete (7eacdf25-3288-4a53-83d2-13345859147a, 3cef8ebf-8c66-4026-9831-5bea018048ef)" source=console
time="2026-06-11T00:29:23+02:00" level=info msg="VU8 Calculator: isolation check complete (eba5dfce-ca69-4354-acc2-3a8496a91015, ac8f833c-e2e9-4b7c-b253-80898540ec86)" source=console
time="2026-06-11T00:29:23+02:00" level=info msg="VU1 Analytics: isolation check complete (dcb96f64-5bb8-4836-8c7a-740849c13218, 24a8e8fa-651c-4e54-988e-0cc061a7c5b8)" source=console
time="2026-06-11T00:29:23+02:00" level=info msg="VU22 ClimateAnomaly: isolation check complete (7befeaf4-bc6b-4b01-8db5-6ad12d7f0920, a5075d44-51a1-46da-b743-a81990e6b9f7)" source=console
time="2026-06-11T00:29:23+02:00" level=info msg="VU16 Calculator: isolation check complete (8180da40-c7a5-411f-84f3-b8bb03876fd3, b0644f8d-24a6-48a9-b30b-200d33037057)" source=console
time="2026-06-11T00:29:23+02:00" level=info msg="VU26 Advanced: isolation check complete (2a7ec1e3-0545-4921-bcf1-d48f69914484, b2308034-33c8-4d22-8a44-909e4bf0e103)" source=console

running (00m16.0s), 07/30 VUs, 23 complete and 0 interrupted iterations
isolation   [  77% ] 30 VUs  00m15.8s/10m0s  23/30 iters, 1 per VU

running (00m17.0s), 07/30 VUs, 23 complete and 0 interrupted iterations
isolation   [  77% ] 30 VUs  00m16.8s/10m0s  23/30 iters, 1 per VU

running (00m18.0s), 07/30 VUs, 23 complete and 0 interrupted iterations
isolation   [  77% ] 30 VUs  00m17.8s/10m0s  23/30 iters, 1 per VU

running (00m19.0s), 07/30 VUs, 23 complete and 0 interrupted iterations
isolation   [  77% ] 30 VUs  00m18.8s/10m0s  23/30 iters, 1 per VU

running (00m20.0s), 07/30 VUs, 23 complete and 0 interrupted iterations
isolation   [  77% ] 30 VUs  00m19.8s/10m0s  23/30 iters, 1 per VU
time="2026-06-11T00:29:28+02:00" level=info msg="VU20 MonteCarlo: isolation check complete (b70a4cd3-4ac1-4220-98af-08e5dc7fe4c0, 5544780b-4b11-4bdd-9041-9a3ba6f713dc)" source=console
time="2026-06-11T00:29:28+02:00" level=info msg="VU12 MonteCarlo: isolation check complete (9654a187-d11d-4d12-94c7-27c1887ba1a5, 15dbda00-25c1-4509-a0c0-1f96c8d1c324)" source=console

running (00m21.0s), 05/30 VUs, 25 complete and 0 interrupted iterations
isolation   [  83% ] 30 VUs  00m20.8s/10m0s  25/30 iters, 1 per VU
time="2026-06-11T00:29:29+02:00" level=info msg="VU4 MonteCarlo: isolation check complete (6684d250-79c1-498c-b88e-33b143ff69a3, 0ec8fc2a-1827-467f-88e5-01c2e82154bc)" source=console
time="2026-06-11T00:29:29+02:00" level=info msg="VU28 MonteCarlo: isolation check complete (183f35c7-50de-4c20-8db4-997e87d5b003, cbfaa872-2366-470b-b335-ef18dd4e2251)" source=console

running (00m22.0s), 03/30 VUs, 27 complete and 0 interrupted iterations
isolation   [  90% ] 30 VUs  00m21.8s/10m0s  27/30 iters, 1 per VU

running (00m23.0s), 03/30 VUs, 27 complete and 0 interrupted iterations
isolation   [  90% ] 30 VUs  00m22.8s/10m0s  27/30 iters, 1 per VU

running (00m24.0s), 03/30 VUs, 27 complete and 0 interrupted iterations
isolation   [  90% ] 30 VUs  00m23.8s/10m0s  27/30 iters, 1 per VU

running (00m25.0s), 03/30 VUs, 27 complete and 0 interrupted iterations
isolation   [  90% ] 30 VUs  00m24.8s/10m0s  27/30 iters, 1 per VU

running (00m26.0s), 03/30 VUs, 27 complete and 0 interrupted iterations
isolation   [  90% ] 30 VUs  00m25.8s/10m0s  27/30 iters, 1 per VU

running (00m27.0s), 03/30 VUs, 27 complete and 0 interrupted iterations
isolation   [  90% ] 30 VUs  00m26.8s/10m0s  27/30 iters, 1 per VU

running (00m28.0s), 03/30 VUs, 27 complete and 0 interrupted iterations
isolation   [  90% ] 30 VUs  00m27.8s/10m0s  27/30 iters, 1 per VU

running (00m29.0s), 03/30 VUs, 27 complete and 0 interrupted iterations
isolation   [  90% ] 30 VUs  00m28.8s/10m0s  27/30 iters, 1 per VU

running (00m30.0s), 03/30 VUs, 27 complete and 0 interrupted iterations
isolation   [  90% ] 30 VUs  00m29.8s/10m0s  27/30 iters, 1 per VU

running (00m31.0s), 03/30 VUs, 27 complete and 0 interrupted iterations
isolation   [  90% ] 30 VUs  00m30.8s/10m0s  27/30 iters, 1 per VU

running (00m32.0s), 03/30 VUs, 27 complete and 0 interrupted iterations
isolation   [  90% ] 30 VUs  00m31.8s/10m0s  27/30 iters, 1 per VU

running (00m33.0s), 03/30 VUs, 27 complete and 0 interrupted iterations
isolation   [  90% ] 30 VUs  00m32.8s/10m0s  27/30 iters, 1 per VU

running (00m34.0s), 03/30 VUs, 27 complete and 0 interrupted iterations
isolation   [  90% ] 30 VUs  00m33.8s/10m0s  27/30 iters, 1 per VU

running (00m35.0s), 03/30 VUs, 27 complete and 0 interrupted iterations
isolation   [  90% ] 30 VUs  00m34.8s/10m0s  27/30 iters, 1 per VU

running (00m36.0s), 03/30 VUs, 27 complete and 0 interrupted iterations
isolation   [  90% ] 30 VUs  00m35.8s/10m0s  27/30 iters, 1 per VU

running (00m37.0s), 03/30 VUs, 27 complete and 0 interrupted iterations
isolation   [  90% ] 30 VUs  00m36.8s/10m0s  27/30 iters, 1 per VU

running (00m38.0s), 03/30 VUs, 27 complete and 0 interrupted iterations
isolation   [  90% ] 30 VUs  00m37.8s/10m0s  27/30 iters, 1 per VU

running (00m39.0s), 03/30 VUs, 27 complete and 0 interrupted iterations
isolation   [  90% ] 30 VUs  00m38.8s/10m0s  27/30 iters, 1 per VU

running (00m40.0s), 03/30 VUs, 27 complete and 0 interrupted iterations
isolation   [  90% ] 30 VUs  00m39.8s/10m0s  27/30 iters, 1 per VU

running (00m41.0s), 03/30 VUs, 27 complete and 0 interrupted iterations
isolation   [  90% ] 30 VUs  00m40.8s/10m0s  27/30 iters, 1 per VU

running (00m42.0s), 03/30 VUs, 27 complete and 0 interrupted iterations
isolation   [  90% ] 30 VUs  00m41.8s/10m0s  27/30 iters, 1 per VU

running (00m43.0s), 03/30 VUs, 27 complete and 0 interrupted iterations
isolation   [  90% ] 30 VUs  00m42.8s/10m0s  27/30 iters, 1 per VU

running (00m44.0s), 03/30 VUs, 27 complete and 0 interrupted iterations
isolation   [  90% ] 30 VUs  00m43.8s/10m0s  27/30 iters, 1 per VU

running (00m45.0s), 03/30 VUs, 27 complete and 0 interrupted iterations
isolation   [  90% ] 30 VUs  00m44.8s/10m0s  27/30 iters, 1 per VU

running (00m46.0s), 03/30 VUs, 27 complete and 0 interrupted iterations
isolation   [  90% ] 30 VUs  00m45.8s/10m0s  27/30 iters, 1 per VU

running (00m47.0s), 03/30 VUs, 27 complete and 0 interrupted iterations
isolation   [  90% ] 30 VUs  00m46.8s/10m0s  27/30 iters, 1 per VU

running (00m48.0s), 03/30 VUs, 27 complete and 0 interrupted iterations
isolation   [  90% ] 30 VUs  00m47.8s/10m0s  27/30 iters, 1 per VU

running (00m49.0s), 03/30 VUs, 27 complete and 0 interrupted iterations
isolation   [  90% ] 30 VUs  00m48.8s/10m0s  27/30 iters, 1 per VU

running (00m50.0s), 03/30 VUs, 27 complete and 0 interrupted iterations
isolation   [  90% ] 30 VUs  00m49.8s/10m0s  27/30 iters, 1 per VU

running (00m51.0s), 03/30 VUs, 27 complete and 0 interrupted iterations
isolation   [  90% ] 30 VUs  00m50.8s/10m0s  27/30 iters, 1 per VU

running (00m52.0s), 03/30 VUs, 27 complete and 0 interrupted iterations
isolation   [  90% ] 30 VUs  00m51.8s/10m0s  27/30 iters, 1 per VU

running (00m53.0s), 03/30 VUs, 27 complete and 0 interrupted iterations
isolation   [  90% ] 30 VUs  00m52.8s/10m0s  27/30 iters, 1 per VU

running (00m54.0s), 03/30 VUs, 27 complete and 0 interrupted iterations
isolation   [  90% ] 30 VUs  00m53.8s/10m0s  27/30 iters, 1 per VU

running (00m55.0s), 03/30 VUs, 27 complete and 0 interrupted iterations
isolation   [  90% ] 30 VUs  00m54.8s/10m0s  27/30 iters, 1 per VU

running (00m56.0s), 03/30 VUs, 27 complete and 0 interrupted iterations
isolation   [  90% ] 30 VUs  00m55.8s/10m0s  27/30 iters, 1 per VU

running (00m57.0s), 03/30 VUs, 27 complete and 0 interrupted iterations
isolation   [  90% ] 30 VUs  00m56.8s/10m0s  27/30 iters, 1 per VU

running (00m58.0s), 03/30 VUs, 27 complete and 0 interrupted iterations
isolation   [  90% ] 30 VUs  00m57.8s/10m0s  27/30 iters, 1 per VU

running (00m59.0s), 03/30 VUs, 27 complete and 0 interrupted iterations
isolation   [  90% ] 30 VUs  00m58.8s/10m0s  27/30 iters, 1 per VU

running (01m00.0s), 03/30 VUs, 27 complete and 0 interrupted iterations
isolation   [  90% ] 30 VUs  00m59.8s/10m0s  27/30 iters, 1 per VU

running (01m01.0s), 03/30 VUs, 27 complete and 0 interrupted iterations
isolation   [  90% ] 30 VUs  01m00.8s/10m0s  27/30 iters, 1 per VU

running (01m02.0s), 03/30 VUs, 27 complete and 0 interrupted iterations
isolation   [  90% ] 30 VUs  01m01.8s/10m0s  27/30 iters, 1 per VU

running (01m03.0s), 03/30 VUs, 27 complete and 0 interrupted iterations
isolation   [  90% ] 30 VUs  01m02.8s/10m0s  27/30 iters, 1 per VU

running (01m04.0s), 03/30 VUs, 27 complete and 0 interrupted iterations
isolation   [  90% ] 30 VUs  01m03.8s/10m0s  27/30 iters, 1 per VU

running (01m05.0s), 03/30 VUs, 27 complete and 0 interrupted iterations
isolation   [  90% ] 30 VUs  01m04.8s/10m0s  27/30 iters, 1 per VU

running (01m06.0s), 03/30 VUs, 27 complete and 0 interrupted iterations
isolation   [  90% ] 30 VUs  01m05.8s/10m0s  27/30 iters, 1 per VU

running (01m07.0s), 03/30 VUs, 27 complete and 0 interrupted iterations
isolation   [  90% ] 30 VUs  01m06.8s/10m0s  27/30 iters, 1 per VU

running (01m08.0s), 03/30 VUs, 27 complete and 0 interrupted iterations
isolation   [  90% ] 30 VUs  01m07.8s/10m0s  27/30 iters, 1 per VU

running (01m09.0s), 03/30 VUs, 27 complete and 0 interrupted iterations
isolation   [  90% ] 30 VUs  01m08.8s/10m0s  27/30 iters, 1 per VU

running (01m10.0s), 03/30 VUs, 27 complete and 0 interrupted iterations
isolation   [  90% ] 30 VUs  01m09.8s/10m0s  27/30 iters, 1 per VU

running (01m11.0s), 03/30 VUs, 27 complete and 0 interrupted iterations
isolation   [  90% ] 30 VUs  01m10.8s/10m0s  27/30 iters, 1 per VU

running (01m12.0s), 03/30 VUs, 27 complete and 0 interrupted iterations
isolation   [  90% ] 30 VUs  01m11.8s/10m0s  27/30 iters, 1 per VU

running (01m13.0s), 03/30 VUs, 27 complete and 0 interrupted iterations
isolation   [  90% ] 30 VUs  01m12.8s/10m0s  27/30 iters, 1 per VU

running (01m14.0s), 03/30 VUs, 27 complete and 0 interrupted iterations
isolation   [  90% ] 30 VUs  01m13.8s/10m0s  27/30 iters, 1 per VU

running (01m15.0s), 03/30 VUs, 27 complete and 0 interrupted iterations
isolation   [  90% ] 30 VUs  01m14.8s/10m0s  27/30 iters, 1 per VU

running (01m16.0s), 03/30 VUs, 27 complete and 0 interrupted iterations
isolation   [  90% ] 30 VUs  01m15.8s/10m0s  27/30 iters, 1 per VU

running (01m17.0s), 03/30 VUs, 27 complete and 0 interrupted iterations
isolation   [  90% ] 30 VUs  01m16.8s/10m0s  27/30 iters, 1 per VU

running (01m18.0s), 03/30 VUs, 27 complete and 0 interrupted iterations
isolation   [  90% ] 30 VUs  01m17.8s/10m0s  27/30 iters, 1 per VU

running (01m19.0s), 03/30 VUs, 27 complete and 0 interrupted iterations
isolation   [  90% ] 30 VUs  01m18.8s/10m0s  27/30 iters, 1 per VU

running (01m20.0s), 03/30 VUs, 27 complete and 0 interrupted iterations
isolation   [  90% ] 30 VUs  01m19.8s/10m0s  27/30 iters, 1 per VU

running (01m21.0s), 03/30 VUs, 27 complete and 0 interrupted iterations
isolation   [  90% ] 30 VUs  01m20.8s/10m0s  27/30 iters, 1 per VU

running (01m22.0s), 03/30 VUs, 27 complete and 0 interrupted iterations
isolation   [  90% ] 30 VUs  01m21.8s/10m0s  27/30 iters, 1 per VU

running (01m23.0s), 03/30 VUs, 27 complete and 0 interrupted iterations
isolation   [  90% ] 30 VUs  01m22.8s/10m0s  27/30 iters, 1 per VU

running (01m24.0s), 03/30 VUs, 27 complete and 0 interrupted iterations
isolation   [  90% ] 30 VUs  01m23.8s/10m0s  27/30 iters, 1 per VU

running (01m25.0s), 03/30 VUs, 27 complete and 0 interrupted iterations
isolation   [  90% ] 30 VUs  01m24.8s/10m0s  27/30 iters, 1 per VU

running (01m26.0s), 03/30 VUs, 27 complete and 0 interrupted iterations
isolation   [  90% ] 30 VUs  01m25.8s/10m0s  27/30 iters, 1 per VU

running (01m27.0s), 03/30 VUs, 27 complete and 0 interrupted iterations
isolation   [  90% ] 30 VUs  01m26.8s/10m0s  27/30 iters, 1 per VU

running (01m28.0s), 03/30 VUs, 27 complete and 0 interrupted iterations
isolation   [  90% ] 30 VUs  01m27.8s/10m0s  27/30 iters, 1 per VU

running (01m29.0s), 03/30 VUs, 27 complete and 0 interrupted iterations
isolation   [  90% ] 30 VUs  01m28.8s/10m0s  27/30 iters, 1 per VU

running (01m30.0s), 03/30 VUs, 27 complete and 0 interrupted iterations
isolation   [  90% ] 30 VUs  01m29.8s/10m0s  27/30 iters, 1 per VU

running (01m31.0s), 03/30 VUs, 27 complete and 0 interrupted iterations
isolation   [  90% ] 30 VUs  01m30.8s/10m0s  27/30 iters, 1 per VU

running (01m32.0s), 03/30 VUs, 27 complete and 0 interrupted iterations
isolation   [  90% ] 30 VUs  01m31.8s/10m0s  27/30 iters, 1 per VU

running (01m33.0s), 03/30 VUs, 27 complete and 0 interrupted iterations
isolation   [  90% ] 30 VUs  01m32.8s/10m0s  27/30 iters, 1 per VU

running (01m34.0s), 03/30 VUs, 27 complete and 0 interrupted iterations
isolation   [  90% ] 30 VUs  01m33.8s/10m0s  27/30 iters, 1 per VU

running (01m35.0s), 03/30 VUs, 27 complete and 0 interrupted iterations
isolation   [  90% ] 30 VUs  01m34.8s/10m0s  27/30 iters, 1 per VU

running (01m36.0s), 03/30 VUs, 27 complete and 0 interrupted iterations
isolation   [  90% ] 30 VUs  01m35.8s/10m0s  27/30 iters, 1 per VU

running (01m37.0s), 03/30 VUs, 27 complete and 0 interrupted iterations
isolation   [  90% ] 30 VUs  01m36.8s/10m0s  27/30 iters, 1 per VU

running (01m38.0s), 03/30 VUs, 27 complete and 0 interrupted iterations
isolation   [  90% ] 30 VUs  01m37.8s/10m0s  27/30 iters, 1 per VU

running (01m39.0s), 03/30 VUs, 27 complete and 0 interrupted iterations
isolation   [  90% ] 30 VUs  01m38.8s/10m0s  27/30 iters, 1 per VU

running (01m40.0s), 03/30 VUs, 27 complete and 0 interrupted iterations
isolation   [  90% ] 30 VUs  01m39.8s/10m0s  27/30 iters, 1 per VU

running (01m41.0s), 03/30 VUs, 27 complete and 0 interrupted iterations
isolation   [  90% ] 30 VUs  01m40.8s/10m0s  27/30 iters, 1 per VU

running (01m42.0s), 03/30 VUs, 27 complete and 0 interrupted iterations
isolation   [  90% ] 30 VUs  01m41.8s/10m0s  27/30 iters, 1 per VU

running (01m43.0s), 03/30 VUs, 27 complete and 0 interrupted iterations
isolation   [  90% ] 30 VUs  01m42.8s/10m0s  27/30 iters, 1 per VU

running (01m44.0s), 03/30 VUs, 27 complete and 0 interrupted iterations
isolation   [  90% ] 30 VUs  01m43.8s/10m0s  27/30 iters, 1 per VU

running (01m45.0s), 03/30 VUs, 27 complete and 0 interrupted iterations
isolation   [  90% ] 30 VUs  01m44.8s/10m0s  27/30 iters, 1 per VU

running (01m46.0s), 03/30 VUs, 27 complete and 0 interrupted iterations
isolation   [  90% ] 30 VUs  01m45.8s/10m0s  27/30 iters, 1 per VU

running (01m47.0s), 03/30 VUs, 27 complete and 0 interrupted iterations
isolation   [  90% ] 30 VUs  01m46.8s/10m0s  27/30 iters, 1 per VU

running (01m48.0s), 03/30 VUs, 27 complete and 0 interrupted iterations
isolation   [  90% ] 30 VUs  01m47.8s/10m0s  27/30 iters, 1 per VU

running (01m49.0s), 03/30 VUs, 27 complete and 0 interrupted iterations
isolation   [  90% ] 30 VUs  01m48.8s/10m0s  27/30 iters, 1 per VU

running (01m50.0s), 03/30 VUs, 27 complete and 0 interrupted iterations
isolation   [  90% ] 30 VUs  01m49.8s/10m0s  27/30 iters, 1 per VU

running (01m51.0s), 03/30 VUs, 27 complete and 0 interrupted iterations
isolation   [  90% ] 30 VUs  01m50.8s/10m0s  27/30 iters, 1 per VU

running (01m52.0s), 03/30 VUs, 27 complete and 0 interrupted iterations
isolation   [  90% ] 30 VUs  01m51.8s/10m0s  27/30 iters, 1 per VU

running (01m53.0s), 03/30 VUs, 27 complete and 0 interrupted iterations
isolation   [  90% ] 30 VUs  01m52.8s/10m0s  27/30 iters, 1 per VU

running (01m54.0s), 03/30 VUs, 27 complete and 0 interrupted iterations
isolation   [  90% ] 30 VUs  01m53.8s/10m0s  27/30 iters, 1 per VU

running (01m55.0s), 03/30 VUs, 27 complete and 0 interrupted iterations
isolation   [  90% ] 30 VUs  01m54.8s/10m0s  27/30 iters, 1 per VU

running (01m56.0s), 03/30 VUs, 27 complete and 0 interrupted iterations
isolation   [  90% ] 30 VUs  01m55.8s/10m0s  27/30 iters, 1 per VU

running (01m57.0s), 03/30 VUs, 27 complete and 0 interrupted iterations
isolation   [  90% ] 30 VUs  01m56.8s/10m0s  27/30 iters, 1 per VU

running (01m58.0s), 03/30 VUs, 27 complete and 0 interrupted iterations
isolation   [  90% ] 30 VUs  01m57.8s/10m0s  27/30 iters, 1 per VU

running (01m59.0s), 03/30 VUs, 27 complete and 0 interrupted iterations
isolation   [  90% ] 30 VUs  01m58.8s/10m0s  27/30 iters, 1 per VU

running (02m00.0s), 03/30 VUs, 27 complete and 0 interrupted iterations
isolation   [  90% ] 30 VUs  01m59.8s/10m0s  27/30 iters, 1 per VU

running (02m01.0s), 03/30 VUs, 27 complete and 0 interrupted iterations
isolation   [  90% ] 30 VUs  02m00.8s/10m0s  27/30 iters, 1 per VU

running (02m02.0s), 03/30 VUs, 27 complete and 0 interrupted iterations
isolation   [  90% ] 30 VUs  02m01.8s/10m0s  27/30 iters, 1 per VU

running (02m03.0s), 03/30 VUs, 27 complete and 0 interrupted iterations
isolation   [  90% ] 30 VUs  02m02.8s/10m0s  27/30 iters, 1 per VU

running (02m04.0s), 03/30 VUs, 27 complete and 0 interrupted iterations
isolation   [  90% ] 30 VUs  02m03.8s/10m0s  27/30 iters, 1 per VU

running (02m05.0s), 03/30 VUs, 27 complete and 0 interrupted iterations
isolation   [  90% ] 30 VUs  02m04.8s/10m0s  27/30 iters, 1 per VU

running (02m06.0s), 03/30 VUs, 27 complete and 0 interrupted iterations
isolation   [  90% ] 30 VUs  02m05.8s/10m0s  27/30 iters, 1 per VU

running (02m07.0s), 03/30 VUs, 27 complete and 0 interrupted iterations
isolation   [  90% ] 30 VUs  02m06.8s/10m0s  27/30 iters, 1 per VU

running (02m08.0s), 03/30 VUs, 27 complete and 0 interrupted iterations
isolation   [  90% ] 30 VUs  02m07.8s/10m0s  27/30 iters, 1 per VU

running (02m09.0s), 03/30 VUs, 27 complete and 0 interrupted iterations
isolation   [  90% ] 30 VUs  02m08.8s/10m0s  27/30 iters, 1 per VU

running (02m10.0s), 03/30 VUs, 27 complete and 0 interrupted iterations
isolation   [  90% ] 30 VUs  02m09.8s/10m0s  27/30 iters, 1 per VU

running (02m11.0s), 03/30 VUs, 27 complete and 0 interrupted iterations
isolation   [  90% ] 30 VUs  02m10.8s/10m0s  27/30 iters, 1 per VU

running (02m12.0s), 03/30 VUs, 27 complete and 0 interrupted iterations
isolation   [  90% ] 30 VUs  02m11.8s/10m0s  27/30 iters, 1 per VU

running (02m13.0s), 03/30 VUs, 27 complete and 0 interrupted iterations
isolation   [  90% ] 30 VUs  02m12.8s/10m0s  27/30 iters, 1 per VU

running (02m14.0s), 03/30 VUs, 27 complete and 0 interrupted iterations
isolation   [  90% ] 30 VUs  02m13.8s/10m0s  27/30 iters, 1 per VU

running (02m15.0s), 03/30 VUs, 27 complete and 0 interrupted iterations
isolation   [  90% ] 30 VUs  02m14.8s/10m0s  27/30 iters, 1 per VU

running (02m16.0s), 03/30 VUs, 27 complete and 0 interrupted iterations
isolation   [  90% ] 30 VUs  02m15.8s/10m0s  27/30 iters, 1 per VU

running (02m17.0s), 03/30 VUs, 27 complete and 0 interrupted iterations
isolation   [  90% ] 30 VUs  02m16.8s/10m0s  27/30 iters, 1 per VU

running (02m18.0s), 03/30 VUs, 27 complete and 0 interrupted iterations
isolation   [  90% ] 30 VUs  02m17.8s/10m0s  27/30 iters, 1 per VU

running (02m19.0s), 03/30 VUs, 27 complete and 0 interrupted iterations
isolation   [  90% ] 30 VUs  02m18.8s/10m0s  27/30 iters, 1 per VU

running (02m20.0s), 03/30 VUs, 27 complete and 0 interrupted iterations
isolation   [  90% ] 30 VUs  02m19.8s/10m0s  27/30 iters, 1 per VU

running (02m21.0s), 03/30 VUs, 27 complete and 0 interrupted iterations
isolation   [  90% ] 30 VUs  02m20.8s/10m0s  27/30 iters, 1 per VU

running (02m22.0s), 03/30 VUs, 27 complete and 0 interrupted iterations
isolation   [  90% ] 30 VUs  02m21.8s/10m0s  27/30 iters, 1 per VU

running (02m23.0s), 03/30 VUs, 27 complete and 0 interrupted iterations
isolation   [  90% ] 30 VUs  02m22.8s/10m0s  27/30 iters, 1 per VU

running (02m24.0s), 03/30 VUs, 27 complete and 0 interrupted iterations
isolation   [  90% ] 30 VUs  02m23.8s/10m0s  27/30 iters, 1 per VU

running (02m25.0s), 03/30 VUs, 27 complete and 0 interrupted iterations
isolation   [  90% ] 30 VUs  02m24.8s/10m0s  27/30 iters, 1 per VU

running (02m26.0s), 03/30 VUs, 27 complete and 0 interrupted iterations
isolation   [  90% ] 30 VUs  02m25.8s/10m0s  27/30 iters, 1 per VU

running (02m27.0s), 03/30 VUs, 27 complete and 0 interrupted iterations
isolation   [  90% ] 30 VUs  02m26.8s/10m0s  27/30 iters, 1 per VU

running (02m28.0s), 03/30 VUs, 27 complete and 0 interrupted iterations
isolation   [  90% ] 30 VUs  02m27.8s/10m0s  27/30 iters, 1 per VU

running (02m29.0s), 03/30 VUs, 27 complete and 0 interrupted iterations
isolation   [  90% ] 30 VUs  02m28.8s/10m0s  27/30 iters, 1 per VU

running (02m30.0s), 03/30 VUs, 27 complete and 0 interrupted iterations
isolation   [  90% ] 30 VUs  02m29.8s/10m0s  27/30 iters, 1 per VU

running (02m31.0s), 03/30 VUs, 27 complete and 0 interrupted iterations
isolation   [  90% ] 30 VUs  02m30.8s/10m0s  27/30 iters, 1 per VU

running (02m32.0s), 03/30 VUs, 27 complete and 0 interrupted iterations
isolation   [  90% ] 30 VUs  02m31.8s/10m0s  27/30 iters, 1 per VU

running (02m33.0s), 03/30 VUs, 27 complete and 0 interrupted iterations
isolation   [  90% ] 30 VUs  02m32.8s/10m0s  27/30 iters, 1 per VU

running (02m34.0s), 03/30 VUs, 27 complete and 0 interrupted iterations
isolation   [  90% ] 30 VUs  02m33.8s/10m0s  27/30 iters, 1 per VU

running (02m35.0s), 03/30 VUs, 27 complete and 0 interrupted iterations
isolation   [  90% ] 30 VUs  02m34.8s/10m0s  27/30 iters, 1 per VU

running (02m36.0s), 03/30 VUs, 27 complete and 0 interrupted iterations
isolation   [  90% ] 30 VUs  02m35.8s/10m0s  27/30 iters, 1 per VU

running (02m37.0s), 03/30 VUs, 27 complete and 0 interrupted iterations
isolation   [  90% ] 30 VUs  02m36.8s/10m0s  27/30 iters, 1 per VU

running (02m38.0s), 03/30 VUs, 27 complete and 0 interrupted iterations
isolation   [  90% ] 30 VUs  02m37.8s/10m0s  27/30 iters, 1 per VU

running (02m39.0s), 03/30 VUs, 27 complete and 0 interrupted iterations
isolation   [  90% ] 30 VUs  02m38.8s/10m0s  27/30 iters, 1 per VU

running (02m40.0s), 03/30 VUs, 27 complete and 0 interrupted iterations
isolation   [  90% ] 30 VUs  02m39.8s/10m0s  27/30 iters, 1 per VU

running (02m41.0s), 03/30 VUs, 27 complete and 0 interrupted iterations
isolation   [  90% ] 30 VUs  02m40.8s/10m0s  27/30 iters, 1 per VU

running (02m42.0s), 03/30 VUs, 27 complete and 0 interrupted iterations
isolation   [  90% ] 30 VUs  02m41.8s/10m0s  27/30 iters, 1 per VU

running (02m43.0s), 03/30 VUs, 27 complete and 0 interrupted iterations
isolation   [  90% ] 30 VUs  02m42.8s/10m0s  27/30 iters, 1 per VU

running (02m44.0s), 03/30 VUs, 27 complete and 0 interrupted iterations
isolation   [  90% ] 30 VUs  02m43.8s/10m0s  27/30 iters, 1 per VU

running (02m45.0s), 03/30 VUs, 27 complete and 0 interrupted iterations
isolation   [  90% ] 30 VUs  02m44.8s/10m0s  27/30 iters, 1 per VU

running (02m46.0s), 03/30 VUs, 27 complete and 0 interrupted iterations
isolation   [  90% ] 30 VUs  02m45.8s/10m0s  27/30 iters, 1 per VU

running (02m47.0s), 03/30 VUs, 27 complete and 0 interrupted iterations
isolation   [  90% ] 30 VUs  02m46.8s/10m0s  27/30 iters, 1 per VU

running (02m48.0s), 03/30 VUs, 27 complete and 0 interrupted iterations
isolation   [  90% ] 30 VUs  02m47.8s/10m0s  27/30 iters, 1 per VU

running (02m49.0s), 03/30 VUs, 27 complete and 0 interrupted iterations
isolation   [  90% ] 30 VUs  02m48.8s/10m0s  27/30 iters, 1 per VU

running (02m50.0s), 03/30 VUs, 27 complete and 0 interrupted iterations
isolation   [  90% ] 30 VUs  02m49.8s/10m0s  27/30 iters, 1 per VU

running (02m51.0s), 03/30 VUs, 27 complete and 0 interrupted iterations
isolation   [  90% ] 30 VUs  02m50.8s/10m0s  27/30 iters, 1 per VU

running (02m52.0s), 03/30 VUs, 27 complete and 0 interrupted iterations
isolation   [  90% ] 30 VUs  02m51.8s/10m0s  27/30 iters, 1 per VU

running (02m53.0s), 03/30 VUs, 27 complete and 0 interrupted iterations
isolation   [  90% ] 30 VUs  02m52.8s/10m0s  27/30 iters, 1 per VU

running (02m54.0s), 03/30 VUs, 27 complete and 0 interrupted iterations
isolation   [  90% ] 30 VUs  02m53.8s/10m0s  27/30 iters, 1 per VU

running (02m55.0s), 03/30 VUs, 27 complete and 0 interrupted iterations
isolation   [  90% ] 30 VUs  02m54.8s/10m0s  27/30 iters, 1 per VU

running (02m56.0s), 03/30 VUs, 27 complete and 0 interrupted iterations
isolation   [  90% ] 30 VUs  02m55.8s/10m0s  27/30 iters, 1 per VU

running (02m57.0s), 03/30 VUs, 27 complete and 0 interrupted iterations
isolation   [  90% ] 30 VUs  02m56.8s/10m0s  27/30 iters, 1 per VU

running (02m58.0s), 03/30 VUs, 27 complete and 0 interrupted iterations
isolation   [  90% ] 30 VUs  02m57.8s/10m0s  27/30 iters, 1 per VU

running (02m59.0s), 03/30 VUs, 27 complete and 0 interrupted iterations
isolation   [  90% ] 30 VUs  02m58.8s/10m0s  27/30 iters, 1 per VU

running (03m00.0s), 03/30 VUs, 27 complete and 0 interrupted iterations
isolation   [  90% ] 30 VUs  02m59.8s/10m0s  27/30 iters, 1 per VU

running (03m01.0s), 03/30 VUs, 27 complete and 0 interrupted iterations
isolation   [  90% ] 30 VUs  03m00.8s/10m0s  27/30 iters, 1 per VU

running (03m02.0s), 03/30 VUs, 27 complete and 0 interrupted iterations
isolation   [  90% ] 30 VUs  03m01.8s/10m0s  27/30 iters, 1 per VU

running (03m03.0s), 03/30 VUs, 27 complete and 0 interrupted iterations
isolation   [  90% ] 30 VUs  03m02.8s/10m0s  27/30 iters, 1 per VU

running (03m04.0s), 03/30 VUs, 27 complete and 0 interrupted iterations
isolation   [  90% ] 30 VUs  03m03.8s/10m0s  27/30 iters, 1 per VU

running (03m05.0s), 03/30 VUs, 27 complete and 0 interrupted iterations
isolation   [  90% ] 30 VUs  03m04.8s/10m0s  27/30 iters, 1 per VU

running (03m06.0s), 03/30 VUs, 27 complete and 0 interrupted iterations
isolation   [  90% ] 30 VUs  03m05.8s/10m0s  27/30 iters, 1 per VU

running (03m07.0s), 03/30 VUs, 27 complete and 0 interrupted iterations
isolation   [  90% ] 30 VUs  03m06.8s/10m0s  27/30 iters, 1 per VU

running (03m08.0s), 03/30 VUs, 27 complete and 0 interrupted iterations
isolation   [  90% ] 30 VUs  03m07.8s/10m0s  27/30 iters, 1 per VU

running (03m09.0s), 03/30 VUs, 27 complete and 0 interrupted iterations
isolation   [  90% ] 30 VUs  03m08.8s/10m0s  27/30 iters, 1 per VU

running (03m10.0s), 03/30 VUs, 27 complete and 0 interrupted iterations
isolation   [  90% ] 30 VUs  03m09.8s/10m0s  27/30 iters, 1 per VU

running (03m11.0s), 03/30 VUs, 27 complete and 0 interrupted iterations
isolation   [  90% ] 30 VUs  03m10.8s/10m0s  27/30 iters, 1 per VU

running (03m12.0s), 03/30 VUs, 27 complete and 0 interrupted iterations
isolation   [  90% ] 30 VUs  03m11.8s/10m0s  27/30 iters, 1 per VU

running (03m13.0s), 03/30 VUs, 27 complete and 0 interrupted iterations
isolation   [  90% ] 30 VUs  03m12.8s/10m0s  27/30 iters, 1 per VU

running (03m14.0s), 03/30 VUs, 27 complete and 0 interrupted iterations
isolation   [  90% ] 30 VUs  03m13.8s/10m0s  27/30 iters, 1 per VU

running (03m15.0s), 03/30 VUs, 27 complete and 0 interrupted iterations
isolation   [  90% ] 30 VUs  03m14.8s/10m0s  27/30 iters, 1 per VU

running (03m16.0s), 03/30 VUs, 27 complete and 0 interrupted iterations
isolation   [  90% ] 30 VUs  03m15.8s/10m0s  27/30 iters, 1 per VU

running (03m17.0s), 03/30 VUs, 27 complete and 0 interrupted iterations
isolation   [  90% ] 30 VUs  03m16.8s/10m0s  27/30 iters, 1 per VU

running (03m18.0s), 03/30 VUs, 27 complete and 0 interrupted iterations
isolation   [  90% ] 30 VUs  03m17.8s/10m0s  27/30 iters, 1 per VU

running (03m19.0s), 03/30 VUs, 27 complete and 0 interrupted iterations
isolation   [  90% ] 30 VUs  03m18.8s/10m0s  27/30 iters, 1 per VU

running (03m20.0s), 03/30 VUs, 27 complete and 0 interrupted iterations
isolation   [  90% ] 30 VUs  03m19.8s/10m0s  27/30 iters, 1 per VU

running (03m21.0s), 03/30 VUs, 27 complete and 0 interrupted iterations
isolation   [  90% ] 30 VUs  03m20.8s/10m0s  27/30 iters, 1 per VU

running (03m22.0s), 03/30 VUs, 27 complete and 0 interrupted iterations
isolation   [  90% ] 30 VUs  03m21.8s/10m0s  27/30 iters, 1 per VU

running (03m23.0s), 03/30 VUs, 27 complete and 0 interrupted iterations
isolation   [  90% ] 30 VUs  03m22.8s/10m0s  27/30 iters, 1 per VU

running (03m24.0s), 03/30 VUs, 27 complete and 0 interrupted iterations
isolation   [  90% ] 30 VUs  03m23.8s/10m0s  27/30 iters, 1 per VU

running (03m25.0s), 03/30 VUs, 27 complete and 0 interrupted iterations
isolation   [  90% ] 30 VUs  03m24.8s/10m0s  27/30 iters, 1 per VU

running (03m26.0s), 03/30 VUs, 27 complete and 0 interrupted iterations
isolation   [  90% ] 30 VUs  03m25.8s/10m0s  27/30 iters, 1 per VU

running (03m27.0s), 03/30 VUs, 27 complete and 0 interrupted iterations
isolation   [  90% ] 30 VUs  03m26.8s/10m0s  27/30 iters, 1 per VU

running (03m28.0s), 03/30 VUs, 27 complete and 0 interrupted iterations
isolation   [  90% ] 30 VUs  03m27.8s/10m0s  27/30 iters, 1 per VU

running (03m29.0s), 03/30 VUs, 27 complete and 0 interrupted iterations
isolation   [  90% ] 30 VUs  03m28.8s/10m0s  27/30 iters, 1 per VU

running (03m30.0s), 03/30 VUs, 27 complete and 0 interrupted iterations
isolation   [  90% ] 30 VUs  03m29.8s/10m0s  27/30 iters, 1 per VU

running (03m31.0s), 03/30 VUs, 27 complete and 0 interrupted iterations
isolation   [  90% ] 30 VUs  03m30.8s/10m0s  27/30 iters, 1 per VU

running (03m32.0s), 03/30 VUs, 27 complete and 0 interrupted iterations
isolation   [  90% ] 30 VUs  03m31.8s/10m0s  27/30 iters, 1 per VU

running (03m33.0s), 03/30 VUs, 27 complete and 0 interrupted iterations
isolation   [  90% ] 30 VUs  03m32.8s/10m0s  27/30 iters, 1 per VU

running (03m34.0s), 03/30 VUs, 27 complete and 0 interrupted iterations
isolation   [  90% ] 30 VUs  03m33.8s/10m0s  27/30 iters, 1 per VU

running (03m35.0s), 03/30 VUs, 27 complete and 0 interrupted iterations
isolation   [  90% ] 30 VUs  03m34.8s/10m0s  27/30 iters, 1 per VU

running (03m36.0s), 03/30 VUs, 27 complete and 0 interrupted iterations
isolation   [  90% ] 30 VUs  03m35.8s/10m0s  27/30 iters, 1 per VU

running (03m37.0s), 03/30 VUs, 27 complete and 0 interrupted iterations
isolation   [  90% ] 30 VUs  03m36.8s/10m0s  27/30 iters, 1 per VU

running (03m38.0s), 03/30 VUs, 27 complete and 0 interrupted iterations
isolation   [  90% ] 30 VUs  03m37.8s/10m0s  27/30 iters, 1 per VU

running (03m39.0s), 03/30 VUs, 27 complete and 0 interrupted iterations
isolation   [  90% ] 30 VUs  03m38.8s/10m0s  27/30 iters, 1 per VU

running (03m40.0s), 03/30 VUs, 27 complete and 0 interrupted iterations
isolation   [  90% ] 30 VUs  03m39.8s/10m0s  27/30 iters, 1 per VU

running (03m41.0s), 03/30 VUs, 27 complete and 0 interrupted iterations
isolation   [  90% ] 30 VUs  03m40.8s/10m0s  27/30 iters, 1 per VU

running (03m42.0s), 03/30 VUs, 27 complete and 0 interrupted iterations
isolation   [  90% ] 30 VUs  03m41.8s/10m0s  27/30 iters, 1 per VU

running (03m43.0s), 03/30 VUs, 27 complete and 0 interrupted iterations
isolation   [  90% ] 30 VUs  03m42.8s/10m0s  27/30 iters, 1 per VU

running (03m44.0s), 03/30 VUs, 27 complete and 0 interrupted iterations
isolation   [  90% ] 30 VUs  03m43.8s/10m0s  27/30 iters, 1 per VU

running (03m45.0s), 03/30 VUs, 27 complete and 0 interrupted iterations
isolation   [  90% ] 30 VUs  03m44.8s/10m0s  27/30 iters, 1 per VU

running (03m46.0s), 03/30 VUs, 27 complete and 0 interrupted iterations
isolation   [  90% ] 30 VUs  03m45.8s/10m0s  27/30 iters, 1 per VU

running (03m47.0s), 03/30 VUs, 27 complete and 0 interrupted iterations
isolation   [  90% ] 30 VUs  03m46.8s/10m0s  27/30 iters, 1 per VU

running (03m48.0s), 03/30 VUs, 27 complete and 0 interrupted iterations
isolation   [  90% ] 30 VUs  03m47.8s/10m0s  27/30 iters, 1 per VU

running (03m49.0s), 03/30 VUs, 27 complete and 0 interrupted iterations
isolation   [  90% ] 30 VUs  03m48.8s/10m0s  27/30 iters, 1 per VU

running (03m50.0s), 03/30 VUs, 27 complete and 0 interrupted iterations
isolation   [  90% ] 30 VUs  03m49.8s/10m0s  27/30 iters, 1 per VU

running (03m51.0s), 03/30 VUs, 27 complete and 0 interrupted iterations
isolation   [  90% ] 30 VUs  03m50.8s/10m0s  27/30 iters, 1 per VU

running (03m52.0s), 03/30 VUs, 27 complete and 0 interrupted iterations
isolation   [  90% ] 30 VUs  03m51.8s/10m0s  27/30 iters, 1 per VU

running (03m53.0s), 03/30 VUs, 27 complete and 0 interrupted iterations
isolation   [  90% ] 30 VUs  03m52.8s/10m0s  27/30 iters, 1 per VU

running (03m54.0s), 03/30 VUs, 27 complete and 0 interrupted iterations
isolation   [  90% ] 30 VUs  03m53.8s/10m0s  27/30 iters, 1 per VU

running (03m55.0s), 03/30 VUs, 27 complete and 0 interrupted iterations
isolation   [  90% ] 30 VUs  03m54.8s/10m0s  27/30 iters, 1 per VU

running (03m56.0s), 03/30 VUs, 27 complete and 0 interrupted iterations
isolation   [  90% ] 30 VUs  03m55.8s/10m0s  27/30 iters, 1 per VU

running (03m57.0s), 03/30 VUs, 27 complete and 0 interrupted iterations
isolation   [  90% ] 30 VUs  03m56.8s/10m0s  27/30 iters, 1 per VU

running (03m58.0s), 03/30 VUs, 27 complete and 0 interrupted iterations
isolation   [  90% ] 30 VUs  03m57.8s/10m0s  27/30 iters, 1 per VU

running (03m59.0s), 03/30 VUs, 27 complete and 0 interrupted iterations
isolation   [  90% ] 30 VUs  03m58.8s/10m0s  27/30 iters, 1 per VU

running (04m00.0s), 03/30 VUs, 27 complete and 0 interrupted iterations
isolation   [  90% ] 30 VUs  03m59.8s/10m0s  27/30 iters, 1 per VU

running (04m01.0s), 03/30 VUs, 27 complete and 0 interrupted iterations
isolation   [  90% ] 30 VUs  04m00.8s/10m0s  27/30 iters, 1 per VU

running (04m02.0s), 03/30 VUs, 27 complete and 0 interrupted iterations
isolation   [  90% ] 30 VUs  04m01.8s/10m0s  27/30 iters, 1 per VU

running (04m03.0s), 03/30 VUs, 27 complete and 0 interrupted iterations
isolation   [  90% ] 30 VUs  04m02.8s/10m0s  27/30 iters, 1 per VU

running (04m04.0s), 03/30 VUs, 27 complete and 0 interrupted iterations
isolation   [  90% ] 30 VUs  04m03.8s/10m0s  27/30 iters, 1 per VU

running (04m05.0s), 03/30 VUs, 27 complete and 0 interrupted iterations
isolation   [  90% ] 30 VUs  04m04.8s/10m0s  27/30 iters, 1 per VU

running (04m06.0s), 03/30 VUs, 27 complete and 0 interrupted iterations
isolation   [  90% ] 30 VUs  04m05.8s/10m0s  27/30 iters, 1 per VU

running (04m07.0s), 03/30 VUs, 27 complete and 0 interrupted iterations
isolation   [  90% ] 30 VUs  04m06.8s/10m0s  27/30 iters, 1 per VU

running (04m08.0s), 03/30 VUs, 27 complete and 0 interrupted iterations
isolation   [  90% ] 30 VUs  04m07.8s/10m0s  27/30 iters, 1 per VU

running (04m09.0s), 03/30 VUs, 27 complete and 0 interrupted iterations
isolation   [  90% ] 30 VUs  04m08.8s/10m0s  27/30 iters, 1 per VU

running (04m10.0s), 03/30 VUs, 27 complete and 0 interrupted iterations
isolation   [  90% ] 30 VUs  04m09.8s/10m0s  27/30 iters, 1 per VU

running (04m11.0s), 03/30 VUs, 27 complete and 0 interrupted iterations
isolation   [  90% ] 30 VUs  04m10.8s/10m0s  27/30 iters, 1 per VU

running (04m12.0s), 03/30 VUs, 27 complete and 0 interrupted iterations
isolation   [  90% ] 30 VUs  04m11.8s/10m0s  27/30 iters, 1 per VU

running (04m13.0s), 03/30 VUs, 27 complete and 0 interrupted iterations
isolation   [  90% ] 30 VUs  04m12.8s/10m0s  27/30 iters, 1 per VU

running (04m14.0s), 03/30 VUs, 27 complete and 0 interrupted iterations
isolation   [  90% ] 30 VUs  04m13.8s/10m0s  27/30 iters, 1 per VU

running (04m15.0s), 03/30 VUs, 27 complete and 0 interrupted iterations
isolation   [  90% ] 30 VUs  04m14.8s/10m0s  27/30 iters, 1 per VU

running (04m16.0s), 03/30 VUs, 27 complete and 0 interrupted iterations
isolation   [  90% ] 30 VUs  04m15.8s/10m0s  27/30 iters, 1 per VU

running (04m17.0s), 03/30 VUs, 27 complete and 0 interrupted iterations
isolation   [  90% ] 30 VUs  04m16.8s/10m0s  27/30 iters, 1 per VU

running (04m18.0s), 03/30 VUs, 27 complete and 0 interrupted iterations
isolation   [  90% ] 30 VUs  04m17.8s/10m0s  27/30 iters, 1 per VU

running (04m19.0s), 03/30 VUs, 27 complete and 0 interrupted iterations
isolation   [  90% ] 30 VUs  04m18.8s/10m0s  27/30 iters, 1 per VU

running (04m20.0s), 03/30 VUs, 27 complete and 0 interrupted iterations
isolation   [  90% ] 30 VUs  04m19.8s/10m0s  27/30 iters, 1 per VU

running (04m21.0s), 03/30 VUs, 27 complete and 0 interrupted iterations
isolation   [  90% ] 30 VUs  04m20.8s/10m0s  27/30 iters, 1 per VU

running (04m22.0s), 03/30 VUs, 27 complete and 0 interrupted iterations
isolation   [  90% ] 30 VUs  04m21.8s/10m0s  27/30 iters, 1 per VU

running (04m23.0s), 03/30 VUs, 27 complete and 0 interrupted iterations
isolation   [  90% ] 30 VUs  04m22.8s/10m0s  27/30 iters, 1 per VU

running (04m24.0s), 03/30 VUs, 27 complete and 0 interrupted iterations
isolation   [  90% ] 30 VUs  04m23.8s/10m0s  27/30 iters, 1 per VU

running (04m25.0s), 03/30 VUs, 27 complete and 0 interrupted iterations
isolation   [  90% ] 30 VUs  04m24.8s/10m0s  27/30 iters, 1 per VU

running (04m26.0s), 03/30 VUs, 27 complete and 0 interrupted iterations
isolation   [  90% ] 30 VUs  04m25.8s/10m0s  27/30 iters, 1 per VU

running (04m27.0s), 03/30 VUs, 27 complete and 0 interrupted iterations
isolation   [  90% ] 30 VUs  04m26.8s/10m0s  27/30 iters, 1 per VU

running (04m28.0s), 03/30 VUs, 27 complete and 0 interrupted iterations
isolation   [  90% ] 30 VUs  04m27.8s/10m0s  27/30 iters, 1 per VU

running (04m29.0s), 03/30 VUs, 27 complete and 0 interrupted iterations
isolation   [  90% ] 30 VUs  04m28.8s/10m0s  27/30 iters, 1 per VU

running (04m30.0s), 03/30 VUs, 27 complete and 0 interrupted iterations
isolation   [  90% ] 30 VUs  04m29.8s/10m0s  27/30 iters, 1 per VU

running (04m31.0s), 03/30 VUs, 27 complete and 0 interrupted iterations
isolation   [  90% ] 30 VUs  04m30.8s/10m0s  27/30 iters, 1 per VU

running (04m32.0s), 03/30 VUs, 27 complete and 0 interrupted iterations
isolation   [  90% ] 30 VUs  04m31.8s/10m0s  27/30 iters, 1 per VU

running (04m33.0s), 03/30 VUs, 27 complete and 0 interrupted iterations
isolation   [  90% ] 30 VUs  04m32.8s/10m0s  27/30 iters, 1 per VU

running (04m34.0s), 03/30 VUs, 27 complete and 0 interrupted iterations
isolation   [  90% ] 30 VUs  04m33.8s/10m0s  27/30 iters, 1 per VU

running (04m35.0s), 03/30 VUs, 27 complete and 0 interrupted iterations
isolation   [  90% ] 30 VUs  04m34.8s/10m0s  27/30 iters, 1 per VU

running (04m36.0s), 03/30 VUs, 27 complete and 0 interrupted iterations
isolation   [  90% ] 30 VUs  04m35.8s/10m0s  27/30 iters, 1 per VU

running (04m37.0s), 03/30 VUs, 27 complete and 0 interrupted iterations
isolation   [  90% ] 30 VUs  04m36.8s/10m0s  27/30 iters, 1 per VU

running (04m38.0s), 03/30 VUs, 27 complete and 0 interrupted iterations
isolation   [  90% ] 30 VUs  04m37.8s/10m0s  27/30 iters, 1 per VU

running (04m39.0s), 03/30 VUs, 27 complete and 0 interrupted iterations
isolation   [  90% ] 30 VUs  04m38.8s/10m0s  27/30 iters, 1 per VU

running (04m40.0s), 03/30 VUs, 27 complete and 0 interrupted iterations
isolation   [  90% ] 30 VUs  04m39.8s/10m0s  27/30 iters, 1 per VU

running (04m41.0s), 03/30 VUs, 27 complete and 0 interrupted iterations
isolation   [  90% ] 30 VUs  04m40.8s/10m0s  27/30 iters, 1 per VU

running (04m42.0s), 03/30 VUs, 27 complete and 0 interrupted iterations
isolation   [  90% ] 30 VUs  04m41.8s/10m0s  27/30 iters, 1 per VU

running (04m43.0s), 03/30 VUs, 27 complete and 0 interrupted iterations
isolation   [  90% ] 30 VUs  04m42.8s/10m0s  27/30 iters, 1 per VU

running (04m44.0s), 03/30 VUs, 27 complete and 0 interrupted iterations
isolation   [  90% ] 30 VUs  04m43.8s/10m0s  27/30 iters, 1 per VU

running (04m45.0s), 03/30 VUs, 27 complete and 0 interrupted iterations
isolation   [  90% ] 30 VUs  04m44.8s/10m0s  27/30 iters, 1 per VU

running (04m46.0s), 03/30 VUs, 27 complete and 0 interrupted iterations
isolation   [  90% ] 30 VUs  04m45.8s/10m0s  27/30 iters, 1 per VU

running (04m47.0s), 03/30 VUs, 27 complete and 0 interrupted iterations
isolation   [  90% ] 30 VUs  04m46.8s/10m0s  27/30 iters, 1 per VU

running (04m48.0s), 03/30 VUs, 27 complete and 0 interrupted iterations
isolation   [  90% ] 30 VUs  04m47.8s/10m0s  27/30 iters, 1 per VU

running (04m49.0s), 03/30 VUs, 27 complete and 0 interrupted iterations
isolation   [  90% ] 30 VUs  04m48.8s/10m0s  27/30 iters, 1 per VU

running (04m50.0s), 03/30 VUs, 27 complete and 0 interrupted iterations
isolation   [  90% ] 30 VUs  04m49.8s/10m0s  27/30 iters, 1 per VU

running (04m51.0s), 03/30 VUs, 27 complete and 0 interrupted iterations
isolation   [  90% ] 30 VUs  04m50.8s/10m0s  27/30 iters, 1 per VU

running (04m52.0s), 03/30 VUs, 27 complete and 0 interrupted iterations
isolation   [  90% ] 30 VUs  04m51.8s/10m0s  27/30 iters, 1 per VU

running (04m53.0s), 03/30 VUs, 27 complete and 0 interrupted iterations
isolation   [  90% ] 30 VUs  04m52.8s/10m0s  27/30 iters, 1 per VU

running (04m54.0s), 03/30 VUs, 27 complete and 0 interrupted iterations
isolation   [  90% ] 30 VUs  04m53.8s/10m0s  27/30 iters, 1 per VU

running (04m55.0s), 03/30 VUs, 27 complete and 0 interrupted iterations
isolation   [  90% ] 30 VUs  04m54.8s/10m0s  27/30 iters, 1 per VU

running (04m56.0s), 03/30 VUs, 27 complete and 0 interrupted iterations
isolation   [  90% ] 30 VUs  04m55.8s/10m0s  27/30 iters, 1 per VU

running (04m57.0s), 03/30 VUs, 27 complete and 0 interrupted iterations
isolation   [  90% ] 30 VUs  04m56.8s/10m0s  27/30 iters, 1 per VU

running (04m58.0s), 03/30 VUs, 27 complete and 0 interrupted iterations
isolation   [  90% ] 30 VUs  04m57.8s/10m0s  27/30 iters, 1 per VU

running (04m59.0s), 03/30 VUs, 27 complete and 0 interrupted iterations
isolation   [  90% ] 30 VUs  04m58.8s/10m0s  27/30 iters, 1 per VU

running (05m00.0s), 03/30 VUs, 27 complete and 0 interrupted iterations
isolation   [  90% ] 30 VUs  04m59.8s/10m0s  27/30 iters, 1 per VU

running (05m01.0s), 03/30 VUs, 27 complete and 0 interrupted iterations
isolation   [  90% ] 30 VUs  05m00.8s/10m0s  27/30 iters, 1 per VU

running (05m02.0s), 03/30 VUs, 27 complete and 0 interrupted iterations
isolation   [  90% ] 30 VUs  05m01.8s/10m0s  27/30 iters, 1 per VU

running (05m03.0s), 03/30 VUs, 27 complete and 0 interrupted iterations
isolation   [  90% ] 30 VUs  05m02.8s/10m0s  27/30 iters, 1 per VU

running (05m04.0s), 03/30 VUs, 27 complete and 0 interrupted iterations
isolation   [  90% ] 30 VUs  05m03.8s/10m0s  27/30 iters, 1 per VU

running (05m05.0s), 03/30 VUs, 27 complete and 0 interrupted iterations
isolation   [  90% ] 30 VUs  05m04.8s/10m0s  27/30 iters, 1 per VU

running (05m06.0s), 03/30 VUs, 27 complete and 0 interrupted iterations
isolation   [  90% ] 30 VUs  05m05.8s/10m0s  27/30 iters, 1 per VU

running (05m07.0s), 03/30 VUs, 27 complete and 0 interrupted iterations
isolation   [  90% ] 30 VUs  05m06.8s/10m0s  27/30 iters, 1 per VU

running (05m08.0s), 03/30 VUs, 27 complete and 0 interrupted iterations
isolation   [  90% ] 30 VUs  05m07.8s/10m0s  27/30 iters, 1 per VU

running (05m09.0s), 03/30 VUs, 27 complete and 0 interrupted iterations
isolation   [  90% ] 30 VUs  05m08.8s/10m0s  27/30 iters, 1 per VU

running (05m10.0s), 03/30 VUs, 27 complete and 0 interrupted iterations
isolation   [  90% ] 30 VUs  05m09.8s/10m0s  27/30 iters, 1 per VU

running (05m11.0s), 03/30 VUs, 27 complete and 0 interrupted iterations
isolation   [  90% ] 30 VUs  05m10.8s/10m0s  27/30 iters, 1 per VU

running (05m12.0s), 03/30 VUs, 27 complete and 0 interrupted iterations
isolation   [  90% ] 30 VUs  05m11.8s/10m0s  27/30 iters, 1 per VU

running (05m13.0s), 03/30 VUs, 27 complete and 0 interrupted iterations
isolation   [  90% ] 30 VUs  05m12.8s/10m0s  27/30 iters, 1 per VU

running (05m14.0s), 03/30 VUs, 27 complete and 0 interrupted iterations
isolation   [  90% ] 30 VUs  05m13.8s/10m0s  27/30 iters, 1 per VU

running (05m15.0s), 03/30 VUs, 27 complete and 0 interrupted iterations
isolation   [  90% ] 30 VUs  05m14.8s/10m0s  27/30 iters, 1 per VU

running (05m16.0s), 03/30 VUs, 27 complete and 0 interrupted iterations
isolation   [  90% ] 30 VUs  05m15.8s/10m0s  27/30 iters, 1 per VU

running (05m17.0s), 03/30 VUs, 27 complete and 0 interrupted iterations
isolation   [  90% ] 30 VUs  05m16.8s/10m0s  27/30 iters, 1 per VU

running (05m18.0s), 03/30 VUs, 27 complete and 0 interrupted iterations
isolation   [  90% ] 30 VUs  05m17.8s/10m0s  27/30 iters, 1 per VU

running (05m19.0s), 03/30 VUs, 27 complete and 0 interrupted iterations
isolation   [  90% ] 30 VUs  05m18.8s/10m0s  27/30 iters, 1 per VU

running (05m20.0s), 03/30 VUs, 27 complete and 0 interrupted iterations
isolation   [  90% ] 30 VUs  05m19.8s/10m0s  27/30 iters, 1 per VU

running (05m21.0s), 03/30 VUs, 27 complete and 0 interrupted iterations
isolation   [  90% ] 30 VUs  05m20.8s/10m0s  27/30 iters, 1 per VU

running (05m22.0s), 03/30 VUs, 27 complete and 0 interrupted iterations
isolation   [  90% ] 30 VUs  05m21.8s/10m0s  27/30 iters, 1 per VU

running (05m23.0s), 03/30 VUs, 27 complete and 0 interrupted iterations
isolation   [  90% ] 30 VUs  05m22.8s/10m0s  27/30 iters, 1 per VU

running (05m24.0s), 03/30 VUs, 27 complete and 0 interrupted iterations
isolation   [  90% ] 30 VUs  05m23.8s/10m0s  27/30 iters, 1 per VU

running (05m25.0s), 03/30 VUs, 27 complete and 0 interrupted iterations
isolation   [  90% ] 30 VUs  05m24.8s/10m0s  27/30 iters, 1 per VU

running (05m26.0s), 03/30 VUs, 27 complete and 0 interrupted iterations
isolation   [  90% ] 30 VUs  05m25.8s/10m0s  27/30 iters, 1 per VU

running (05m27.0s), 03/30 VUs, 27 complete and 0 interrupted iterations
isolation   [  90% ] 30 VUs  05m26.8s/10m0s  27/30 iters, 1 per VU

running (05m28.0s), 03/30 VUs, 27 complete and 0 interrupted iterations
isolation   [  90% ] 30 VUs  05m27.8s/10m0s  27/30 iters, 1 per VU

running (05m29.0s), 03/30 VUs, 27 complete and 0 interrupted iterations
isolation   [  90% ] 30 VUs  05m28.8s/10m0s  27/30 iters, 1 per VU

running (05m30.0s), 03/30 VUs, 27 complete and 0 interrupted iterations
isolation   [  90% ] 30 VUs  05m29.8s/10m0s  27/30 iters, 1 per VU

running (05m31.0s), 03/30 VUs, 27 complete and 0 interrupted iterations
isolation   [  90% ] 30 VUs  05m30.8s/10m0s  27/30 iters, 1 per VU

running (05m32.0s), 03/30 VUs, 27 complete and 0 interrupted iterations
isolation   [  90% ] 30 VUs  05m31.8s/10m0s  27/30 iters, 1 per VU

running (05m33.0s), 03/30 VUs, 27 complete and 0 interrupted iterations
isolation   [  90% ] 30 VUs  05m32.8s/10m0s  27/30 iters, 1 per VU

running (05m34.0s), 03/30 VUs, 27 complete and 0 interrupted iterations
isolation   [  90% ] 30 VUs  05m33.8s/10m0s  27/30 iters, 1 per VU

running (05m35.0s), 03/30 VUs, 27 complete and 0 interrupted iterations
isolation   [  90% ] 30 VUs  05m34.8s/10m0s  27/30 iters, 1 per VU

running (05m36.0s), 03/30 VUs, 27 complete and 0 interrupted iterations
isolation   [  90% ] 30 VUs  05m35.8s/10m0s  27/30 iters, 1 per VU

running (05m37.0s), 03/30 VUs, 27 complete and 0 interrupted iterations
isolation   [  90% ] 30 VUs  05m36.8s/10m0s  27/30 iters, 1 per VU

running (05m38.0s), 03/30 VUs, 27 complete and 0 interrupted iterations
isolation   [  90% ] 30 VUs  05m37.8s/10m0s  27/30 iters, 1 per VU

running (05m39.0s), 03/30 VUs, 27 complete and 0 interrupted iterations
isolation   [  90% ] 30 VUs  05m38.8s/10m0s  27/30 iters, 1 per VU

running (05m40.0s), 03/30 VUs, 27 complete and 0 interrupted iterations
isolation   [  90% ] 30 VUs  05m39.8s/10m0s  27/30 iters, 1 per VU

running (05m41.0s), 03/30 VUs, 27 complete and 0 interrupted iterations
isolation   [  90% ] 30 VUs  05m40.8s/10m0s  27/30 iters, 1 per VU

running (05m42.0s), 03/30 VUs, 27 complete and 0 interrupted iterations
isolation   [  90% ] 30 VUs  05m41.8s/10m0s  27/30 iters, 1 per VU

running (05m43.0s), 03/30 VUs, 27 complete and 0 interrupted iterations
isolation   [  90% ] 30 VUs  05m42.8s/10m0s  27/30 iters, 1 per VU

running (05m44.0s), 03/30 VUs, 27 complete and 0 interrupted iterations
isolation   [  90% ] 30 VUs  05m43.8s/10m0s  27/30 iters, 1 per VU

running (05m45.0s), 03/30 VUs, 27 complete and 0 interrupted iterations
isolation   [  90% ] 30 VUs  05m44.8s/10m0s  27/30 iters, 1 per VU

running (05m46.0s), 03/30 VUs, 27 complete and 0 interrupted iterations
isolation   [  90% ] 30 VUs  05m45.8s/10m0s  27/30 iters, 1 per VU

running (05m47.0s), 03/30 VUs, 27 complete and 0 interrupted iterations
isolation   [  90% ] 30 VUs  05m46.8s/10m0s  27/30 iters, 1 per VU

running (05m48.0s), 03/30 VUs, 27 complete and 0 interrupted iterations
isolation   [  90% ] 30 VUs  05m47.8s/10m0s  27/30 iters, 1 per VU

running (05m49.0s), 03/30 VUs, 27 complete and 0 interrupted iterations
isolation   [  90% ] 30 VUs  05m48.8s/10m0s  27/30 iters, 1 per VU

running (05m50.0s), 03/30 VUs, 27 complete and 0 interrupted iterations
isolation   [  90% ] 30 VUs  05m49.8s/10m0s  27/30 iters, 1 per VU

running (05m51.0s), 03/30 VUs, 27 complete and 0 interrupted iterations
isolation   [  90% ] 30 VUs  05m50.8s/10m0s  27/30 iters, 1 per VU

running (05m52.0s), 03/30 VUs, 27 complete and 0 interrupted iterations
isolation   [  90% ] 30 VUs  05m51.8s/10m0s  27/30 iters, 1 per VU

running (05m53.0s), 03/30 VUs, 27 complete and 0 interrupted iterations
isolation   [  90% ] 30 VUs  05m52.8s/10m0s  27/30 iters, 1 per VU

running (05m54.0s), 03/30 VUs, 27 complete and 0 interrupted iterations
isolation   [  90% ] 30 VUs  05m53.8s/10m0s  27/30 iters, 1 per VU

running (05m55.0s), 03/30 VUs, 27 complete and 0 interrupted iterations
isolation   [  90% ] 30 VUs  05m54.8s/10m0s  27/30 iters, 1 per VU

running (05m56.0s), 03/30 VUs, 27 complete and 0 interrupted iterations
isolation   [  90% ] 30 VUs  05m55.8s/10m0s  27/30 iters, 1 per VU

running (05m57.0s), 03/30 VUs, 27 complete and 0 interrupted iterations
isolation   [  90% ] 30 VUs  05m56.8s/10m0s  27/30 iters, 1 per VU

running (05m58.0s), 03/30 VUs, 27 complete and 0 interrupted iterations
isolation   [  90% ] 30 VUs  05m57.8s/10m0s  27/30 iters, 1 per VU

running (05m59.0s), 03/30 VUs, 27 complete and 0 interrupted iterations
isolation   [  90% ] 30 VUs  05m58.8s/10m0s  27/30 iters, 1 per VU

running (06m00.0s), 03/30 VUs, 27 complete and 0 interrupted iterations
isolation   [  90% ] 30 VUs  05m59.8s/10m0s  27/30 iters, 1 per VU

running (06m01.0s), 03/30 VUs, 27 complete and 0 interrupted iterations
isolation   [  90% ] 30 VUs  06m00.8s/10m0s  27/30 iters, 1 per VU

running (06m02.0s), 03/30 VUs, 27 complete and 0 interrupted iterations
isolation   [  90% ] 30 VUs  06m01.8s/10m0s  27/30 iters, 1 per VU

running (06m03.0s), 03/30 VUs, 27 complete and 0 interrupted iterations
isolation   [  90% ] 30 VUs  06m02.8s/10m0s  27/30 iters, 1 per VU

running (06m04.0s), 03/30 VUs, 27 complete and 0 interrupted iterations
isolation   [  90% ] 30 VUs  06m03.8s/10m0s  27/30 iters, 1 per VU

running (06m05.0s), 03/30 VUs, 27 complete and 0 interrupted iterations
isolation   [  90% ] 30 VUs  06m04.8s/10m0s  27/30 iters, 1 per VU

running (06m06.0s), 03/30 VUs, 27 complete and 0 interrupted iterations
isolation   [  90% ] 30 VUs  06m05.8s/10m0s  27/30 iters, 1 per VU

running (06m07.0s), 03/30 VUs, 27 complete and 0 interrupted iterations
isolation   [  90% ] 30 VUs  06m06.8s/10m0s  27/30 iters, 1 per VU

running (06m08.0s), 03/30 VUs, 27 complete and 0 interrupted iterations
isolation   [  90% ] 30 VUs  06m07.8s/10m0s  27/30 iters, 1 per VU

running (06m09.0s), 03/30 VUs, 27 complete and 0 interrupted iterations
isolation   [  90% ] 30 VUs  06m08.8s/10m0s  27/30 iters, 1 per VU

running (06m10.0s), 03/30 VUs, 27 complete and 0 interrupted iterations
isolation   [  90% ] 30 VUs  06m09.8s/10m0s  27/30 iters, 1 per VU

running (06m11.0s), 03/30 VUs, 27 complete and 0 interrupted iterations
isolation   [  90% ] 30 VUs  06m10.8s/10m0s  27/30 iters, 1 per VU

running (06m12.0s), 03/30 VUs, 27 complete and 0 interrupted iterations
isolation   [  90% ] 30 VUs  06m11.8s/10m0s  27/30 iters, 1 per VU

running (06m13.0s), 03/30 VUs, 27 complete and 0 interrupted iterations
isolation   [  90% ] 30 VUs  06m12.8s/10m0s  27/30 iters, 1 per VU

running (06m14.0s), 03/30 VUs, 27 complete and 0 interrupted iterations
isolation   [  90% ] 30 VUs  06m13.8s/10m0s  27/30 iters, 1 per VU

running (06m15.0s), 03/30 VUs, 27 complete and 0 interrupted iterations
isolation   [  90% ] 30 VUs  06m14.8s/10m0s  27/30 iters, 1 per VU

running (06m16.0s), 03/30 VUs, 27 complete and 0 interrupted iterations
isolation   [  90% ] 30 VUs  06m15.8s/10m0s  27/30 iters, 1 per VU

running (06m17.0s), 03/30 VUs, 27 complete and 0 interrupted iterations
isolation   [  90% ] 30 VUs  06m16.8s/10m0s  27/30 iters, 1 per VU

running (06m18.0s), 03/30 VUs, 27 complete and 0 interrupted iterations
isolation   [  90% ] 30 VUs  06m17.8s/10m0s  27/30 iters, 1 per VU

running (06m19.0s), 03/30 VUs, 27 complete and 0 interrupted iterations
isolation   [  90% ] 30 VUs  06m18.8s/10m0s  27/30 iters, 1 per VU

running (06m20.0s), 03/30 VUs, 27 complete and 0 interrupted iterations
isolation   [  90% ] 30 VUs  06m19.8s/10m0s  27/30 iters, 1 per VU

running (06m21.0s), 03/30 VUs, 27 complete and 0 interrupted iterations
isolation   [  90% ] 30 VUs  06m20.8s/10m0s  27/30 iters, 1 per VU

running (06m22.0s), 03/30 VUs, 27 complete and 0 interrupted iterations
isolation   [  90% ] 30 VUs  06m21.8s/10m0s  27/30 iters, 1 per VU

running (06m23.0s), 03/30 VUs, 27 complete and 0 interrupted iterations
isolation   [  90% ] 30 VUs  06m22.8s/10m0s  27/30 iters, 1 per VU

running (06m24.0s), 03/30 VUs, 27 complete and 0 interrupted iterations
isolation   [  90% ] 30 VUs  06m23.8s/10m0s  27/30 iters, 1 per VU

running (06m25.0s), 03/30 VUs, 27 complete and 0 interrupted iterations
isolation   [  90% ] 30 VUs  06m24.8s/10m0s  27/30 iters, 1 per VU

running (06m26.0s), 03/30 VUs, 27 complete and 0 interrupted iterations
isolation   [  90% ] 30 VUs  06m25.8s/10m0s  27/30 iters, 1 per VU

running (06m27.0s), 03/30 VUs, 27 complete and 0 interrupted iterations
isolation   [  90% ] 30 VUs  06m26.8s/10m0s  27/30 iters, 1 per VU

running (06m28.0s), 03/30 VUs, 27 complete and 0 interrupted iterations
isolation   [  90% ] 30 VUs  06m27.8s/10m0s  27/30 iters, 1 per VU

running (06m29.0s), 03/30 VUs, 27 complete and 0 interrupted iterations
isolation   [  90% ] 30 VUs  06m28.8s/10m0s  27/30 iters, 1 per VU

running (06m30.0s), 03/30 VUs, 27 complete and 0 interrupted iterations
isolation   [  90% ] 30 VUs  06m29.8s/10m0s  27/30 iters, 1 per VU

running (06m31.0s), 03/30 VUs, 27 complete and 0 interrupted iterations
isolation   [  90% ] 30 VUs  06m30.8s/10m0s  27/30 iters, 1 per VU

running (06m32.0s), 03/30 VUs, 27 complete and 0 interrupted iterations
isolation   [  90% ] 30 VUs  06m31.8s/10m0s  27/30 iters, 1 per VU

running (06m33.0s), 03/30 VUs, 27 complete and 0 interrupted iterations
isolation   [  90% ] 30 VUs  06m32.8s/10m0s  27/30 iters, 1 per VU

running (06m34.0s), 03/30 VUs, 27 complete and 0 interrupted iterations
isolation   [  90% ] 30 VUs  06m33.8s/10m0s  27/30 iters, 1 per VU

running (06m35.0s), 03/30 VUs, 27 complete and 0 interrupted iterations
isolation   [  90% ] 30 VUs  06m34.8s/10m0s  27/30 iters, 1 per VU

running (06m36.0s), 03/30 VUs, 27 complete and 0 interrupted iterations
isolation   [  90% ] 30 VUs  06m35.8s/10m0s  27/30 iters, 1 per VU

running (06m37.0s), 03/30 VUs, 27 complete and 0 interrupted iterations
isolation   [  90% ] 30 VUs  06m36.8s/10m0s  27/30 iters, 1 per VU

running (06m38.0s), 03/30 VUs, 27 complete and 0 interrupted iterations
isolation   [  90% ] 30 VUs  06m37.8s/10m0s  27/30 iters, 1 per VU

running (06m39.0s), 03/30 VUs, 27 complete and 0 interrupted iterations
isolation   [  90% ] 30 VUs  06m38.8s/10m0s  27/30 iters, 1 per VU

running (06m40.0s), 03/30 VUs, 27 complete and 0 interrupted iterations
isolation   [  90% ] 30 VUs  06m39.8s/10m0s  27/30 iters, 1 per VU

running (06m41.0s), 03/30 VUs, 27 complete and 0 interrupted iterations
isolation   [  90% ] 30 VUs  06m40.8s/10m0s  27/30 iters, 1 per VU

running (06m42.0s), 03/30 VUs, 27 complete and 0 interrupted iterations
isolation   [  90% ] 30 VUs  06m41.8s/10m0s  27/30 iters, 1 per VU

running (06m43.0s), 03/30 VUs, 27 complete and 0 interrupted iterations
isolation   [  90% ] 30 VUs  06m42.8s/10m0s  27/30 iters, 1 per VU

running (06m44.0s), 03/30 VUs, 27 complete and 0 interrupted iterations
isolation   [  90% ] 30 VUs  06m43.8s/10m0s  27/30 iters, 1 per VU

running (06m45.0s), 03/30 VUs, 27 complete and 0 interrupted iterations
isolation   [  90% ] 30 VUs  06m44.8s/10m0s  27/30 iters, 1 per VU

running (06m46.0s), 03/30 VUs, 27 complete and 0 interrupted iterations
isolation   [  90% ] 30 VUs  06m45.8s/10m0s  27/30 iters, 1 per VU

running (06m47.0s), 03/30 VUs, 27 complete and 0 interrupted iterations
isolation   [  90% ] 30 VUs  06m46.8s/10m0s  27/30 iters, 1 per VU

running (06m48.0s), 03/30 VUs, 27 complete and 0 interrupted iterations
isolation   [  90% ] 30 VUs  06m47.8s/10m0s  27/30 iters, 1 per VU

running (06m49.0s), 03/30 VUs, 27 complete and 0 interrupted iterations
isolation   [  90% ] 30 VUs  06m48.8s/10m0s  27/30 iters, 1 per VU

running (06m50.0s), 03/30 VUs, 27 complete and 0 interrupted iterations
isolation   [  90% ] 30 VUs  06m49.8s/10m0s  27/30 iters, 1 per VU

running (06m51.0s), 03/30 VUs, 27 complete and 0 interrupted iterations
isolation   [  90% ] 30 VUs  06m50.8s/10m0s  27/30 iters, 1 per VU

running (06m52.0s), 03/30 VUs, 27 complete and 0 interrupted iterations
isolation   [  90% ] 30 VUs  06m51.8s/10m0s  27/30 iters, 1 per VU

running (06m53.0s), 03/30 VUs, 27 complete and 0 interrupted iterations
isolation   [  90% ] 30 VUs  06m52.8s/10m0s  27/30 iters, 1 per VU

running (06m54.0s), 03/30 VUs, 27 complete and 0 interrupted iterations
isolation   [  90% ] 30 VUs  06m53.8s/10m0s  27/30 iters, 1 per VU

running (06m55.0s), 03/30 VUs, 27 complete and 0 interrupted iterations
isolation   [  90% ] 30 VUs  06m54.8s/10m0s  27/30 iters, 1 per VU

running (06m56.0s), 03/30 VUs, 27 complete and 0 interrupted iterations
isolation   [  90% ] 30 VUs  06m55.8s/10m0s  27/30 iters, 1 per VU

running (06m57.0s), 03/30 VUs, 27 complete and 0 interrupted iterations
isolation   [  90% ] 30 VUs  06m56.8s/10m0s  27/30 iters, 1 per VU

running (06m58.0s), 03/30 VUs, 27 complete and 0 interrupted iterations
isolation   [  90% ] 30 VUs  06m57.8s/10m0s  27/30 iters, 1 per VU

running (06m59.0s), 03/30 VUs, 27 complete and 0 interrupted iterations
isolation   [  90% ] 30 VUs  06m58.8s/10m0s  27/30 iters, 1 per VU

running (07m00.0s), 03/30 VUs, 27 complete and 0 interrupted iterations
isolation   [  90% ] 30 VUs  06m59.8s/10m0s  27/30 iters, 1 per VU

running (07m01.0s), 03/30 VUs, 27 complete and 0 interrupted iterations
isolation   [  90% ] 30 VUs  07m00.8s/10m0s  27/30 iters, 1 per VU

running (07m02.0s), 03/30 VUs, 27 complete and 0 interrupted iterations
isolation   [  90% ] 30 VUs  07m01.8s/10m0s  27/30 iters, 1 per VU

running (07m03.0s), 03/30 VUs, 27 complete and 0 interrupted iterations
isolation   [  90% ] 30 VUs  07m02.8s/10m0s  27/30 iters, 1 per VU

running (07m04.0s), 03/30 VUs, 27 complete and 0 interrupted iterations
isolation   [  90% ] 30 VUs  07m03.8s/10m0s  27/30 iters, 1 per VU

running (07m05.0s), 03/30 VUs, 27 complete and 0 interrupted iterations
isolation   [  90% ] 30 VUs  07m04.8s/10m0s  27/30 iters, 1 per VU

running (07m06.0s), 03/30 VUs, 27 complete and 0 interrupted iterations
isolation   [  90% ] 30 VUs  07m05.8s/10m0s  27/30 iters, 1 per VU

running (07m07.0s), 03/30 VUs, 27 complete and 0 interrupted iterations
isolation   [  90% ] 30 VUs  07m06.8s/10m0s  27/30 iters, 1 per VU

running (07m08.0s), 03/30 VUs, 27 complete and 0 interrupted iterations
isolation   [  90% ] 30 VUs  07m07.8s/10m0s  27/30 iters, 1 per VU

running (07m09.0s), 03/30 VUs, 27 complete and 0 interrupted iterations
isolation   [  90% ] 30 VUs  07m08.8s/10m0s  27/30 iters, 1 per VU

running (07m10.0s), 03/30 VUs, 27 complete and 0 interrupted iterations
isolation   [  90% ] 30 VUs  07m09.8s/10m0s  27/30 iters, 1 per VU

running (07m11.0s), 03/30 VUs, 27 complete and 0 interrupted iterations
isolation   [  90% ] 30 VUs  07m10.8s/10m0s  27/30 iters, 1 per VU

running (07m12.0s), 03/30 VUs, 27 complete and 0 interrupted iterations
isolation   [  90% ] 30 VUs  07m11.8s/10m0s  27/30 iters, 1 per VU

running (07m13.0s), 03/30 VUs, 27 complete and 0 interrupted iterations
isolation   [  90% ] 30 VUs  07m12.8s/10m0s  27/30 iters, 1 per VU

running (07m14.0s), 03/30 VUs, 27 complete and 0 interrupted iterations
isolation   [  90% ] 30 VUs  07m13.8s/10m0s  27/30 iters, 1 per VU

running (07m15.0s), 03/30 VUs, 27 complete and 0 interrupted iterations
isolation   [  90% ] 30 VUs  07m14.8s/10m0s  27/30 iters, 1 per VU

running (07m16.0s), 03/30 VUs, 27 complete and 0 interrupted iterations
isolation   [  90% ] 30 VUs  07m15.8s/10m0s  27/30 iters, 1 per VU

running (07m17.0s), 03/30 VUs, 27 complete and 0 interrupted iterations
isolation   [  90% ] 30 VUs  07m16.8s/10m0s  27/30 iters, 1 per VU

running (07m18.0s), 03/30 VUs, 27 complete and 0 interrupted iterations
isolation   [  90% ] 30 VUs  07m17.8s/10m0s  27/30 iters, 1 per VU

running (07m19.0s), 03/30 VUs, 27 complete and 0 interrupted iterations
isolation   [  90% ] 30 VUs  07m18.8s/10m0s  27/30 iters, 1 per VU

running (07m20.0s), 03/30 VUs, 27 complete and 0 interrupted iterations
isolation   [  90% ] 30 VUs  07m19.8s/10m0s  27/30 iters, 1 per VU

running (07m21.0s), 03/30 VUs, 27 complete and 0 interrupted iterations
isolation   [  90% ] 30 VUs  07m20.8s/10m0s  27/30 iters, 1 per VU

running (07m22.0s), 03/30 VUs, 27 complete and 0 interrupted iterations
isolation   [  90% ] 30 VUs  07m21.8s/10m0s  27/30 iters, 1 per VU

running (07m23.0s), 03/30 VUs, 27 complete and 0 interrupted iterations
isolation   [  90% ] 30 VUs  07m22.8s/10m0s  27/30 iters, 1 per VU

running (07m24.0s), 03/30 VUs, 27 complete and 0 interrupted iterations
isolation   [  90% ] 30 VUs  07m23.8s/10m0s  27/30 iters, 1 per VU

running (07m25.0s), 03/30 VUs, 27 complete and 0 interrupted iterations
isolation   [  90% ] 30 VUs  07m24.8s/10m0s  27/30 iters, 1 per VU

running (07m26.0s), 03/30 VUs, 27 complete and 0 interrupted iterations
isolation   [  90% ] 30 VUs  07m25.8s/10m0s  27/30 iters, 1 per VU

running (07m27.0s), 03/30 VUs, 27 complete and 0 interrupted iterations
isolation   [  90% ] 30 VUs  07m26.8s/10m0s  27/30 iters, 1 per VU

running (07m28.0s), 03/30 VUs, 27 complete and 0 interrupted iterations
isolation   [  90% ] 30 VUs  07m27.8s/10m0s  27/30 iters, 1 per VU

running (07m29.0s), 03/30 VUs, 27 complete and 0 interrupted iterations
isolation   [  90% ] 30 VUs  07m28.8s/10m0s  27/30 iters, 1 per VU

running (07m30.0s), 03/30 VUs, 27 complete and 0 interrupted iterations
isolation   [  90% ] 30 VUs  07m29.8s/10m0s  27/30 iters, 1 per VU

running (07m31.0s), 03/30 VUs, 27 complete and 0 interrupted iterations
isolation   [  90% ] 30 VUs  07m30.8s/10m0s  27/30 iters, 1 per VU

running (07m32.0s), 03/30 VUs, 27 complete and 0 interrupted iterations
isolation   [  90% ] 30 VUs  07m31.8s/10m0s  27/30 iters, 1 per VU

running (07m33.0s), 03/30 VUs, 27 complete and 0 interrupted iterations
isolation   [  90% ] 30 VUs  07m32.8s/10m0s  27/30 iters, 1 per VU

running (07m34.0s), 03/30 VUs, 27 complete and 0 interrupted iterations
isolation   [  90% ] 30 VUs  07m33.8s/10m0s  27/30 iters, 1 per VU

running (07m35.0s), 03/30 VUs, 27 complete and 0 interrupted iterations
isolation   [  90% ] 30 VUs  07m34.8s/10m0s  27/30 iters, 1 per VU

running (07m36.0s), 03/30 VUs, 27 complete and 0 interrupted iterations
isolation   [  90% ] 30 VUs  07m35.8s/10m0s  27/30 iters, 1 per VU

running (07m37.0s), 03/30 VUs, 27 complete and 0 interrupted iterations
isolation   [  90% ] 30 VUs  07m36.8s/10m0s  27/30 iters, 1 per VU

running (07m38.0s), 03/30 VUs, 27 complete and 0 interrupted iterations
isolation   [  90% ] 30 VUs  07m37.8s/10m0s  27/30 iters, 1 per VU

running (07m39.0s), 03/30 VUs, 27 complete and 0 interrupted iterations
isolation   [  90% ] 30 VUs  07m38.8s/10m0s  27/30 iters, 1 per VU

running (07m40.0s), 03/30 VUs, 27 complete and 0 interrupted iterations
isolation   [  90% ] 30 VUs  07m39.8s/10m0s  27/30 iters, 1 per VU

running (07m41.0s), 03/30 VUs, 27 complete and 0 interrupted iterations
isolation   [  90% ] 30 VUs  07m40.8s/10m0s  27/30 iters, 1 per VU

running (07m42.0s), 03/30 VUs, 27 complete and 0 interrupted iterations
isolation   [  90% ] 30 VUs  07m41.8s/10m0s  27/30 iters, 1 per VU

running (07m43.0s), 03/30 VUs, 27 complete and 0 interrupted iterations
isolation   [  90% ] 30 VUs  07m42.8s/10m0s  27/30 iters, 1 per VU

running (07m44.0s), 03/30 VUs, 27 complete and 0 interrupted iterations
isolation   [  90% ] 30 VUs  07m43.8s/10m0s  27/30 iters, 1 per VU

running (07m45.0s), 03/30 VUs, 27 complete and 0 interrupted iterations
isolation   [  90% ] 30 VUs  07m44.8s/10m0s  27/30 iters, 1 per VU

running (07m46.0s), 03/30 VUs, 27 complete and 0 interrupted iterations
isolation   [  90% ] 30 VUs  07m45.8s/10m0s  27/30 iters, 1 per VU

running (07m47.0s), 03/30 VUs, 27 complete and 0 interrupted iterations
isolation   [  90% ] 30 VUs  07m46.8s/10m0s  27/30 iters, 1 per VU

running (07m48.0s), 03/30 VUs, 27 complete and 0 interrupted iterations
isolation   [  90% ] 30 VUs  07m47.8s/10m0s  27/30 iters, 1 per VU

running (07m49.0s), 03/30 VUs, 27 complete and 0 interrupted iterations
isolation   [  90% ] 30 VUs  07m48.8s/10m0s  27/30 iters, 1 per VU

running (07m50.0s), 03/30 VUs, 27 complete and 0 interrupted iterations
isolation   [  90% ] 30 VUs  07m49.8s/10m0s  27/30 iters, 1 per VU

running (07m51.0s), 03/30 VUs, 27 complete and 0 interrupted iterations
isolation   [  90% ] 30 VUs  07m50.8s/10m0s  27/30 iters, 1 per VU

running (07m52.0s), 03/30 VUs, 27 complete and 0 interrupted iterations
isolation   [  90% ] 30 VUs  07m51.8s/10m0s  27/30 iters, 1 per VU

running (07m53.0s), 03/30 VUs, 27 complete and 0 interrupted iterations
isolation   [  90% ] 30 VUs  07m52.8s/10m0s  27/30 iters, 1 per VU

running (07m54.0s), 03/30 VUs, 27 complete and 0 interrupted iterations
isolation   [  90% ] 30 VUs  07m53.8s/10m0s  27/30 iters, 1 per VU

running (07m55.0s), 03/30 VUs, 27 complete and 0 interrupted iterations
isolation   [  90% ] 30 VUs  07m54.8s/10m0s  27/30 iters, 1 per VU

running (07m56.0s), 03/30 VUs, 27 complete and 0 interrupted iterations
isolation   [  90% ] 30 VUs  07m55.8s/10m0s  27/30 iters, 1 per VU

running (07m57.0s), 03/30 VUs, 27 complete and 0 interrupted iterations
isolation   [  90% ] 30 VUs  07m56.8s/10m0s  27/30 iters, 1 per VU

running (07m58.0s), 03/30 VUs, 27 complete and 0 interrupted iterations
isolation   [  90% ] 30 VUs  07m57.8s/10m0s  27/30 iters, 1 per VU

running (07m59.0s), 03/30 VUs, 27 complete and 0 interrupted iterations
isolation   [  90% ] 30 VUs  07m58.8s/10m0s  27/30 iters, 1 per VU

running (08m00.0s), 03/30 VUs, 27 complete and 0 interrupted iterations
isolation   [  90% ] 30 VUs  07m59.8s/10m0s  27/30 iters, 1 per VU

running (08m01.0s), 03/30 VUs, 27 complete and 0 interrupted iterations
isolation   [  90% ] 30 VUs  08m00.8s/10m0s  27/30 iters, 1 per VU

running (08m02.0s), 03/30 VUs, 27 complete and 0 interrupted iterations
isolation   [  90% ] 30 VUs  08m01.8s/10m0s  27/30 iters, 1 per VU

running (08m03.0s), 03/30 VUs, 27 complete and 0 interrupted iterations
isolation   [  90% ] 30 VUs  08m02.8s/10m0s  27/30 iters, 1 per VU

running (08m04.0s), 03/30 VUs, 27 complete and 0 interrupted iterations
isolation   [  90% ] 30 VUs  08m03.8s/10m0s  27/30 iters, 1 per VU

running (08m05.0s), 03/30 VUs, 27 complete and 0 interrupted iterations
isolation   [  90% ] 30 VUs  08m04.8s/10m0s  27/30 iters, 1 per VU

running (08m06.0s), 03/30 VUs, 27 complete and 0 interrupted iterations
isolation   [  90% ] 30 VUs  08m05.8s/10m0s  27/30 iters, 1 per VU

running (08m07.0s), 03/30 VUs, 27 complete and 0 interrupted iterations
isolation   [  90% ] 30 VUs  08m06.8s/10m0s  27/30 iters, 1 per VU

running (08m08.0s), 03/30 VUs, 27 complete and 0 interrupted iterations
isolation   [  90% ] 30 VUs  08m07.8s/10m0s  27/30 iters, 1 per VU

running (08m09.0s), 03/30 VUs, 27 complete and 0 interrupted iterations
isolation   [  90% ] 30 VUs  08m08.8s/10m0s  27/30 iters, 1 per VU

running (08m10.0s), 03/30 VUs, 27 complete and 0 interrupted iterations
isolation   [  90% ] 30 VUs  08m09.8s/10m0s  27/30 iters, 1 per VU

running (08m11.0s), 03/30 VUs, 27 complete and 0 interrupted iterations
isolation   [  90% ] 30 VUs  08m10.8s/10m0s  27/30 iters, 1 per VU

running (08m12.0s), 03/30 VUs, 27 complete and 0 interrupted iterations
isolation   [  90% ] 30 VUs  08m11.8s/10m0s  27/30 iters, 1 per VU

running (08m13.0s), 03/30 VUs, 27 complete and 0 interrupted iterations
isolation   [  90% ] 30 VUs  08m12.8s/10m0s  27/30 iters, 1 per VU

running (08m14.0s), 03/30 VUs, 27 complete and 0 interrupted iterations
isolation   [  90% ] 30 VUs  08m13.8s/10m0s  27/30 iters, 1 per VU

running (08m15.0s), 03/30 VUs, 27 complete and 0 interrupted iterations
isolation   [  90% ] 30 VUs  08m14.8s/10m0s  27/30 iters, 1 per VU

running (08m16.0s), 03/30 VUs, 27 complete and 0 interrupted iterations
isolation   [  90% ] 30 VUs  08m15.8s/10m0s  27/30 iters, 1 per VU

running (08m17.0s), 03/30 VUs, 27 complete and 0 interrupted iterations
isolation   [  90% ] 30 VUs  08m16.8s/10m0s  27/30 iters, 1 per VU

running (08m18.0s), 03/30 VUs, 27 complete and 0 interrupted iterations
isolation   [  90% ] 30 VUs  08m17.8s/10m0s  27/30 iters, 1 per VU

running (08m19.0s), 03/30 VUs, 27 complete and 0 interrupted iterations
isolation   [  90% ] 30 VUs  08m18.8s/10m0s  27/30 iters, 1 per VU

running (08m20.0s), 03/30 VUs, 27 complete and 0 interrupted iterations
isolation   [  90% ] 30 VUs  08m19.8s/10m0s  27/30 iters, 1 per VU

running (08m21.0s), 03/30 VUs, 27 complete and 0 interrupted iterations
isolation   [  90% ] 30 VUs  08m20.8s/10m0s  27/30 iters, 1 per VU

running (08m22.0s), 03/30 VUs, 27 complete and 0 interrupted iterations
isolation   [  90% ] 30 VUs  08m21.8s/10m0s  27/30 iters, 1 per VU

running (08m23.0s), 03/30 VUs, 27 complete and 0 interrupted iterations
isolation   [  90% ] 30 VUs  08m22.8s/10m0s  27/30 iters, 1 per VU

running (08m24.0s), 03/30 VUs, 27 complete and 0 interrupted iterations
isolation   [  90% ] 30 VUs  08m23.8s/10m0s  27/30 iters, 1 per VU

running (08m25.0s), 03/30 VUs, 27 complete and 0 interrupted iterations
isolation   [  90% ] 30 VUs  08m24.8s/10m0s  27/30 iters, 1 per VU

running (08m26.0s), 03/30 VUs, 27 complete and 0 interrupted iterations
isolation   [  90% ] 30 VUs  08m25.8s/10m0s  27/30 iters, 1 per VU

running (08m27.0s), 03/30 VUs, 27 complete and 0 interrupted iterations
isolation   [  90% ] 30 VUs  08m26.8s/10m0s  27/30 iters, 1 per VU

running (08m28.0s), 03/30 VUs, 27 complete and 0 interrupted iterations
isolation   [  90% ] 30 VUs  08m27.8s/10m0s  27/30 iters, 1 per VU

running (08m29.0s), 03/30 VUs, 27 complete and 0 interrupted iterations
isolation   [  90% ] 30 VUs  08m28.8s/10m0s  27/30 iters, 1 per VU

running (08m30.0s), 03/30 VUs, 27 complete and 0 interrupted iterations
isolation   [  90% ] 30 VUs  08m29.8s/10m0s  27/30 iters, 1 per VU

running (08m31.0s), 03/30 VUs, 27 complete and 0 interrupted iterations
isolation   [  90% ] 30 VUs  08m30.8s/10m0s  27/30 iters, 1 per VU

running (08m32.0s), 03/30 VUs, 27 complete and 0 interrupted iterations
isolation   [  90% ] 30 VUs  08m31.8s/10m0s  27/30 iters, 1 per VU

running (08m33.0s), 03/30 VUs, 27 complete and 0 interrupted iterations
isolation   [  90% ] 30 VUs  08m32.8s/10m0s  27/30 iters, 1 per VU

running (08m34.0s), 03/30 VUs, 27 complete and 0 interrupted iterations
isolation   [  90% ] 30 VUs  08m33.8s/10m0s  27/30 iters, 1 per VU

running (08m35.0s), 03/30 VUs, 27 complete and 0 interrupted iterations
isolation   [  90% ] 30 VUs  08m34.8s/10m0s  27/30 iters, 1 per VU

running (08m36.0s), 03/30 VUs, 27 complete and 0 interrupted iterations
isolation   [  90% ] 30 VUs  08m35.8s/10m0s  27/30 iters, 1 per VU

running (08m37.0s), 03/30 VUs, 27 complete and 0 interrupted iterations
isolation   [  90% ] 30 VUs  08m36.8s/10m0s  27/30 iters, 1 per VU

running (08m38.0s), 03/30 VUs, 27 complete and 0 interrupted iterations
isolation   [  90% ] 30 VUs  08m37.8s/10m0s  27/30 iters, 1 per VU

running (08m39.0s), 03/30 VUs, 27 complete and 0 interrupted iterations
isolation   [  90% ] 30 VUs  08m38.8s/10m0s  27/30 iters, 1 per VU

running (08m40.0s), 03/30 VUs, 27 complete and 0 interrupted iterations
isolation   [  90% ] 30 VUs  08m39.8s/10m0s  27/30 iters, 1 per VU

running (08m41.0s), 03/30 VUs, 27 complete and 0 interrupted iterations
isolation   [  90% ] 30 VUs  08m40.8s/10m0s  27/30 iters, 1 per VU

running (08m42.0s), 03/30 VUs, 27 complete and 0 interrupted iterations
isolation   [  90% ] 30 VUs  08m41.8s/10m0s  27/30 iters, 1 per VU

running (08m43.0s), 03/30 VUs, 27 complete and 0 interrupted iterations
isolation   [  90% ] 30 VUs  08m42.8s/10m0s  27/30 iters, 1 per VU

running (08m44.0s), 03/30 VUs, 27 complete and 0 interrupted iterations
isolation   [  90% ] 30 VUs  08m43.8s/10m0s  27/30 iters, 1 per VU

running (08m45.0s), 03/30 VUs, 27 complete and 0 interrupted iterations
isolation   [  90% ] 30 VUs  08m44.8s/10m0s  27/30 iters, 1 per VU

running (08m46.0s), 03/30 VUs, 27 complete and 0 interrupted iterations
isolation   [  90% ] 30 VUs  08m45.8s/10m0s  27/30 iters, 1 per VU

running (08m47.0s), 03/30 VUs, 27 complete and 0 interrupted iterations
isolation   [  90% ] 30 VUs  08m46.8s/10m0s  27/30 iters, 1 per VU

running (08m48.0s), 03/30 VUs, 27 complete and 0 interrupted iterations
isolation   [  90% ] 30 VUs  08m47.8s/10m0s  27/30 iters, 1 per VU

running (08m49.0s), 03/30 VUs, 27 complete and 0 interrupted iterations
isolation   [  90% ] 30 VUs  08m48.8s/10m0s  27/30 iters, 1 per VU

running (08m50.0s), 03/30 VUs, 27 complete and 0 interrupted iterations
isolation   [  90% ] 30 VUs  08m49.8s/10m0s  27/30 iters, 1 per VU

running (08m51.0s), 03/30 VUs, 27 complete and 0 interrupted iterations
isolation   [  90% ] 30 VUs  08m50.8s/10m0s  27/30 iters, 1 per VU

running (08m52.0s), 03/30 VUs, 27 complete and 0 interrupted iterations
isolation   [  90% ] 30 VUs  08m51.8s/10m0s  27/30 iters, 1 per VU

running (08m53.0s), 03/30 VUs, 27 complete and 0 interrupted iterations
isolation   [  90% ] 30 VUs  08m52.8s/10m0s  27/30 iters, 1 per VU

running (08m54.0s), 03/30 VUs, 27 complete and 0 interrupted iterations
isolation   [  90% ] 30 VUs  08m53.8s/10m0s  27/30 iters, 1 per VU

running (08m55.0s), 03/30 VUs, 27 complete and 0 interrupted iterations
isolation   [  90% ] 30 VUs  08m54.8s/10m0s  27/30 iters, 1 per VU

running (08m56.0s), 03/30 VUs, 27 complete and 0 interrupted iterations
isolation   [  90% ] 30 VUs  08m55.8s/10m0s  27/30 iters, 1 per VU

running (08m57.0s), 03/30 VUs, 27 complete and 0 interrupted iterations
isolation   [  90% ] 30 VUs  08m56.8s/10m0s  27/30 iters, 1 per VU

running (08m58.0s), 03/30 VUs, 27 complete and 0 interrupted iterations
isolation   [  90% ] 30 VUs  08m57.8s/10m0s  27/30 iters, 1 per VU

running (08m59.0s), 03/30 VUs, 27 complete and 0 interrupted iterations
isolation   [  90% ] 30 VUs  08m58.8s/10m0s  27/30 iters, 1 per VU

running (09m00.0s), 03/30 VUs, 27 complete and 0 interrupted iterations
isolation   [  90% ] 30 VUs  08m59.8s/10m0s  27/30 iters, 1 per VU

running (09m01.0s), 03/30 VUs, 27 complete and 0 interrupted iterations
isolation   [  90% ] 30 VUs  09m00.8s/10m0s  27/30 iters, 1 per VU

running (09m02.0s), 03/30 VUs, 27 complete and 0 interrupted iterations
isolation   [  90% ] 30 VUs  09m01.8s/10m0s  27/30 iters, 1 per VU

running (09m03.0s), 03/30 VUs, 27 complete and 0 interrupted iterations
isolation   [  90% ] 30 VUs  09m02.8s/10m0s  27/30 iters, 1 per VU

running (09m04.0s), 03/30 VUs, 27 complete and 0 interrupted iterations
isolation   [  90% ] 30 VUs  09m03.8s/10m0s  27/30 iters, 1 per VU

running (09m05.0s), 03/30 VUs, 27 complete and 0 interrupted iterations
isolation   [  90% ] 30 VUs  09m04.8s/10m0s  27/30 iters, 1 per VU

running (09m06.0s), 03/30 VUs, 27 complete and 0 interrupted iterations
isolation   [  90% ] 30 VUs  09m05.8s/10m0s  27/30 iters, 1 per VU

running (09m07.0s), 03/30 VUs, 27 complete and 0 interrupted iterations
isolation   [  90% ] 30 VUs  09m06.8s/10m0s  27/30 iters, 1 per VU

running (09m08.0s), 03/30 VUs, 27 complete and 0 interrupted iterations
isolation   [  90% ] 30 VUs  09m07.8s/10m0s  27/30 iters, 1 per VU

running (09m09.0s), 03/30 VUs, 27 complete and 0 interrupted iterations
isolation   [  90% ] 30 VUs  09m08.8s/10m0s  27/30 iters, 1 per VU

running (09m10.0s), 03/30 VUs, 27 complete and 0 interrupted iterations
isolation   [  90% ] 30 VUs  09m09.8s/10m0s  27/30 iters, 1 per VU

running (09m11.0s), 03/30 VUs, 27 complete and 0 interrupted iterations
isolation   [  90% ] 30 VUs  09m10.8s/10m0s  27/30 iters, 1 per VU

running (09m12.0s), 03/30 VUs, 27 complete and 0 interrupted iterations
isolation   [  90% ] 30 VUs  09m11.8s/10m0s  27/30 iters, 1 per VU

running (09m13.0s), 03/30 VUs, 27 complete and 0 interrupted iterations
isolation   [  90% ] 30 VUs  09m12.8s/10m0s  27/30 iters, 1 per VU

running (09m14.0s), 03/30 VUs, 27 complete and 0 interrupted iterations
isolation   [  90% ] 30 VUs  09m13.8s/10m0s  27/30 iters, 1 per VU

running (09m15.0s), 03/30 VUs, 27 complete and 0 interrupted iterations
isolation   [  90% ] 30 VUs  09m14.8s/10m0s  27/30 iters, 1 per VU

running (09m16.0s), 03/30 VUs, 27 complete and 0 interrupted iterations
isolation   [  90% ] 30 VUs  09m15.8s/10m0s  27/30 iters, 1 per VU

running (09m17.0s), 03/30 VUs, 27 complete and 0 interrupted iterations
isolation   [  90% ] 30 VUs  09m16.8s/10m0s  27/30 iters, 1 per VU

running (09m18.0s), 03/30 VUs, 27 complete and 0 interrupted iterations
isolation   [  90% ] 30 VUs  09m17.8s/10m0s  27/30 iters, 1 per VU

running (09m19.0s), 03/30 VUs, 27 complete and 0 interrupted iterations
isolation   [  90% ] 30 VUs  09m18.8s/10m0s  27/30 iters, 1 per VU

running (09m20.0s), 03/30 VUs, 27 complete and 0 interrupted iterations
isolation   [  90% ] 30 VUs  09m19.8s/10m0s  27/30 iters, 1 per VU

running (09m21.0s), 03/30 VUs, 27 complete and 0 interrupted iterations
isolation   [  90% ] 30 VUs  09m20.8s/10m0s  27/30 iters, 1 per VU

running (09m22.0s), 03/30 VUs, 27 complete and 0 interrupted iterations
isolation   [  90% ] 30 VUs  09m21.8s/10m0s  27/30 iters, 1 per VU

running (09m23.0s), 03/30 VUs, 27 complete and 0 interrupted iterations
isolation   [  90% ] 30 VUs  09m22.8s/10m0s  27/30 iters, 1 per VU

running (09m24.0s), 03/30 VUs, 27 complete and 0 interrupted iterations
isolation   [  90% ] 30 VUs  09m23.8s/10m0s  27/30 iters, 1 per VU

running (09m25.0s), 03/30 VUs, 27 complete and 0 interrupted iterations
isolation   [  90% ] 30 VUs  09m24.8s/10m0s  27/30 iters, 1 per VU

running (09m26.0s), 03/30 VUs, 27 complete and 0 interrupted iterations
isolation   [  90% ] 30 VUs  09m25.8s/10m0s  27/30 iters, 1 per VU

running (09m27.0s), 03/30 VUs, 27 complete and 0 interrupted iterations
isolation   [  90% ] 30 VUs  09m26.8s/10m0s  27/30 iters, 1 per VU

running (09m28.0s), 03/30 VUs, 27 complete and 0 interrupted iterations
isolation   [  90% ] 30 VUs  09m27.8s/10m0s  27/30 iters, 1 per VU

running (09m29.0s), 03/30 VUs, 27 complete and 0 interrupted iterations
isolation   [  90% ] 30 VUs  09m28.8s/10m0s  27/30 iters, 1 per VU

running (09m30.0s), 03/30 VUs, 27 complete and 0 interrupted iterations
isolation   [  90% ] 30 VUs  09m29.8s/10m0s  27/30 iters, 1 per VU

running (09m31.0s), 03/30 VUs, 27 complete and 0 interrupted iterations
isolation   [  90% ] 30 VUs  09m30.8s/10m0s  27/30 iters, 1 per VU

running (09m32.0s), 03/30 VUs, 27 complete and 0 interrupted iterations
isolation   [  90% ] 30 VUs  09m31.8s/10m0s  27/30 iters, 1 per VU

running (09m33.0s), 03/30 VUs, 27 complete and 0 interrupted iterations
isolation   [  90% ] 30 VUs  09m32.8s/10m0s  27/30 iters, 1 per VU

running (09m34.0s), 03/30 VUs, 27 complete and 0 interrupted iterations
isolation   [  90% ] 30 VUs  09m33.8s/10m0s  27/30 iters, 1 per VU

running (09m35.0s), 03/30 VUs, 27 complete and 0 interrupted iterations
isolation   [  90% ] 30 VUs  09m34.8s/10m0s  27/30 iters, 1 per VU

running (09m36.0s), 03/30 VUs, 27 complete and 0 interrupted iterations
isolation   [  90% ] 30 VUs  09m35.8s/10m0s  27/30 iters, 1 per VU

running (09m37.0s), 03/30 VUs, 27 complete and 0 interrupted iterations
isolation   [  90% ] 30 VUs  09m36.8s/10m0s  27/30 iters, 1 per VU

running (09m38.0s), 03/30 VUs, 27 complete and 0 interrupted iterations
isolation   [  90% ] 30 VUs  09m37.8s/10m0s  27/30 iters, 1 per VU

running (09m39.0s), 03/30 VUs, 27 complete and 0 interrupted iterations
isolation   [  90% ] 30 VUs  09m38.8s/10m0s  27/30 iters, 1 per VU

running (09m40.0s), 03/30 VUs, 27 complete and 0 interrupted iterations
isolation   [  90% ] 30 VUs  09m39.8s/10m0s  27/30 iters, 1 per VU

running (09m41.0s), 03/30 VUs, 27 complete and 0 interrupted iterations
isolation   [  90% ] 30 VUs  09m40.8s/10m0s  27/30 iters, 1 per VU

running (09m42.0s), 03/30 VUs, 27 complete and 0 interrupted iterations
isolation   [  90% ] 30 VUs  09m41.8s/10m0s  27/30 iters, 1 per VU

running (09m43.0s), 03/30 VUs, 27 complete and 0 interrupted iterations
isolation   [  90% ] 30 VUs  09m42.8s/10m0s  27/30 iters, 1 per VU

running (09m44.0s), 03/30 VUs, 27 complete and 0 interrupted iterations
isolation   [  90% ] 30 VUs  09m43.8s/10m0s  27/30 iters, 1 per VU

running (09m45.0s), 03/30 VUs, 27 complete and 0 interrupted iterations
isolation   [  90% ] 30 VUs  09m44.8s/10m0s  27/30 iters, 1 per VU

running (09m46.0s), 03/30 VUs, 27 complete and 0 interrupted iterations
isolation   [  90% ] 30 VUs  09m45.8s/10m0s  27/30 iters, 1 per VU

running (09m47.0s), 03/30 VUs, 27 complete and 0 interrupted iterations
isolation   [  90% ] 30 VUs  09m46.8s/10m0s  27/30 iters, 1 per VU

running (09m48.0s), 03/30 VUs, 27 complete and 0 interrupted iterations
isolation   [  90% ] 30 VUs  09m47.8s/10m0s  27/30 iters, 1 per VU

running (09m49.0s), 03/30 VUs, 27 complete and 0 interrupted iterations
isolation   [  90% ] 30 VUs  09m48.8s/10m0s  27/30 iters, 1 per VU

running (09m50.0s), 03/30 VUs, 27 complete and 0 interrupted iterations
isolation   [  90% ] 30 VUs  09m49.8s/10m0s  27/30 iters, 1 per VU

running (09m51.0s), 03/30 VUs, 27 complete and 0 interrupted iterations
isolation   [  90% ] 30 VUs  09m50.8s/10m0s  27/30 iters, 1 per VU

running (09m52.0s), 03/30 VUs, 27 complete and 0 interrupted iterations
isolation   [  90% ] 30 VUs  09m51.8s/10m0s  27/30 iters, 1 per VU

running (09m53.0s), 03/30 VUs, 27 complete and 0 interrupted iterations
isolation   [  90% ] 30 VUs  09m52.8s/10m0s  27/30 iters, 1 per VU

running (09m54.0s), 03/30 VUs, 27 complete and 0 interrupted iterations
isolation   [  90% ] 30 VUs  09m53.8s/10m0s  27/30 iters, 1 per VU

running (09m55.0s), 03/30 VUs, 27 complete and 0 interrupted iterations
isolation   [  90% ] 30 VUs  09m54.8s/10m0s  27/30 iters, 1 per VU

running (09m56.0s), 03/30 VUs, 27 complete and 0 interrupted iterations
isolation   [  90% ] 30 VUs  09m55.8s/10m0s  27/30 iters, 1 per VU

running (09m57.0s), 03/30 VUs, 27 complete and 0 interrupted iterations
isolation   [  90% ] 30 VUs  09m56.8s/10m0s  27/30 iters, 1 per VU

running (09m58.0s), 03/30 VUs, 27 complete and 0 interrupted iterations
isolation   [  90% ] 30 VUs  09m57.8s/10m0s  27/30 iters, 1 per VU

running (09m59.0s), 03/30 VUs, 27 complete and 0 interrupted iterations
isolation   [  90% ] 30 VUs  09m58.8s/10m0s  27/30 iters, 1 per VU

running (10m00.0s), 03/30 VUs, 27 complete and 0 interrupted iterations
isolation   [  90% ] 30 VUs  09m59.8s/10m0s  27/30 iters, 1 per VU

running (10m01.0s), 03/30 VUs, 27 complete and 0 interrupted iterations
isolation ↓ [ 100% ] 30 VUs  10m0s  27/30 iters, 1 per VU

running (10m02.0s), 03/30 VUs, 27 complete and 0 interrupted iterations
isolation ↓ [ 100% ] 30 VUs  10m0s  27/30 iters, 1 per VU

running (10m03.0s), 03/30 VUs, 27 complete and 0 interrupted iterations
isolation ↓ [ 100% ] 30 VUs  10m0s  27/30 iters, 1 per VU

running (10m04.0s), 03/30 VUs, 27 complete and 0 interrupted iterations
isolation ↓ [ 100% ] 30 VUs  10m0s  27/30 iters, 1 per VU

running (10m05.0s), 03/30 VUs, 27 complete and 0 interrupted iterations
isolation ↓ [ 100% ] 30 VUs  10m0s  27/30 iters, 1 per VU

running (10m06.0s), 03/30 VUs, 27 complete and 0 interrupted iterations
isolation ↓ [ 100% ] 30 VUs  10m0s  27/30 iters, 1 per VU

running (10m07.0s), 03/30 VUs, 27 complete and 0 interrupted iterations
isolation ↓ [ 100% ] 30 VUs  10m0s  27/30 iters, 1 per VU

running (10m08.0s), 03/30 VUs, 27 complete and 0 interrupted iterations
isolation ↓ [ 100% ] 30 VUs  10m0s  27/30 iters, 1 per VU

running (10m09.0s), 03/30 VUs, 27 complete and 0 interrupted iterations
isolation ↓ [ 100% ] 30 VUs  10m0s  27/30 iters, 1 per VU

running (10m10.0s), 03/30 VUs, 27 complete and 0 interrupted iterations
isolation ↓ [ 100% ] 30 VUs  10m0s  27/30 iters, 1 per VU

running (10m11.0s), 03/30 VUs, 27 complete and 0 interrupted iterations
isolation ↓ [ 100% ] 30 VUs  10m0s  27/30 iters, 1 per VU

running (10m12.0s), 03/30 VUs, 27 complete and 0 interrupted iterations
isolation ↓ [ 100% ] 30 VUs  10m0s  27/30 iters, 1 per VU

running (10m13.0s), 03/30 VUs, 27 complete and 0 interrupted iterations
isolation ↓ [ 100% ] 30 VUs  10m0s  27/30 iters, 1 per VU

running (10m14.0s), 03/30 VUs, 27 complete and 0 interrupted iterations
isolation ↓ [ 100% ] 30 VUs  10m0s  27/30 iters, 1 per VU

running (10m15.0s), 03/30 VUs, 27 complete and 0 interrupted iterations
isolation ↓ [ 100% ] 30 VUs  10m0s  27/30 iters, 1 per VU

running (10m16.0s), 03/30 VUs, 27 complete and 0 interrupted iterations
isolation ↓ [ 100% ] 30 VUs  10m0s  27/30 iters, 1 per VU

running (10m17.0s), 03/30 VUs, 27 complete and 0 interrupted iterations
isolation ↓ [ 100% ] 30 VUs  10m0s  27/30 iters, 1 per VU

running (10m18.0s), 03/30 VUs, 27 complete and 0 interrupted iterations
isolation ↓ [ 100% ] 30 VUs  10m0s  27/30 iters, 1 per VU

running (10m19.0s), 03/30 VUs, 27 complete and 0 interrupted iterations
isolation ↓ [ 100% ] 30 VUs  10m0s  27/30 iters, 1 per VU

running (10m20.0s), 03/30 VUs, 27 complete and 0 interrupted iterations
isolation ↓ [ 100% ] 30 VUs  10m0s  27/30 iters, 1 per VU

running (10m21.0s), 03/30 VUs, 27 complete and 0 interrupted iterations
isolation ↓ [ 100% ] 30 VUs  10m0s  27/30 iters, 1 per VU

running (10m22.0s), 03/30 VUs, 27 complete and 0 interrupted iterations
isolation ↓ [ 100% ] 30 VUs  10m0s  27/30 iters, 1 per VU

running (10m23.0s), 03/30 VUs, 27 complete and 0 interrupted iterations
isolation ↓ [ 100% ] 30 VUs  10m0s  27/30 iters, 1 per VU

running (10m24.0s), 03/30 VUs, 27 complete and 0 interrupted iterations
isolation ↓ [ 100% ] 30 VUs  10m0s  27/30 iters, 1 per VU

running (10m25.0s), 03/30 VUs, 27 complete and 0 interrupted iterations
isolation ↓ [ 100% ] 30 VUs  10m0s  27/30 iters, 1 per VU

running (10m26.0s), 03/30 VUs, 27 complete and 0 interrupted iterations
isolation ↓ [ 100% ] 30 VUs  10m0s  27/30 iters, 1 per VU

running (10m27.0s), 03/30 VUs, 27 complete and 0 interrupted iterations
isolation ↓ [ 100% ] 30 VUs  10m0s  27/30 iters, 1 per VU

running (10m28.0s), 03/30 VUs, 27 complete and 0 interrupted iterations
isolation ↓ [ 100% ] 30 VUs  10m0s  27/30 iters, 1 per VU

running (10m29.0s), 03/30 VUs, 27 complete and 0 interrupted iterations
isolation ↓ [ 100% ] 30 VUs  10m0s  27/30 iters, 1 per VU

running (10m30.0s), 03/30 VUs, 27 complete and 0 interrupted iterations
isolation ↓ [ 100% ] 30 VUs  10m0s  27/30 iters, 1 per VU


  █ THRESHOLDS 

    contamination_events
    ✓ 'count==0' count=0


  █ TOTAL RESULTS 

    checks_total.......: 100     0.158674/s
    checks_succeeded...: 100.00% 100 out of 100
    checks_failed......: 0.00%   0 out of 100

    ✓ Analytics session A clean
    ✓ Analytics session B clean
    ✓ DataExchange session A clean
    ✓ DataExchange session B clean
    ✓ Advanced session A clean
    ✓ Advanced session B clean
    ✓ Geospatial session A clean
    ✓ Geospatial session B clean
    ✓ ClimateAnomaly session A clean
    ✓ ClimateAnomaly session B clean
    ✓ Calculator session A clean
    ✓ Calculator session B clean
    ✓ Analytics DB save A clean
    ✓ Analytics DB save B clean
    ✓ DataExchange DB save A clean
    ✓ DataExchange DB save B clean
    ✓ Advanced DB save A clean
    ✓ Advanced DB save B clean
    ✓ Geospatial DB save A clean
    ✓ Geospatial DB save B clean
    ✓ Calculator DB save A clean
    ✓ Calculator DB save B clean
    ✓ MonteCarlo session A clean
    ✓ MonteCarlo session B clean
    ✓ MonteCarlo DB save A clean
    ✓ MonteCarlo DB save B clean

    CUSTOM
    contamination_events...........: 0      0/s
    isolation_checks...............: 100    0.158674/s
    isolation_ok...................: 100    0.158674/s

    HTTP
    http_req_duration..............: avg=1.92s  min=34.32ms med=98.41ms  max=43.63s p(90)=594.87ms p(95)=3.54s 
      { expected_response:true }...: avg=2.17s  min=34.32ms med=100.47ms max=43.63s p(90)=1.01s    p(95)=4.76s 
    http_req_failed................: 11.82% 128 out of 1082
    http_reqs......................: 1082   1.716853/s

    EXECUTION
    iteration_duration.............: avg=16.15s min=14.92s  med=15.43s   max=21.12s p(90)=20.56s   p(95)=20.79s
    iterations.....................: 27     0.042842/s
    vus............................: 3      min=3           max=30
    vus_max........................: 30     min=30          max=30

    NETWORK
    data_received..................: 1.2 MB 1.8 kB/s
    data_sent......................: 510 kB 809 B/s




running (10m30.2s), 00/30 VUs, 27 complete and 3 interrupted iterations
isolation ✓ [ 100% ] 30 VUs  10m0s  27/30 iters, 1 per VU
