
         /\      Grafana   /‾‾/  
    /\  /  \     |\  __   /  /   
   /  \/    \    | |/ /  /   ‾‾\ 
  /          \   |   (  |  (‾)  |
 / __________ \  |_|\_\  \_____/ 


     execution: local
        script: k6/08-multi-user-collab.js
        output: -

     scenarios: (100.00%) 1 scenario, 3 max VUs, 5m30s max duration (incl. graceful stop):
              * multi_user: 8 iterations for each of 3 VUs (maxDuration: 5m0s, gracefulStop: 30s)


Run          [ 100% ] setup()
multi_user   [   0% ]

Run          [ 100% ] setup()
multi_user   [   0% ]

Run          [ 100% ] setup()
multi_user   [   0% ]

Run          [ 100% ] setup()
multi_user   [   0% ]

Run          [ 100% ] setup()
multi_user   [   0% ]

Run          [ 100% ] setup()
multi_user   [   0% ]

Run          [ 100% ] setup()
multi_user   [   0% ]

Run          [ 100% ] setup()
multi_user   [   0% ]

Run          [ 100% ] setup()
multi_user   [   0% ]

Run          [ 100% ] setup()
multi_user   [   0% ]

Run          [ 100% ] setup()
multi_user   [   0% ]

running (0m12.0s), 3/3 VUs, 0 complete and 0 interrupted iterations
multi_user   [   0% ] 3 VUs  0m00.2s/5m0s  00/24 iters, 8 per VU

running (0m13.0s), 3/3 VUs, 0 complete and 0 interrupted iterations
multi_user   [   0% ] 3 VUs  0m01.2s/5m0s  00/24 iters, 8 per VU

running (0m14.0s), 3/3 VUs, 0 complete and 0 interrupted iterations
multi_user   [   0% ] 3 VUs  0m02.2s/5m0s  00/24 iters, 8 per VU

running (0m15.0s), 3/3 VUs, 0 complete and 0 interrupted iterations
multi_user   [   0% ] 3 VUs  0m03.2s/5m0s  00/24 iters, 8 per VU

running (0m16.0s), 3/3 VUs, 0 complete and 0 interrupted iterations
multi_user   [   0% ] 3 VUs  0m04.2s/5m0s  00/24 iters, 8 per VU

running (0m17.0s), 3/3 VUs, 0 complete and 0 interrupted iterations
multi_user   [   0% ] 3 VUs  0m05.2s/5m0s  00/24 iters, 8 per VU

running (0m18.0s), 3/3 VUs, 2 complete and 0 interrupted iterations
multi_user   [   8% ] 3 VUs  0m06.2s/5m0s  02/24 iters, 8 per VU

running (0m19.0s), 3/3 VUs, 2 complete and 0 interrupted iterations
multi_user   [   8% ] 3 VUs  0m07.2s/5m0s  02/24 iters, 8 per VU

running (0m20.0s), 3/3 VUs, 2 complete and 0 interrupted iterations
multi_user   [   8% ] 3 VUs  0m08.2s/5m0s  02/24 iters, 8 per VU

running (0m21.0s), 3/3 VUs, 4 complete and 0 interrupted iterations
multi_user   [  17% ] 3 VUs  0m09.2s/5m0s  04/24 iters, 8 per VU

running (0m22.0s), 3/3 VUs, 5 complete and 0 interrupted iterations
multi_user   [  21% ] 3 VUs  0m10.2s/5m0s  05/24 iters, 8 per VU

running (0m23.0s), 3/3 VUs, 6 complete and 0 interrupted iterations
multi_user   [  25% ] 3 VUs  0m11.2s/5m0s  06/24 iters, 8 per VU

running (0m24.0s), 3/3 VUs, 6 complete and 0 interrupted iterations
multi_user   [  25% ] 3 VUs  0m12.2s/5m0s  06/24 iters, 8 per VU

running (0m25.0s), 3/3 VUs, 6 complete and 0 interrupted iterations
multi_user   [  25% ] 3 VUs  0m13.2s/5m0s  06/24 iters, 8 per VU

running (0m26.0s), 3/3 VUs, 8 complete and 0 interrupted iterations
multi_user   [  33% ] 3 VUs  0m14.2s/5m0s  08/24 iters, 8 per VU

running (0m27.0s), 3/3 VUs, 9 complete and 0 interrupted iterations
multi_user   [  38% ] 3 VUs  0m15.2s/5m0s  09/24 iters, 8 per VU

running (0m28.0s), 3/3 VUs, 10 complete and 0 interrupted iterations
multi_user   [  42% ] 3 VUs  0m16.2s/5m0s  10/24 iters, 8 per VU

running (0m29.0s), 3/3 VUs, 11 complete and 0 interrupted iterations
multi_user   [  46% ] 3 VUs  0m17.2s/5m0s  11/24 iters, 8 per VU

running (0m30.0s), 3/3 VUs, 11 complete and 0 interrupted iterations
multi_user   [  46% ] 3 VUs  0m18.2s/5m0s  11/24 iters, 8 per VU

running (0m31.0s), 3/3 VUs, 12 complete and 0 interrupted iterations
multi_user   [  50% ] 3 VUs  0m19.2s/5m0s  12/24 iters, 8 per VU

running (0m32.0s), 3/3 VUs, 12 complete and 0 interrupted iterations
multi_user   [  50% ] 3 VUs  0m20.2s/5m0s  12/24 iters, 8 per VU

running (0m33.0s), 3/3 VUs, 15 complete and 0 interrupted iterations
multi_user   [  62% ] 3 VUs  0m21.2s/5m0s  15/24 iters, 8 per VU

running (0m34.0s), 3/3 VUs, 15 complete and 0 interrupted iterations
multi_user   [  62% ] 3 VUs  0m22.2s/5m0s  15/24 iters, 8 per VU

running (0m35.0s), 3/3 VUs, 15 complete and 0 interrupted iterations
multi_user   [  62% ] 3 VUs  0m23.2s/5m0s  15/24 iters, 8 per VU

running (0m36.0s), 3/3 VUs, 16 complete and 0 interrupted iterations
multi_user   [  67% ] 3 VUs  0m24.2s/5m0s  16/24 iters, 8 per VU

running (0m37.0s), 3/3 VUs, 16 complete and 0 interrupted iterations
multi_user   [  67% ] 3 VUs  0m25.2s/5m0s  16/24 iters, 8 per VU

running (0m38.0s), 3/3 VUs, 17 complete and 0 interrupted iterations
multi_user   [  71% ] 3 VUs  0m26.2s/5m0s  17/24 iters, 8 per VU

running (0m39.0s), 3/3 VUs, 18 complete and 0 interrupted iterations
multi_user   [  75% ] 3 VUs  0m27.2s/5m0s  18/24 iters, 8 per VU

running (0m40.0s), 3/3 VUs, 18 complete and 0 interrupted iterations
multi_user   [  75% ] 3 VUs  0m28.2s/5m0s  18/24 iters, 8 per VU

running (0m41.0s), 3/3 VUs, 18 complete and 0 interrupted iterations
multi_user   [  75% ] 3 VUs  0m29.2s/5m0s  18/24 iters, 8 per VU

running (0m42.0s), 3/3 VUs, 19 complete and 0 interrupted iterations
multi_user   [  79% ] 3 VUs  0m30.2s/5m0s  19/24 iters, 8 per VU

running (0m43.0s), 3/3 VUs, 19 complete and 0 interrupted iterations
multi_user   [  79% ] 3 VUs  0m31.2s/5m0s  19/24 iters, 8 per VU

running (0m44.0s), 3/3 VUs, 19 complete and 0 interrupted iterations
multi_user   [  79% ] 3 VUs  0m32.2s/5m0s  19/24 iters, 8 per VU

running (0m45.0s), 3/3 VUs, 20 complete and 0 interrupted iterations
multi_user   [  83% ] 3 VUs  0m33.2s/5m0s  20/24 iters, 8 per VU

running (0m46.0s), 3/3 VUs, 20 complete and 0 interrupted iterations
multi_user   [  83% ] 3 VUs  0m34.2s/5m0s  20/24 iters, 8 per VU

running (0m47.0s), 3/3 VUs, 20 complete and 0 interrupted iterations
multi_user   [  83% ] 3 VUs  0m35.2s/5m0s  20/24 iters, 8 per VU

running (0m48.0s), 2/3 VUs, 22 complete and 0 interrupted iterations
multi_user   [  92% ] 3 VUs  0m36.2s/5m0s  22/24 iters, 8 per VU

running (0m49.0s), 2/3 VUs, 22 complete and 0 interrupted iterations
multi_user   [  92% ] 3 VUs  0m37.2s/5m0s  22/24 iters, 8 per VU

running (0m50.0s), 2/3 VUs, 22 complete and 0 interrupted iterations
multi_user   [  92% ] 3 VUs  0m38.2s/5m0s  22/24 iters, 8 per VU

running (0m51.0s), 2/3 VUs, 22 complete and 0 interrupted iterations
multi_user   [  92% ] 3 VUs  0m39.2s/5m0s  22/24 iters, 8 per VU

running (0m52.0s), 2/3 VUs, 22 complete and 0 interrupted iterations
multi_user   [  92% ] 3 VUs  0m40.2s/5m0s  22/24 iters, 8 per VU

running (0m53.0s), 2/3 VUs, 22 complete and 0 interrupted iterations
multi_user   [  92% ] 3 VUs  0m41.2s/5m0s  22/24 iters, 8 per VU

running (0m54.0s), 2/3 VUs, 22 complete and 0 interrupted iterations
multi_user   [  92% ] 3 VUs  0m42.2s/5m0s  22/24 iters, 8 per VU

running (0m55.0s), 2/3 VUs, 22 complete and 0 interrupted iterations
multi_user   [  92% ] 3 VUs  0m43.2s/5m0s  22/24 iters, 8 per VU

running (0m56.0s), 2/3 VUs, 22 complete and 0 interrupted iterations
multi_user   [  92% ] 3 VUs  0m44.2s/5m0s  22/24 iters, 8 per VU

running (0m57.0s), 2/3 VUs, 22 complete and 0 interrupted iterations
multi_user   [  92% ] 3 VUs  0m45.2s/5m0s  22/24 iters, 8 per VU

running (0m58.0s), 2/3 VUs, 22 complete and 0 interrupted iterations
multi_user   [  92% ] 3 VUs  0m46.2s/5m0s  22/24 iters, 8 per VU

running (0m59.0s), 2/3 VUs, 22 complete and 0 interrupted iterations
multi_user   [  92% ] 3 VUs  0m47.2s/5m0s  22/24 iters, 8 per VU

running (1m00.0s), 2/3 VUs, 22 complete and 0 interrupted iterations
multi_user   [  92% ] 3 VUs  0m48.2s/5m0s  22/24 iters, 8 per VU

running (1m01.0s), 2/3 VUs, 22 complete and 0 interrupted iterations
multi_user   [  92% ] 3 VUs  0m49.2s/5m0s  22/24 iters, 8 per VU

running (1m02.0s), 1/3 VUs, 23 complete and 0 interrupted iterations
multi_user   [  96% ] 3 VUs  0m50.2s/5m0s  23/24 iters, 8 per VU

running (1m03.0s), 1/3 VUs, 23 complete and 0 interrupted iterations
multi_user   [  96% ] 3 VUs  0m51.2s/5m0s  23/24 iters, 8 per VU

running (1m04.0s), 1/3 VUs, 23 complete and 0 interrupted iterations
multi_user   [  96% ] 3 VUs  0m52.2s/5m0s  23/24 iters, 8 per VU

running (1m05.0s), 1/3 VUs, 23 complete and 0 interrupted iterations
multi_user   [  96% ] 3 VUs  0m53.2s/5m0s  23/24 iters, 8 per VU

running (1m06.0s), 1/3 VUs, 23 complete and 0 interrupted iterations
multi_user   [  96% ] 3 VUs  0m54.2s/5m0s  23/24 iters, 8 per VU

running (1m07.0s), 1/3 VUs, 23 complete and 0 interrupted iterations
multi_user   [  96% ] 3 VUs  0m55.2s/5m0s  23/24 iters, 8 per VU

running (1m08.0s), 1/3 VUs, 23 complete and 0 interrupted iterations
multi_user   [  96% ] 3 VUs  0m56.2s/5m0s  23/24 iters, 8 per VU

running (1m09.0s), 1/3 VUs, 23 complete and 0 interrupted iterations
multi_user   [  96% ] 3 VUs  0m57.2s/5m0s  23/24 iters, 8 per VU

running (1m10.0s), 1/3 VUs, 23 complete and 0 interrupted iterations
multi_user   [  96% ] 3 VUs  0m58.2s/5m0s  23/24 iters, 8 per VU

running (1m11.0s), 1/3 VUs, 23 complete and 0 interrupted iterations
multi_user   [  96% ] 3 VUs  0m59.2s/5m0s  23/24 iters, 8 per VU

running (1m12.0s), 1/3 VUs, 23 complete and 0 interrupted iterations
multi_user   [  96% ] 3 VUs  1m00.2s/5m0s  23/24 iters, 8 per VU

running (1m13.0s), 1/3 VUs, 23 complete and 0 interrupted iterations
multi_user   [  96% ] 3 VUs  1m01.2s/5m0s  23/24 iters, 8 per VU

running (1m14.0s), 1/3 VUs, 23 complete and 0 interrupted iterations
multi_user   [  96% ] 3 VUs  1m02.2s/5m0s  23/24 iters, 8 per VU


  █ THRESHOLDS 

    http_req_failed
    ✓ 'rate<0.3' rate=0.71%

    multi_propagation_all_ms
    ✓ 'p(95)<15000' p(95)=676ms


  █ TOTAL RESULTS 

    checks_total.......: 42      0.56297/s
    checks_succeeded...: 100.00% 42 out of 42
    checks_failed......: 0.00%   0 out of 42

    ✓ Calculator all 3 guests see update
    ✓ Calculator at least one guest sees update
    ✓ Calculator all 5 guests see update
    ✓ Analytics all 3 guests see update
    ✓ Analytics at least one guest sees update
    ✓ Calculator all 10 guests see update
    ✓ Analytics all 5 guests see update
    ✓ Advanced all 3 guests see update
    ✓ Advanced at least one guest sees update
    ✓ Advanced all 5 guests see update
    ✓ DataExchange all 3 guests see update
    ✓ DataExchange at least one guest sees update
    ✓ Analytics all 10 guests see update
    ✓ MonteCarlo all 3 guests see update
    ✓ MonteCarlo at least one guest sees update
    ✓ DataExchange all 5 guests see update
    ✓ Geospatial all 3 guests see update
    ✓ Geospatial at least one guest sees update
    ✓ MonteCarlo all 5 guests see update
    ✓ Advanced all 10 guests see update
    ✓ Geospatial all 5 guests see update
    ✓ DataExchange all 10 guests see update
    ✓ MonteCarlo all 10 guests see update
    ✓ Geospatial all 10 guests see update
    ✓ MLTrainer all 3 guests see update
    ✓ MLTrainer at least one guest sees update
    ✓ MLTrainer all 5 guests see update
    ✓ MLTrainer all 10 guests see update

    CUSTOM
    multi_propagation_all_ms.......: avg=328.57ms min=72ms    med=342ms    max=776ms  p(90)=592ms    p(95)=676ms   
    multi_propagation_first_ms.....: avg=64.14ms  min=35ms    med=43ms     max=273ms  p(90)=94ms     p(95)=95ms    
    multi_success..................: 21     0.281485/s
    multi_timeout..................: 3      0.040212/s

    HTTP
    http_req_duration..............: avg=324.98ms min=33.41ms med=127.73ms max=23.88s p(90)=350.45ms p(95)=468.59ms
      { expected_response:true }...: avg=326.49ms min=33.41ms med=128.01ms max=23.88s p(90)=350.57ms p(95)=470.69ms
    http_req_failed................: 0.71%  3 out of 419
    http_reqs......................: 419    5.616299/s

    EXECUTION
    iteration_duration.............: avg=6.19s    min=1.8s    med=3.61s    max=26.97s p(90)=13.51s   p(95)=22.27s  
    iterations.....................: 24     0.321697/s
    vus............................: 1      min=0        max=3
    vus_max........................: 3      min=3        max=3

    NETWORK
    data_received..................: 691 kB 9.3 kB/s
    data_sent......................: 123 kB 1.6 kB/s




running (1m14.6s), 0/3 VUs, 24 complete and 0 interrupted iterations
multi_user ✓ [ 100% ] 3 VUs  1m02.8s/5m0s  24/24 iters, 8 per VU
