
         /\      Grafana   /‾‾/  
    /\  /  \     |\  __   /  /   
   /  \/    \    | |/ /  /   ‾‾\ 
  /          \   |   (  |  (‾)  |
 / __________ \  |_|\_\  \_____/ 


     execution: local
        script: k6/09-websocket-presence.js
        output: -

     scenarios: (100.00%) 1 scenario, 50 max VUs, 2m30s max duration (incl. graceful stop):
              * ws_presence: Up to 50 looping VUs for 2m0s over 5 stages (gracefulRampDown: 30s, gracefulStop: 30s)


running (0m01.0s), 01/50 VUs, 0 complete and 0 interrupted iterations
ws_presence   [   0% ] 01/50 VUs  0m00.2s/2m00.0s

running (0m02.0s), 01/50 VUs, 0 complete and 0 interrupted iterations
ws_presence   [   1% ] 01/50 VUs  0m01.2s/2m00.0s

running (0m03.0s), 01/50 VUs, 0 complete and 0 interrupted iterations
ws_presence   [   2% ] 01/50 VUs  0m02.2s/2m00.0s

running (0m04.0s), 02/50 VUs, 0 complete and 0 interrupted iterations
ws_presence   [   3% ] 02/50 VUs  0m03.2s/2m00.0s

running (0m05.0s), 02/50 VUs, 0 complete and 0 interrupted iterations
ws_presence   [   4% ] 02/50 VUs  0m04.2s/2m00.0s

running (0m06.0s), 03/50 VUs, 0 complete and 0 interrupted iterations
ws_presence   [   4% ] 03/50 VUs  0m05.2s/2m00.0s

running (0m07.0s), 03/50 VUs, 0 complete and 0 interrupted iterations
ws_presence   [   5% ] 03/50 VUs  0m06.2s/2m00.0s

running (0m08.0s), 04/50 VUs, 0 complete and 0 interrupted iterations
ws_presence   [   6% ] 04/50 VUs  0m07.2s/2m00.0s

running (0m09.0s), 04/50 VUs, 0 complete and 0 interrupted iterations
ws_presence   [   7% ] 04/50 VUs  0m08.2s/2m00.0s

running (0m10.0s), 05/50 VUs, 0 complete and 0 interrupted iterations
ws_presence   [   8% ] 05/50 VUs  0m09.2s/2m00.0s

running (0m11.0s), 05/50 VUs, 1 complete and 0 interrupted iterations
ws_presence   [   9% ] 05/50 VUs  0m10.2s/2m00.0s

running (0m12.0s), 06/50 VUs, 1 complete and 0 interrupted iterations
ws_presence   [   9% ] 06/50 VUs  0m11.2s/2m00.0s

running (0m13.0s), 06/50 VUs, 2 complete and 0 interrupted iterations
ws_presence   [  10% ] 06/50 VUs  0m12.2s/2m00.0s

running (0m14.0s), 06/50 VUs, 2 complete and 0 interrupted iterations
ws_presence   [  11% ] 06/50 VUs  0m13.2s/2m00.0s

running (0m15.0s), 07/50 VUs, 3 complete and 0 interrupted iterations
ws_presence   [  12% ] 07/50 VUs  0m14.2s/2m00.0s

running (0m16.0s), 07/50 VUs, 3 complete and 0 interrupted iterations
ws_presence   [  13% ] 07/50 VUs  0m15.2s/2m00.0s

running (0m17.0s), 08/50 VUs, 3 complete and 0 interrupted iterations
ws_presence   [  14% ] 08/50 VUs  0m16.2s/2m00.0s

running (0m18.0s), 08/50 VUs, 4 complete and 0 interrupted iterations
ws_presence   [  14% ] 08/50 VUs  0m17.2s/2m00.0s

running (0m19.0s), 09/50 VUs, 4 complete and 0 interrupted iterations
ws_presence   [  15% ] 09/50 VUs  0m18.2s/2m00.0s

running (0m20.0s), 09/50 VUs, 6 complete and 0 interrupted iterations
ws_presence   [  16% ] 09/50 VUs  0m19.2s/2m00.0s

running (0m21.0s), 10/50 VUs, 6 complete and 0 interrupted iterations
ws_presence   [  17% ] 10/50 VUs  0m20.2s/2m00.0s

running (0m22.0s), 10/50 VUs, 7 complete and 0 interrupted iterations
ws_presence   [  18% ] 10/50 VUs  0m21.2s/2m00.0s

running (0m23.0s), 11/50 VUs, 8 complete and 0 interrupted iterations
ws_presence   [  19% ] 11/50 VUs  0m22.2s/2m00.0s

running (0m24.0s), 11/50 VUs, 9 complete and 0 interrupted iterations
ws_presence   [  19% ] 11/50 VUs  0m23.2s/2m00.0s

running (0m25.0s), 12/50 VUs, 10 complete and 0 interrupted iterations
ws_presence   [  20% ] 12/50 VUs  0m24.2s/2m00.0s

running (0m26.0s), 12/50 VUs, 11 complete and 0 interrupted iterations
ws_presence   [  21% ] 12/50 VUs  0m25.2s/2m00.0s

running (0m27.0s), 13/50 VUs, 12 complete and 0 interrupted iterations
ws_presence   [  22% ] 13/50 VUs  0m26.2s/2m00.0s

running (0m28.0s), 13/50 VUs, 12 complete and 0 interrupted iterations
ws_presence   [  23% ] 13/50 VUs  0m27.2s/2m00.0s

running (0m29.0s), 14/50 VUs, 14 complete and 0 interrupted iterations
ws_presence   [  24% ] 14/50 VUs  0m28.2s/2m00.0s

running (0m30.0s), 14/50 VUs, 15 complete and 0 interrupted iterations
ws_presence   [  24% ] 14/50 VUs  0m29.2s/2m00.0s

running (0m31.0s), 15/50 VUs, 16 complete and 0 interrupted iterations
ws_presence   [  25% ] 15/50 VUs  0m30.2s/2m00.0s

running (0m32.0s), 15/50 VUs, 18 complete and 0 interrupted iterations
ws_presence   [  26% ] 15/50 VUs  0m31.2s/2m00.0s

running (0m33.0s), 16/50 VUs, 19 complete and 0 interrupted iterations
ws_presence   [  27% ] 16/50 VUs  0m32.2s/2m00.0s

running (0m34.0s), 16/50 VUs, 21 complete and 0 interrupted iterations
ws_presence   [  28% ] 16/50 VUs  0m33.2s/2m00.0s

running (0m35.0s), 17/50 VUs, 22 complete and 0 interrupted iterations
ws_presence   [  29% ] 17/50 VUs  0m34.2s/2m00.0s

running (0m36.0s), 17/50 VUs, 23 complete and 0 interrupted iterations
ws_presence   [  29% ] 17/50 VUs  0m35.2s/2m00.0s

running (0m37.0s), 18/50 VUs, 25 complete and 0 interrupted iterations
ws_presence   [  30% ] 18/50 VUs  0m36.2s/2m00.0s

running (0m38.0s), 18/50 VUs, 26 complete and 0 interrupted iterations
ws_presence   [  31% ] 18/50 VUs  0m37.2s/2m00.0s

running (0m39.0s), 19/50 VUs, 28 complete and 0 interrupted iterations
ws_presence   [  32% ] 19/50 VUs  0m38.2s/2m00.0s

running (0m40.0s), 19/50 VUs, 30 complete and 0 interrupted iterations
ws_presence   [  33% ] 19/50 VUs  0m39.2s/2m00.0s

running (0m41.0s), 20/50 VUs, 32 complete and 0 interrupted iterations
ws_presence   [  34% ] 20/50 VUs  0m40.2s/2m00.0s

running (0m42.0s), 20/50 VUs, 34 complete and 0 interrupted iterations
ws_presence   [  34% ] 20/50 VUs  0m41.2s/2m00.0s

running (0m43.0s), 21/50 VUs, 36 complete and 0 interrupted iterations
ws_presence   [  35% ] 21/50 VUs  0m42.2s/2m00.0s

running (0m44.0s), 21/50 VUs, 38 complete and 0 interrupted iterations
ws_presence   [  36% ] 21/50 VUs  0m43.2s/2m00.0s

running (0m45.0s), 22/50 VUs, 39 complete and 0 interrupted iterations
ws_presence   [  37% ] 22/50 VUs  0m44.2s/2m00.0s

running (0m46.0s), 22/50 VUs, 42 complete and 0 interrupted iterations
ws_presence   [  38% ] 22/50 VUs  0m45.2s/2m00.0s

running (0m47.0s), 23/50 VUs, 43 complete and 0 interrupted iterations
ws_presence   [  39% ] 23/50 VUs  0m46.2s/2m00.0s

running (0m48.0s), 23/50 VUs, 45 complete and 0 interrupted iterations
ws_presence   [  39% ] 23/50 VUs  0m47.2s/2m00.0s

running (0m49.0s), 24/50 VUs, 48 complete and 0 interrupted iterations
ws_presence   [  40% ] 24/50 VUs  0m48.2s/2m00.0s

running (0m50.0s), 24/50 VUs, 50 complete and 0 interrupted iterations
ws_presence   [  41% ] 24/50 VUs  0m49.2s/2m00.0s

running (0m51.0s), 25/50 VUs, 53 complete and 0 interrupted iterations
ws_presence   [  42% ] 25/50 VUs  0m50.2s/2m00.0s

running (0m52.0s), 26/50 VUs, 55 complete and 0 interrupted iterations
ws_presence   [  43% ] 26/50 VUs  0m51.2s/2m00.0s

running (0m53.0s), 26/50 VUs, 57 complete and 0 interrupted iterations
ws_presence   [  44% ] 26/50 VUs  0m52.2s/2m00.0s

running (0m54.0s), 27/50 VUs, 60 complete and 0 interrupted iterations
ws_presence   [  44% ] 27/50 VUs  0m53.2s/2m00.0s

running (0m55.0s), 28/50 VUs, 62 complete and 0 interrupted iterations
ws_presence   [  45% ] 28/50 VUs  0m54.2s/2m00.0s

running (0m56.0s), 29/50 VUs, 65 complete and 0 interrupted iterations
ws_presence   [  46% ] 29/50 VUs  0m55.2s/2m00.0s

running (0m57.0s), 30/50 VUs, 67 complete and 0 interrupted iterations
ws_presence   [  47% ] 30/50 VUs  0m56.2s/2m00.0s

running (0m58.0s), 31/50 VUs, 70 complete and 0 interrupted iterations
ws_presence   [  48% ] 31/50 VUs  0m57.2s/2m00.0s

running (0m59.0s), 31/50 VUs, 72 complete and 0 interrupted iterations
ws_presence   [  49% ] 31/50 VUs  0m58.2s/2m00.0s

running (1m00.0s), 32/50 VUs, 76 complete and 0 interrupted iterations
ws_presence   [  49% ] 32/50 VUs  0m59.2s/2m00.0s

running (1m01.0s), 33/50 VUs, 78 complete and 0 interrupted iterations
ws_presence   [  50% ] 33/50 VUs  1m00.2s/2m00.0s

running (1m02.0s), 34/50 VUs, 82 complete and 0 interrupted iterations
ws_presence   [  51% ] 34/50 VUs  1m01.2s/2m00.0s

running (1m03.0s), 35/50 VUs, 85 complete and 0 interrupted iterations
ws_presence   [  52% ] 35/50 VUs  1m02.2s/2m00.0s

running (1m04.0s), 36/50 VUs, 89 complete and 0 interrupted iterations
ws_presence   [  53% ] 36/50 VUs  1m03.2s/2m00.0s

running (1m05.0s), 36/50 VUs, 91 complete and 0 interrupted iterations
ws_presence   [  54% ] 36/50 VUs  1m04.2s/2m00.0s

running (1m06.0s), 37/50 VUs, 95 complete and 0 interrupted iterations
ws_presence   [  54% ] 37/50 VUs  1m05.2s/2m00.0s

running (1m07.0s), 38/50 VUs, 97 complete and 0 interrupted iterations
ws_presence   [  55% ] 38/50 VUs  1m06.2s/2m00.0s

running (1m08.0s), 39/50 VUs, 103 complete and 0 interrupted iterations
ws_presence   [  56% ] 39/50 VUs  1m07.2s/2m00.0s

running (1m09.0s), 40/50 VUs, 105 complete and 0 interrupted iterations
ws_presence   [  57% ] 40/50 VUs  1m08.2s/2m00.0s

running (1m10.0s), 41/50 VUs, 110 complete and 0 interrupted iterations
ws_presence   [  58% ] 41/50 VUs  1m09.2s/2m00.0s

running (1m11.0s), 41/50 VUs, 112 complete and 0 interrupted iterations
ws_presence   [  59% ] 41/50 VUs  1m10.2s/2m00.0s

running (1m12.0s), 42/50 VUs, 117 complete and 0 interrupted iterations
ws_presence   [  59% ] 42/50 VUs  1m11.2s/2m00.0s

running (1m13.0s), 43/50 VUs, 121 complete and 0 interrupted iterations
ws_presence   [  60% ] 43/50 VUs  1m12.2s/2m00.0s

running (1m14.0s), 44/50 VUs, 126 complete and 0 interrupted iterations
ws_presence   [  61% ] 44/50 VUs  1m13.2s/2m00.0s

running (1m15.0s), 45/50 VUs, 130 complete and 0 interrupted iterations
ws_presence   [  62% ] 45/50 VUs  1m14.2s/2m00.0s

running (1m16.0s), 46/50 VUs, 134 complete and 0 interrupted iterations
ws_presence   [  63% ] 46/50 VUs  1m15.2s/2m00.0s

running (1m17.0s), 46/50 VUs, 137 complete and 0 interrupted iterations
ws_presence   [  64% ] 46/50 VUs  1m16.2s/2m00.0s

running (1m18.0s), 47/50 VUs, 142 complete and 0 interrupted iterations
ws_presence   [  64% ] 47/50 VUs  1m17.2s/2m00.0s

running (1m19.0s), 48/50 VUs, 147 complete and 0 interrupted iterations
ws_presence   [  65% ] 48/50 VUs  1m18.2s/2m00.0s

running (1m20.0s), 49/50 VUs, 152 complete and 0 interrupted iterations
ws_presence   [  66% ] 49/50 VUs  1m19.2s/2m00.0s

running (1m21.0s), 50/50 VUs, 157 complete and 0 interrupted iterations
ws_presence   [  67% ] 50/50 VUs  1m20.2s/2m00.0s

running (1m22.0s), 50/50 VUs, 163 complete and 0 interrupted iterations
ws_presence   [  68% ] 50/50 VUs  1m21.2s/2m00.0s

running (1m23.0s), 50/50 VUs, 165 complete and 0 interrupted iterations
ws_presence   [  69% ] 50/50 VUs  1m22.2s/2m00.0s

running (1m24.0s), 50/50 VUs, 170 complete and 0 interrupted iterations
ws_presence   [  69% ] 50/50 VUs  1m23.2s/2m00.0s

running (1m25.0s), 50/50 VUs, 176 complete and 0 interrupted iterations
ws_presence   [  70% ] 50/50 VUs  1m24.2s/2m00.0s

running (1m26.0s), 49/50 VUs, 181 complete and 0 interrupted iterations
ws_presence   [  71% ] 49/50 VUs  1m25.2s/2m00.0s

running (1m27.0s), 48/50 VUs, 187 complete and 0 interrupted iterations
ws_presence   [  72% ] 48/50 VUs  1m26.2s/2m00.0s

running (1m28.0s), 47/50 VUs, 193 complete and 0 interrupted iterations
ws_presence   [  73% ] 47/50 VUs  1m27.2s/2m00.0s

running (1m29.0s), 47/50 VUs, 196 complete and 0 interrupted iterations
ws_presence   [  74% ] 47/50 VUs  1m28.2s/2m00.0s

running (1m30.0s), 45/50 VUs, 202 complete and 0 interrupted iterations
ws_presence   [  74% ] 45/50 VUs  1m29.2s/2m00.0s

running (1m31.0s), 43/50 VUs, 209 complete and 0 interrupted iterations
ws_presence   [  75% ] 43/50 VUs  1m30.2s/2m00.0s

running (1m32.0s), 42/50 VUs, 214 complete and 0 interrupted iterations
ws_presence   [  76% ] 42/50 VUs  1m31.2s/2m00.0s

running (1m33.0s), 41/50 VUs, 220 complete and 0 interrupted iterations
ws_presence   [  77% ] 41/50 VUs  1m32.2s/2m00.0s

running (1m34.0s), 39/50 VUs, 225 complete and 0 interrupted iterations
ws_presence   [  78% ] 39/50 VUs  1m33.2s/2m00.0s

running (1m35.0s), 39/50 VUs, 227 complete and 0 interrupted iterations
ws_presence   [  79% ] 39/50 VUs  1m34.2s/2m00.0s

running (1m36.0s), 38/50 VUs, 232 complete and 0 interrupted iterations
ws_presence   [  79% ] 38/50 VUs  1m35.2s/2m00.0s

running (1m37.0s), 37/50 VUs, 237 complete and 0 interrupted iterations
ws_presence   [  80% ] 37/50 VUs  1m36.2s/2m00.0s

running (1m38.0s), 35/50 VUs, 241 complete and 0 interrupted iterations
ws_presence   [  81% ] 35/50 VUs  1m37.2s/2m00.0s

running (1m39.0s), 34/50 VUs, 245 complete and 0 interrupted iterations
ws_presence   [  82% ] 34/50 VUs  1m38.2s/2m00.0s

running (1m40.0s), 33/50 VUs, 249 complete and 0 interrupted iterations
ws_presence   [  83% ] 33/50 VUs  1m39.2s/2m00.0s

running (1m41.0s), 33/50 VUs, 251 complete and 0 interrupted iterations
ws_presence   [  84% ] 33/50 VUs  1m40.2s/2m00.0s

running (1m42.0s), 31/50 VUs, 256 complete and 0 interrupted iterations
ws_presence   [  84% ] 31/50 VUs  1m41.2s/2m00.0s

running (1m43.0s), 30/50 VUs, 259 complete and 0 interrupted iterations
ws_presence   [  85% ] 30/50 VUs  1m42.2s/2m00.0s

running (1m44.0s), 29/50 VUs, 263 complete and 0 interrupted iterations
ws_presence   [  86% ] 29/50 VUs  1m43.2s/2m00.0s

running (1m45.0s), 27/50 VUs, 266 complete and 0 interrupted iterations
ws_presence   [  87% ] 27/50 VUs  1m44.2s/2m00.0s

running (1m46.0s), 26/50 VUs, 270 complete and 0 interrupted iterations
ws_presence   [  88% ] 26/50 VUs  1m45.2s/2m00.0s

running (1m47.0s), 25/50 VUs, 273 complete and 0 interrupted iterations
ws_presence   [  89% ] 25/50 VUs  1m46.2s/2m00.0s

running (1m48.0s), 24/50 VUs, 276 complete and 0 interrupted iterations
ws_presence   [  89% ] 24/50 VUs  1m47.2s/2m00.0s

running (1m49.0s), 24/50 VUs, 277 complete and 0 interrupted iterations
ws_presence   [  90% ] 24/50 VUs  1m48.2s/2m00.0s

running (1m50.0s), 21/50 VUs, 282 complete and 0 interrupted iterations
ws_presence   [  91% ] 21/50 VUs  1m49.2s/2m00.0s

running (1m51.0s), 21/50 VUs, 283 complete and 0 interrupted iterations
ws_presence   [  92% ] 21/50 VUs  1m50.2s/2m00.0s

running (1m52.0s), 19/50 VUs, 286 complete and 0 interrupted iterations
ws_presence   [  93% ] 19/50 VUs  1m51.2s/2m00.0s

running (1m53.0s), 18/50 VUs, 289 complete and 0 interrupted iterations
ws_presence   [  94% ] 18/50 VUs  1m52.2s/2m00.0s

running (1m54.0s), 17/50 VUs, 290 complete and 0 interrupted iterations
ws_presence   [  94% ] 17/50 VUs  1m53.2s/2m00.0s

running (1m55.0s), 17/50 VUs, 291 complete and 0 interrupted iterations
ws_presence   [  95% ] 17/50 VUs  1m54.2s/2m00.0s

running (1m56.0s), 15/50 VUs, 295 complete and 0 interrupted iterations
ws_presence   [  96% ] 15/50 VUs  1m55.2s/2m00.0s

running (1m57.0s), 15/50 VUs, 295 complete and 0 interrupted iterations
ws_presence   [  97% ] 15/50 VUs  1m56.2s/2m00.0s

running (1m58.0s), 14/50 VUs, 298 complete and 0 interrupted iterations
ws_presence   [  98% ] 14/50 VUs  1m57.2s/2m00.0s

running (1m59.0s), 13/50 VUs, 299 complete and 0 interrupted iterations
ws_presence   [  99% ] 13/50 VUs  1m58.2s/2m00.0s

running (2m00.0s), 12/50 VUs, 300 complete and 0 interrupted iterations
ws_presence   [  99% ] 12/50 VUs  1m59.2s/2m00.0s

running (2m01.0s), 09/50 VUs, 303 complete and 0 interrupted iterations
ws_presence ↓ [ 100% ] 09/50 VUs  2m0s

running (2m02.0s), 08/50 VUs, 304 complete and 0 interrupted iterations
ws_presence ↓ [ 100% ] 09/50 VUs  2m0s

running (2m03.0s), 06/50 VUs, 305 complete and 1 interrupted iterations
ws_presence ↓ [ 100% ] 09/50 VUs  2m0s

running (2m04.0s), 05/50 VUs, 306 complete and 1 interrupted iterations
ws_presence ↓ [ 100% ] 09/50 VUs  2m0s

running (2m05.0s), 04/50 VUs, 307 complete and 1 interrupted iterations
ws_presence ↓ [ 100% ] 09/50 VUs  2m0s

running (2m06.0s), 03/50 VUs, 308 complete and 1 interrupted iterations
ws_presence ↓ [ 100% ] 09/50 VUs  2m0s

running (2m07.0s), 02/50 VUs, 309 complete and 1 interrupted iterations
ws_presence ↓ [ 100% ] 09/50 VUs  2m0s

running (2m08.0s), 01/50 VUs, 310 complete and 1 interrupted iterations
ws_presence ↓ [ 100% ] 09/50 VUs  2m0s

running (2m09.0s), 01/50 VUs, 310 complete and 1 interrupted iterations
ws_presence ↓ [ 100% ] 09/50 VUs  2m0s

running (2m10.0s), 01/50 VUs, 310 complete and 1 interrupted iterations
ws_presence ↓ [ 100% ] 09/50 VUs  2m0s

running (2m11.0s), 01/50 VUs, 310 complete and 1 interrupted iterations
ws_presence ↓ [ 100% ] 09/50 VUs  2m0s

running (2m12.0s), 01/50 VUs, 310 complete and 1 interrupted iterations
ws_presence ↓ [ 100% ] 09/50 VUs  2m0s

running (2m13.0s), 01/50 VUs, 310 complete and 1 interrupted iterations
ws_presence ↓ [ 100% ] 09/50 VUs  2m0s

running (2m14.0s), 01/50 VUs, 310 complete and 1 interrupted iterations
ws_presence ↓ [ 100% ] 09/50 VUs  2m0s

running (2m15.0s), 01/50 VUs, 310 complete and 1 interrupted iterations
ws_presence ↓ [ 100% ] 09/50 VUs  2m0s

running (2m16.0s), 01/50 VUs, 310 complete and 1 interrupted iterations
ws_presence ↓ [ 100% ] 09/50 VUs  2m0s

running (2m17.0s), 01/50 VUs, 310 complete and 1 interrupted iterations
ws_presence ↓ [ 100% ] 09/50 VUs  2m0s

running (2m18.0s), 00/50 VUs, 311 complete and 1 interrupted iterations
ws_presence ✓ [ 100% ] 00/50 VUs  2m0s


  █ THRESHOLDS 

    ws_connect_ms
    ✓ 'p(95)<5000' p(95)=127ms

    ws_join_roundtrip_ms
    ✓ 'p(95)<3000' p(95)=52ms


  █ TOTAL RESULTS 

    checks_total.......: 624    4.522273/s
    checks_succeeded...: 99.03% 618 out of 624
    checks_failed......: 0.96%  6 out of 624

    ✗ WebSocket connected
      ↳  99% — ✓ 309 / ✗ 3
    ✗ JOIN roundtrip received
      ↳  99% — ✓ 309 / ✗ 3

    HTTP
    http_req_duration..............: avg=66.92ms  min=43.38ms med=46.76ms max=201.12ms p(90)=119.67ms p(95)=160.4ms
      { expected_response:true }...: avg=66.92ms  min=43.38ms med=46.76ms max=201.12ms p(90)=119.67ms p(95)=160.4ms
    http_req_failed................: 0.00%  0 out of 11
    http_reqs......................: 11     0.07972/s

    EXECUTION
    iteration_duration.............: avg=9.71s    min=9.56s   med=9.57s   max=31s      p(90)=9.58s    p(95)=9.58s  
    iterations.....................: 311    2.253889/s
    vus............................: 1      min=1       max=50
    vus_max........................: 50     min=50      max=50

    NETWORK
    data_received..................: 1.1 MB 7.7 kB/s
    data_sent......................: 276 kB 2.0 kB/s

    WEBSOCKET
    ws_connect_ms..................: avg=115.59ms min=97ms    med=115ms   max=139ms    p(90)=124ms    p(95)=127ms  
    ws_connecting..................: avg=364.46ms min=61.17ms med=76.43ms max=30s      p(90)=84.11ms  p(95)=86.18ms
    ws_connections.................: 309    2.239395/s
    ws_errors......................: 3      0.021742/s
    ws_join_roundtrip_ms...........: avg=46.9ms   min=37ms    med=47ms    max=63ms     p(90)=51ms     p(95)=52ms   
    ws_messages_received...........: 3169   22.96648/s
    ws_msgs_received...............: 3787   27.445269/s
    ws_msgs_sent...................: 1545   11.196974/s
    ws_session_duration............: avg=8.78s    min=8.56s   med=8.57s   max=30s      p(90)=8.58s    p(95)=8.58s  
    ws_sessions....................: 312    2.261137/s




running (2m18.0s), 00/50 VUs, 311 complete and 1 interrupted iterations
ws_presence ✓ [ 100% ] 00/50 VUs  2m0s
