
         /\      Grafana   /‾‾/  
    /\  /  \     |\  __   /  /   
   /  \/    \    | |/ /  /   ‾‾\ 
  /          \   |   (  |  (‾)  |
 / __________ \  |_|\_\  \_____/ 

     execution: local
        script: k6/01-state-relay-latency.js
        output: -

     scenarios: (100.00%) 1 scenario, 20 max VUs, 4m30s max duration (incl. graceful stop):
              * relay_latency: Up to 20 looping VUs for 4m0s over 5 stages (gracefulRampDown: 30s, gracefulStop: 30s)

time="2026-06-11T21:28:52Z" level=info msg="Health check passed. 8 apps registered." source=console

running (0m01.0s), 01/20 VUs, 0 complete and 0 interrupted iterations
relay_latency   [   0% ] 01/20 VUs  0m00.8s/4m00.0s

running (0m02.0s), 01/20 VUs, 0 complete and 0 interrupted iterations
relay_latency   [   1% ] 01/20 VUs  0m01.8s/4m00.0s

running (0m03.0s), 01/20 VUs, 0 complete and 0 interrupted iterations
relay_latency   [   1% ] 01/20 VUs  0m02.8s/4m00.0s

running (0m04.0s), 01/20 VUs, 0 complete and 0 interrupted iterations
relay_latency   [   2% ] 01/20 VUs  0m03.8s/4m00.0s

running (0m05.0s), 01/20 VUs, 0 complete and 0 interrupted iterations
relay_latency   [   2% ] 01/20 VUs  0m04.8s/4m00.0s

running (0m06.0s), 01/20 VUs, 0 complete and 0 interrupted iterations
relay_latency   [   2% ] 01/20 VUs  0m05.8s/4m00.0s

running (0m07.0s), 01/20 VUs, 0 complete and 0 interrupted iterations
relay_latency   [   3% ] 01/20 VUs  0m06.8s/4m00.0s

running (0m08.0s), 02/20 VUs, 0 complete and 0 interrupted iterations
relay_latency   [   3% ] 02/20 VUs  0m07.8s/4m00.0s

running (0m09.0s), 02/20 VUs, 0 complete and 0 interrupted iterations
relay_latency   [   4% ] 02/20 VUs  0m08.8s/4m00.0s

running (0m10.0s), 02/20 VUs, 0 complete and 0 interrupted iterations
relay_latency   [   4% ] 02/20 VUs  0m09.8s/4m00.0s

running (0m11.0s), 02/20 VUs, 0 complete and 0 interrupted iterations
relay_latency   [   4% ] 02/20 VUs  0m10.8s/4m00.0s

running (0m12.0s), 02/20 VUs, 0 complete and 0 interrupted iterations
relay_latency   [   5% ] 02/20 VUs  0m11.8s/4m00.0s

running (0m13.0s), 02/20 VUs, 0 complete and 0 interrupted iterations
relay_latency   [   5% ] 02/20 VUs  0m12.8s/4m00.0s

running (0m14.0s), 02/20 VUs, 0 complete and 0 interrupted iterations
relay_latency   [   6% ] 02/20 VUs  0m13.8s/4m00.0s

running (0m15.0s), 02/20 VUs, 0 complete and 0 interrupted iterations
relay_latency   [   6% ] 02/20 VUs  0m14.8s/4m00.0s

running (0m16.0s), 03/20 VUs, 0 complete and 0 interrupted iterations
relay_latency   [   7% ] 03/20 VUs  0m15.8s/4m00.0s

running (0m17.0s), 03/20 VUs, 0 complete and 0 interrupted iterations
relay_latency   [   7% ] 03/20 VUs  0m16.8s/4m00.0s

running (0m18.0s), 03/20 VUs, 0 complete and 0 interrupted iterations
relay_latency   [   7% ] 03/20 VUs  0m17.8s/4m00.0s

running (0m19.0s), 03/20 VUs, 0 complete and 0 interrupted iterations
relay_latency   [   8% ] 03/20 VUs  0m18.8s/4m00.0s

running (0m20.0s), 03/20 VUs, 0 complete and 0 interrupted iterations
relay_latency   [   8% ] 03/20 VUs  0m19.8s/4m00.0s

running (0m21.0s), 03/20 VUs, 0 complete and 0 interrupted iterations
relay_latency   [   9% ] 03/20 VUs  0m20.8s/4m00.0s

running (0m22.0s), 03/20 VUs, 0 complete and 0 interrupted iterations
relay_latency   [   9% ] 03/20 VUs  0m21.8s/4m00.0s

running (0m23.0s), 04/20 VUs, 0 complete and 0 interrupted iterations
relay_latency   [   9% ] 04/20 VUs  0m22.8s/4m00.0s

running (0m24.0s), 04/20 VUs, 0 complete and 0 interrupted iterations
relay_latency   [  10% ] 04/20 VUs  0m23.8s/4m00.0s

running (0m25.0s), 04/20 VUs, 0 complete and 0 interrupted iterations
relay_latency   [  10% ] 04/20 VUs  0m24.8s/4m00.0s

running (0m26.0s), 04/20 VUs, 0 complete and 0 interrupted iterations
relay_latency   [  11% ] 04/20 VUs  0m25.8s/4m00.0s

running (0m27.0s), 04/20 VUs, 0 complete and 0 interrupted iterations
relay_latency   [  11% ] 04/20 VUs  0m26.8s/4m00.0s

running (0m28.0s), 04/20 VUs, 1 complete and 0 interrupted iterations
relay_latency   [  12% ] 04/20 VUs  0m27.8s/4m00.0s

running (0m29.0s), 04/20 VUs, 1 complete and 0 interrupted iterations
relay_latency   [  12% ] 04/20 VUs  0m28.8s/4m00.0s

running (0m30.0s), 04/20 VUs, 1 complete and 0 interrupted iterations
relay_latency   [  12% ] 04/20 VUs  0m29.8s/4m00.0s

running (0m31.0s), 05/20 VUs, 1 complete and 0 interrupted iterations
relay_latency   [  13% ] 05/20 VUs  0m30.8s/4m00.0s

running (0m32.0s), 05/20 VUs, 1 complete and 0 interrupted iterations
relay_latency   [  13% ] 05/20 VUs  0m31.8s/4m00.0s

running (0m33.0s), 05/20 VUs, 1 complete and 0 interrupted iterations
relay_latency   [  14% ] 05/20 VUs  0m32.8s/4m00.0s

running (0m34.0s), 05/20 VUs, 1 complete and 0 interrupted iterations
relay_latency   [  14% ] 05/20 VUs  0m33.8s/4m00.0s

running (0m35.0s), 05/20 VUs, 1 complete and 0 interrupted iterations
relay_latency   [  14% ] 05/20 VUs  0m34.8s/4m00.0s

running (0m36.0s), 05/20 VUs, 1 complete and 0 interrupted iterations
relay_latency   [  15% ] 05/20 VUs  0m35.8s/4m00.0s

running (0m37.0s), 05/20 VUs, 1 complete and 0 interrupted iterations
relay_latency   [  15% ] 05/20 VUs  0m36.8s/4m00.0s

running (0m38.0s), 05/20 VUs, 1 complete and 0 interrupted iterations
relay_latency   [  16% ] 05/20 VUs  0m37.8s/4m00.0s

running (0m39.0s), 05/20 VUs, 1 complete and 0 interrupted iterations
relay_latency   [  16% ] 05/20 VUs  0m38.8s/4m00.0s

running (0m40.0s), 05/20 VUs, 1 complete and 0 interrupted iterations
relay_latency   [  17% ] 05/20 VUs  0m39.8s/4m00.0s

running (0m41.0s), 05/20 VUs, 2 complete and 0 interrupted iterations
relay_latency   [  17% ] 05/20 VUs  0m40.8s/4m00.0s

running (0m42.0s), 05/20 VUs, 2 complete and 0 interrupted iterations
relay_latency   [  17% ] 05/20 VUs  0m41.8s/4m00.0s

running (0m43.0s), 06/20 VUs, 2 complete and 0 interrupted iterations
relay_latency   [  18% ] 06/20 VUs  0m42.8s/4m00.0s

running (0m44.0s), 06/20 VUs, 2 complete and 0 interrupted iterations
relay_latency   [  18% ] 06/20 VUs  0m43.8s/4m00.0s

running (0m45.0s), 06/20 VUs, 2 complete and 0 interrupted iterations
relay_latency   [  19% ] 06/20 VUs  0m44.8s/4m00.0s

running (0m46.0s), 06/20 VUs, 2 complete and 0 interrupted iterations
relay_latency   [  19% ] 06/20 VUs  0m45.8s/4m00.0s

running (0m47.0s), 06/20 VUs, 2 complete and 0 interrupted iterations
relay_latency   [  19% ] 06/20 VUs  0m46.8s/4m00.0s

running (0m48.0s), 06/20 VUs, 2 complete and 0 interrupted iterations
relay_latency   [  20% ] 06/20 VUs  0m47.8s/4m00.0s

running (0m49.0s), 06/20 VUs, 2 complete and 0 interrupted iterations
relay_latency   [  20% ] 06/20 VUs  0m48.8s/4m00.0s

running (0m50.0s), 06/20 VUs, 2 complete and 0 interrupted iterations
relay_latency   [  21% ] 06/20 VUs  0m49.8s/4m00.0s

running (0m51.0s), 06/20 VUs, 2 complete and 0 interrupted iterations
relay_latency   [  21% ] 06/20 VUs  0m50.8s/4m00.0s

running (0m52.0s), 06/20 VUs, 2 complete and 0 interrupted iterations
relay_latency   [  22% ] 06/20 VUs  0m51.8s/4m00.0s

running (0m53.0s), 06/20 VUs, 2 complete and 0 interrupted iterations
relay_latency   [  22% ] 06/20 VUs  0m52.8s/4m00.0s

running (0m54.0s), 06/20 VUs, 3 complete and 0 interrupted iterations
relay_latency   [  22% ] 06/20 VUs  0m53.8s/4m00.0s

running (0m55.0s), 07/20 VUs, 3 complete and 0 interrupted iterations
relay_latency   [  23% ] 07/20 VUs  0m54.8s/4m00.0s

running (0m56.0s), 07/20 VUs, 3 complete and 0 interrupted iterations
relay_latency   [  23% ] 07/20 VUs  0m55.8s/4m00.0s

running (0m57.0s), 07/20 VUs, 3 complete and 0 interrupted iterations
relay_latency   [  24% ] 07/20 VUs  0m56.8s/4m00.0s

running (0m58.0s), 07/20 VUs, 4 complete and 0 interrupted iterations
relay_latency   [  24% ] 07/20 VUs  0m57.8s/4m00.0s

running (0m59.0s), 07/20 VUs, 4 complete and 0 interrupted iterations
relay_latency   [  24% ] 07/20 VUs  0m58.8s/4m00.0s

running (1m00.0s), 07/20 VUs, 4 complete and 0 interrupted iterations
relay_latency   [  25% ] 07/20 VUs  0m59.8s/4m00.0s

running (1m01.0s), 07/20 VUs, 4 complete and 0 interrupted iterations
relay_latency   [  25% ] 07/20 VUs  1m00.8s/4m00.0s

running (1m02.0s), 07/20 VUs, 4 complete and 0 interrupted iterations
relay_latency   [  26% ] 07/20 VUs  1m01.8s/4m00.0s

running (1m03.0s), 07/20 VUs, 4 complete and 0 interrupted iterations
relay_latency   [  26% ] 07/20 VUs  1m02.8s/4m00.0s

running (1m04.0s), 07/20 VUs, 4 complete and 0 interrupted iterations
relay_latency   [  27% ] 07/20 VUs  1m03.8s/4m00.0s

running (1m05.0s), 07/20 VUs, 4 complete and 0 interrupted iterations
relay_latency   [  27% ] 07/20 VUs  1m04.8s/4m00.0s

running (1m06.0s), 07/20 VUs, 4 complete and 0 interrupted iterations
relay_latency   [  27% ] 07/20 VUs  1m05.8s/4m00.0s

running (1m07.0s), 08/20 VUs, 4 complete and 0 interrupted iterations
relay_latency   [  28% ] 08/20 VUs  1m06.8s/4m00.0s

running (1m08.0s), 08/20 VUs, 5 complete and 0 interrupted iterations
relay_latency   [  28% ] 08/20 VUs  1m07.8s/4m00.0s

running (1m09.0s), 08/20 VUs, 5 complete and 0 interrupted iterations
relay_latency   [  29% ] 08/20 VUs  1m08.8s/4m00.0s

running (1m10.0s), 08/20 VUs, 6 complete and 0 interrupted iterations
relay_latency   [  29% ] 08/20 VUs  1m09.8s/4m00.0s

running (1m11.0s), 08/20 VUs, 6 complete and 0 interrupted iterations
relay_latency   [  29% ] 08/20 VUs  1m10.8s/4m00.0s

running (1m12.0s), 08/20 VUs, 6 complete and 0 interrupted iterations
relay_latency   [  30% ] 08/20 VUs  1m11.8s/4m00.0s

running (1m13.0s), 08/20 VUs, 6 complete and 0 interrupted iterations
relay_latency   [  30% ] 08/20 VUs  1m12.8s/4m00.0s

running (1m14.0s), 08/20 VUs, 6 complete and 0 interrupted iterations
relay_latency   [  31% ] 08/20 VUs  1m13.8s/4m00.0s

running (1m15.0s), 08/20 VUs, 6 complete and 0 interrupted iterations
relay_latency   [  31% ] 08/20 VUs  1m14.8s/4m00.0s

running (1m16.0s), 08/20 VUs, 6 complete and 0 interrupted iterations
relay_latency   [  32% ] 08/20 VUs  1m15.8s/4m00.0s

running (1m17.0s), 08/20 VUs, 6 complete and 0 interrupted iterations
relay_latency   [  32% ] 08/20 VUs  1m16.8s/4m00.0s

running (1m18.0s), 08/20 VUs, 6 complete and 0 interrupted iterations
relay_latency   [  32% ] 08/20 VUs  1m17.8s/4m00.0s

running (1m19.0s), 09/20 VUs, 6 complete and 0 interrupted iterations
relay_latency   [  33% ] 09/20 VUs  1m18.8s/4m00.0s

running (1m20.0s), 09/20 VUs, 7 complete and 0 interrupted iterations
relay_latency   [  33% ] 09/20 VUs  1m19.8s/4m00.0s

running (1m21.0s), 09/20 VUs, 7 complete and 0 interrupted iterations
relay_latency   [  34% ] 09/20 VUs  1m20.8s/4m00.0s

running (1m22.0s), 09/20 VUs, 7 complete and 0 interrupted iterations
relay_latency   [  34% ] 09/20 VUs  1m21.8s/4m00.0s

running (1m23.0s), 09/20 VUs, 7 complete and 0 interrupted iterations
relay_latency   [  34% ] 09/20 VUs  1m22.8s/4m00.0s

running (1m24.0s), 09/20 VUs, 7 complete and 0 interrupted iterations
relay_latency   [  35% ] 09/20 VUs  1m23.8s/4m00.0s

running (1m25.0s), 09/20 VUs, 8 complete and 0 interrupted iterations
relay_latency   [  35% ] 09/20 VUs  1m24.8s/4m00.0s

running (1m26.0s), 09/20 VUs, 8 complete and 0 interrupted iterations
relay_latency   [  36% ] 09/20 VUs  1m25.8s/4m00.0s

running (1m27.0s), 09/20 VUs, 8 complete and 0 interrupted iterations
relay_latency   [  36% ] 09/20 VUs  1m26.8s/4m00.0s

running (1m28.0s), 09/20 VUs, 8 complete and 0 interrupted iterations
relay_latency   [  37% ] 09/20 VUs  1m27.8s/4m00.0s

running (1m29.0s), 09/20 VUs, 8 complete and 0 interrupted iterations
relay_latency   [  37% ] 09/20 VUs  1m28.8s/4m00.0s

running (1m30.0s), 09/20 VUs, 8 complete and 0 interrupted iterations
relay_latency   [  37% ] 09/20 VUs  1m29.8s/4m00.0s

running (1m31.0s), 10/20 VUs, 8 complete and 0 interrupted iterations
relay_latency   [  38% ] 10/20 VUs  1m30.8s/4m00.0s

running (1m32.0s), 10/20 VUs, 8 complete and 0 interrupted iterations
relay_latency   [  38% ] 10/20 VUs  1m31.8s/4m00.0s

running (1m33.0s), 10/20 VUs, 8 complete and 0 interrupted iterations
relay_latency   [  39% ] 10/20 VUs  1m32.8s/4m00.0s

running (1m34.0s), 10/20 VUs, 9 complete and 0 interrupted iterations
relay_latency   [  39% ] 10/20 VUs  1m33.8s/4m00.0s

running (1m35.0s), 10/20 VUs, 9 complete and 0 interrupted iterations
relay_latency   [  39% ] 10/20 VUs  1m34.8s/4m00.0s

running (1m36.0s), 10/20 VUs, 9 complete and 0 interrupted iterations
relay_latency   [  40% ] 10/20 VUs  1m35.8s/4m00.0s

running (1m37.0s), 11/20 VUs, 10 complete and 0 interrupted iterations
relay_latency   [  40% ] 11/20 VUs  1m36.8s/4m00.0s

running (1m38.0s), 11/20 VUs, 10 complete and 0 interrupted iterations
relay_latency   [  41% ] 11/20 VUs  1m37.8s/4m00.0s

running (1m39.0s), 11/20 VUs, 10 complete and 0 interrupted iterations
relay_latency   [  41% ] 11/20 VUs  1m38.8s/4m00.0s

running (1m40.0s), 11/20 VUs, 10 complete and 0 interrupted iterations
relay_latency   [  42% ] 11/20 VUs  1m39.8s/4m00.0s

running (1m41.0s), 11/20 VUs, 10 complete and 0 interrupted iterations
relay_latency   [  42% ] 11/20 VUs  1m40.8s/4m00.0s

running (1m42.0s), 11/20 VUs, 10 complete and 0 interrupted iterations
relay_latency   [  42% ] 11/20 VUs  1m41.8s/4m00.0s

running (1m43.0s), 12/20 VUs, 10 complete and 0 interrupted iterations
relay_latency   [  43% ] 12/20 VUs  1m42.8s/4m00.0s

running (1m44.0s), 12/20 VUs, 10 complete and 0 interrupted iterations
relay_latency   [  43% ] 12/20 VUs  1m43.8s/4m00.0s

running (1m45.0s), 12/20 VUs, 10 complete and 0 interrupted iterations
relay_latency   [  44% ] 12/20 VUs  1m44.8s/4m00.0s

running (1m46.0s), 12/20 VUs, 11 complete and 0 interrupted iterations
relay_latency   [  44% ] 12/20 VUs  1m45.8s/4m00.0s

running (1m47.0s), 12/20 VUs, 11 complete and 0 interrupted iterations
relay_latency   [  44% ] 12/20 VUs  1m46.8s/4m00.0s

running (1m48.0s), 12/20 VUs, 11 complete and 0 interrupted iterations
relay_latency   [  45% ] 12/20 VUs  1m47.8s/4m00.0s

running (1m49.0s), 13/20 VUs, 12 complete and 0 interrupted iterations
relay_latency   [  45% ] 13/20 VUs  1m48.8s/4m00.0s

running (1m50.0s), 13/20 VUs, 12 complete and 0 interrupted iterations
relay_latency   [  46% ] 13/20 VUs  1m49.8s/4m00.0s

running (1m51.0s), 13/20 VUs, 12 complete and 0 interrupted iterations
relay_latency   [  46% ] 13/20 VUs  1m50.8s/4m00.0s

running (1m52.0s), 13/20 VUs, 12 complete and 0 interrupted iterations
relay_latency   [  47% ] 13/20 VUs  1m51.8s/4m00.0s

running (1m53.0s), 13/20 VUs, 12 complete and 0 interrupted iterations
relay_latency   [  47% ] 13/20 VUs  1m52.8s/4m00.0s

running (1m54.0s), 13/20 VUs, 12 complete and 0 interrupted iterations
relay_latency   [  47% ] 13/20 VUs  1m53.8s/4m00.0s

running (1m55.0s), 14/20 VUs, 12 complete and 0 interrupted iterations
relay_latency   [  48% ] 14/20 VUs  1m54.8s/4m00.0s

running (1m56.0s), 14/20 VUs, 12 complete and 0 interrupted iterations
relay_latency   [  48% ] 14/20 VUs  1m55.8s/4m00.0s

running (1m57.0s), 14/20 VUs, 12 complete and 0 interrupted iterations
relay_latency   [  49% ] 14/20 VUs  1m56.8s/4m00.0s

running (1m58.0s), 14/20 VUs, 12 complete and 0 interrupted iterations
relay_latency   [  49% ] 14/20 VUs  1m57.8s/4m00.0s

running (1m59.0s), 14/20 VUs, 12 complete and 0 interrupted iterations
relay_latency   [  49% ] 14/20 VUs  1m58.8s/4m00.0s

running (2m00.0s), 14/20 VUs, 13 complete and 0 interrupted iterations
relay_latency   [  50% ] 14/20 VUs  1m59.8s/4m00.0s

running (2m01.0s), 15/20 VUs, 13 complete and 0 interrupted iterations
relay_latency   [  50% ] 15/20 VUs  2m00.8s/4m00.0s

running (2m02.0s), 15/20 VUs, 13 complete and 0 interrupted iterations
relay_latency   [  51% ] 15/20 VUs  2m01.8s/4m00.0s

running (2m03.0s), 15/20 VUs, 14 complete and 0 interrupted iterations
relay_latency   [  51% ] 15/20 VUs  2m02.8s/4m00.0s

running (2m04.0s), 15/20 VUs, 14 complete and 0 interrupted iterations
relay_latency   [  52% ] 15/20 VUs  2m03.8s/4m00.0s

running (2m05.0s), 15/20 VUs, 15 complete and 0 interrupted iterations
relay_latency   [  52% ] 15/20 VUs  2m04.8s/4m00.0s

running (2m06.0s), 15/20 VUs, 15 complete and 0 interrupted iterations
relay_latency   [  52% ] 15/20 VUs  2m05.8s/4m00.0s

running (2m07.0s), 16/20 VUs, 15 complete and 0 interrupted iterations
relay_latency   [  53% ] 16/20 VUs  2m06.8s/4m00.0s

running (2m08.0s), 16/20 VUs, 15 complete and 0 interrupted iterations
relay_latency   [  53% ] 16/20 VUs  2m07.8s/4m00.0s

running (2m09.0s), 16/20 VUs, 15 complete and 0 interrupted iterations
relay_latency   [  54% ] 16/20 VUs  2m08.8s/4m00.0s

running (2m10.0s), 16/20 VUs, 15 complete and 0 interrupted iterations
relay_latency   [  54% ] 16/20 VUs  2m09.8s/4m00.0s

running (2m11.0s), 16/20 VUs, 15 complete and 0 interrupted iterations
relay_latency   [  54% ] 16/20 VUs  2m10.8s/4m00.0s

running (2m12.0s), 16/20 VUs, 15 complete and 0 interrupted iterations
relay_latency   [  55% ] 16/20 VUs  2m11.8s/4m00.0s

running (2m13.0s), 17/20 VUs, 16 complete and 0 interrupted iterations
relay_latency   [  55% ] 17/20 VUs  2m12.8s/4m00.0s

running (2m14.0s), 17/20 VUs, 16 complete and 0 interrupted iterations
relay_latency   [  56% ] 17/20 VUs  2m13.8s/4m00.0s

running (2m15.0s), 17/20 VUs, 17 complete and 0 interrupted iterations
relay_latency   [  56% ] 17/20 VUs  2m14.8s/4m00.0s

running (2m16.0s), 17/20 VUs, 18 complete and 0 interrupted iterations
relay_latency   [  57% ] 17/20 VUs  2m15.8s/4m00.0s

running (2m17.0s), 17/20 VUs, 18 complete and 0 interrupted iterations
relay_latency   [  57% ] 17/20 VUs  2m16.8s/4m00.0s

running (2m18.0s), 17/20 VUs, 18 complete and 0 interrupted iterations
relay_latency   [  57% ] 17/20 VUs  2m17.8s/4m00.0s

running (2m19.0s), 18/20 VUs, 18 complete and 0 interrupted iterations
relay_latency   [  58% ] 18/20 VUs  2m18.8s/4m00.0s

running (2m20.0s), 18/20 VUs, 18 complete and 0 interrupted iterations
relay_latency   [  58% ] 18/20 VUs  2m19.8s/4m00.0s

running (2m21.0s), 18/20 VUs, 18 complete and 0 interrupted iterations
relay_latency   [  59% ] 18/20 VUs  2m20.8s/4m00.0s

running (2m22.0s), 18/20 VUs, 18 complete and 0 interrupted iterations
relay_latency   [  59% ] 18/20 VUs  2m21.8s/4m00.0s

running (2m23.0s), 18/20 VUs, 18 complete and 0 interrupted iterations
relay_latency   [  59% ] 18/20 VUs  2m22.8s/4m00.0s

running (2m24.0s), 18/20 VUs, 18 complete and 0 interrupted iterations
relay_latency   [  60% ] 18/20 VUs  2m23.8s/4m00.0s

running (2m25.0s), 19/20 VUs, 19 complete and 0 interrupted iterations
relay_latency   [  60% ] 19/20 VUs  2m24.8s/4m00.0s

running (2m26.0s), 19/20 VUs, 19 complete and 0 interrupted iterations
relay_latency   [  61% ] 19/20 VUs  2m25.8s/4m00.0s

running (2m27.0s), 19/20 VUs, 19 complete and 0 interrupted iterations
relay_latency   [  61% ] 19/20 VUs  2m26.8s/4m00.0s

running (2m28.0s), 19/20 VUs, 19 complete and 0 interrupted iterations
relay_latency   [  62% ] 19/20 VUs  2m27.8s/4m00.0s

running (2m29.0s), 19/20 VUs, 20 complete and 0 interrupted iterations
relay_latency   [  62% ] 19/20 VUs  2m28.8s/4m00.0s

running (2m30.0s), 19/20 VUs, 20 complete and 0 interrupted iterations
relay_latency   [  62% ] 19/20 VUs  2m29.8s/4m00.0s

running (2m31.0s), 20/20 VUs, 20 complete and 0 interrupted iterations
relay_latency   [  63% ] 20/20 VUs  2m30.8s/4m00.0s

running (2m32.0s), 20/20 VUs, 20 complete and 0 interrupted iterations
relay_latency   [  63% ] 20/20 VUs  2m31.8s/4m00.0s

running (2m33.0s), 20/20 VUs, 21 complete and 0 interrupted iterations
relay_latency   [  64% ] 20/20 VUs  2m32.8s/4m00.0s
time="2026-06-11T21:31:25Z" level=warning msg="Request Failed" error="Post \"http://localhost:30001/api/collab/6d8a6412-2c68-4103-ae01-543ddd27f68b/state\": request timeout"

running (2m34.0s), 20/20 VUs, 21 complete and 0 interrupted iterations
relay_latency   [  64% ] 20/20 VUs  2m33.8s/4m00.0s

running (2m35.0s), 20/20 VUs, 22 complete and 0 interrupted iterations
relay_latency   [  64% ] 20/20 VUs  2m34.8s/4m00.0s

running (2m36.0s), 20/20 VUs, 22 complete and 0 interrupted iterations
relay_latency   [  65% ] 20/20 VUs  2m35.8s/4m00.0s

running (2m37.0s), 20/20 VUs, 22 complete and 0 interrupted iterations
relay_latency   [  65% ] 20/20 VUs  2m36.8s/4m00.0s

running (2m38.0s), 20/20 VUs, 22 complete and 0 interrupted iterations
relay_latency   [  66% ] 20/20 VUs  2m37.8s/4m00.0s

running (2m39.0s), 20/20 VUs, 22 complete and 0 interrupted iterations
relay_latency   [  66% ] 20/20 VUs  2m38.8s/4m00.0s

running (2m40.0s), 20/20 VUs, 22 complete and 0 interrupted iterations
relay_latency   [  67% ] 20/20 VUs  2m39.8s/4m00.0s

running (2m41.0s), 20/20 VUs, 22 complete and 0 interrupted iterations
relay_latency   [  67% ] 20/20 VUs  2m40.8s/4m00.0s

running (2m42.0s), 20/20 VUs, 23 complete and 0 interrupted iterations
relay_latency   [  67% ] 20/20 VUs  2m41.8s/4m00.0s

running (2m43.0s), 20/20 VUs, 23 complete and 0 interrupted iterations
relay_latency   [  68% ] 20/20 VUs  2m42.8s/4m00.0s

running (2m44.0s), 20/20 VUs, 23 complete and 0 interrupted iterations
relay_latency   [  68% ] 20/20 VUs  2m43.8s/4m00.0s

running (2m45.0s), 20/20 VUs, 23 complete and 0 interrupted iterations
relay_latency   [  69% ] 20/20 VUs  2m44.8s/4m00.0s

running (2m46.0s), 20/20 VUs, 23 complete and 0 interrupted iterations
relay_latency   [  69% ] 20/20 VUs  2m45.8s/4m00.0s

running (2m47.0s), 20/20 VUs, 24 complete and 0 interrupted iterations
relay_latency   [  69% ] 20/20 VUs  2m46.8s/4m00.0s
time="2026-06-11T21:31:39Z" level=warning msg="Request Failed" error="Post \"http://localhost:30001/api/collab/78006012-69e9-4c9d-ae56-5e5096623483/state\": request timeout"

running (2m48.0s), 20/20 VUs, 25 complete and 0 interrupted iterations
relay_latency   [  70% ] 20/20 VUs  2m47.8s/4m00.0s

running (2m49.0s), 20/20 VUs, 25 complete and 0 interrupted iterations
relay_latency   [  70% ] 20/20 VUs  2m48.8s/4m00.0s

running (2m50.0s), 20/20 VUs, 25 complete and 0 interrupted iterations
relay_latency   [  71% ] 20/20 VUs  2m49.8s/4m00.0s

running (2m51.0s), 20/20 VUs, 25 complete and 0 interrupted iterations
relay_latency   [  71% ] 20/20 VUs  2m50.8s/4m00.0s

running (2m52.0s), 20/20 VUs, 25 complete and 0 interrupted iterations
relay_latency   [  72% ] 20/20 VUs  2m51.8s/4m00.0s

running (2m53.0s), 20/20 VUs, 25 complete and 0 interrupted iterations
relay_latency   [  72% ] 20/20 VUs  2m52.8s/4m00.0s

running (2m54.0s), 20/20 VUs, 25 complete and 0 interrupted iterations
relay_latency   [  72% ] 20/20 VUs  2m53.8s/4m00.0s

running (2m55.0s), 20/20 VUs, 25 complete and 0 interrupted iterations
relay_latency   [  73% ] 20/20 VUs  2m54.8s/4m00.0s

running (2m56.0s), 20/20 VUs, 26 complete and 0 interrupted iterations
relay_latency   [  73% ] 20/20 VUs  2m55.8s/4m00.0s

running (2m57.0s), 20/20 VUs, 27 complete and 0 interrupted iterations
relay_latency   [  74% ] 20/20 VUs  2m56.8s/4m00.0s

running (2m58.0s), 20/20 VUs, 27 complete and 0 interrupted iterations
relay_latency   [  74% ] 20/20 VUs  2m57.8s/4m00.0s

running (2m59.0s), 20/20 VUs, 27 complete and 0 interrupted iterations
relay_latency   [  74% ] 20/20 VUs  2m58.8s/4m00.0s

running (3m00.0s), 20/20 VUs, 27 complete and 0 interrupted iterations
relay_latency   [  75% ] 20/20 VUs  2m59.8s/4m00.0s

running (3m01.0s), 19/20 VUs, 28 complete and 0 interrupted iterations
relay_latency   [  75% ] 19/20 VUs  3m00.8s/4m00.0s
time="2026-06-11T21:31:53Z" level=warning msg="Request Failed" error="Post \"http://localhost:30001/api/collab/c20a060c-9e90-4503-b8a3-38358582d4d7/state\": request timeout"

running (3m02.0s), 19/20 VUs, 28 complete and 0 interrupted iterations
relay_latency   [  76% ] 19/20 VUs  3m01.8s/4m00.0s

running (3m03.0s), 19/20 VUs, 29 complete and 0 interrupted iterations
relay_latency   [  76% ] 19/20 VUs  3m02.8s/4m00.0s

running (3m04.0s), 19/20 VUs, 29 complete and 0 interrupted iterations
relay_latency   [  77% ] 19/20 VUs  3m03.8s/4m00.0s

running (3m05.0s), 19/20 VUs, 29 complete and 0 interrupted iterations
relay_latency   [  77% ] 19/20 VUs  3m04.8s/4m00.0s

running (3m06.0s), 19/20 VUs, 29 complete and 0 interrupted iterations
relay_latency   [  77% ] 19/20 VUs  3m05.8s/4m00.0s

running (3m07.0s), 18/20 VUs, 29 complete and 1 interrupted iterations
relay_latency   [  78% ] 18/20 VUs  3m06.8s/4m00.0s

running (3m08.0s), 18/20 VUs, 29 complete and 1 interrupted iterations
relay_latency   [  78% ] 18/20 VUs  3m07.8s/4m00.0s

running (3m09.0s), 18/20 VUs, 29 complete and 1 interrupted iterations
relay_latency   [  79% ] 18/20 VUs  3m08.8s/4m00.0s

running (3m10.0s), 17/20 VUs, 30 complete and 1 interrupted iterations
relay_latency   [  79% ] 17/20 VUs  3m09.8s/4m00.0s

running (3m11.0s), 17/20 VUs, 30 complete and 1 interrupted iterations
relay_latency   [  79% ] 17/20 VUs  3m10.8s/4m00.0s

running (3m12.0s), 17/20 VUs, 30 complete and 1 interrupted iterations
relay_latency   [  80% ] 17/20 VUs  3m11.8s/4m00.0s

running (3m13.0s), 16/20 VUs, 30 complete and 2 interrupted iterations
relay_latency   [  80% ] 16/20 VUs  3m12.8s/4m00.0s

running (3m14.0s), 16/20 VUs, 31 complete and 2 interrupted iterations
relay_latency   [  81% ] 16/20 VUs  3m13.8s/4m00.0s

running (3m15.0s), 16/20 VUs, 31 complete and 2 interrupted iterations
relay_latency   [  81% ] 16/20 VUs  3m14.8s/4m00.0s

running (3m16.0s), 16/20 VUs, 31 complete and 2 interrupted iterations
relay_latency   [  82% ] 16/20 VUs  3m15.8s/4m00.0s

running (3m17.0s), 16/20 VUs, 31 complete and 2 interrupted iterations
relay_latency   [  82% ] 16/20 VUs  3m16.8s/4m00.0s

running (3m18.0s), 16/20 VUs, 31 complete and 2 interrupted iterations
relay_latency   [  82% ] 16/20 VUs  3m17.8s/4m00.0s

running (3m19.0s), 15/20 VUs, 31 complete and 3 interrupted iterations
relay_latency   [  83% ] 15/20 VUs  3m18.8s/4m00.0s
time="2026-06-11T21:32:11Z" level=warning msg="Request Failed" error="Post \"http://localhost:30001/api/collab/967099ea-e05e-4642-a699-c8b41734df70/state\": request timeout"

running (3m20.0s), 15/20 VUs, 31 complete and 3 interrupted iterations
relay_latency   [  83% ] 15/20 VUs  3m19.8s/4m00.0s

running (3m21.0s), 15/20 VUs, 32 complete and 3 interrupted iterations
relay_latency   [  84% ] 15/20 VUs  3m20.8s/4m00.0s

running (3m22.0s), 15/20 VUs, 32 complete and 3 interrupted iterations
relay_latency   [  84% ] 15/20 VUs  3m21.8s/4m00.0s

running (3m23.0s), 15/20 VUs, 32 complete and 3 interrupted iterations
relay_latency   [  84% ] 15/20 VUs  3m22.8s/4m00.0s

running (3m24.0s), 15/20 VUs, 32 complete and 3 interrupted iterations
relay_latency   [  85% ] 15/20 VUs  3m23.8s/4m00.0s

running (3m25.0s), 15/20 VUs, 32 complete and 3 interrupted iterations
relay_latency   [  85% ] 15/20 VUs  3m24.8s/4m00.0s

running (3m26.0s), 15/20 VUs, 32 complete and 3 interrupted iterations
relay_latency   [  86% ] 15/20 VUs  3m25.8s/4m00.0s
time="2026-06-11T21:32:18Z" level=warning msg="Request Failed" error="Post \"http://localhost:30001/api/collab/2eb1dbbd-0669-4e7c-921d-07e94cd773a5/state\": request timeout"

running (3m27.0s), 15/20 VUs, 32 complete and 3 interrupted iterations
relay_latency   [  86% ] 15/20 VUs  3m26.8s/4m00.0s

running (3m28.0s), 15/20 VUs, 33 complete and 3 interrupted iterations
relay_latency   [  87% ] 15/20 VUs  3m27.8s/4m00.0s

running (3m29.0s), 15/20 VUs, 34 complete and 3 interrupted iterations
relay_latency   [  87% ] 15/20 VUs  3m28.8s/4m00.0s

running (3m30.0s), 15/20 VUs, 34 complete and 3 interrupted iterations
relay_latency   [  87% ] 15/20 VUs  3m29.8s/4m00.0s

running (3m31.0s), 15/20 VUs, 34 complete and 3 interrupted iterations
relay_latency   [  88% ] 15/20 VUs  3m30.8s/4m00.0s

running (3m32.0s), 15/20 VUs, 34 complete and 3 interrupted iterations
relay_latency   [  88% ] 15/20 VUs  3m31.8s/4m00.0s

running (3m33.0s), 15/20 VUs, 34 complete and 3 interrupted iterations
relay_latency   [  89% ] 15/20 VUs  3m32.8s/4m00.0s

running (3m34.0s), 15/20 VUs, 34 complete and 3 interrupted iterations
relay_latency   [  89% ] 15/20 VUs  3m33.8s/4m00.0s

running (3m35.0s), 15/20 VUs, 34 complete and 3 interrupted iterations
relay_latency   [  89% ] 15/20 VUs  3m34.8s/4m00.0s

running (3m36.0s), 15/20 VUs, 34 complete and 3 interrupted iterations
relay_latency   [  90% ] 15/20 VUs  3m35.8s/4m00.0s

running (3m37.0s), 14/20 VUs, 34 complete and 4 interrupted iterations
relay_latency   [  90% ] 14/20 VUs  3m36.8s/4m00.0s

running (3m38.0s), 13/20 VUs, 35 complete and 4 interrupted iterations
relay_latency   [  91% ] 13/20 VUs  3m37.8s/4m00.0s

running (3m39.0s), 13/20 VUs, 35 complete and 4 interrupted iterations
relay_latency   [  91% ] 13/20 VUs  3m38.8s/4m00.0s
time="2026-06-11T21:32:31Z" level=warning msg="Request Failed" error="Post \"http://localhost:30001/api/collab/0587064d-0d76-4204-ba3b-cdcb662f6295/state\": request timeout"

running (3m40.0s), 13/20 VUs, 36 complete and 4 interrupted iterations
relay_latency   [  92% ] 13/20 VUs  3m39.8s/4m00.0s

running (3m41.0s), 13/20 VUs, 36 complete and 4 interrupted iterations
relay_latency   [  92% ] 13/20 VUs  3m40.8s/4m00.0s

running (3m42.0s), 12/20 VUs, 37 complete and 4 interrupted iterations
relay_latency   [  92% ] 12/20 VUs  3m41.8s/4m00.0s

running (3m43.0s), 12/20 VUs, 37 complete and 4 interrupted iterations
relay_latency   [  93% ] 12/20 VUs  3m42.8s/4m00.0s

running (3m44.0s), 12/20 VUs, 37 complete and 4 interrupted iterations
relay_latency   [  93% ] 12/20 VUs  3m43.8s/4m00.0s

running (3m45.0s), 12/20 VUs, 37 complete and 4 interrupted iterations
relay_latency   [  94% ] 12/20 VUs  3m44.8s/4m00.0s

running (3m46.0s), 12/20 VUs, 37 complete and 4 interrupted iterations
relay_latency   [  94% ] 12/20 VUs  3m45.8s/4m00.0s

running (3m47.0s), 12/20 VUs, 37 complete and 4 interrupted iterations
relay_latency   [  94% ] 12/20 VUs  3m46.8s/4m00.0s

running (3m48.0s), 12/20 VUs, 37 complete and 4 interrupted iterations
relay_latency   [  95% ] 12/20 VUs  3m47.8s/4m00.0s

running (3m49.0s), 11/20 VUs, 37 complete and 5 interrupted iterations
relay_latency   [  95% ] 11/20 VUs  3m48.8s/4m00.0s

running (3m50.0s), 11/20 VUs, 37 complete and 5 interrupted iterations
relay_latency   [  96% ] 11/20 VUs  3m49.8s/4m00.0s

running (3m51.0s), 11/20 VUs, 37 complete and 5 interrupted iterations
relay_latency   [  96% ] 11/20 VUs  3m50.8s/4m00.0s

running (3m52.0s), 11/20 VUs, 37 complete and 5 interrupted iterations
relay_latency   [  97% ] 11/20 VUs  3m51.8s/4m00.0s

running (3m53.0s), 10/20 VUs, 38 complete and 5 interrupted iterations
relay_latency   [  97% ] 10/20 VUs  3m52.8s/4m00.0s

running (3m54.0s), 10/20 VUs, 38 complete and 5 interrupted iterations
relay_latency   [  97% ] 10/20 VUs  3m53.8s/4m00.0s

running (3m55.0s), 09/20 VUs, 38 complete and 6 interrupted iterations
relay_latency   [  98% ] 09/20 VUs  3m54.8s/4m00.0s

running (3m56.0s), 09/20 VUs, 38 complete and 6 interrupted iterations
relay_latency   [  98% ] 09/20 VUs  3m55.8s/4m00.0s

running (3m57.0s), 09/20 VUs, 38 complete and 6 interrupted iterations
relay_latency   [  99% ] 09/20 VUs  3m56.8s/4m00.0s

running (3m58.0s), 09/20 VUs, 38 complete and 6 interrupted iterations
relay_latency   [  99% ] 09/20 VUs  3m57.8s/4m00.0s

running (3m59.0s), 09/20 VUs, 38 complete and 6 interrupted iterations
relay_latency   [  99% ] 09/20 VUs  3m58.8s/4m00.0s

running (4m00.0s), 09/20 VUs, 38 complete and 6 interrupted iterations
relay_latency   [ 100% ] 09/20 VUs  3m59.8s/4m00.0s

running (4m01.0s), 09/20 VUs, 38 complete and 6 interrupted iterations
relay_latency ↓ [ 100% ] 09/20 VUs  4m0s

running (4m02.0s), 09/20 VUs, 38 complete and 6 interrupted iterations
relay_latency ↓ [ 100% ] 09/20 VUs  4m0s

running (4m03.0s), 09/20 VUs, 38 complete and 6 interrupted iterations
relay_latency ↓ [ 100% ] 09/20 VUs  4m0s

running (4m04.0s), 08/20 VUs, 38 complete and 7 interrupted iterations
relay_latency ↓ [ 100% ] 09/20 VUs  4m0s

running (4m05.0s), 08/20 VUs, 38 complete and 7 interrupted iterations
relay_latency ↓ [ 100% ] 09/20 VUs  4m0s

running (4m06.0s), 08/20 VUs, 38 complete and 7 interrupted iterations
relay_latency ↓ [ 100% ] 09/20 VUs  4m0s

running (4m07.0s), 07/20 VUs, 38 complete and 8 interrupted iterations
relay_latency ↓ [ 100% ] 09/20 VUs  4m0s

running (4m08.0s), 07/20 VUs, 38 complete and 8 interrupted iterations
relay_latency ↓ [ 100% ] 09/20 VUs  4m0s

running (4m09.0s), 06/20 VUs, 39 complete and 8 interrupted iterations
relay_latency ↓ [ 100% ] 09/20 VUs  4m0s

running (4m10.0s), 06/20 VUs, 39 complete and 8 interrupted iterations
relay_latency ↓ [ 100% ] 09/20 VUs  4m0s

running (4m11.0s), 05/20 VUs, 39 complete and 9 interrupted iterations
relay_latency ↓ [ 100% ] 09/20 VUs  4m0s

running (4m12.0s), 05/20 VUs, 39 complete and 9 interrupted iterations
relay_latency ↓ [ 100% ] 09/20 VUs  4m0s

running (4m13.0s), 05/20 VUs, 39 complete and 9 interrupted iterations
relay_latency ↓ [ 100% ] 09/20 VUs  4m0s

running (4m14.0s), 04/20 VUs, 39 complete and 10 interrupted iterations
relay_latency ↓ [ 100% ] 09/20 VUs  4m0s

running (4m15.0s), 04/20 VUs, 39 complete and 10 interrupted iterations
relay_latency ↓ [ 100% ] 09/20 VUs  4m0s
time="2026-06-11T21:33:07Z" level=warning msg="Request Failed" error="Post \"http://localhost:30001/api/collab/ffea6b5f-8215-40a9-afc9-416502cececa/state\": request timeout"

running (4m16.0s), 04/20 VUs, 39 complete and 10 interrupted iterations
relay_latency ↓ [ 100% ] 09/20 VUs  4m0s

running (4m17.0s), 03/20 VUs, 40 complete and 10 interrupted iterations
relay_latency ↓ [ 100% ] 09/20 VUs  4m0s

running (4m18.0s), 03/20 VUs, 40 complete and 10 interrupted iterations
relay_latency ↓ [ 100% ] 09/20 VUs  4m0s

running (4m19.0s), 03/20 VUs, 40 complete and 10 interrupted iterations
relay_latency ↓ [ 100% ] 09/20 VUs  4m0s

running (4m20.0s), 03/20 VUs, 40 complete and 10 interrupted iterations
relay_latency ↓ [ 100% ] 09/20 VUs  4m0s

running (4m21.0s), 02/20 VUs, 40 complete and 11 interrupted iterations
relay_latency ↓ [ 100% ] 09/20 VUs  4m0s

running (4m22.0s), 02/20 VUs, 40 complete and 11 interrupted iterations
relay_latency ↓ [ 100% ] 09/20 VUs  4m0s

running (4m23.0s), 02/20 VUs, 40 complete and 11 interrupted iterations
relay_latency ↓ [ 100% ] 09/20 VUs  4m0s

running (4m24.0s), 02/20 VUs, 40 complete and 11 interrupted iterations
relay_latency ↓ [ 100% ] 09/20 VUs  4m0s

running (4m25.0s), 02/20 VUs, 40 complete and 11 interrupted iterations
relay_latency ↓ [ 100% ] 09/20 VUs  4m0s

running (4m26.0s), 02/20 VUs, 40 complete and 11 interrupted iterations
relay_latency ↓ [ 100% ] 09/20 VUs  4m0s

running (4m27.0s), 01/20 VUs, 40 complete and 12 interrupted iterations
relay_latency ↓ [ 100% ] 09/20 VUs  4m0s

running (4m28.0s), 01/20 VUs, 40 complete and 12 interrupted iterations
relay_latency ↓ [ 100% ] 09/20 VUs  4m0s

running (4m29.0s), 01/20 VUs, 40 complete and 12 interrupted iterations
relay_latency ↓ [ 100% ] 09/20 VUs  4m0s

running (4m30.0s), 01/20 VUs, 40 complete and 12 interrupted iterations
relay_latency ↓ [ 100% ] 09/20 VUs  4m0s

     █ relay_Calculator

       ✓ Calculator relay ok

     █ relay_Analytics

       ✓ Analytics relay ok

     █ relay_Advanced

       ✓ Advanced relay ok

     █ relay_DataExchange

       ✓ DataExchange relay ok

     █ relay_MonteCarlo

       ✓ MonteCarlo relay ok

     █ relay_Geospatial

       ✓ Geospatial relay ok

     █ relay_ClimateAnomaly

       ✗ ClimateAnomaly relay ok
        ↳  0% — ✓ 0 / ✗ 51

     █ relay_MLTrainer

       ✓ MLTrainer relay ok

     checks.........................: 87.28% 350 out of 401
     data_received..................: 2.4 MB 8.9 kB/s
     data_sent......................: 1.2 MB 4.3 kB/s
     group_duration.................: avg=5.9s     min=14.67ms med=41.17ms max=1m0s     p(90)=23.47s   p(95)=34.57s  
     http_req_blocked...............: avg=12.07µs  min=1.79µs  med=6.94µs  max=2.63ms   p(90)=10.27µs  p(95)=11.73µs 
     http_req_connecting............: avg=3.11µs   min=0s      med=0s      max=2.57ms   p(90)=0s       p(95)=0s      
     http_req_duration..............: avg=588.04ms min=1.56ms  med=5.15ms  max=1m0s     p(90)=76.33ms  p(95)=2.18s   
       { expected_response:true }...: avg=445.61ms min=1.56ms  med=5.14ms  max=52.04s   p(90)=72.36ms  p(95)=2.14s   
   ✓ http_req_failed................: 0.23%  8 out of 3345
     http_req_receiving.............: avg=95.01µs  min=0s      med=87.99µs max=1.18ms   p(90)=143.75µs p(95)=166.95µs
     http_req_sending...............: avg=32.11µs  min=5.33µs  med=30.24µs max=193.22µs p(90)=48.37µs  p(95)=58.61µs 
     http_req_tls_handshaking.......: avg=0s       min=0s      med=0s      max=0s       p(90)=0s       p(95)=0s      
     http_req_waiting...............: avg=587.92ms min=1.5ms   med=5.01ms  max=1m0s     p(90)=76.18ms  p(95)=2.18s   
     http_reqs......................: 3345   12.37929/s
     iteration_duration.............: avg=54.93s   min=26.71s  med=52.85s  max=1m42s    p(90)=1m17s    p(95)=1m24s   
     iterations.....................: 40     0.148033/s
     relay_failure..................: 59     0.218349/s
     relay_poll_ms..................: avg=2.31s    min=2ms     med=4ms     max=39.46s   p(90)=10.22s   p(95)=16.73s  
     relay_post_ms..................: avg=3.35s    min=6ms     med=14ms    max=1m0s     p(90)=5.51s    p(95)=27.04s  
     relay_success..................: 350    1.295292/s
   ✗ relay_total_ms.................: avg=4.56s    min=8ms     med=26ms    max=52.18s   p(90)=18.62s   p(95)=28.68s  
     vus............................: 1      min=1          max=20
     vus_max........................: 20     min=20         max=20


running (4m30.2s), 00/20 VUs, 40 complete and 13 interrupted iterations
relay_latency ✓ [ 100% ] 01/20 VUs  4m0s
time="2026-06-11T21:33:22Z" level=error msg="thresholds on metrics 'relay_total_ms' have been crossed"
