
         /\      Grafana   /‾‾/  
    /\  /  \     |\  __   /  /   
   /  \/    \    | |/ /  /   ‾‾\ 
  /          \   |   (  |  (‾)  |
 / __________ \  |_|\_\  \_____/ 

     execution: local
        script: k6/06-cross-contamination.js
        output: -

     scenarios: (100.00%) 1 scenario, 30 max VUs, 10m30s max duration (incl. graceful stop):
              * isolation: 1 iterations for each of 30 VUs (maxDuration: 10m0s, gracefulStop: 30s)


Run         [ 100% ] setup()
isolation   [   0% ]

Run         [ 100% ] setup()
isolation   [   0% ]

Run         [ 100% ] setup()
isolation   [   0% ]

Run         [ 100% ] setup()
isolation   [   0% ]

Run         [ 100% ] setup()
isolation   [   0% ]

Run         [ 100% ] setup()
isolation   [   0% ]

Run         [ 100% ] setup()
isolation   [   0% ]

Run         [ 100% ] setup()
isolation   [   0% ]

Run         [ 100% ] setup()
isolation   [   0% ]

Run         [ 100% ] setup()
isolation   [   0% ]

Run         [ 100% ] setup()
isolation   [   0% ]

Run         [ 100% ] setup()
isolation   [   0% ]

Run         [ 100% ] setup()
isolation   [   0% ]

Run         [ 100% ] setup()
isolation   [   0% ]

Run         [ 100% ] setup()
isolation   [   0% ]

Run         [ 100% ] setup()
isolation   [   0% ]

running (00m17.0s), 30/30 VUs, 0 complete and 0 interrupted iterations
isolation   [   0% ] 30 VUs  00m00.5s/10m0s  00/30 iters, 1 per VU

running (00m18.0s), 30/30 VUs, 0 complete and 0 interrupted iterations
isolation   [   0% ] 30 VUs  00m01.5s/10m0s  00/30 iters, 1 per VU

running (00m19.0s), 30/30 VUs, 0 complete and 0 interrupted iterations
isolation   [   0% ] 30 VUs  00m02.5s/10m0s  00/30 iters, 1 per VU

running (00m20.0s), 30/30 VUs, 0 complete and 0 interrupted iterations
isolation   [   0% ] 30 VUs  00m03.5s/10m0s  00/30 iters, 1 per VU

running (00m21.0s), 30/30 VUs, 0 complete and 0 interrupted iterations
isolation   [   0% ] 30 VUs  00m04.5s/10m0s  00/30 iters, 1 per VU

running (00m22.0s), 30/30 VUs, 0 complete and 0 interrupted iterations
isolation   [   0% ] 30 VUs  00m05.5s/10m0s  00/30 iters, 1 per VU

running (00m23.0s), 30/30 VUs, 0 complete and 0 interrupted iterations
isolation   [   0% ] 30 VUs  00m06.5s/10m0s  00/30 iters, 1 per VU

running (00m24.0s), 30/30 VUs, 0 complete and 0 interrupted iterations
isolation   [   0% ] 30 VUs  00m07.5s/10m0s  00/30 iters, 1 per VU

running (00m25.0s), 30/30 VUs, 0 complete and 0 interrupted iterations
isolation   [   0% ] 30 VUs  00m08.5s/10m0s  00/30 iters, 1 per VU

running (00m26.0s), 30/30 VUs, 0 complete and 0 interrupted iterations
isolation   [   0% ] 30 VUs  00m09.5s/10m0s  00/30 iters, 1 per VU

running (00m27.0s), 30/30 VUs, 0 complete and 0 interrupted iterations
isolation   [   0% ] 30 VUs  00m10.5s/10m0s  00/30 iters, 1 per VU

running (00m28.0s), 30/30 VUs, 0 complete and 0 interrupted iterations
isolation   [   0% ] 30 VUs  00m11.5s/10m0s  00/30 iters, 1 per VU

running (00m29.0s), 30/30 VUs, 0 complete and 0 interrupted iterations
isolation   [   0% ] 30 VUs  00m12.5s/10m0s  00/30 iters, 1 per VU

running (00m30.0s), 30/30 VUs, 0 complete and 0 interrupted iterations
isolation   [   0% ] 30 VUs  00m13.5s/10m0s  00/30 iters, 1 per VU

running (00m31.0s), 30/30 VUs, 0 complete and 0 interrupted iterations
isolation   [   0% ] 30 VUs  00m14.5s/10m0s  00/30 iters, 1 per VU

running (00m32.0s), 30/30 VUs, 0 complete and 0 interrupted iterations
isolation   [   0% ] 30 VUs  00m15.5s/10m0s  00/30 iters, 1 per VU

running (00m33.0s), 30/30 VUs, 0 complete and 0 interrupted iterations
isolation   [   0% ] 30 VUs  00m16.5s/10m0s  00/30 iters, 1 per VU

running (00m34.0s), 30/30 VUs, 0 complete and 0 interrupted iterations
isolation   [   0% ] 30 VUs  00m17.5s/10m0s  00/30 iters, 1 per VU

running (00m35.0s), 30/30 VUs, 0 complete and 0 interrupted iterations
isolation   [   0% ] 30 VUs  00m18.5s/10m0s  00/30 iters, 1 per VU

running (00m36.0s), 30/30 VUs, 0 complete and 0 interrupted iterations
isolation   [   0% ] 30 VUs  00m19.5s/10m0s  00/30 iters, 1 per VU

running (00m37.0s), 30/30 VUs, 0 complete and 0 interrupted iterations
isolation   [   0% ] 30 VUs  00m20.5s/10m0s  00/30 iters, 1 per VU

running (00m38.0s), 30/30 VUs, 0 complete and 0 interrupted iterations
isolation   [   0% ] 30 VUs  00m21.5s/10m0s  00/30 iters, 1 per VU

running (00m39.0s), 30/30 VUs, 0 complete and 0 interrupted iterations
isolation   [   0% ] 30 VUs  00m22.5s/10m0s  00/30 iters, 1 per VU

running (00m40.0s), 30/30 VUs, 0 complete and 0 interrupted iterations
isolation   [   0% ] 30 VUs  00m23.5s/10m0s  00/30 iters, 1 per VU

running (00m41.0s), 30/30 VUs, 0 complete and 0 interrupted iterations
isolation   [   0% ] 30 VUs  00m24.5s/10m0s  00/30 iters, 1 per VU

running (00m42.0s), 30/30 VUs, 0 complete and 0 interrupted iterations
isolation   [   0% ] 30 VUs  00m25.5s/10m0s  00/30 iters, 1 per VU

running (00m43.0s), 30/30 VUs, 0 complete and 0 interrupted iterations
isolation   [   0% ] 30 VUs  00m26.5s/10m0s  00/30 iters, 1 per VU

running (00m44.0s), 30/30 VUs, 0 complete and 0 interrupted iterations
isolation   [   0% ] 30 VUs  00m27.5s/10m0s  00/30 iters, 1 per VU
time="2026-06-11T22:00:23Z" level=info msg="VU10 Advanced: isolation check complete (19539022-73ff-43c3-bb67-c3bed90bbfc3, 01e5610e-7e9c-4c65-a4b4-160b83b420d6)" source=console
time="2026-06-11T22:00:23Z" level=info msg="VU18 Advanced: isolation check complete (ad56cacf-40ae-4677-8a20-6917e680bb5c, 04b97599-7cbf-4651-9387-275e310ac73d)" source=console
time="2026-06-11T22:00:23Z" level=info msg="VU19 DataExchange: isolation check complete (469c7f58-25ef-47d3-ada4-1e3e75e9bb7e, 8a46fd4f-5b1c-4ec1-a907-0771dd44ad17)" source=console
time="2026-06-11T22:00:23Z" level=info msg="VU16 Calculator: isolation check complete (93215a1e-8bca-4df4-974a-e293b0e3dc21, 7512657d-c8e9-4484-a294-261f313f5628)" source=console
time="2026-06-11T22:00:23Z" level=info msg="VU4 MonteCarlo: isolation check complete (0f788528-ec8e-477c-b99f-bf3e5f1b5de0, 816e1989-91ea-409e-8c62-7475642fdffc)" source=console

running (00m45.0s), 25/30 VUs, 5 complete and 0 interrupted iterations
isolation   [  17% ] 30 VUs  00m28.5s/10m0s  05/30 iters, 1 per VU
time="2026-06-11T22:00:23Z" level=info msg="VU2 Advanced: isolation check complete (d74efb3f-6a79-4cf9-9c33-cc62c04727c2, 8c27ba69-a716-4a9c-9bcc-843f50f1855f)" source=console
time="2026-06-11T22:00:23Z" level=info msg="VU5 Geospatial: isolation check complete (8fd9b027-46fc-48e5-baa5-d564fee63903, 819e46ce-10f4-48d6-a7a8-21c4a9bcc47c)" source=console
time="2026-06-11T22:00:23Z" level=info msg="VU22 ClimateAnomaly: isolation check complete (c085798d-bb4b-4c66-8840-bfdc3a07bf11, 7ecb6b92-ef40-4709-87ee-f175fc63d688)" source=console
time="2026-06-11T22:00:23Z" level=info msg="VU21 Geospatial: isolation check complete (5166ff8b-cd3c-4f8a-bdaf-f47fcb30c2f2, af0200ba-55a4-4311-ab37-dd17ac54e142)" source=console
time="2026-06-11T22:00:23Z" level=info msg="VU8 Calculator: isolation check complete (776556e2-6f9c-4b6f-aa78-c5e34ae347f0, c4537d56-a354-4b32-9648-739fc13f26ed)" source=console
time="2026-06-11T22:00:23Z" level=info msg="VU17 Analytics: isolation check complete (7fecd972-9665-4e60-84c0-2bf87bfa508f, 7c9965a2-8523-4f64-8887-97676018ba5f)" source=console
time="2026-06-11T22:00:23Z" level=info msg="VU13 Geospatial: isolation check complete (bfb878ea-4c3b-4b19-b1a0-5a133b2353fb, 89232dfc-c489-400c-a146-7ae5e89875da)" source=console
time="2026-06-11T22:00:23Z" level=info msg="VU27 DataExchange: isolation check complete (12ed210f-e383-41a0-98aa-c0c7c0d88a66, 4fb123cb-0f82-447c-9675-38b1ffe313ce)" source=console
time="2026-06-11T22:00:23Z" level=info msg="VU29 Geospatial: isolation check complete (4815c9a1-3a34-4b34-87b0-f55ad6d1a772, ba6f3252-8596-4358-918f-d30d7cccec96)" source=console
time="2026-06-11T22:00:23Z" level=info msg="VU3 DataExchange: isolation check complete (524f8c41-6f4c-4bbc-9486-9a1f87dfd52a, 506cc705-ce8e-416b-9e37-c090a92bbf9c)" source=console
time="2026-06-11T22:00:23Z" level=info msg="VU25 Analytics: isolation check complete (21fc04e1-3fe6-4d18-a5f5-8875a40caf6b, 63233004-d8ac-4bb0-8519-99df7cd9bb14)" source=console
time="2026-06-11T22:00:23Z" level=info msg="VU20 MonteCarlo: isolation check complete (c113356d-2fd7-468c-8bf7-ed4484568b68, 21b3a785-6714-478f-99e7-7651f60c51a4)" source=console
time="2026-06-11T22:00:23Z" level=info msg="VU11 DataExchange: isolation check complete (f1bcb7ad-ad1e-49e4-af47-6f085a8bb3e4, ac00c457-f49a-4055-bbe9-048284a61264)" source=console
time="2026-06-11T22:00:23Z" level=info msg="VU14 ClimateAnomaly: isolation check complete (9cab807a-d412-4fcb-8880-a135664f9a76, 493484e7-d725-4442-97d7-f2dfa4dfb3b0)" source=console
time="2026-06-11T22:00:23Z" level=info msg="VU6 ClimateAnomaly: isolation check complete (3f5930fb-8d98-41d6-abe7-79cde1246282, 59322c82-3e05-4a92-9689-df565e1075f9)" source=console
time="2026-06-11T22:00:23Z" level=info msg="VU24 Calculator: isolation check complete (639dd0c4-6b0a-4945-9da7-59adcc2db7e6, fe80c207-439c-4a9e-83b5-b188acb58275)" source=console
time="2026-06-11T22:00:23Z" level=info msg="VU1 Analytics: isolation check complete (24075564-ad5d-48cd-9032-b4a0f6d51745, f1de7ed1-060b-4ee4-be15-5641071c1b00)" source=console
time="2026-06-11T22:00:23Z" level=info msg="VU26 Advanced: isolation check complete (18fe2590-9651-4fe8-a2ca-9ee6671dbccf, f36098f1-456b-462b-b2c7-5efe15e2dbf4)" source=console
time="2026-06-11T22:00:24Z" level=info msg="VU9 Analytics: isolation check complete (ba197062-2205-44ac-a988-983ad6304967, 34dcdf43-0011-4d63-964f-f7e34b33cb89)" source=console
time="2026-06-11T22:00:24Z" level=info msg="VU30 ClimateAnomaly: isolation check complete (d6c28ac0-cb2d-4002-aa8d-4c55ec34a6ca, 92fcb54b-2ec9-4ae2-b657-3c7f47912519)" source=console
time="2026-06-11T22:00:24Z" level=info msg="VU12 MonteCarlo: isolation check complete (a95c1b28-6717-4180-9da8-a072c3dc677a, ce4c91dc-1c44-4c47-9994-bedb0701f7f8)" source=console
time="2026-06-11T22:00:24Z" level=info msg="VU28 MonteCarlo: isolation check complete (f7f94237-1183-42d6-ab8b-effe1d6c12dd, 7ad9b15f-a09c-4277-b38c-fddbd8731e29)" source=console

running (00m46.0s), 03/30 VUs, 27 complete and 0 interrupted iterations
isolation   [  90% ] 30 VUs  00m29.5s/10m0s  27/30 iters, 1 per VU

running (00m47.0s), 03/30 VUs, 27 complete and 0 interrupted iterations
isolation   [  90% ] 30 VUs  00m30.5s/10m0s  27/30 iters, 1 per VU

running (00m48.0s), 03/30 VUs, 27 complete and 0 interrupted iterations
isolation   [  90% ] 30 VUs  00m31.5s/10m0s  27/30 iters, 1 per VU

running (00m49.0s), 03/30 VUs, 27 complete and 0 interrupted iterations
isolation   [  90% ] 30 VUs  00m32.5s/10m0s  27/30 iters, 1 per VU

running (00m50.0s), 03/30 VUs, 27 complete and 0 interrupted iterations
isolation   [  90% ] 30 VUs  00m33.5s/10m0s  27/30 iters, 1 per VU

running (00m51.0s), 03/30 VUs, 27 complete and 0 interrupted iterations
isolation   [  90% ] 30 VUs  00m34.5s/10m0s  27/30 iters, 1 per VU

running (00m52.0s), 03/30 VUs, 27 complete and 0 interrupted iterations
isolation   [  90% ] 30 VUs  00m35.5s/10m0s  27/30 iters, 1 per VU

running (00m53.0s), 03/30 VUs, 27 complete and 0 interrupted iterations
isolation   [  90% ] 30 VUs  00m36.5s/10m0s  27/30 iters, 1 per VU

running (00m54.0s), 03/30 VUs, 27 complete and 0 interrupted iterations
isolation   [  90% ] 30 VUs  00m37.5s/10m0s  27/30 iters, 1 per VU

running (00m55.0s), 03/30 VUs, 27 complete and 0 interrupted iterations
isolation   [  90% ] 30 VUs  00m38.5s/10m0s  27/30 iters, 1 per VU

running (00m56.0s), 03/30 VUs, 27 complete and 0 interrupted iterations
isolation   [  90% ] 30 VUs  00m39.5s/10m0s  27/30 iters, 1 per VU

running (00m57.0s), 03/30 VUs, 27 complete and 0 interrupted iterations
isolation   [  90% ] 30 VUs  00m40.5s/10m0s  27/30 iters, 1 per VU

running (00m58.0s), 03/30 VUs, 27 complete and 0 interrupted iterations
isolation   [  90% ] 30 VUs  00m41.5s/10m0s  27/30 iters, 1 per VU

running (00m59.0s), 03/30 VUs, 27 complete and 0 interrupted iterations
isolation   [  90% ] 30 VUs  00m42.5s/10m0s  27/30 iters, 1 per VU

running (01m00.0s), 03/30 VUs, 27 complete and 0 interrupted iterations
isolation   [  90% ] 30 VUs  00m43.5s/10m0s  27/30 iters, 1 per VU

running (01m01.0s), 03/30 VUs, 27 complete and 0 interrupted iterations
isolation   [  90% ] 30 VUs  00m44.5s/10m0s  27/30 iters, 1 per VU

running (01m02.0s), 03/30 VUs, 27 complete and 0 interrupted iterations
isolation   [  90% ] 30 VUs  00m45.5s/10m0s  27/30 iters, 1 per VU

running (01m03.0s), 03/30 VUs, 27 complete and 0 interrupted iterations
isolation   [  90% ] 30 VUs  00m46.5s/10m0s  27/30 iters, 1 per VU

running (01m04.0s), 03/30 VUs, 27 complete and 0 interrupted iterations
isolation   [  90% ] 30 VUs  00m47.5s/10m0s  27/30 iters, 1 per VU

running (01m05.0s), 03/30 VUs, 27 complete and 0 interrupted iterations
isolation   [  90% ] 30 VUs  00m48.5s/10m0s  27/30 iters, 1 per VU

running (01m06.0s), 03/30 VUs, 27 complete and 0 interrupted iterations
isolation   [  90% ] 30 VUs  00m49.5s/10m0s  27/30 iters, 1 per VU

running (01m07.0s), 03/30 VUs, 27 complete and 0 interrupted iterations
isolation   [  90% ] 30 VUs  00m50.5s/10m0s  27/30 iters, 1 per VU

running (01m08.0s), 03/30 VUs, 27 complete and 0 interrupted iterations
isolation   [  90% ] 30 VUs  00m51.5s/10m0s  27/30 iters, 1 per VU

running (01m09.0s), 03/30 VUs, 27 complete and 0 interrupted iterations
isolation   [  90% ] 30 VUs  00m52.5s/10m0s  27/30 iters, 1 per VU

running (01m10.0s), 03/30 VUs, 27 complete and 0 interrupted iterations
isolation   [  90% ] 30 VUs  00m53.5s/10m0s  27/30 iters, 1 per VU

running (01m11.0s), 03/30 VUs, 27 complete and 0 interrupted iterations
isolation   [  90% ] 30 VUs  00m54.5s/10m0s  27/30 iters, 1 per VU

running (01m12.0s), 03/30 VUs, 27 complete and 0 interrupted iterations
isolation   [  90% ] 30 VUs  00m55.5s/10m0s  27/30 iters, 1 per VU

running (01m13.0s), 03/30 VUs, 27 complete and 0 interrupted iterations
isolation   [  90% ] 30 VUs  00m56.5s/10m0s  27/30 iters, 1 per VU

running (01m14.0s), 03/30 VUs, 27 complete and 0 interrupted iterations
isolation   [  90% ] 30 VUs  00m57.5s/10m0s  27/30 iters, 1 per VU

running (01m15.0s), 03/30 VUs, 27 complete and 0 interrupted iterations
isolation   [  90% ] 30 VUs  00m58.5s/10m0s  27/30 iters, 1 per VU

running (01m16.0s), 03/30 VUs, 27 complete and 0 interrupted iterations
isolation   [  90% ] 30 VUs  00m59.5s/10m0s  27/30 iters, 1 per VU

running (01m17.0s), 03/30 VUs, 27 complete and 0 interrupted iterations
isolation   [  90% ] 30 VUs  01m00.5s/10m0s  27/30 iters, 1 per VU

running (01m18.0s), 03/30 VUs, 27 complete and 0 interrupted iterations
isolation   [  90% ] 30 VUs  01m01.5s/10m0s  27/30 iters, 1 per VU

running (01m19.0s), 03/30 VUs, 27 complete and 0 interrupted iterations
isolation   [  90% ] 30 VUs  01m02.5s/10m0s  27/30 iters, 1 per VU

running (01m20.0s), 03/30 VUs, 27 complete and 0 interrupted iterations
isolation   [  90% ] 30 VUs  01m03.5s/10m0s  27/30 iters, 1 per VU
time="2026-06-11T22:00:59Z" level=warning msg="Request Failed" error="Post \"http://localhost:30001/api/collab/1d6d8f85-bddd-419e-a980-21e11d5a9cfc/state\": request timeout"

running (01m21.0s), 03/30 VUs, 27 complete and 0 interrupted iterations
isolation   [  90% ] 30 VUs  01m04.5s/10m0s  27/30 iters, 1 per VU

running (01m22.0s), 03/30 VUs, 27 complete and 0 interrupted iterations
isolation   [  90% ] 30 VUs  01m05.5s/10m0s  27/30 iters, 1 per VU

running (01m23.0s), 03/30 VUs, 27 complete and 0 interrupted iterations
isolation   [  90% ] 30 VUs  01m06.5s/10m0s  27/30 iters, 1 per VU

running (01m24.0s), 03/30 VUs, 27 complete and 0 interrupted iterations
isolation   [  90% ] 30 VUs  01m07.5s/10m0s  27/30 iters, 1 per VU

running (01m25.0s), 03/30 VUs, 27 complete and 0 interrupted iterations
isolation   [  90% ] 30 VUs  01m08.5s/10m0s  27/30 iters, 1 per VU

running (01m26.0s), 03/30 VUs, 27 complete and 0 interrupted iterations
isolation   [  90% ] 30 VUs  01m09.5s/10m0s  27/30 iters, 1 per VU

running (01m27.0s), 03/30 VUs, 27 complete and 0 interrupted iterations
isolation   [  90% ] 30 VUs  01m10.5s/10m0s  27/30 iters, 1 per VU

running (01m28.0s), 03/30 VUs, 27 complete and 0 interrupted iterations
isolation   [  90% ] 30 VUs  01m11.5s/10m0s  27/30 iters, 1 per VU

running (01m29.0s), 03/30 VUs, 27 complete and 0 interrupted iterations
isolation   [  90% ] 30 VUs  01m12.5s/10m0s  27/30 iters, 1 per VU

running (01m30.0s), 03/30 VUs, 27 complete and 0 interrupted iterations
isolation   [  90% ] 30 VUs  01m13.5s/10m0s  27/30 iters, 1 per VU

running (01m31.0s), 03/30 VUs, 27 complete and 0 interrupted iterations
isolation   [  90% ] 30 VUs  01m14.5s/10m0s  27/30 iters, 1 per VU

running (01m32.0s), 03/30 VUs, 27 complete and 0 interrupted iterations
isolation   [  90% ] 30 VUs  01m15.5s/10m0s  27/30 iters, 1 per VU

running (01m33.0s), 03/30 VUs, 27 complete and 0 interrupted iterations
isolation   [  90% ] 30 VUs  01m16.5s/10m0s  27/30 iters, 1 per VU

running (01m34.0s), 03/30 VUs, 27 complete and 0 interrupted iterations
isolation   [  90% ] 30 VUs  01m17.5s/10m0s  27/30 iters, 1 per VU

running (01m35.0s), 03/30 VUs, 27 complete and 0 interrupted iterations
isolation   [  90% ] 30 VUs  01m18.5s/10m0s  27/30 iters, 1 per VU

running (01m36.0s), 03/30 VUs, 27 complete and 0 interrupted iterations
isolation   [  90% ] 30 VUs  01m19.5s/10m0s  27/30 iters, 1 per VU

running (01m37.0s), 03/30 VUs, 27 complete and 0 interrupted iterations
isolation   [  90% ] 30 VUs  01m20.5s/10m0s  27/30 iters, 1 per VU

running (01m38.0s), 03/30 VUs, 27 complete and 0 interrupted iterations
isolation   [  90% ] 30 VUs  01m21.5s/10m0s  27/30 iters, 1 per VU

running (01m39.0s), 03/30 VUs, 27 complete and 0 interrupted iterations
isolation   [  90% ] 30 VUs  01m22.5s/10m0s  27/30 iters, 1 per VU

running (01m40.0s), 03/30 VUs, 27 complete and 0 interrupted iterations
isolation   [  90% ] 30 VUs  01m23.5s/10m0s  27/30 iters, 1 per VU

running (01m41.0s), 03/30 VUs, 27 complete and 0 interrupted iterations
isolation   [  90% ] 30 VUs  01m24.5s/10m0s  27/30 iters, 1 per VU

running (01m42.0s), 03/30 VUs, 27 complete and 0 interrupted iterations
isolation   [  90% ] 30 VUs  01m25.5s/10m0s  27/30 iters, 1 per VU

running (01m43.0s), 03/30 VUs, 27 complete and 0 interrupted iterations
isolation   [  90% ] 30 VUs  01m26.5s/10m0s  27/30 iters, 1 per VU

running (01m44.0s), 03/30 VUs, 27 complete and 0 interrupted iterations
isolation   [  90% ] 30 VUs  01m27.5s/10m0s  27/30 iters, 1 per VU

running (01m45.0s), 03/30 VUs, 27 complete and 0 interrupted iterations
isolation   [  90% ] 30 VUs  01m28.5s/10m0s  27/30 iters, 1 per VU

running (01m46.0s), 03/30 VUs, 27 complete and 0 interrupted iterations
isolation   [  90% ] 30 VUs  01m29.5s/10m0s  27/30 iters, 1 per VU

running (01m47.0s), 03/30 VUs, 27 complete and 0 interrupted iterations
isolation   [  90% ] 30 VUs  01m30.5s/10m0s  27/30 iters, 1 per VU

running (01m48.0s), 03/30 VUs, 27 complete and 0 interrupted iterations
isolation   [  90% ] 30 VUs  01m31.5s/10m0s  27/30 iters, 1 per VU

running (01m49.0s), 03/30 VUs, 27 complete and 0 interrupted iterations
isolation   [  90% ] 30 VUs  01m32.5s/10m0s  27/30 iters, 1 per VU

running (01m50.0s), 03/30 VUs, 27 complete and 0 interrupted iterations
isolation   [  90% ] 30 VUs  01m33.5s/10m0s  27/30 iters, 1 per VU

running (01m51.0s), 03/30 VUs, 27 complete and 0 interrupted iterations
isolation   [  90% ] 30 VUs  01m34.5s/10m0s  27/30 iters, 1 per VU

running (01m52.0s), 03/30 VUs, 27 complete and 0 interrupted iterations
isolation   [  90% ] 30 VUs  01m35.5s/10m0s  27/30 iters, 1 per VU

running (01m53.0s), 03/30 VUs, 27 complete and 0 interrupted iterations
isolation   [  90% ] 30 VUs  01m36.5s/10m0s  27/30 iters, 1 per VU

running (01m54.0s), 03/30 VUs, 27 complete and 0 interrupted iterations
isolation   [  90% ] 30 VUs  01m37.5s/10m0s  27/30 iters, 1 per VU

running (01m55.0s), 03/30 VUs, 27 complete and 0 interrupted iterations
isolation   [  90% ] 30 VUs  01m38.5s/10m0s  27/30 iters, 1 per VU

running (01m56.0s), 03/30 VUs, 27 complete and 0 interrupted iterations
isolation   [  90% ] 30 VUs  01m39.5s/10m0s  27/30 iters, 1 per VU

running (01m57.0s), 03/30 VUs, 27 complete and 0 interrupted iterations
isolation   [  90% ] 30 VUs  01m40.5s/10m0s  27/30 iters, 1 per VU

running (01m58.0s), 03/30 VUs, 27 complete and 0 interrupted iterations
isolation   [  90% ] 30 VUs  01m41.5s/10m0s  27/30 iters, 1 per VU

running (01m59.0s), 03/30 VUs, 27 complete and 0 interrupted iterations
isolation   [  90% ] 30 VUs  01m42.5s/10m0s  27/30 iters, 1 per VU

running (02m00.0s), 03/30 VUs, 27 complete and 0 interrupted iterations
isolation   [  90% ] 30 VUs  01m43.5s/10m0s  27/30 iters, 1 per VU

running (02m01.0s), 03/30 VUs, 27 complete and 0 interrupted iterations
isolation   [  90% ] 30 VUs  01m44.5s/10m0s  27/30 iters, 1 per VU

running (02m02.0s), 03/30 VUs, 27 complete and 0 interrupted iterations
isolation   [  90% ] 30 VUs  01m45.5s/10m0s  27/30 iters, 1 per VU

running (02m03.0s), 03/30 VUs, 27 complete and 0 interrupted iterations
isolation   [  90% ] 30 VUs  01m46.5s/10m0s  27/30 iters, 1 per VU

running (02m04.0s), 03/30 VUs, 27 complete and 0 interrupted iterations
isolation   [  90% ] 30 VUs  01m47.5s/10m0s  27/30 iters, 1 per VU

running (02m05.0s), 03/30 VUs, 27 complete and 0 interrupted iterations
isolation   [  90% ] 30 VUs  01m48.5s/10m0s  27/30 iters, 1 per VU

running (02m06.0s), 03/30 VUs, 27 complete and 0 interrupted iterations
isolation   [  90% ] 30 VUs  01m49.5s/10m0s  27/30 iters, 1 per VU

running (02m07.0s), 03/30 VUs, 27 complete and 0 interrupted iterations
isolation   [  90% ] 30 VUs  01m50.5s/10m0s  27/30 iters, 1 per VU

running (02m08.0s), 03/30 VUs, 27 complete and 0 interrupted iterations
isolation   [  90% ] 30 VUs  01m51.5s/10m0s  27/30 iters, 1 per VU

running (02m09.0s), 03/30 VUs, 27 complete and 0 interrupted iterations
isolation   [  90% ] 30 VUs  01m52.5s/10m0s  27/30 iters, 1 per VU

running (02m10.0s), 03/30 VUs, 27 complete and 0 interrupted iterations
isolation   [  90% ] 30 VUs  01m53.5s/10m0s  27/30 iters, 1 per VU

running (02m11.0s), 03/30 VUs, 27 complete and 0 interrupted iterations
isolation   [  90% ] 30 VUs  01m54.5s/10m0s  27/30 iters, 1 per VU

running (02m12.0s), 03/30 VUs, 27 complete and 0 interrupted iterations
isolation   [  90% ] 30 VUs  01m55.5s/10m0s  27/30 iters, 1 per VU

running (02m13.0s), 03/30 VUs, 27 complete and 0 interrupted iterations
isolation   [  90% ] 30 VUs  01m56.5s/10m0s  27/30 iters, 1 per VU

running (02m14.0s), 03/30 VUs, 27 complete and 0 interrupted iterations
isolation   [  90% ] 30 VUs  01m57.5s/10m0s  27/30 iters, 1 per VU

running (02m15.0s), 03/30 VUs, 27 complete and 0 interrupted iterations
isolation   [  90% ] 30 VUs  01m58.5s/10m0s  27/30 iters, 1 per VU

running (02m16.0s), 03/30 VUs, 27 complete and 0 interrupted iterations
isolation   [  90% ] 30 VUs  01m59.5s/10m0s  27/30 iters, 1 per VU

running (02m17.0s), 03/30 VUs, 27 complete and 0 interrupted iterations
isolation   [  90% ] 30 VUs  02m00.5s/10m0s  27/30 iters, 1 per VU

running (02m18.0s), 03/30 VUs, 27 complete and 0 interrupted iterations
isolation   [  90% ] 30 VUs  02m01.5s/10m0s  27/30 iters, 1 per VU

running (02m19.0s), 03/30 VUs, 27 complete and 0 interrupted iterations
isolation   [  90% ] 30 VUs  02m02.5s/10m0s  27/30 iters, 1 per VU

running (02m20.0s), 03/30 VUs, 27 complete and 0 interrupted iterations
isolation   [  90% ] 30 VUs  02m03.5s/10m0s  27/30 iters, 1 per VU

running (02m21.0s), 03/30 VUs, 27 complete and 0 interrupted iterations
isolation   [  90% ] 30 VUs  02m04.5s/10m0s  27/30 iters, 1 per VU

running (02m22.0s), 03/30 VUs, 27 complete and 0 interrupted iterations
isolation   [  90% ] 30 VUs  02m05.5s/10m0s  27/30 iters, 1 per VU

running (02m23.0s), 03/30 VUs, 27 complete and 0 interrupted iterations
isolation   [  90% ] 30 VUs  02m06.5s/10m0s  27/30 iters, 1 per VU

running (02m24.0s), 03/30 VUs, 27 complete and 0 interrupted iterations
isolation   [  90% ] 30 VUs  02m07.5s/10m0s  27/30 iters, 1 per VU

running (02m25.0s), 03/30 VUs, 27 complete and 0 interrupted iterations
isolation   [  90% ] 30 VUs  02m08.5s/10m0s  27/30 iters, 1 per VU

running (02m26.0s), 03/30 VUs, 27 complete and 0 interrupted iterations
isolation   [  90% ] 30 VUs  02m09.5s/10m0s  27/30 iters, 1 per VU

running (02m27.0s), 03/30 VUs, 27 complete and 0 interrupted iterations
isolation   [  90% ] 30 VUs  02m10.5s/10m0s  27/30 iters, 1 per VU

running (02m28.0s), 03/30 VUs, 27 complete and 0 interrupted iterations
isolation   [  90% ] 30 VUs  02m11.5s/10m0s  27/30 iters, 1 per VU

running (02m29.0s), 03/30 VUs, 27 complete and 0 interrupted iterations
isolation   [  90% ] 30 VUs  02m12.5s/10m0s  27/30 iters, 1 per VU

running (02m30.0s), 03/30 VUs, 27 complete and 0 interrupted iterations
isolation   [  90% ] 30 VUs  02m13.5s/10m0s  27/30 iters, 1 per VU

running (02m31.0s), 03/30 VUs, 27 complete and 0 interrupted iterations
isolation   [  90% ] 30 VUs  02m14.5s/10m0s  27/30 iters, 1 per VU

running (02m32.0s), 03/30 VUs, 27 complete and 0 interrupted iterations
isolation   [  90% ] 30 VUs  02m15.5s/10m0s  27/30 iters, 1 per VU

running (02m33.0s), 03/30 VUs, 27 complete and 0 interrupted iterations
isolation   [  90% ] 30 VUs  02m16.5s/10m0s  27/30 iters, 1 per VU

running (02m34.0s), 03/30 VUs, 27 complete and 0 interrupted iterations
isolation   [  90% ] 30 VUs  02m17.5s/10m0s  27/30 iters, 1 per VU

running (02m35.0s), 03/30 VUs, 27 complete and 0 interrupted iterations
isolation   [  90% ] 30 VUs  02m18.5s/10m0s  27/30 iters, 1 per VU

running (02m36.0s), 03/30 VUs, 27 complete and 0 interrupted iterations
isolation   [  90% ] 30 VUs  02m19.5s/10m0s  27/30 iters, 1 per VU

running (02m37.0s), 03/30 VUs, 27 complete and 0 interrupted iterations
isolation   [  90% ] 30 VUs  02m20.5s/10m0s  27/30 iters, 1 per VU

running (02m38.0s), 03/30 VUs, 27 complete and 0 interrupted iterations
isolation   [  90% ] 30 VUs  02m21.5s/10m0s  27/30 iters, 1 per VU

running (02m39.0s), 03/30 VUs, 27 complete and 0 interrupted iterations
isolation   [  90% ] 30 VUs  02m22.5s/10m0s  27/30 iters, 1 per VU

running (02m40.0s), 03/30 VUs, 27 complete and 0 interrupted iterations
isolation   [  90% ] 30 VUs  02m23.5s/10m0s  27/30 iters, 1 per VU

running (02m41.0s), 03/30 VUs, 27 complete and 0 interrupted iterations
isolation   [  90% ] 30 VUs  02m24.5s/10m0s  27/30 iters, 1 per VU

running (02m42.0s), 03/30 VUs, 27 complete and 0 interrupted iterations
isolation   [  90% ] 30 VUs  02m25.5s/10m0s  27/30 iters, 1 per VU

running (02m43.0s), 03/30 VUs, 27 complete and 0 interrupted iterations
isolation   [  90% ] 30 VUs  02m26.5s/10m0s  27/30 iters, 1 per VU

running (02m44.0s), 03/30 VUs, 27 complete and 0 interrupted iterations
isolation   [  90% ] 30 VUs  02m27.5s/10m0s  27/30 iters, 1 per VU

running (02m45.0s), 03/30 VUs, 27 complete and 0 interrupted iterations
isolation   [  90% ] 30 VUs  02m28.5s/10m0s  27/30 iters, 1 per VU

running (02m46.0s), 03/30 VUs, 27 complete and 0 interrupted iterations
isolation   [  90% ] 30 VUs  02m29.5s/10m0s  27/30 iters, 1 per VU

running (02m47.0s), 03/30 VUs, 27 complete and 0 interrupted iterations
isolation   [  90% ] 30 VUs  02m30.5s/10m0s  27/30 iters, 1 per VU

running (02m48.0s), 03/30 VUs, 27 complete and 0 interrupted iterations
isolation   [  90% ] 30 VUs  02m31.5s/10m0s  27/30 iters, 1 per VU

running (02m49.0s), 03/30 VUs, 27 complete and 0 interrupted iterations
isolation   [  90% ] 30 VUs  02m32.5s/10m0s  27/30 iters, 1 per VU

running (02m50.0s), 03/30 VUs, 27 complete and 0 interrupted iterations
isolation   [  90% ] 30 VUs  02m33.5s/10m0s  27/30 iters, 1 per VU

running (02m51.0s), 03/30 VUs, 27 complete and 0 interrupted iterations
isolation   [  90% ] 30 VUs  02m34.5s/10m0s  27/30 iters, 1 per VU

running (02m52.0s), 03/30 VUs, 27 complete and 0 interrupted iterations
isolation   [  90% ] 30 VUs  02m35.5s/10m0s  27/30 iters, 1 per VU

running (02m53.0s), 03/30 VUs, 27 complete and 0 interrupted iterations
isolation   [  90% ] 30 VUs  02m36.5s/10m0s  27/30 iters, 1 per VU

running (02m54.0s), 03/30 VUs, 27 complete and 0 interrupted iterations
isolation   [  90% ] 30 VUs  02m37.5s/10m0s  27/30 iters, 1 per VU

running (02m55.0s), 03/30 VUs, 27 complete and 0 interrupted iterations
isolation   [  90% ] 30 VUs  02m38.5s/10m0s  27/30 iters, 1 per VU

running (02m56.0s), 03/30 VUs, 27 complete and 0 interrupted iterations
isolation   [  90% ] 30 VUs  02m39.5s/10m0s  27/30 iters, 1 per VU

running (02m57.0s), 03/30 VUs, 27 complete and 0 interrupted iterations
isolation   [  90% ] 30 VUs  02m40.5s/10m0s  27/30 iters, 1 per VU

running (02m58.0s), 03/30 VUs, 27 complete and 0 interrupted iterations
isolation   [  90% ] 30 VUs  02m41.5s/10m0s  27/30 iters, 1 per VU

running (02m59.0s), 03/30 VUs, 27 complete and 0 interrupted iterations
isolation   [  90% ] 30 VUs  02m42.5s/10m0s  27/30 iters, 1 per VU

running (03m00.0s), 03/30 VUs, 27 complete and 0 interrupted iterations
isolation   [  90% ] 30 VUs  02m43.5s/10m0s  27/30 iters, 1 per VU

running (03m01.0s), 03/30 VUs, 27 complete and 0 interrupted iterations
isolation   [  90% ] 30 VUs  02m44.5s/10m0s  27/30 iters, 1 per VU

running (03m02.0s), 03/30 VUs, 27 complete and 0 interrupted iterations
isolation   [  90% ] 30 VUs  02m45.5s/10m0s  27/30 iters, 1 per VU

running (03m03.0s), 03/30 VUs, 27 complete and 0 interrupted iterations
isolation   [  90% ] 30 VUs  02m46.5s/10m0s  27/30 iters, 1 per VU

running (03m04.0s), 03/30 VUs, 27 complete and 0 interrupted iterations
isolation   [  90% ] 30 VUs  02m47.5s/10m0s  27/30 iters, 1 per VU

running (03m05.0s), 03/30 VUs, 27 complete and 0 interrupted iterations
isolation   [  90% ] 30 VUs  02m48.5s/10m0s  27/30 iters, 1 per VU

running (03m06.0s), 03/30 VUs, 27 complete and 0 interrupted iterations
isolation   [  90% ] 30 VUs  02m49.5s/10m0s  27/30 iters, 1 per VU

running (03m07.0s), 03/30 VUs, 27 complete and 0 interrupted iterations
isolation   [  90% ] 30 VUs  02m50.5s/10m0s  27/30 iters, 1 per VU

running (03m08.0s), 03/30 VUs, 27 complete and 0 interrupted iterations
isolation   [  90% ] 30 VUs  02m51.5s/10m0s  27/30 iters, 1 per VU

running (03m09.0s), 03/30 VUs, 27 complete and 0 interrupted iterations
isolation   [  90% ] 30 VUs  02m52.5s/10m0s  27/30 iters, 1 per VU

running (03m10.0s), 03/30 VUs, 27 complete and 0 interrupted iterations
isolation   [  90% ] 30 VUs  02m53.5s/10m0s  27/30 iters, 1 per VU

running (03m11.0s), 03/30 VUs, 27 complete and 0 interrupted iterations
isolation   [  90% ] 30 VUs  02m54.5s/10m0s  27/30 iters, 1 per VU

running (03m12.0s), 03/30 VUs, 27 complete and 0 interrupted iterations
isolation   [  90% ] 30 VUs  02m55.5s/10m0s  27/30 iters, 1 per VU

running (03m13.0s), 03/30 VUs, 27 complete and 0 interrupted iterations
isolation   [  90% ] 30 VUs  02m56.5s/10m0s  27/30 iters, 1 per VU

running (03m14.0s), 03/30 VUs, 27 complete and 0 interrupted iterations
isolation   [  90% ] 30 VUs  02m57.5s/10m0s  27/30 iters, 1 per VU

running (03m15.0s), 03/30 VUs, 27 complete and 0 interrupted iterations
isolation   [  90% ] 30 VUs  02m58.5s/10m0s  27/30 iters, 1 per VU

running (03m16.0s), 03/30 VUs, 27 complete and 0 interrupted iterations
isolation   [  90% ] 30 VUs  02m59.5s/10m0s  27/30 iters, 1 per VU

running (03m17.0s), 03/30 VUs, 27 complete and 0 interrupted iterations
isolation   [  90% ] 30 VUs  03m00.5s/10m0s  27/30 iters, 1 per VU

running (03m18.0s), 03/30 VUs, 27 complete and 0 interrupted iterations
isolation   [  90% ] 30 VUs  03m01.5s/10m0s  27/30 iters, 1 per VU

running (03m19.0s), 03/30 VUs, 27 complete and 0 interrupted iterations
isolation   [  90% ] 30 VUs  03m02.5s/10m0s  27/30 iters, 1 per VU

running (03m20.0s), 03/30 VUs, 27 complete and 0 interrupted iterations
isolation   [  90% ] 30 VUs  03m03.5s/10m0s  27/30 iters, 1 per VU

running (03m21.0s), 03/30 VUs, 27 complete and 0 interrupted iterations
isolation   [  90% ] 30 VUs  03m04.5s/10m0s  27/30 iters, 1 per VU

running (03m22.0s), 03/30 VUs, 27 complete and 0 interrupted iterations
isolation   [  90% ] 30 VUs  03m05.5s/10m0s  27/30 iters, 1 per VU

running (03m23.0s), 03/30 VUs, 27 complete and 0 interrupted iterations
isolation   [  90% ] 30 VUs  03m06.5s/10m0s  27/30 iters, 1 per VU

running (03m24.0s), 03/30 VUs, 27 complete and 0 interrupted iterations
isolation   [  90% ] 30 VUs  03m07.5s/10m0s  27/30 iters, 1 per VU

running (03m25.0s), 03/30 VUs, 27 complete and 0 interrupted iterations
isolation   [  90% ] 30 VUs  03m08.5s/10m0s  27/30 iters, 1 per VU

running (03m26.0s), 03/30 VUs, 27 complete and 0 interrupted iterations
isolation   [  90% ] 30 VUs  03m09.5s/10m0s  27/30 iters, 1 per VU

running (03m27.0s), 03/30 VUs, 27 complete and 0 interrupted iterations
isolation   [  90% ] 30 VUs  03m10.5s/10m0s  27/30 iters, 1 per VU

running (03m28.0s), 03/30 VUs, 27 complete and 0 interrupted iterations
isolation   [  90% ] 30 VUs  03m11.5s/10m0s  27/30 iters, 1 per VU

running (03m29.0s), 03/30 VUs, 27 complete and 0 interrupted iterations
isolation   [  90% ] 30 VUs  03m12.5s/10m0s  27/30 iters, 1 per VU

running (03m30.0s), 03/30 VUs, 27 complete and 0 interrupted iterations
isolation   [  90% ] 30 VUs  03m13.5s/10m0s  27/30 iters, 1 per VU

running (03m31.0s), 03/30 VUs, 27 complete and 0 interrupted iterations
isolation   [  90% ] 30 VUs  03m14.5s/10m0s  27/30 iters, 1 per VU

running (03m32.0s), 03/30 VUs, 27 complete and 0 interrupted iterations
isolation   [  90% ] 30 VUs  03m15.5s/10m0s  27/30 iters, 1 per VU

running (03m33.0s), 03/30 VUs, 27 complete and 0 interrupted iterations
isolation   [  90% ] 30 VUs  03m16.5s/10m0s  27/30 iters, 1 per VU

running (03m34.0s), 03/30 VUs, 27 complete and 0 interrupted iterations
isolation   [  90% ] 30 VUs  03m17.5s/10m0s  27/30 iters, 1 per VU

running (03m35.0s), 03/30 VUs, 27 complete and 0 interrupted iterations
isolation   [  90% ] 30 VUs  03m18.5s/10m0s  27/30 iters, 1 per VU

running (03m36.0s), 03/30 VUs, 27 complete and 0 interrupted iterations
isolation   [  90% ] 30 VUs  03m19.5s/10m0s  27/30 iters, 1 per VU

running (03m37.0s), 03/30 VUs, 27 complete and 0 interrupted iterations
isolation   [  90% ] 30 VUs  03m20.5s/10m0s  27/30 iters, 1 per VU

running (03m38.0s), 03/30 VUs, 27 complete and 0 interrupted iterations
isolation   [  90% ] 30 VUs  03m21.5s/10m0s  27/30 iters, 1 per VU

running (03m39.0s), 03/30 VUs, 27 complete and 0 interrupted iterations
isolation   [  90% ] 30 VUs  03m22.5s/10m0s  27/30 iters, 1 per VU

running (03m40.0s), 03/30 VUs, 27 complete and 0 interrupted iterations
isolation   [  90% ] 30 VUs  03m23.5s/10m0s  27/30 iters, 1 per VU

running (03m41.0s), 03/30 VUs, 27 complete and 0 interrupted iterations
isolation   [  90% ] 30 VUs  03m24.5s/10m0s  27/30 iters, 1 per VU

running (03m42.0s), 03/30 VUs, 27 complete and 0 interrupted iterations
isolation   [  90% ] 30 VUs  03m25.5s/10m0s  27/30 iters, 1 per VU

running (03m43.0s), 03/30 VUs, 27 complete and 0 interrupted iterations
isolation   [  90% ] 30 VUs  03m26.5s/10m0s  27/30 iters, 1 per VU

running (03m44.0s), 03/30 VUs, 27 complete and 0 interrupted iterations
isolation   [  90% ] 30 VUs  03m27.5s/10m0s  27/30 iters, 1 per VU

running (03m45.0s), 03/30 VUs, 27 complete and 0 interrupted iterations
isolation   [  90% ] 30 VUs  03m28.5s/10m0s  27/30 iters, 1 per VU

running (03m46.0s), 03/30 VUs, 27 complete and 0 interrupted iterations
isolation   [  90% ] 30 VUs  03m29.5s/10m0s  27/30 iters, 1 per VU

running (03m47.0s), 03/30 VUs, 27 complete and 0 interrupted iterations
isolation   [  90% ] 30 VUs  03m30.5s/10m0s  27/30 iters, 1 per VU

running (03m48.0s), 03/30 VUs, 27 complete and 0 interrupted iterations
isolation   [  90% ] 30 VUs  03m31.5s/10m0s  27/30 iters, 1 per VU

running (03m49.0s), 03/30 VUs, 27 complete and 0 interrupted iterations
isolation   [  90% ] 30 VUs  03m32.5s/10m0s  27/30 iters, 1 per VU

running (03m50.0s), 03/30 VUs, 27 complete and 0 interrupted iterations
isolation   [  90% ] 30 VUs  03m33.5s/10m0s  27/30 iters, 1 per VU

running (03m51.0s), 03/30 VUs, 27 complete and 0 interrupted iterations
isolation   [  90% ] 30 VUs  03m34.5s/10m0s  27/30 iters, 1 per VU

running (03m52.0s), 03/30 VUs, 27 complete and 0 interrupted iterations
isolation   [  90% ] 30 VUs  03m35.5s/10m0s  27/30 iters, 1 per VU

running (03m53.0s), 03/30 VUs, 27 complete and 0 interrupted iterations
isolation   [  90% ] 30 VUs  03m36.5s/10m0s  27/30 iters, 1 per VU

running (03m54.0s), 03/30 VUs, 27 complete and 0 interrupted iterations
isolation   [  90% ] 30 VUs  03m37.5s/10m0s  27/30 iters, 1 per VU

running (03m55.0s), 03/30 VUs, 27 complete and 0 interrupted iterations
isolation   [  90% ] 30 VUs  03m38.5s/10m0s  27/30 iters, 1 per VU

running (03m56.0s), 03/30 VUs, 27 complete and 0 interrupted iterations
isolation   [  90% ] 30 VUs  03m39.5s/10m0s  27/30 iters, 1 per VU

running (03m57.0s), 03/30 VUs, 27 complete and 0 interrupted iterations
isolation   [  90% ] 30 VUs  03m40.5s/10m0s  27/30 iters, 1 per VU

running (03m58.0s), 03/30 VUs, 27 complete and 0 interrupted iterations
isolation   [  90% ] 30 VUs  03m41.5s/10m0s  27/30 iters, 1 per VU

running (03m59.0s), 03/30 VUs, 27 complete and 0 interrupted iterations
isolation   [  90% ] 30 VUs  03m42.5s/10m0s  27/30 iters, 1 per VU

running (04m00.0s), 03/30 VUs, 27 complete and 0 interrupted iterations
isolation   [  90% ] 30 VUs  03m43.5s/10m0s  27/30 iters, 1 per VU

running (04m01.0s), 03/30 VUs, 27 complete and 0 interrupted iterations
isolation   [  90% ] 30 VUs  03m44.5s/10m0s  27/30 iters, 1 per VU

running (04m02.0s), 03/30 VUs, 27 complete and 0 interrupted iterations
isolation   [  90% ] 30 VUs  03m45.5s/10m0s  27/30 iters, 1 per VU

running (04m03.0s), 03/30 VUs, 27 complete and 0 interrupted iterations
isolation   [  90% ] 30 VUs  03m46.5s/10m0s  27/30 iters, 1 per VU

running (04m04.0s), 03/30 VUs, 27 complete and 0 interrupted iterations
isolation   [  90% ] 30 VUs  03m47.5s/10m0s  27/30 iters, 1 per VU

running (04m05.0s), 03/30 VUs, 27 complete and 0 interrupted iterations
isolation   [  90% ] 30 VUs  03m48.5s/10m0s  27/30 iters, 1 per VU

running (04m06.0s), 03/30 VUs, 27 complete and 0 interrupted iterations
isolation   [  90% ] 30 VUs  03m49.5s/10m0s  27/30 iters, 1 per VU

running (04m07.0s), 03/30 VUs, 27 complete and 0 interrupted iterations
isolation   [  90% ] 30 VUs  03m50.5s/10m0s  27/30 iters, 1 per VU

running (04m08.0s), 03/30 VUs, 27 complete and 0 interrupted iterations
isolation   [  90% ] 30 VUs  03m51.5s/10m0s  27/30 iters, 1 per VU

running (04m09.0s), 03/30 VUs, 27 complete and 0 interrupted iterations
isolation   [  90% ] 30 VUs  03m52.5s/10m0s  27/30 iters, 1 per VU

running (04m10.0s), 03/30 VUs, 27 complete and 0 interrupted iterations
isolation   [  90% ] 30 VUs  03m53.5s/10m0s  27/30 iters, 1 per VU

running (04m11.0s), 03/30 VUs, 27 complete and 0 interrupted iterations
isolation   [  90% ] 30 VUs  03m54.5s/10m0s  27/30 iters, 1 per VU

running (04m12.0s), 03/30 VUs, 27 complete and 0 interrupted iterations
isolation   [  90% ] 30 VUs  03m55.5s/10m0s  27/30 iters, 1 per VU

running (04m13.0s), 03/30 VUs, 27 complete and 0 interrupted iterations
isolation   [  90% ] 30 VUs  03m56.5s/10m0s  27/30 iters, 1 per VU

running (04m14.0s), 03/30 VUs, 27 complete and 0 interrupted iterations
isolation   [  90% ] 30 VUs  03m57.5s/10m0s  27/30 iters, 1 per VU

running (04m15.0s), 03/30 VUs, 27 complete and 0 interrupted iterations
isolation   [  90% ] 30 VUs  03m58.5s/10m0s  27/30 iters, 1 per VU

running (04m16.0s), 03/30 VUs, 27 complete and 0 interrupted iterations
isolation   [  90% ] 30 VUs  03m59.5s/10m0s  27/30 iters, 1 per VU

running (04m17.0s), 03/30 VUs, 27 complete and 0 interrupted iterations
isolation   [  90% ] 30 VUs  04m00.5s/10m0s  27/30 iters, 1 per VU

running (04m18.0s), 03/30 VUs, 27 complete and 0 interrupted iterations
isolation   [  90% ] 30 VUs  04m01.5s/10m0s  27/30 iters, 1 per VU

running (04m19.0s), 03/30 VUs, 27 complete and 0 interrupted iterations
isolation   [  90% ] 30 VUs  04m02.5s/10m0s  27/30 iters, 1 per VU

running (04m20.0s), 03/30 VUs, 27 complete and 0 interrupted iterations
isolation   [  90% ] 30 VUs  04m03.5s/10m0s  27/30 iters, 1 per VU

running (04m21.0s), 03/30 VUs, 27 complete and 0 interrupted iterations
isolation   [  90% ] 30 VUs  04m04.5s/10m0s  27/30 iters, 1 per VU

running (04m22.0s), 03/30 VUs, 27 complete and 0 interrupted iterations
isolation   [  90% ] 30 VUs  04m05.5s/10m0s  27/30 iters, 1 per VU

running (04m23.0s), 03/30 VUs, 27 complete and 0 interrupted iterations
isolation   [  90% ] 30 VUs  04m06.5s/10m0s  27/30 iters, 1 per VU

running (04m24.0s), 03/30 VUs, 27 complete and 0 interrupted iterations
isolation   [  90% ] 30 VUs  04m07.5s/10m0s  27/30 iters, 1 per VU

running (04m25.0s), 03/30 VUs, 27 complete and 0 interrupted iterations
isolation   [  90% ] 30 VUs  04m08.5s/10m0s  27/30 iters, 1 per VU

running (04m26.0s), 03/30 VUs, 27 complete and 0 interrupted iterations
isolation   [  90% ] 30 VUs  04m09.5s/10m0s  27/30 iters, 1 per VU

running (04m27.0s), 03/30 VUs, 27 complete and 0 interrupted iterations
isolation   [  90% ] 30 VUs  04m10.5s/10m0s  27/30 iters, 1 per VU

running (04m28.0s), 03/30 VUs, 27 complete and 0 interrupted iterations
isolation   [  90% ] 30 VUs  04m11.5s/10m0s  27/30 iters, 1 per VU

running (04m29.0s), 03/30 VUs, 27 complete and 0 interrupted iterations
isolation   [  90% ] 30 VUs  04m12.5s/10m0s  27/30 iters, 1 per VU

running (04m30.0s), 03/30 VUs, 27 complete and 0 interrupted iterations
isolation   [  90% ] 30 VUs  04m13.5s/10m0s  27/30 iters, 1 per VU

running (04m31.0s), 03/30 VUs, 27 complete and 0 interrupted iterations
isolation   [  90% ] 30 VUs  04m14.5s/10m0s  27/30 iters, 1 per VU

running (04m32.0s), 03/30 VUs, 27 complete and 0 interrupted iterations
isolation   [  90% ] 30 VUs  04m15.5s/10m0s  27/30 iters, 1 per VU

running (04m33.0s), 03/30 VUs, 27 complete and 0 interrupted iterations
isolation   [  90% ] 30 VUs  04m16.5s/10m0s  27/30 iters, 1 per VU

running (04m34.0s), 03/30 VUs, 27 complete and 0 interrupted iterations
isolation   [  90% ] 30 VUs  04m17.5s/10m0s  27/30 iters, 1 per VU

running (04m35.0s), 03/30 VUs, 27 complete and 0 interrupted iterations
isolation   [  90% ] 30 VUs  04m18.5s/10m0s  27/30 iters, 1 per VU

running (04m36.0s), 03/30 VUs, 27 complete and 0 interrupted iterations
isolation   [  90% ] 30 VUs  04m19.5s/10m0s  27/30 iters, 1 per VU

running (04m37.0s), 03/30 VUs, 27 complete and 0 interrupted iterations
isolation   [  90% ] 30 VUs  04m20.5s/10m0s  27/30 iters, 1 per VU

running (04m38.0s), 03/30 VUs, 27 complete and 0 interrupted iterations
isolation   [  90% ] 30 VUs  04m21.5s/10m0s  27/30 iters, 1 per VU

running (04m39.0s), 03/30 VUs, 27 complete and 0 interrupted iterations
isolation   [  90% ] 30 VUs  04m22.5s/10m0s  27/30 iters, 1 per VU

running (04m40.0s), 03/30 VUs, 27 complete and 0 interrupted iterations
isolation   [  90% ] 30 VUs  04m23.5s/10m0s  27/30 iters, 1 per VU

running (04m41.0s), 03/30 VUs, 27 complete and 0 interrupted iterations
isolation   [  90% ] 30 VUs  04m24.5s/10m0s  27/30 iters, 1 per VU

running (04m42.0s), 03/30 VUs, 27 complete and 0 interrupted iterations
isolation   [  90% ] 30 VUs  04m25.5s/10m0s  27/30 iters, 1 per VU

running (04m43.0s), 03/30 VUs, 27 complete and 0 interrupted iterations
isolation   [  90% ] 30 VUs  04m26.5s/10m0s  27/30 iters, 1 per VU

running (04m44.0s), 03/30 VUs, 27 complete and 0 interrupted iterations
isolation   [  90% ] 30 VUs  04m27.5s/10m0s  27/30 iters, 1 per VU

running (04m45.0s), 03/30 VUs, 27 complete and 0 interrupted iterations
isolation   [  90% ] 30 VUs  04m28.5s/10m0s  27/30 iters, 1 per VU

running (04m46.0s), 03/30 VUs, 27 complete and 0 interrupted iterations
isolation   [  90% ] 30 VUs  04m29.5s/10m0s  27/30 iters, 1 per VU

running (04m47.0s), 03/30 VUs, 27 complete and 0 interrupted iterations
isolation   [  90% ] 30 VUs  04m30.5s/10m0s  27/30 iters, 1 per VU

running (04m48.0s), 03/30 VUs, 27 complete and 0 interrupted iterations
isolation   [  90% ] 30 VUs  04m31.5s/10m0s  27/30 iters, 1 per VU

running (04m49.0s), 03/30 VUs, 27 complete and 0 interrupted iterations
isolation   [  90% ] 30 VUs  04m32.5s/10m0s  27/30 iters, 1 per VU

running (04m50.0s), 03/30 VUs, 27 complete and 0 interrupted iterations
isolation   [  90% ] 30 VUs  04m33.5s/10m0s  27/30 iters, 1 per VU

running (04m51.0s), 03/30 VUs, 27 complete and 0 interrupted iterations
isolation   [  90% ] 30 VUs  04m34.5s/10m0s  27/30 iters, 1 per VU

running (04m52.0s), 03/30 VUs, 27 complete and 0 interrupted iterations
isolation   [  90% ] 30 VUs  04m35.5s/10m0s  27/30 iters, 1 per VU

running (04m53.0s), 03/30 VUs, 27 complete and 0 interrupted iterations
isolation   [  90% ] 30 VUs  04m36.5s/10m0s  27/30 iters, 1 per VU

running (04m54.0s), 03/30 VUs, 27 complete and 0 interrupted iterations
isolation   [  90% ] 30 VUs  04m37.5s/10m0s  27/30 iters, 1 per VU

running (04m55.0s), 03/30 VUs, 27 complete and 0 interrupted iterations
isolation   [  90% ] 30 VUs  04m38.5s/10m0s  27/30 iters, 1 per VU

running (04m56.0s), 03/30 VUs, 27 complete and 0 interrupted iterations
isolation   [  90% ] 30 VUs  04m39.5s/10m0s  27/30 iters, 1 per VU

running (04m57.0s), 03/30 VUs, 27 complete and 0 interrupted iterations
isolation   [  90% ] 30 VUs  04m40.5s/10m0s  27/30 iters, 1 per VU

running (04m58.0s), 03/30 VUs, 27 complete and 0 interrupted iterations
isolation   [  90% ] 30 VUs  04m41.5s/10m0s  27/30 iters, 1 per VU

running (04m59.0s), 03/30 VUs, 27 complete and 0 interrupted iterations
isolation   [  90% ] 30 VUs  04m42.5s/10m0s  27/30 iters, 1 per VU

running (05m00.0s), 03/30 VUs, 27 complete and 0 interrupted iterations
isolation   [  90% ] 30 VUs  04m43.5s/10m0s  27/30 iters, 1 per VU

running (05m01.0s), 03/30 VUs, 27 complete and 0 interrupted iterations
isolation   [  90% ] 30 VUs  04m44.5s/10m0s  27/30 iters, 1 per VU

running (05m02.0s), 03/30 VUs, 27 complete and 0 interrupted iterations
isolation   [  90% ] 30 VUs  04m45.5s/10m0s  27/30 iters, 1 per VU

running (05m03.0s), 03/30 VUs, 27 complete and 0 interrupted iterations
isolation   [  90% ] 30 VUs  04m46.5s/10m0s  27/30 iters, 1 per VU

running (05m04.0s), 03/30 VUs, 27 complete and 0 interrupted iterations
isolation   [  90% ] 30 VUs  04m47.5s/10m0s  27/30 iters, 1 per VU

running (05m05.0s), 03/30 VUs, 27 complete and 0 interrupted iterations
isolation   [  90% ] 30 VUs  04m48.5s/10m0s  27/30 iters, 1 per VU

running (05m06.0s), 03/30 VUs, 27 complete and 0 interrupted iterations
isolation   [  90% ] 30 VUs  04m49.5s/10m0s  27/30 iters, 1 per VU

running (05m07.0s), 03/30 VUs, 27 complete and 0 interrupted iterations
isolation   [  90% ] 30 VUs  04m50.5s/10m0s  27/30 iters, 1 per VU

running (05m08.0s), 03/30 VUs, 27 complete and 0 interrupted iterations
isolation   [  90% ] 30 VUs  04m51.5s/10m0s  27/30 iters, 1 per VU

running (05m09.0s), 03/30 VUs, 27 complete and 0 interrupted iterations
isolation   [  90% ] 30 VUs  04m52.5s/10m0s  27/30 iters, 1 per VU

running (05m10.0s), 03/30 VUs, 27 complete and 0 interrupted iterations
isolation   [  90% ] 30 VUs  04m53.5s/10m0s  27/30 iters, 1 per VU

running (05m11.0s), 03/30 VUs, 27 complete and 0 interrupted iterations
isolation   [  90% ] 30 VUs  04m54.5s/10m0s  27/30 iters, 1 per VU

running (05m12.0s), 03/30 VUs, 27 complete and 0 interrupted iterations
isolation   [  90% ] 30 VUs  04m55.5s/10m0s  27/30 iters, 1 per VU

running (05m13.0s), 03/30 VUs, 27 complete and 0 interrupted iterations
isolation   [  90% ] 30 VUs  04m56.5s/10m0s  27/30 iters, 1 per VU

running (05m14.0s), 03/30 VUs, 27 complete and 0 interrupted iterations
isolation   [  90% ] 30 VUs  04m57.5s/10m0s  27/30 iters, 1 per VU

running (05m15.0s), 03/30 VUs, 27 complete and 0 interrupted iterations
isolation   [  90% ] 30 VUs  04m58.5s/10m0s  27/30 iters, 1 per VU

running (05m16.0s), 03/30 VUs, 27 complete and 0 interrupted iterations
isolation   [  90% ] 30 VUs  04m59.5s/10m0s  27/30 iters, 1 per VU

running (05m17.0s), 03/30 VUs, 27 complete and 0 interrupted iterations
isolation   [  90% ] 30 VUs  05m00.5s/10m0s  27/30 iters, 1 per VU

running (05m18.0s), 03/30 VUs, 27 complete and 0 interrupted iterations
isolation   [  90% ] 30 VUs  05m01.5s/10m0s  27/30 iters, 1 per VU

running (05m19.0s), 03/30 VUs, 27 complete and 0 interrupted iterations
isolation   [  90% ] 30 VUs  05m02.5s/10m0s  27/30 iters, 1 per VU

running (05m20.0s), 03/30 VUs, 27 complete and 0 interrupted iterations
isolation   [  90% ] 30 VUs  05m03.5s/10m0s  27/30 iters, 1 per VU

running (05m21.0s), 03/30 VUs, 27 complete and 0 interrupted iterations
isolation   [  90% ] 30 VUs  05m04.5s/10m0s  27/30 iters, 1 per VU

running (05m22.0s), 03/30 VUs, 27 complete and 0 interrupted iterations
isolation   [  90% ] 30 VUs  05m05.5s/10m0s  27/30 iters, 1 per VU

running (05m23.0s), 03/30 VUs, 27 complete and 0 interrupted iterations
isolation   [  90% ] 30 VUs  05m06.5s/10m0s  27/30 iters, 1 per VU

running (05m24.0s), 03/30 VUs, 27 complete and 0 interrupted iterations
isolation   [  90% ] 30 VUs  05m07.5s/10m0s  27/30 iters, 1 per VU

running (05m25.0s), 03/30 VUs, 27 complete and 0 interrupted iterations
isolation   [  90% ] 30 VUs  05m08.5s/10m0s  27/30 iters, 1 per VU

running (05m26.0s), 03/30 VUs, 27 complete and 0 interrupted iterations
isolation   [  90% ] 30 VUs  05m09.5s/10m0s  27/30 iters, 1 per VU

running (05m27.0s), 03/30 VUs, 27 complete and 0 interrupted iterations
isolation   [  90% ] 30 VUs  05m10.5s/10m0s  27/30 iters, 1 per VU

running (05m28.0s), 03/30 VUs, 27 complete and 0 interrupted iterations
isolation   [  90% ] 30 VUs  05m11.5s/10m0s  27/30 iters, 1 per VU

running (05m29.0s), 03/30 VUs, 27 complete and 0 interrupted iterations
isolation   [  90% ] 30 VUs  05m12.5s/10m0s  27/30 iters, 1 per VU

running (05m30.0s), 03/30 VUs, 27 complete and 0 interrupted iterations
isolation   [  90% ] 30 VUs  05m13.5s/10m0s  27/30 iters, 1 per VU

running (05m31.0s), 03/30 VUs, 27 complete and 0 interrupted iterations
isolation   [  90% ] 30 VUs  05m14.5s/10m0s  27/30 iters, 1 per VU

running (05m32.0s), 03/30 VUs, 27 complete and 0 interrupted iterations
isolation   [  90% ] 30 VUs  05m15.5s/10m0s  27/30 iters, 1 per VU

running (05m33.0s), 03/30 VUs, 27 complete and 0 interrupted iterations
isolation   [  90% ] 30 VUs  05m16.5s/10m0s  27/30 iters, 1 per VU

running (05m34.0s), 03/30 VUs, 27 complete and 0 interrupted iterations
isolation   [  90% ] 30 VUs  05m17.5s/10m0s  27/30 iters, 1 per VU

running (05m35.0s), 03/30 VUs, 27 complete and 0 interrupted iterations
isolation   [  90% ] 30 VUs  05m18.5s/10m0s  27/30 iters, 1 per VU

running (05m36.0s), 03/30 VUs, 27 complete and 0 interrupted iterations
isolation   [  90% ] 30 VUs  05m19.5s/10m0s  27/30 iters, 1 per VU

running (05m37.0s), 03/30 VUs, 27 complete and 0 interrupted iterations
isolation   [  90% ] 30 VUs  05m20.5s/10m0s  27/30 iters, 1 per VU

running (05m38.0s), 03/30 VUs, 27 complete and 0 interrupted iterations
isolation   [  90% ] 30 VUs  05m21.5s/10m0s  27/30 iters, 1 per VU

running (05m39.0s), 03/30 VUs, 27 complete and 0 interrupted iterations
isolation   [  90% ] 30 VUs  05m22.5s/10m0s  27/30 iters, 1 per VU

running (05m40.0s), 03/30 VUs, 27 complete and 0 interrupted iterations
isolation   [  90% ] 30 VUs  05m23.5s/10m0s  27/30 iters, 1 per VU

running (05m41.0s), 03/30 VUs, 27 complete and 0 interrupted iterations
isolation   [  90% ] 30 VUs  05m24.5s/10m0s  27/30 iters, 1 per VU

running (05m42.0s), 03/30 VUs, 27 complete and 0 interrupted iterations
isolation   [  90% ] 30 VUs  05m25.5s/10m0s  27/30 iters, 1 per VU

running (05m43.0s), 03/30 VUs, 27 complete and 0 interrupted iterations
isolation   [  90% ] 30 VUs  05m26.5s/10m0s  27/30 iters, 1 per VU

running (05m44.0s), 03/30 VUs, 27 complete and 0 interrupted iterations
isolation   [  90% ] 30 VUs  05m27.5s/10m0s  27/30 iters, 1 per VU

running (05m45.0s), 03/30 VUs, 27 complete and 0 interrupted iterations
isolation   [  90% ] 30 VUs  05m28.5s/10m0s  27/30 iters, 1 per VU

running (05m46.0s), 03/30 VUs, 27 complete and 0 interrupted iterations
isolation   [  90% ] 30 VUs  05m29.5s/10m0s  27/30 iters, 1 per VU

running (05m47.0s), 03/30 VUs, 27 complete and 0 interrupted iterations
isolation   [  90% ] 30 VUs  05m30.5s/10m0s  27/30 iters, 1 per VU

running (05m48.0s), 03/30 VUs, 27 complete and 0 interrupted iterations
isolation   [  90% ] 30 VUs  05m31.5s/10m0s  27/30 iters, 1 per VU

running (05m49.0s), 03/30 VUs, 27 complete and 0 interrupted iterations
isolation   [  90% ] 30 VUs  05m32.5s/10m0s  27/30 iters, 1 per VU

running (05m50.0s), 03/30 VUs, 27 complete and 0 interrupted iterations
isolation   [  90% ] 30 VUs  05m33.5s/10m0s  27/30 iters, 1 per VU

running (05m51.0s), 03/30 VUs, 27 complete and 0 interrupted iterations
isolation   [  90% ] 30 VUs  05m34.5s/10m0s  27/30 iters, 1 per VU

running (05m52.0s), 03/30 VUs, 27 complete and 0 interrupted iterations
isolation   [  90% ] 30 VUs  05m35.5s/10m0s  27/30 iters, 1 per VU

running (05m53.0s), 03/30 VUs, 27 complete and 0 interrupted iterations
isolation   [  90% ] 30 VUs  05m36.5s/10m0s  27/30 iters, 1 per VU

running (05m54.0s), 03/30 VUs, 27 complete and 0 interrupted iterations
isolation   [  90% ] 30 VUs  05m37.5s/10m0s  27/30 iters, 1 per VU

running (05m55.0s), 03/30 VUs, 27 complete and 0 interrupted iterations
isolation   [  90% ] 30 VUs  05m38.5s/10m0s  27/30 iters, 1 per VU

running (05m56.0s), 03/30 VUs, 27 complete and 0 interrupted iterations
isolation   [  90% ] 30 VUs  05m39.5s/10m0s  27/30 iters, 1 per VU

running (05m57.0s), 03/30 VUs, 27 complete and 0 interrupted iterations
isolation   [  90% ] 30 VUs  05m40.5s/10m0s  27/30 iters, 1 per VU

running (05m58.0s), 03/30 VUs, 27 complete and 0 interrupted iterations
isolation   [  90% ] 30 VUs  05m41.5s/10m0s  27/30 iters, 1 per VU

running (05m59.0s), 03/30 VUs, 27 complete and 0 interrupted iterations
isolation   [  90% ] 30 VUs  05m42.5s/10m0s  27/30 iters, 1 per VU

running (06m00.0s), 03/30 VUs, 27 complete and 0 interrupted iterations
isolation   [  90% ] 30 VUs  05m43.5s/10m0s  27/30 iters, 1 per VU

running (06m01.0s), 03/30 VUs, 27 complete and 0 interrupted iterations
isolation   [  90% ] 30 VUs  05m44.5s/10m0s  27/30 iters, 1 per VU

running (06m02.0s), 03/30 VUs, 27 complete and 0 interrupted iterations
isolation   [  90% ] 30 VUs  05m45.5s/10m0s  27/30 iters, 1 per VU

running (06m03.0s), 03/30 VUs, 27 complete and 0 interrupted iterations
isolation   [  90% ] 30 VUs  05m46.5s/10m0s  27/30 iters, 1 per VU

running (06m04.0s), 03/30 VUs, 27 complete and 0 interrupted iterations
isolation   [  90% ] 30 VUs  05m47.5s/10m0s  27/30 iters, 1 per VU

running (06m05.0s), 03/30 VUs, 27 complete and 0 interrupted iterations
isolation   [  90% ] 30 VUs  05m48.5s/10m0s  27/30 iters, 1 per VU

running (06m06.0s), 03/30 VUs, 27 complete and 0 interrupted iterations
isolation   [  90% ] 30 VUs  05m49.5s/10m0s  27/30 iters, 1 per VU

running (06m07.0s), 03/30 VUs, 27 complete and 0 interrupted iterations
isolation   [  90% ] 30 VUs  05m50.5s/10m0s  27/30 iters, 1 per VU

running (06m08.0s), 03/30 VUs, 27 complete and 0 interrupted iterations
isolation   [  90% ] 30 VUs  05m51.5s/10m0s  27/30 iters, 1 per VU

running (06m09.0s), 03/30 VUs, 27 complete and 0 interrupted iterations
isolation   [  90% ] 30 VUs  05m52.5s/10m0s  27/30 iters, 1 per VU

running (06m10.0s), 03/30 VUs, 27 complete and 0 interrupted iterations
isolation   [  90% ] 30 VUs  05m53.5s/10m0s  27/30 iters, 1 per VU

running (06m11.0s), 03/30 VUs, 27 complete and 0 interrupted iterations
isolation   [  90% ] 30 VUs  05m54.5s/10m0s  27/30 iters, 1 per VU

running (06m12.0s), 03/30 VUs, 27 complete and 0 interrupted iterations
isolation   [  90% ] 30 VUs  05m55.5s/10m0s  27/30 iters, 1 per VU

running (06m13.0s), 03/30 VUs, 27 complete and 0 interrupted iterations
isolation   [  90% ] 30 VUs  05m56.5s/10m0s  27/30 iters, 1 per VU

running (06m14.0s), 03/30 VUs, 27 complete and 0 interrupted iterations
isolation   [  90% ] 30 VUs  05m57.5s/10m0s  27/30 iters, 1 per VU

running (06m15.0s), 03/30 VUs, 27 complete and 0 interrupted iterations
isolation   [  90% ] 30 VUs  05m58.5s/10m0s  27/30 iters, 1 per VU

running (06m16.0s), 03/30 VUs, 27 complete and 0 interrupted iterations
isolation   [  90% ] 30 VUs  05m59.5s/10m0s  27/30 iters, 1 per VU

running (06m17.0s), 03/30 VUs, 27 complete and 0 interrupted iterations
isolation   [  90% ] 30 VUs  06m00.5s/10m0s  27/30 iters, 1 per VU

running (06m18.0s), 03/30 VUs, 27 complete and 0 interrupted iterations
isolation   [  90% ] 30 VUs  06m01.5s/10m0s  27/30 iters, 1 per VU

running (06m19.0s), 03/30 VUs, 27 complete and 0 interrupted iterations
isolation   [  90% ] 30 VUs  06m02.5s/10m0s  27/30 iters, 1 per VU

running (06m20.0s), 03/30 VUs, 27 complete and 0 interrupted iterations
isolation   [  90% ] 30 VUs  06m03.5s/10m0s  27/30 iters, 1 per VU

running (06m21.0s), 03/30 VUs, 27 complete and 0 interrupted iterations
isolation   [  90% ] 30 VUs  06m04.5s/10m0s  27/30 iters, 1 per VU

running (06m22.0s), 03/30 VUs, 27 complete and 0 interrupted iterations
isolation   [  90% ] 30 VUs  06m05.5s/10m0s  27/30 iters, 1 per VU

running (06m23.0s), 03/30 VUs, 27 complete and 0 interrupted iterations
isolation   [  90% ] 30 VUs  06m06.5s/10m0s  27/30 iters, 1 per VU

running (06m24.0s), 03/30 VUs, 27 complete and 0 interrupted iterations
isolation   [  90% ] 30 VUs  06m07.5s/10m0s  27/30 iters, 1 per VU

running (06m25.0s), 03/30 VUs, 27 complete and 0 interrupted iterations
isolation   [  90% ] 30 VUs  06m08.5s/10m0s  27/30 iters, 1 per VU

running (06m26.0s), 03/30 VUs, 27 complete and 0 interrupted iterations
isolation   [  90% ] 30 VUs  06m09.5s/10m0s  27/30 iters, 1 per VU

running (06m27.0s), 03/30 VUs, 27 complete and 0 interrupted iterations
isolation   [  90% ] 30 VUs  06m10.5s/10m0s  27/30 iters, 1 per VU

running (06m28.0s), 03/30 VUs, 27 complete and 0 interrupted iterations
isolation   [  90% ] 30 VUs  06m11.5s/10m0s  27/30 iters, 1 per VU

running (06m29.0s), 03/30 VUs, 27 complete and 0 interrupted iterations
isolation   [  90% ] 30 VUs  06m12.5s/10m0s  27/30 iters, 1 per VU

running (06m30.0s), 03/30 VUs, 27 complete and 0 interrupted iterations
isolation   [  90% ] 30 VUs  06m13.5s/10m0s  27/30 iters, 1 per VU

running (06m31.0s), 03/30 VUs, 27 complete and 0 interrupted iterations
isolation   [  90% ] 30 VUs  06m14.5s/10m0s  27/30 iters, 1 per VU

running (06m32.0s), 03/30 VUs, 27 complete and 0 interrupted iterations
isolation   [  90% ] 30 VUs  06m15.5s/10m0s  27/30 iters, 1 per VU

running (06m33.0s), 03/30 VUs, 27 complete and 0 interrupted iterations
isolation   [  90% ] 30 VUs  06m16.5s/10m0s  27/30 iters, 1 per VU

running (06m34.0s), 03/30 VUs, 27 complete and 0 interrupted iterations
isolation   [  90% ] 30 VUs  06m17.5s/10m0s  27/30 iters, 1 per VU

running (06m35.0s), 03/30 VUs, 27 complete and 0 interrupted iterations
isolation   [  90% ] 30 VUs  06m18.5s/10m0s  27/30 iters, 1 per VU

running (06m36.0s), 03/30 VUs, 27 complete and 0 interrupted iterations
isolation   [  90% ] 30 VUs  06m19.5s/10m0s  27/30 iters, 1 per VU

running (06m37.0s), 03/30 VUs, 27 complete and 0 interrupted iterations
isolation   [  90% ] 30 VUs  06m20.5s/10m0s  27/30 iters, 1 per VU

running (06m38.0s), 03/30 VUs, 27 complete and 0 interrupted iterations
isolation   [  90% ] 30 VUs  06m21.5s/10m0s  27/30 iters, 1 per VU

running (06m39.0s), 03/30 VUs, 27 complete and 0 interrupted iterations
isolation   [  90% ] 30 VUs  06m22.5s/10m0s  27/30 iters, 1 per VU

running (06m40.0s), 03/30 VUs, 27 complete and 0 interrupted iterations
isolation   [  90% ] 30 VUs  06m23.5s/10m0s  27/30 iters, 1 per VU

running (06m41.0s), 03/30 VUs, 27 complete and 0 interrupted iterations
isolation   [  90% ] 30 VUs  06m24.5s/10m0s  27/30 iters, 1 per VU

running (06m42.0s), 03/30 VUs, 27 complete and 0 interrupted iterations
isolation   [  90% ] 30 VUs  06m25.5s/10m0s  27/30 iters, 1 per VU

running (06m43.0s), 03/30 VUs, 27 complete and 0 interrupted iterations
isolation   [  90% ] 30 VUs  06m26.5s/10m0s  27/30 iters, 1 per VU

running (06m44.0s), 03/30 VUs, 27 complete and 0 interrupted iterations
isolation   [  90% ] 30 VUs  06m27.5s/10m0s  27/30 iters, 1 per VU

running (06m45.0s), 03/30 VUs, 27 complete and 0 interrupted iterations
isolation   [  90% ] 30 VUs  06m28.5s/10m0s  27/30 iters, 1 per VU

running (06m46.0s), 03/30 VUs, 27 complete and 0 interrupted iterations
isolation   [  90% ] 30 VUs  06m29.5s/10m0s  27/30 iters, 1 per VU

running (06m47.0s), 03/30 VUs, 27 complete and 0 interrupted iterations
isolation   [  90% ] 30 VUs  06m30.5s/10m0s  27/30 iters, 1 per VU

running (06m48.0s), 03/30 VUs, 27 complete and 0 interrupted iterations
isolation   [  90% ] 30 VUs  06m31.5s/10m0s  27/30 iters, 1 per VU

running (06m49.0s), 03/30 VUs, 27 complete and 0 interrupted iterations
isolation   [  90% ] 30 VUs  06m32.5s/10m0s  27/30 iters, 1 per VU

running (06m50.0s), 03/30 VUs, 27 complete and 0 interrupted iterations
isolation   [  90% ] 30 VUs  06m33.5s/10m0s  27/30 iters, 1 per VU

running (06m51.0s), 03/30 VUs, 27 complete and 0 interrupted iterations
isolation   [  90% ] 30 VUs  06m34.5s/10m0s  27/30 iters, 1 per VU

running (06m52.0s), 03/30 VUs, 27 complete and 0 interrupted iterations
isolation   [  90% ] 30 VUs  06m35.5s/10m0s  27/30 iters, 1 per VU

running (06m53.0s), 03/30 VUs, 27 complete and 0 interrupted iterations
isolation   [  90% ] 30 VUs  06m36.5s/10m0s  27/30 iters, 1 per VU

running (06m54.0s), 03/30 VUs, 27 complete and 0 interrupted iterations
isolation   [  90% ] 30 VUs  06m37.5s/10m0s  27/30 iters, 1 per VU

running (06m55.0s), 03/30 VUs, 27 complete and 0 interrupted iterations
isolation   [  90% ] 30 VUs  06m38.5s/10m0s  27/30 iters, 1 per VU

running (06m56.0s), 03/30 VUs, 27 complete and 0 interrupted iterations
isolation   [  90% ] 30 VUs  06m39.5s/10m0s  27/30 iters, 1 per VU

running (06m57.0s), 03/30 VUs, 27 complete and 0 interrupted iterations
isolation   [  90% ] 30 VUs  06m40.5s/10m0s  27/30 iters, 1 per VU

running (06m58.0s), 03/30 VUs, 27 complete and 0 interrupted iterations
isolation   [  90% ] 30 VUs  06m41.5s/10m0s  27/30 iters, 1 per VU

running (06m59.0s), 03/30 VUs, 27 complete and 0 interrupted iterations
isolation   [  90% ] 30 VUs  06m42.5s/10m0s  27/30 iters, 1 per VU

running (07m00.0s), 03/30 VUs, 27 complete and 0 interrupted iterations
isolation   [  90% ] 30 VUs  06m43.5s/10m0s  27/30 iters, 1 per VU

running (07m01.0s), 03/30 VUs, 27 complete and 0 interrupted iterations
isolation   [  90% ] 30 VUs  06m44.5s/10m0s  27/30 iters, 1 per VU

running (07m02.0s), 03/30 VUs, 27 complete and 0 interrupted iterations
isolation   [  90% ] 30 VUs  06m45.5s/10m0s  27/30 iters, 1 per VU

running (07m03.0s), 03/30 VUs, 27 complete and 0 interrupted iterations
isolation   [  90% ] 30 VUs  06m46.5s/10m0s  27/30 iters, 1 per VU

running (07m04.0s), 03/30 VUs, 27 complete and 0 interrupted iterations
isolation   [  90% ] 30 VUs  06m47.5s/10m0s  27/30 iters, 1 per VU

running (07m05.0s), 03/30 VUs, 27 complete and 0 interrupted iterations
isolation   [  90% ] 30 VUs  06m48.5s/10m0s  27/30 iters, 1 per VU

running (07m06.0s), 03/30 VUs, 27 complete and 0 interrupted iterations
isolation   [  90% ] 30 VUs  06m49.5s/10m0s  27/30 iters, 1 per VU

running (07m07.0s), 03/30 VUs, 27 complete and 0 interrupted iterations
isolation   [  90% ] 30 VUs  06m50.5s/10m0s  27/30 iters, 1 per VU

running (07m08.0s), 03/30 VUs, 27 complete and 0 interrupted iterations
isolation   [  90% ] 30 VUs  06m51.5s/10m0s  27/30 iters, 1 per VU

running (07m09.0s), 03/30 VUs, 27 complete and 0 interrupted iterations
isolation   [  90% ] 30 VUs  06m52.5s/10m0s  27/30 iters, 1 per VU

running (07m10.0s), 03/30 VUs, 27 complete and 0 interrupted iterations
isolation   [  90% ] 30 VUs  06m53.5s/10m0s  27/30 iters, 1 per VU

running (07m11.0s), 03/30 VUs, 27 complete and 0 interrupted iterations
isolation   [  90% ] 30 VUs  06m54.5s/10m0s  27/30 iters, 1 per VU

running (07m12.0s), 03/30 VUs, 27 complete and 0 interrupted iterations
isolation   [  90% ] 30 VUs  06m55.5s/10m0s  27/30 iters, 1 per VU

running (07m13.0s), 03/30 VUs, 27 complete and 0 interrupted iterations
isolation   [  90% ] 30 VUs  06m56.5s/10m0s  27/30 iters, 1 per VU

running (07m14.0s), 03/30 VUs, 27 complete and 0 interrupted iterations
isolation   [  90% ] 30 VUs  06m57.5s/10m0s  27/30 iters, 1 per VU

running (07m15.0s), 03/30 VUs, 27 complete and 0 interrupted iterations
isolation   [  90% ] 30 VUs  06m58.5s/10m0s  27/30 iters, 1 per VU

running (07m16.0s), 03/30 VUs, 27 complete and 0 interrupted iterations
isolation   [  90% ] 30 VUs  06m59.5s/10m0s  27/30 iters, 1 per VU

running (07m17.0s), 03/30 VUs, 27 complete and 0 interrupted iterations
isolation   [  90% ] 30 VUs  07m00.5s/10m0s  27/30 iters, 1 per VU

running (07m18.0s), 03/30 VUs, 27 complete and 0 interrupted iterations
isolation   [  90% ] 30 VUs  07m01.5s/10m0s  27/30 iters, 1 per VU

running (07m19.0s), 03/30 VUs, 27 complete and 0 interrupted iterations
isolation   [  90% ] 30 VUs  07m02.5s/10m0s  27/30 iters, 1 per VU

running (07m20.0s), 03/30 VUs, 27 complete and 0 interrupted iterations
isolation   [  90% ] 30 VUs  07m03.5s/10m0s  27/30 iters, 1 per VU

running (07m21.0s), 03/30 VUs, 27 complete and 0 interrupted iterations
isolation   [  90% ] 30 VUs  07m04.5s/10m0s  27/30 iters, 1 per VU

running (07m22.0s), 03/30 VUs, 27 complete and 0 interrupted iterations
isolation   [  90% ] 30 VUs  07m05.5s/10m0s  27/30 iters, 1 per VU

running (07m23.0s), 03/30 VUs, 27 complete and 0 interrupted iterations
isolation   [  90% ] 30 VUs  07m06.5s/10m0s  27/30 iters, 1 per VU

running (07m24.0s), 03/30 VUs, 27 complete and 0 interrupted iterations
isolation   [  90% ] 30 VUs  07m07.5s/10m0s  27/30 iters, 1 per VU

running (07m25.0s), 03/30 VUs, 27 complete and 0 interrupted iterations
isolation   [  90% ] 30 VUs  07m08.5s/10m0s  27/30 iters, 1 per VU

running (07m26.0s), 03/30 VUs, 27 complete and 0 interrupted iterations
isolation   [  90% ] 30 VUs  07m09.5s/10m0s  27/30 iters, 1 per VU

running (07m27.0s), 03/30 VUs, 27 complete and 0 interrupted iterations
isolation   [  90% ] 30 VUs  07m10.5s/10m0s  27/30 iters, 1 per VU

running (07m28.0s), 03/30 VUs, 27 complete and 0 interrupted iterations
isolation   [  90% ] 30 VUs  07m11.5s/10m0s  27/30 iters, 1 per VU

running (07m29.0s), 03/30 VUs, 27 complete and 0 interrupted iterations
isolation   [  90% ] 30 VUs  07m12.5s/10m0s  27/30 iters, 1 per VU

running (07m30.0s), 03/30 VUs, 27 complete and 0 interrupted iterations
isolation   [  90% ] 30 VUs  07m13.5s/10m0s  27/30 iters, 1 per VU

running (07m31.0s), 03/30 VUs, 27 complete and 0 interrupted iterations
isolation   [  90% ] 30 VUs  07m14.5s/10m0s  27/30 iters, 1 per VU

running (07m32.0s), 03/30 VUs, 27 complete and 0 interrupted iterations
isolation   [  90% ] 30 VUs  07m15.5s/10m0s  27/30 iters, 1 per VU

running (07m33.0s), 03/30 VUs, 27 complete and 0 interrupted iterations
isolation   [  90% ] 30 VUs  07m16.5s/10m0s  27/30 iters, 1 per VU

running (07m34.0s), 03/30 VUs, 27 complete and 0 interrupted iterations
isolation   [  90% ] 30 VUs  07m17.5s/10m0s  27/30 iters, 1 per VU

running (07m35.0s), 03/30 VUs, 27 complete and 0 interrupted iterations
isolation   [  90% ] 30 VUs  07m18.5s/10m0s  27/30 iters, 1 per VU

running (07m36.0s), 03/30 VUs, 27 complete and 0 interrupted iterations
isolation   [  90% ] 30 VUs  07m19.5s/10m0s  27/30 iters, 1 per VU

running (07m37.0s), 03/30 VUs, 27 complete and 0 interrupted iterations
isolation   [  90% ] 30 VUs  07m20.5s/10m0s  27/30 iters, 1 per VU

running (07m38.0s), 03/30 VUs, 27 complete and 0 interrupted iterations
isolation   [  90% ] 30 VUs  07m21.5s/10m0s  27/30 iters, 1 per VU

running (07m39.0s), 03/30 VUs, 27 complete and 0 interrupted iterations
isolation   [  90% ] 30 VUs  07m22.5s/10m0s  27/30 iters, 1 per VU
time="2026-06-11T22:07:17Z" level=info msg="VU15 MLTrainer: isolation check complete (eb14a1d3-9284-4104-a098-68ab8fc01896, ad1889a5-4d81-4de5-ad82-0b60da7693ee)" source=console

running (07m40.0s), 02/30 VUs, 28 complete and 0 interrupted iterations
isolation   [  93% ] 30 VUs  07m23.5s/10m0s  28/30 iters, 1 per VU

running (07m41.0s), 02/30 VUs, 28 complete and 0 interrupted iterations
isolation   [  93% ] 30 VUs  07m24.5s/10m0s  28/30 iters, 1 per VU

running (07m42.0s), 02/30 VUs, 28 complete and 0 interrupted iterations
isolation   [  93% ] 30 VUs  07m25.5s/10m0s  28/30 iters, 1 per VU

running (07m43.0s), 02/30 VUs, 28 complete and 0 interrupted iterations
isolation   [  93% ] 30 VUs  07m26.5s/10m0s  28/30 iters, 1 per VU

running (07m44.0s), 02/30 VUs, 28 complete and 0 interrupted iterations
isolation   [  93% ] 30 VUs  07m27.5s/10m0s  28/30 iters, 1 per VU

running (07m45.0s), 02/30 VUs, 28 complete and 0 interrupted iterations
isolation   [  93% ] 30 VUs  07m28.5s/10m0s  28/30 iters, 1 per VU

running (07m46.0s), 02/30 VUs, 28 complete and 0 interrupted iterations
isolation   [  93% ] 30 VUs  07m29.5s/10m0s  28/30 iters, 1 per VU

running (07m47.0s), 02/30 VUs, 28 complete and 0 interrupted iterations
isolation   [  93% ] 30 VUs  07m30.5s/10m0s  28/30 iters, 1 per VU

running (07m48.0s), 02/30 VUs, 28 complete and 0 interrupted iterations
isolation   [  93% ] 30 VUs  07m31.5s/10m0s  28/30 iters, 1 per VU

running (07m49.0s), 02/30 VUs, 28 complete and 0 interrupted iterations
isolation   [  93% ] 30 VUs  07m32.5s/10m0s  28/30 iters, 1 per VU

running (07m50.0s), 02/30 VUs, 28 complete and 0 interrupted iterations
isolation   [  93% ] 30 VUs  07m33.5s/10m0s  28/30 iters, 1 per VU

running (07m51.0s), 02/30 VUs, 28 complete and 0 interrupted iterations
isolation   [  93% ] 30 VUs  07m34.5s/10m0s  28/30 iters, 1 per VU

running (07m52.0s), 02/30 VUs, 28 complete and 0 interrupted iterations
isolation   [  93% ] 30 VUs  07m35.5s/10m0s  28/30 iters, 1 per VU

running (07m53.0s), 02/30 VUs, 28 complete and 0 interrupted iterations
isolation   [  93% ] 30 VUs  07m36.5s/10m0s  28/30 iters, 1 per VU

running (07m54.0s), 02/30 VUs, 28 complete and 0 interrupted iterations
isolation   [  93% ] 30 VUs  07m37.5s/10m0s  28/30 iters, 1 per VU

running (07m55.0s), 02/30 VUs, 28 complete and 0 interrupted iterations
isolation   [  93% ] 30 VUs  07m38.5s/10m0s  28/30 iters, 1 per VU

running (07m56.0s), 02/30 VUs, 28 complete and 0 interrupted iterations
isolation   [  93% ] 30 VUs  07m39.5s/10m0s  28/30 iters, 1 per VU

running (07m57.0s), 02/30 VUs, 28 complete and 0 interrupted iterations
isolation   [  93% ] 30 VUs  07m40.5s/10m0s  28/30 iters, 1 per VU

running (07m58.0s), 02/30 VUs, 28 complete and 0 interrupted iterations
isolation   [  93% ] 30 VUs  07m41.5s/10m0s  28/30 iters, 1 per VU

running (07m59.0s), 02/30 VUs, 28 complete and 0 interrupted iterations
isolation   [  93% ] 30 VUs  07m42.5s/10m0s  28/30 iters, 1 per VU

running (08m00.0s), 02/30 VUs, 28 complete and 0 interrupted iterations
isolation   [  93% ] 30 VUs  07m43.5s/10m0s  28/30 iters, 1 per VU

running (08m01.0s), 02/30 VUs, 28 complete and 0 interrupted iterations
isolation   [  93% ] 30 VUs  07m44.5s/10m0s  28/30 iters, 1 per VU

running (08m02.0s), 02/30 VUs, 28 complete and 0 interrupted iterations
isolation   [  93% ] 30 VUs  07m45.5s/10m0s  28/30 iters, 1 per VU

running (08m03.0s), 02/30 VUs, 28 complete and 0 interrupted iterations
isolation   [  93% ] 30 VUs  07m46.5s/10m0s  28/30 iters, 1 per VU

running (08m04.0s), 02/30 VUs, 28 complete and 0 interrupted iterations
isolation   [  93% ] 30 VUs  07m47.5s/10m0s  28/30 iters, 1 per VU

running (08m05.0s), 02/30 VUs, 28 complete and 0 interrupted iterations
isolation   [  93% ] 30 VUs  07m48.5s/10m0s  28/30 iters, 1 per VU

running (08m06.0s), 02/30 VUs, 28 complete and 0 interrupted iterations
isolation   [  93% ] 30 VUs  07m49.5s/10m0s  28/30 iters, 1 per VU

running (08m07.0s), 02/30 VUs, 28 complete and 0 interrupted iterations
isolation   [  93% ] 30 VUs  07m50.5s/10m0s  28/30 iters, 1 per VU

running (08m08.0s), 02/30 VUs, 28 complete and 0 interrupted iterations
isolation   [  93% ] 30 VUs  07m51.5s/10m0s  28/30 iters, 1 per VU

running (08m09.0s), 02/30 VUs, 28 complete and 0 interrupted iterations
isolation   [  93% ] 30 VUs  07m52.5s/10m0s  28/30 iters, 1 per VU

running (08m10.0s), 02/30 VUs, 28 complete and 0 interrupted iterations
isolation   [  93% ] 30 VUs  07m53.5s/10m0s  28/30 iters, 1 per VU

running (08m11.0s), 02/30 VUs, 28 complete and 0 interrupted iterations
isolation   [  93% ] 30 VUs  07m54.5s/10m0s  28/30 iters, 1 per VU

running (08m12.0s), 02/30 VUs, 28 complete and 0 interrupted iterations
isolation   [  93% ] 30 VUs  07m55.5s/10m0s  28/30 iters, 1 per VU

running (08m13.0s), 02/30 VUs, 28 complete and 0 interrupted iterations
isolation   [  93% ] 30 VUs  07m56.5s/10m0s  28/30 iters, 1 per VU

running (08m14.0s), 02/30 VUs, 28 complete and 0 interrupted iterations
isolation   [  93% ] 30 VUs  07m57.5s/10m0s  28/30 iters, 1 per VU

running (08m15.0s), 02/30 VUs, 28 complete and 0 interrupted iterations
isolation   [  93% ] 30 VUs  07m58.5s/10m0s  28/30 iters, 1 per VU

running (08m16.0s), 02/30 VUs, 28 complete and 0 interrupted iterations
isolation   [  93% ] 30 VUs  07m59.5s/10m0s  28/30 iters, 1 per VU

running (08m17.0s), 02/30 VUs, 28 complete and 0 interrupted iterations
isolation   [  93% ] 30 VUs  08m00.5s/10m0s  28/30 iters, 1 per VU

running (08m18.0s), 02/30 VUs, 28 complete and 0 interrupted iterations
isolation   [  93% ] 30 VUs  08m01.5s/10m0s  28/30 iters, 1 per VU

running (08m19.0s), 02/30 VUs, 28 complete and 0 interrupted iterations
isolation   [  93% ] 30 VUs  08m02.5s/10m0s  28/30 iters, 1 per VU

running (08m20.0s), 02/30 VUs, 28 complete and 0 interrupted iterations
isolation   [  93% ] 30 VUs  08m03.5s/10m0s  28/30 iters, 1 per VU

running (08m21.0s), 02/30 VUs, 28 complete and 0 interrupted iterations
isolation   [  93% ] 30 VUs  08m04.5s/10m0s  28/30 iters, 1 per VU

running (08m22.0s), 02/30 VUs, 28 complete and 0 interrupted iterations
isolation   [  93% ] 30 VUs  08m05.5s/10m0s  28/30 iters, 1 per VU

running (08m23.0s), 02/30 VUs, 28 complete and 0 interrupted iterations
isolation   [  93% ] 30 VUs  08m06.5s/10m0s  28/30 iters, 1 per VU

running (08m24.0s), 02/30 VUs, 28 complete and 0 interrupted iterations
isolation   [  93% ] 30 VUs  08m07.5s/10m0s  28/30 iters, 1 per VU

running (08m25.0s), 02/30 VUs, 28 complete and 0 interrupted iterations
isolation   [  93% ] 30 VUs  08m08.5s/10m0s  28/30 iters, 1 per VU

running (08m26.0s), 02/30 VUs, 28 complete and 0 interrupted iterations
isolation   [  93% ] 30 VUs  08m09.5s/10m0s  28/30 iters, 1 per VU

running (08m27.0s), 02/30 VUs, 28 complete and 0 interrupted iterations
isolation   [  93% ] 30 VUs  08m10.5s/10m0s  28/30 iters, 1 per VU

running (08m28.0s), 02/30 VUs, 28 complete and 0 interrupted iterations
isolation   [  93% ] 30 VUs  08m11.5s/10m0s  28/30 iters, 1 per VU

running (08m29.0s), 02/30 VUs, 28 complete and 0 interrupted iterations
isolation   [  93% ] 30 VUs  08m12.5s/10m0s  28/30 iters, 1 per VU

running (08m30.0s), 02/30 VUs, 28 complete and 0 interrupted iterations
isolation   [  93% ] 30 VUs  08m13.5s/10m0s  28/30 iters, 1 per VU

running (08m31.0s), 02/30 VUs, 28 complete and 0 interrupted iterations
isolation   [  93% ] 30 VUs  08m14.5s/10m0s  28/30 iters, 1 per VU

running (08m32.0s), 02/30 VUs, 28 complete and 0 interrupted iterations
isolation   [  93% ] 30 VUs  08m15.5s/10m0s  28/30 iters, 1 per VU

running (08m33.0s), 02/30 VUs, 28 complete and 0 interrupted iterations
isolation   [  93% ] 30 VUs  08m16.5s/10m0s  28/30 iters, 1 per VU

running (08m34.0s), 02/30 VUs, 28 complete and 0 interrupted iterations
isolation   [  93% ] 30 VUs  08m17.5s/10m0s  28/30 iters, 1 per VU

running (08m35.0s), 02/30 VUs, 28 complete and 0 interrupted iterations
isolation   [  93% ] 30 VUs  08m18.5s/10m0s  28/30 iters, 1 per VU

running (08m36.0s), 02/30 VUs, 28 complete and 0 interrupted iterations
isolation   [  93% ] 30 VUs  08m19.5s/10m0s  28/30 iters, 1 per VU

running (08m37.0s), 02/30 VUs, 28 complete and 0 interrupted iterations
isolation   [  93% ] 30 VUs  08m20.5s/10m0s  28/30 iters, 1 per VU

running (08m38.0s), 02/30 VUs, 28 complete and 0 interrupted iterations
isolation   [  93% ] 30 VUs  08m21.5s/10m0s  28/30 iters, 1 per VU

running (08m39.0s), 02/30 VUs, 28 complete and 0 interrupted iterations
isolation   [  93% ] 30 VUs  08m22.5s/10m0s  28/30 iters, 1 per VU

running (08m40.0s), 02/30 VUs, 28 complete and 0 interrupted iterations
isolation   [  93% ] 30 VUs  08m23.5s/10m0s  28/30 iters, 1 per VU

running (08m41.0s), 02/30 VUs, 28 complete and 0 interrupted iterations
isolation   [  93% ] 30 VUs  08m24.5s/10m0s  28/30 iters, 1 per VU

running (08m42.0s), 02/30 VUs, 28 complete and 0 interrupted iterations
isolation   [  93% ] 30 VUs  08m25.5s/10m0s  28/30 iters, 1 per VU

running (08m43.0s), 02/30 VUs, 28 complete and 0 interrupted iterations
isolation   [  93% ] 30 VUs  08m26.5s/10m0s  28/30 iters, 1 per VU

running (08m44.0s), 02/30 VUs, 28 complete and 0 interrupted iterations
isolation   [  93% ] 30 VUs  08m27.5s/10m0s  28/30 iters, 1 per VU

running (08m45.0s), 02/30 VUs, 28 complete and 0 interrupted iterations
isolation   [  93% ] 30 VUs  08m28.5s/10m0s  28/30 iters, 1 per VU

running (08m46.0s), 02/30 VUs, 28 complete and 0 interrupted iterations
isolation   [  93% ] 30 VUs  08m29.5s/10m0s  28/30 iters, 1 per VU

running (08m47.0s), 02/30 VUs, 28 complete and 0 interrupted iterations
isolation   [  93% ] 30 VUs  08m30.5s/10m0s  28/30 iters, 1 per VU

running (08m48.0s), 02/30 VUs, 28 complete and 0 interrupted iterations
isolation   [  93% ] 30 VUs  08m31.5s/10m0s  28/30 iters, 1 per VU

running (08m49.0s), 02/30 VUs, 28 complete and 0 interrupted iterations
isolation   [  93% ] 30 VUs  08m32.5s/10m0s  28/30 iters, 1 per VU

running (08m50.0s), 02/30 VUs, 28 complete and 0 interrupted iterations
isolation   [  93% ] 30 VUs  08m33.5s/10m0s  28/30 iters, 1 per VU

running (08m51.0s), 02/30 VUs, 28 complete and 0 interrupted iterations
isolation   [  93% ] 30 VUs  08m34.5s/10m0s  28/30 iters, 1 per VU

running (08m52.0s), 02/30 VUs, 28 complete and 0 interrupted iterations
isolation   [  93% ] 30 VUs  08m35.5s/10m0s  28/30 iters, 1 per VU

running (08m53.0s), 02/30 VUs, 28 complete and 0 interrupted iterations
isolation   [  93% ] 30 VUs  08m36.5s/10m0s  28/30 iters, 1 per VU

running (08m54.0s), 02/30 VUs, 28 complete and 0 interrupted iterations
isolation   [  93% ] 30 VUs  08m37.5s/10m0s  28/30 iters, 1 per VU

running (08m55.0s), 02/30 VUs, 28 complete and 0 interrupted iterations
isolation   [  93% ] 30 VUs  08m38.5s/10m0s  28/30 iters, 1 per VU

running (08m56.0s), 02/30 VUs, 28 complete and 0 interrupted iterations
isolation   [  93% ] 30 VUs  08m39.5s/10m0s  28/30 iters, 1 per VU

running (08m57.0s), 02/30 VUs, 28 complete and 0 interrupted iterations
isolation   [  93% ] 30 VUs  08m40.5s/10m0s  28/30 iters, 1 per VU

running (08m58.0s), 02/30 VUs, 28 complete and 0 interrupted iterations
isolation   [  93% ] 30 VUs  08m41.5s/10m0s  28/30 iters, 1 per VU

running (08m59.0s), 02/30 VUs, 28 complete and 0 interrupted iterations
isolation   [  93% ] 30 VUs  08m42.5s/10m0s  28/30 iters, 1 per VU

running (09m00.0s), 02/30 VUs, 28 complete and 0 interrupted iterations
isolation   [  93% ] 30 VUs  08m43.5s/10m0s  28/30 iters, 1 per VU

running (09m01.0s), 02/30 VUs, 28 complete and 0 interrupted iterations
isolation   [  93% ] 30 VUs  08m44.5s/10m0s  28/30 iters, 1 per VU

running (09m02.0s), 02/30 VUs, 28 complete and 0 interrupted iterations
isolation   [  93% ] 30 VUs  08m45.5s/10m0s  28/30 iters, 1 per VU

running (09m03.0s), 02/30 VUs, 28 complete and 0 interrupted iterations
isolation   [  93% ] 30 VUs  08m46.5s/10m0s  28/30 iters, 1 per VU

running (09m04.0s), 02/30 VUs, 28 complete and 0 interrupted iterations
isolation   [  93% ] 30 VUs  08m47.5s/10m0s  28/30 iters, 1 per VU

running (09m05.0s), 02/30 VUs, 28 complete and 0 interrupted iterations
isolation   [  93% ] 30 VUs  08m48.5s/10m0s  28/30 iters, 1 per VU

running (09m06.0s), 02/30 VUs, 28 complete and 0 interrupted iterations
isolation   [  93% ] 30 VUs  08m49.5s/10m0s  28/30 iters, 1 per VU

running (09m07.0s), 02/30 VUs, 28 complete and 0 interrupted iterations
isolation   [  93% ] 30 VUs  08m50.5s/10m0s  28/30 iters, 1 per VU

running (09m08.0s), 02/30 VUs, 28 complete and 0 interrupted iterations
isolation   [  93% ] 30 VUs  08m51.5s/10m0s  28/30 iters, 1 per VU

running (09m09.0s), 02/30 VUs, 28 complete and 0 interrupted iterations
isolation   [  93% ] 30 VUs  08m52.5s/10m0s  28/30 iters, 1 per VU

running (09m10.0s), 02/30 VUs, 28 complete and 0 interrupted iterations
isolation   [  93% ] 30 VUs  08m53.5s/10m0s  28/30 iters, 1 per VU

running (09m11.0s), 02/30 VUs, 28 complete and 0 interrupted iterations
isolation   [  93% ] 30 VUs  08m54.5s/10m0s  28/30 iters, 1 per VU

running (09m12.0s), 02/30 VUs, 28 complete and 0 interrupted iterations
isolation   [  93% ] 30 VUs  08m55.5s/10m0s  28/30 iters, 1 per VU

running (09m13.0s), 02/30 VUs, 28 complete and 0 interrupted iterations
isolation   [  93% ] 30 VUs  08m56.5s/10m0s  28/30 iters, 1 per VU

running (09m14.0s), 02/30 VUs, 28 complete and 0 interrupted iterations
isolation   [  93% ] 30 VUs  08m57.5s/10m0s  28/30 iters, 1 per VU

running (09m15.0s), 02/30 VUs, 28 complete and 0 interrupted iterations
isolation   [  93% ] 30 VUs  08m58.5s/10m0s  28/30 iters, 1 per VU

running (09m16.0s), 02/30 VUs, 28 complete and 0 interrupted iterations
isolation   [  93% ] 30 VUs  08m59.5s/10m0s  28/30 iters, 1 per VU

running (09m17.0s), 02/30 VUs, 28 complete and 0 interrupted iterations
isolation   [  93% ] 30 VUs  09m00.5s/10m0s  28/30 iters, 1 per VU

running (09m18.0s), 02/30 VUs, 28 complete and 0 interrupted iterations
isolation   [  93% ] 30 VUs  09m01.5s/10m0s  28/30 iters, 1 per VU

running (09m19.0s), 02/30 VUs, 28 complete and 0 interrupted iterations
isolation   [  93% ] 30 VUs  09m02.5s/10m0s  28/30 iters, 1 per VU

running (09m20.0s), 02/30 VUs, 28 complete and 0 interrupted iterations
isolation   [  93% ] 30 VUs  09m03.5s/10m0s  28/30 iters, 1 per VU

running (09m21.0s), 02/30 VUs, 28 complete and 0 interrupted iterations
isolation   [  93% ] 30 VUs  09m04.5s/10m0s  28/30 iters, 1 per VU

running (09m22.0s), 02/30 VUs, 28 complete and 0 interrupted iterations
isolation   [  93% ] 30 VUs  09m05.5s/10m0s  28/30 iters, 1 per VU

running (09m23.0s), 02/30 VUs, 28 complete and 0 interrupted iterations
isolation   [  93% ] 30 VUs  09m06.5s/10m0s  28/30 iters, 1 per VU

running (09m24.0s), 02/30 VUs, 28 complete and 0 interrupted iterations
isolation   [  93% ] 30 VUs  09m07.5s/10m0s  28/30 iters, 1 per VU

running (09m25.0s), 02/30 VUs, 28 complete and 0 interrupted iterations
isolation   [  93% ] 30 VUs  09m08.5s/10m0s  28/30 iters, 1 per VU

running (09m26.0s), 02/30 VUs, 28 complete and 0 interrupted iterations
isolation   [  93% ] 30 VUs  09m09.5s/10m0s  28/30 iters, 1 per VU

running (09m27.0s), 02/30 VUs, 28 complete and 0 interrupted iterations
isolation   [  93% ] 30 VUs  09m10.5s/10m0s  28/30 iters, 1 per VU

running (09m28.0s), 02/30 VUs, 28 complete and 0 interrupted iterations
isolation   [  93% ] 30 VUs  09m11.5s/10m0s  28/30 iters, 1 per VU

running (09m29.0s), 02/30 VUs, 28 complete and 0 interrupted iterations
isolation   [  93% ] 30 VUs  09m12.5s/10m0s  28/30 iters, 1 per VU

running (09m30.0s), 02/30 VUs, 28 complete and 0 interrupted iterations
isolation   [  93% ] 30 VUs  09m13.5s/10m0s  28/30 iters, 1 per VU

running (09m31.0s), 02/30 VUs, 28 complete and 0 interrupted iterations
isolation   [  93% ] 30 VUs  09m14.5s/10m0s  28/30 iters, 1 per VU

running (09m32.0s), 02/30 VUs, 28 complete and 0 interrupted iterations
isolation   [  93% ] 30 VUs  09m15.5s/10m0s  28/30 iters, 1 per VU

running (09m33.0s), 02/30 VUs, 28 complete and 0 interrupted iterations
isolation   [  93% ] 30 VUs  09m16.5s/10m0s  28/30 iters, 1 per VU

running (09m34.0s), 02/30 VUs, 28 complete and 0 interrupted iterations
isolation   [  93% ] 30 VUs  09m17.5s/10m0s  28/30 iters, 1 per VU

running (09m35.0s), 02/30 VUs, 28 complete and 0 interrupted iterations
isolation   [  93% ] 30 VUs  09m18.5s/10m0s  28/30 iters, 1 per VU

running (09m36.0s), 02/30 VUs, 28 complete and 0 interrupted iterations
isolation   [  93% ] 30 VUs  09m19.5s/10m0s  28/30 iters, 1 per VU

running (09m37.0s), 02/30 VUs, 28 complete and 0 interrupted iterations
isolation   [  93% ] 30 VUs  09m20.5s/10m0s  28/30 iters, 1 per VU

running (09m38.0s), 02/30 VUs, 28 complete and 0 interrupted iterations
isolation   [  93% ] 30 VUs  09m21.5s/10m0s  28/30 iters, 1 per VU

running (09m39.0s), 02/30 VUs, 28 complete and 0 interrupted iterations
isolation   [  93% ] 30 VUs  09m22.5s/10m0s  28/30 iters, 1 per VU

running (09m40.0s), 02/30 VUs, 28 complete and 0 interrupted iterations
isolation   [  93% ] 30 VUs  09m23.5s/10m0s  28/30 iters, 1 per VU

running (09m41.0s), 02/30 VUs, 28 complete and 0 interrupted iterations
isolation   [  93% ] 30 VUs  09m24.5s/10m0s  28/30 iters, 1 per VU

running (09m42.0s), 02/30 VUs, 28 complete and 0 interrupted iterations
isolation   [  93% ] 30 VUs  09m25.5s/10m0s  28/30 iters, 1 per VU

running (09m43.0s), 02/30 VUs, 28 complete and 0 interrupted iterations
isolation   [  93% ] 30 VUs  09m26.5s/10m0s  28/30 iters, 1 per VU

running (09m44.0s), 02/30 VUs, 28 complete and 0 interrupted iterations
isolation   [  93% ] 30 VUs  09m27.5s/10m0s  28/30 iters, 1 per VU

running (09m45.0s), 02/30 VUs, 28 complete and 0 interrupted iterations
isolation   [  93% ] 30 VUs  09m28.5s/10m0s  28/30 iters, 1 per VU

running (09m46.0s), 02/30 VUs, 28 complete and 0 interrupted iterations
isolation   [  93% ] 30 VUs  09m29.5s/10m0s  28/30 iters, 1 per VU

running (09m47.0s), 02/30 VUs, 28 complete and 0 interrupted iterations
isolation   [  93% ] 30 VUs  09m30.5s/10m0s  28/30 iters, 1 per VU

running (09m48.0s), 02/30 VUs, 28 complete and 0 interrupted iterations
isolation   [  93% ] 30 VUs  09m31.5s/10m0s  28/30 iters, 1 per VU

running (09m49.0s), 02/30 VUs, 28 complete and 0 interrupted iterations
isolation   [  93% ] 30 VUs  09m32.5s/10m0s  28/30 iters, 1 per VU

running (09m50.0s), 02/30 VUs, 28 complete and 0 interrupted iterations
isolation   [  93% ] 30 VUs  09m33.5s/10m0s  28/30 iters, 1 per VU

running (09m51.0s), 02/30 VUs, 28 complete and 0 interrupted iterations
isolation   [  93% ] 30 VUs  09m34.5s/10m0s  28/30 iters, 1 per VU

running (09m52.0s), 02/30 VUs, 28 complete and 0 interrupted iterations
isolation   [  93% ] 30 VUs  09m35.5s/10m0s  28/30 iters, 1 per VU

running (09m53.0s), 02/30 VUs, 28 complete and 0 interrupted iterations
isolation   [  93% ] 30 VUs  09m36.5s/10m0s  28/30 iters, 1 per VU

running (09m54.0s), 02/30 VUs, 28 complete and 0 interrupted iterations
isolation   [  93% ] 30 VUs  09m37.5s/10m0s  28/30 iters, 1 per VU

running (09m55.0s), 02/30 VUs, 28 complete and 0 interrupted iterations
isolation   [  93% ] 30 VUs  09m38.5s/10m0s  28/30 iters, 1 per VU

running (09m56.0s), 02/30 VUs, 28 complete and 0 interrupted iterations
isolation   [  93% ] 30 VUs  09m39.5s/10m0s  28/30 iters, 1 per VU

running (09m57.0s), 02/30 VUs, 28 complete and 0 interrupted iterations
isolation   [  93% ] 30 VUs  09m40.5s/10m0s  28/30 iters, 1 per VU

running (09m58.0s), 02/30 VUs, 28 complete and 0 interrupted iterations
isolation   [  93% ] 30 VUs  09m41.5s/10m0s  28/30 iters, 1 per VU

running (09m59.0s), 02/30 VUs, 28 complete and 0 interrupted iterations
isolation   [  93% ] 30 VUs  09m42.5s/10m0s  28/30 iters, 1 per VU

running (10m00.0s), 02/30 VUs, 28 complete and 0 interrupted iterations
isolation   [  93% ] 30 VUs  09m43.5s/10m0s  28/30 iters, 1 per VU

running (10m01.0s), 02/30 VUs, 28 complete and 0 interrupted iterations
isolation   [  93% ] 30 VUs  09m44.5s/10m0s  28/30 iters, 1 per VU

running (10m02.0s), 02/30 VUs, 28 complete and 0 interrupted iterations
isolation   [  93% ] 30 VUs  09m45.5s/10m0s  28/30 iters, 1 per VU

running (10m03.0s), 02/30 VUs, 28 complete and 0 interrupted iterations
isolation   [  93% ] 30 VUs  09m46.5s/10m0s  28/30 iters, 1 per VU

running (10m04.0s), 02/30 VUs, 28 complete and 0 interrupted iterations
isolation   [  93% ] 30 VUs  09m47.5s/10m0s  28/30 iters, 1 per VU

running (10m05.0s), 02/30 VUs, 28 complete and 0 interrupted iterations
isolation   [  93% ] 30 VUs  09m48.5s/10m0s  28/30 iters, 1 per VU

running (10m06.0s), 02/30 VUs, 28 complete and 0 interrupted iterations
isolation   [  93% ] 30 VUs  09m49.5s/10m0s  28/30 iters, 1 per VU

running (10m07.0s), 02/30 VUs, 28 complete and 0 interrupted iterations
isolation   [  93% ] 30 VUs  09m50.5s/10m0s  28/30 iters, 1 per VU

running (10m08.0s), 02/30 VUs, 28 complete and 0 interrupted iterations
isolation   [  93% ] 30 VUs  09m51.5s/10m0s  28/30 iters, 1 per VU

running (10m09.0s), 02/30 VUs, 28 complete and 0 interrupted iterations
isolation   [  93% ] 30 VUs  09m52.5s/10m0s  28/30 iters, 1 per VU

running (10m10.0s), 02/30 VUs, 28 complete and 0 interrupted iterations
isolation   [  93% ] 30 VUs  09m53.5s/10m0s  28/30 iters, 1 per VU

running (10m11.0s), 02/30 VUs, 28 complete and 0 interrupted iterations
isolation   [  93% ] 30 VUs  09m54.5s/10m0s  28/30 iters, 1 per VU

running (10m12.0s), 02/30 VUs, 28 complete and 0 interrupted iterations
isolation   [  93% ] 30 VUs  09m55.5s/10m0s  28/30 iters, 1 per VU

running (10m13.0s), 02/30 VUs, 28 complete and 0 interrupted iterations
isolation   [  93% ] 30 VUs  09m56.5s/10m0s  28/30 iters, 1 per VU

running (10m14.0s), 02/30 VUs, 28 complete and 0 interrupted iterations
isolation   [  93% ] 30 VUs  09m57.5s/10m0s  28/30 iters, 1 per VU

running (10m15.0s), 02/30 VUs, 28 complete and 0 interrupted iterations
isolation   [  93% ] 30 VUs  09m58.5s/10m0s  28/30 iters, 1 per VU

running (10m16.0s), 02/30 VUs, 28 complete and 0 interrupted iterations
isolation   [  93% ] 30 VUs  09m59.5s/10m0s  28/30 iters, 1 per VU

running (10m17.0s), 02/30 VUs, 28 complete and 0 interrupted iterations
isolation ↓ [ 100% ] 30 VUs  10m0s  28/30 iters, 1 per VU

running (10m18.0s), 02/30 VUs, 28 complete and 0 interrupted iterations
isolation ↓ [ 100% ] 30 VUs  10m0s  28/30 iters, 1 per VU

running (10m19.0s), 02/30 VUs, 28 complete and 0 interrupted iterations
isolation ↓ [ 100% ] 30 VUs  10m0s  28/30 iters, 1 per VU

running (10m20.0s), 02/30 VUs, 28 complete and 0 interrupted iterations
isolation ↓ [ 100% ] 30 VUs  10m0s  28/30 iters, 1 per VU

running (10m21.0s), 02/30 VUs, 28 complete and 0 interrupted iterations
isolation ↓ [ 100% ] 30 VUs  10m0s  28/30 iters, 1 per VU

running (10m22.0s), 02/30 VUs, 28 complete and 0 interrupted iterations
isolation ↓ [ 100% ] 30 VUs  10m0s  28/30 iters, 1 per VU

running (10m23.0s), 02/30 VUs, 28 complete and 0 interrupted iterations
isolation ↓ [ 100% ] 30 VUs  10m0s  28/30 iters, 1 per VU

running (10m24.0s), 02/30 VUs, 28 complete and 0 interrupted iterations
isolation ↓ [ 100% ] 30 VUs  10m0s  28/30 iters, 1 per VU

running (10m25.0s), 02/30 VUs, 28 complete and 0 interrupted iterations
isolation ↓ [ 100% ] 30 VUs  10m0s  28/30 iters, 1 per VU

running (10m26.0s), 02/30 VUs, 28 complete and 0 interrupted iterations
isolation ↓ [ 100% ] 30 VUs  10m0s  28/30 iters, 1 per VU
time="2026-06-11T22:10:05Z" level=info msg="VU7 MLTrainer: isolation check complete (8eb547fd-625c-487c-953c-b424915b30fa, f5dc614d-05c1-488d-a6ad-b821ae71352a)" source=console

running (10m27.0s), 01/30 VUs, 29 complete and 0 interrupted iterations
isolation ↓ [ 100% ] 30 VUs  10m0s  28/30 iters, 1 per VU

running (10m28.0s), 01/30 VUs, 29 complete and 0 interrupted iterations
isolation ↓ [ 100% ] 30 VUs  10m0s  28/30 iters, 1 per VU

running (10m29.0s), 01/30 VUs, 29 complete and 0 interrupted iterations
isolation ↓ [ 100% ] 30 VUs  10m0s  28/30 iters, 1 per VU

running (10m30.0s), 01/30 VUs, 29 complete and 0 interrupted iterations
isolation ↓ [ 100% ] 30 VUs  10m0s  28/30 iters, 1 per VU

running (10m31.0s), 01/30 VUs, 29 complete and 0 interrupted iterations
isolation ↓ [ 100% ] 30 VUs  10m0s  28/30 iters, 1 per VU

running (10m32.0s), 01/30 VUs, 29 complete and 0 interrupted iterations
isolation ↓ [ 100% ] 30 VUs  10m0s  28/30 iters, 1 per VU

running (10m33.0s), 01/30 VUs, 29 complete and 0 interrupted iterations
isolation ↓ [ 100% ] 30 VUs  10m0s  28/30 iters, 1 per VU

running (10m34.0s), 01/30 VUs, 29 complete and 0 interrupted iterations
isolation ↓ [ 100% ] 30 VUs  10m0s  28/30 iters, 1 per VU

running (10m35.0s), 01/30 VUs, 29 complete and 0 interrupted iterations
isolation ↓ [ 100% ] 30 VUs  10m0s  28/30 iters, 1 per VU

running (10m36.0s), 01/30 VUs, 29 complete and 0 interrupted iterations
isolation ↓ [ 100% ] 30 VUs  10m0s  28/30 iters, 1 per VU

running (10m37.0s), 01/30 VUs, 29 complete and 0 interrupted iterations
isolation ↓ [ 100% ] 30 VUs  10m0s  28/30 iters, 1 per VU

running (10m38.0s), 01/30 VUs, 29 complete and 0 interrupted iterations
isolation ↓ [ 100% ] 30 VUs  10m0s  28/30 iters, 1 per VU

running (10m39.0s), 01/30 VUs, 29 complete and 0 interrupted iterations
isolation ↓ [ 100% ] 30 VUs  10m0s  28/30 iters, 1 per VU

running (10m40.0s), 01/30 VUs, 29 complete and 0 interrupted iterations
isolation ↓ [ 100% ] 30 VUs  10m0s  28/30 iters, 1 per VU

running (10m41.0s), 01/30 VUs, 29 complete and 0 interrupted iterations
isolation ↓ [ 100% ] 30 VUs  10m0s  28/30 iters, 1 per VU

running (10m42.0s), 01/30 VUs, 29 complete and 0 interrupted iterations
isolation ↓ [ 100% ] 30 VUs  10m0s  28/30 iters, 1 per VU

running (10m43.0s), 01/30 VUs, 29 complete and 0 interrupted iterations
isolation ↓ [ 100% ] 30 VUs  10m0s  28/30 iters, 1 per VU

running (10m44.0s), 01/30 VUs, 29 complete and 0 interrupted iterations
isolation ↓ [ 100% ] 30 VUs  10m0s  28/30 iters, 1 per VU

running (10m45.0s), 01/30 VUs, 29 complete and 0 interrupted iterations
isolation ↓ [ 100% ] 30 VUs  10m0s  28/30 iters, 1 per VU

running (10m46.0s), 01/30 VUs, 29 complete and 0 interrupted iterations
isolation ↓ [ 100% ] 30 VUs  10m0s  28/30 iters, 1 per VU

     █ isolation_Advanced

       ✓ Advanced session A clean
       ✓ Advanced session B clean
       ✓ Advanced DB save A clean
       ✓ Advanced DB save B clean

     █ isolation_DataExchange

       ✓ DataExchange session A clean
       ✓ DataExchange session B clean
       ✓ DataExchange DB save A clean
       ✓ DataExchange DB save B clean

     █ isolation_MonteCarlo

       ✓ MonteCarlo session A clean
       ✓ MonteCarlo session B clean
       ✓ MonteCarlo DB save A clean
       ✓ MonteCarlo DB save B clean

     █ isolation_Calculator

       ✓ Calculator session A clean
       ✓ Calculator session B clean
       ✓ Calculator DB save A clean
       ✓ Calculator DB save B clean

     █ isolation_Geospatial

       ✓ Geospatial session A clean
       ✓ Geospatial session B clean
       ✓ Geospatial DB save A clean
       ✓ Geospatial DB save B clean

     █ isolation_ClimateAnomaly

       ✓ ClimateAnomaly session A clean
       ✓ ClimateAnomaly session B clean
       ✓ ClimateAnomaly DB save A clean
       ✓ ClimateAnomaly DB save B clean

     █ isolation_Analytics

       ✓ Analytics session A clean
       ✓ Analytics session B clean
       ✓ Analytics DB save A clean
       ✓ Analytics DB save B clean

     █ isolation_MLTrainer

       ✓ MLTrainer session A clean
       ✓ MLTrainer session B clean
       ✓ MLTrainer DB save A clean
       ✓ MLTrainer DB save B clean

     checks.........................: 100.00% 116 out of 116
   ✓ contamination_events...........: 0       0/s
     data_received..................: 14 MB   22 kB/s
     data_sent......................: 544 kB  842 B/s
     group_duration.................: avg=1m1s     min=24.98s med=27.02s   max=10m6s    p(90)=28.52s   p(95)=4m36s   
     http_req_blocked...............: avg=30.59µs  min=1.92µs med=6.38µs   max=3.49ms   p(90)=9.98µs   p(95)=13.06µs 
     http_req_connecting............: avg=22.08µs  min=0s     med=0s       max=3.39ms   p(90)=0s       p(95)=0s      
     http_req_duration..............: avg=1.99s    min=1.8ms  med=261.46ms max=1m0s     p(90)=8.07s    p(95)=13.79s  
       { expected_response:true }...: avg=1.93s    min=1.8ms  med=261.31ms max=48.98s   p(90)=7.98s    p(95)=13.6s   
     http_req_failed................: 0.08%   1 out of 1135
     http_req_receiving.............: avg=231.19µs min=0s     med=87.37µs  max=34.79ms  p(90)=155.79µs p(95)=216.78µs
     http_req_sending...............: avg=38.68µs  min=7.29µs med=32.66µs  max=644.03µs p(90)=56.5µs   p(95)=73.65µs 
     http_req_tls_handshaking.......: avg=0s       min=0s     med=0s       max=0s       p(90)=0s       p(95)=0s      
     http_req_waiting...............: avg=1.98s    min=1.75ms med=261.36ms max=1m0s     p(90)=8.07s    p(95)=13.79s  
     http_reqs......................: 1135    1.75553/s
     isolation_checks...............: 116     0.17942/s
     isolation_ok...................: 116     0.17942/s
     iteration_duration.............: avg=1m3s     min=28.01s med=28.75s   max=10m10s   p(90)=29.17s   p(95)=4m37s   
     iterations.....................: 29      0.044855/s
     vus............................: 1       min=0          max=30
     vus_max........................: 30      min=30         max=30


running (10m46.5s), 00/30 VUs, 29 complete and 1 interrupted iterations
isolation ✓ [ 100% ] 30 VUs  10m0s  29/30 iters, 1 per VU
