
         /\      Grafana   /‾‾/  
    /\  /  \     |\  __   /  /   
   /  \/    \    | |/ /  /   ‾‾\ 
  /          \   |   (  |  (‾)  |
 / __________ \  |_|\_\  \_____/ 

     execution: local
        script: k6/08-multi-user-collab.js
        output: -

     scenarios: (100.00%) 1 scenario, 3 max VUs, 5m30s max duration (incl. graceful stop):
              * multi_user: 8 iterations for each of 3 VUs (maxDuration: 5m0s, gracefulStop: 30s)


running (0m01.0s), 3/3 VUs, 0 complete and 0 interrupted iterations
multi_user   [   0% ] 3 VUs  0m00.9s/5m0s  00/24 iters, 8 per VU

running (0m02.0s), 3/3 VUs, 0 complete and 0 interrupted iterations
multi_user   [   0% ] 3 VUs  0m01.9s/5m0s  00/24 iters, 8 per VU

running (0m03.0s), 3/3 VUs, 2 complete and 0 interrupted iterations
multi_user   [   8% ] 3 VUs  0m02.9s/5m0s  02/24 iters, 8 per VU

running (0m04.0s), 3/3 VUs, 4 complete and 0 interrupted iterations
multi_user   [  17% ] 3 VUs  0m03.9s/5m0s  04/24 iters, 8 per VU

running (0m05.0s), 3/3 VUs, 5 complete and 0 interrupted iterations
multi_user   [  21% ] 3 VUs  0m04.9s/5m0s  05/24 iters, 8 per VU

running (0m06.0s), 3/3 VUs, 5 complete and 0 interrupted iterations
multi_user   [  21% ] 3 VUs  0m05.9s/5m0s  05/24 iters, 8 per VU

running (0m07.0s), 3/3 VUs, 6 complete and 0 interrupted iterations
multi_user   [  25% ] 3 VUs  0m06.9s/5m0s  06/24 iters, 8 per VU

running (0m08.0s), 3/3 VUs, 9 complete and 0 interrupted iterations
multi_user   [  38% ] 3 VUs  0m07.9s/5m0s  09/24 iters, 8 per VU

running (0m09.0s), 3/3 VUs, 9 complete and 0 interrupted iterations
multi_user   [  38% ] 3 VUs  0m08.9s/5m0s  09/24 iters, 8 per VU

running (0m10.0s), 3/3 VUs, 10 complete and 0 interrupted iterations
multi_user   [  42% ] 3 VUs  0m09.9s/5m0s  10/24 iters, 8 per VU

running (0m11.0s), 3/3 VUs, 11 complete and 0 interrupted iterations
multi_user   [  46% ] 3 VUs  0m10.9s/5m0s  11/24 iters, 8 per VU

running (0m12.0s), 3/3 VUs, 11 complete and 0 interrupted iterations
multi_user   [  46% ] 3 VUs  0m11.9s/5m0s  11/24 iters, 8 per VU

running (0m13.0s), 3/3 VUs, 14 complete and 0 interrupted iterations
multi_user   [  58% ] 3 VUs  0m12.9s/5m0s  14/24 iters, 8 per VU

running (0m14.0s), 3/3 VUs, 14 complete and 0 interrupted iterations
multi_user   [  58% ] 3 VUs  0m13.9s/5m0s  14/24 iters, 8 per VU

running (0m15.0s), 3/3 VUs, 14 complete and 0 interrupted iterations
multi_user   [  58% ] 3 VUs  0m14.9s/5m0s  14/24 iters, 8 per VU

running (0m16.0s), 3/3 VUs, 15 complete and 0 interrupted iterations
multi_user   [  62% ] 3 VUs  0m15.9s/5m0s  15/24 iters, 8 per VU

running (0m17.0s), 3/3 VUs, 16 complete and 0 interrupted iterations
multi_user   [  67% ] 3 VUs  0m16.9s/5m0s  16/24 iters, 8 per VU

running (0m18.0s), 3/3 VUs, 16 complete and 0 interrupted iterations
multi_user   [  67% ] 3 VUs  0m17.9s/5m0s  16/24 iters, 8 per VU

running (0m19.0s), 3/3 VUs, 17 complete and 0 interrupted iterations
multi_user   [  71% ] 3 VUs  0m18.9s/5m0s  17/24 iters, 8 per VU

running (0m20.0s), 3/3 VUs, 17 complete and 0 interrupted iterations
multi_user   [  71% ] 3 VUs  0m19.9s/5m0s  17/24 iters, 8 per VU

running (0m21.0s), 3/3 VUs, 17 complete and 0 interrupted iterations
multi_user   [  71% ] 3 VUs  0m20.9s/5m0s  17/24 iters, 8 per VU

running (0m22.0s), 3/3 VUs, 18 complete and 0 interrupted iterations
multi_user   [  75% ] 3 VUs  0m21.9s/5m0s  18/24 iters, 8 per VU

running (0m23.0s), 3/3 VUs, 18 complete and 0 interrupted iterations
multi_user   [  75% ] 3 VUs  0m22.9s/5m0s  18/24 iters, 8 per VU

running (0m24.0s), 3/3 VUs, 18 complete and 0 interrupted iterations
multi_user   [  75% ] 3 VUs  0m23.9s/5m0s  18/24 iters, 8 per VU

running (0m25.0s), 3/3 VUs, 18 complete and 0 interrupted iterations
multi_user   [  75% ] 3 VUs  0m24.9s/5m0s  18/24 iters, 8 per VU

running (0m26.0s), 3/3 VUs, 18 complete and 0 interrupted iterations
multi_user   [  75% ] 3 VUs  0m25.9s/5m0s  18/24 iters, 8 per VU

running (0m27.0s), 3/3 VUs, 18 complete and 0 interrupted iterations
multi_user   [  75% ] 3 VUs  0m26.9s/5m0s  18/24 iters, 8 per VU

running (0m28.0s), 3/3 VUs, 18 complete and 0 interrupted iterations
multi_user   [  75% ] 3 VUs  0m27.9s/5m0s  18/24 iters, 8 per VU

running (0m29.0s), 3/3 VUs, 18 complete and 0 interrupted iterations
multi_user   [  75% ] 3 VUs  0m28.9s/5m0s  18/24 iters, 8 per VU

running (0m30.0s), 3/3 VUs, 18 complete and 0 interrupted iterations
multi_user   [  75% ] 3 VUs  0m29.9s/5m0s  18/24 iters, 8 per VU

running (0m31.0s), 3/3 VUs, 19 complete and 0 interrupted iterations
multi_user   [  79% ] 3 VUs  0m30.9s/5m0s  19/24 iters, 8 per VU

running (0m32.0s), 3/3 VUs, 19 complete and 0 interrupted iterations
multi_user   [  79% ] 3 VUs  0m31.9s/5m0s  19/24 iters, 8 per VU

running (0m33.0s), 3/3 VUs, 19 complete and 0 interrupted iterations
multi_user   [  79% ] 3 VUs  0m32.9s/5m0s  19/24 iters, 8 per VU

running (0m34.0s), 3/3 VUs, 20 complete and 0 interrupted iterations
multi_user   [  83% ] 3 VUs  0m33.9s/5m0s  20/24 iters, 8 per VU

running (0m35.0s), 3/3 VUs, 20 complete and 0 interrupted iterations
multi_user   [  83% ] 3 VUs  0m34.9s/5m0s  20/24 iters, 8 per VU

running (0m36.0s), 3/3 VUs, 20 complete and 0 interrupted iterations
multi_user   [  83% ] 3 VUs  0m35.9s/5m0s  20/24 iters, 8 per VU

running (0m37.0s), 3/3 VUs, 20 complete and 0 interrupted iterations
multi_user   [  83% ] 3 VUs  0m36.9s/5m0s  20/24 iters, 8 per VU

running (0m38.0s), 3/3 VUs, 20 complete and 0 interrupted iterations
multi_user   [  83% ] 3 VUs  0m37.9s/5m0s  20/24 iters, 8 per VU

running (0m39.0s), 3/3 VUs, 20 complete and 0 interrupted iterations
multi_user   [  83% ] 3 VUs  0m38.9s/5m0s  20/24 iters, 8 per VU

running (0m40.0s), 3/3 VUs, 20 complete and 0 interrupted iterations
multi_user   [  83% ] 3 VUs  0m39.9s/5m0s  20/24 iters, 8 per VU

running (0m41.0s), 3/3 VUs, 21 complete and 0 interrupted iterations
multi_user   [  88% ] 3 VUs  0m40.9s/5m0s  21/24 iters, 8 per VU

running (0m42.0s), 3/3 VUs, 21 complete and 0 interrupted iterations
multi_user   [  88% ] 3 VUs  0m41.9s/5m0s  21/24 iters, 8 per VU

running (0m43.0s), 3/3 VUs, 21 complete and 0 interrupted iterations
multi_user   [  88% ] 3 VUs  0m42.9s/5m0s  21/24 iters, 8 per VU

running (0m44.0s), 3/3 VUs, 21 complete and 0 interrupted iterations
multi_user   [  88% ] 3 VUs  0m43.9s/5m0s  21/24 iters, 8 per VU

running (0m45.0s), 3/3 VUs, 21 complete and 0 interrupted iterations
multi_user   [  88% ] 3 VUs  0m44.9s/5m0s  21/24 iters, 8 per VU

running (0m46.0s), 3/3 VUs, 21 complete and 0 interrupted iterations
multi_user   [  88% ] 3 VUs  0m45.9s/5m0s  21/24 iters, 8 per VU

running (0m47.0s), 1/3 VUs, 23 complete and 0 interrupted iterations
multi_user   [  96% ] 3 VUs  0m46.9s/5m0s  23/24 iters, 8 per VU

running (0m48.0s), 1/3 VUs, 23 complete and 0 interrupted iterations
multi_user   [  96% ] 3 VUs  0m47.9s/5m0s  23/24 iters, 8 per VU

running (0m49.0s), 1/3 VUs, 23 complete and 0 interrupted iterations
multi_user   [  96% ] 3 VUs  0m48.9s/5m0s  23/24 iters, 8 per VU

running (0m50.0s), 1/3 VUs, 23 complete and 0 interrupted iterations
multi_user   [  96% ] 3 VUs  0m49.9s/5m0s  23/24 iters, 8 per VU

running (0m51.0s), 1/3 VUs, 23 complete and 0 interrupted iterations
multi_user   [  96% ] 3 VUs  0m50.9s/5m0s  23/24 iters, 8 per VU

running (0m52.0s), 1/3 VUs, 23 complete and 0 interrupted iterations
multi_user   [  96% ] 3 VUs  0m51.9s/5m0s  23/24 iters, 8 per VU

running (0m53.0s), 1/3 VUs, 23 complete and 0 interrupted iterations
multi_user   [  96% ] 3 VUs  0m52.9s/5m0s  23/24 iters, 8 per VU

running (0m54.0s), 1/3 VUs, 23 complete and 0 interrupted iterations
multi_user   [  96% ] 3 VUs  0m53.9s/5m0s  23/24 iters, 8 per VU

running (0m55.0s), 1/3 VUs, 23 complete and 0 interrupted iterations
multi_user   [  96% ] 3 VUs  0m54.9s/5m0s  23/24 iters, 8 per VU

     █ multi_3users_Calculator

       ✓ Calculator all 3 guests see update
       ✓ Calculator at least one guest sees update

     █ multi_5users_Calculator

       ✓ Calculator all 5 guests see update
       ✓ Calculator at least one guest sees update

     █ multi_10users_Calculator

       ✓ Calculator all 10 guests see update
       ✓ Calculator at least one guest sees update

     █ multi_3users_Analytics

       ✓ Analytics all 3 guests see update
       ✓ Analytics at least one guest sees update

     █ multi_5users_Analytics

       ✓ Analytics all 5 guests see update
       ✓ Analytics at least one guest sees update

     █ multi_3users_Advanced

       ✓ Advanced all 3 guests see update
       ✓ Advanced at least one guest sees update

     █ multi_5users_Advanced

       ✓ Advanced all 5 guests see update
       ✓ Advanced at least one guest sees update

     █ multi_10users_Analytics

       ✓ Analytics all 10 guests see update
       ✓ Analytics at least one guest sees update

     █ multi_3users_DataExchange

       ✓ DataExchange all 3 guests see update
       ✓ DataExchange at least one guest sees update

     █ multi_5users_DataExchange

       ✓ DataExchange all 5 guests see update
       ✓ DataExchange at least one guest sees update

     █ multi_3users_MonteCarlo

       ✓ MonteCarlo all 3 guests see update
       ✓ MonteCarlo at least one guest sees update

     █ multi_5users_MonteCarlo

       ✓ MonteCarlo all 5 guests see update
       ✓ MonteCarlo at least one guest sees update

     █ multi_10users_Advanced

       ✓ Advanced all 10 guests see update
       ✓ Advanced at least one guest sees update

     █ multi_3users_Geospatial

       ✓ Geospatial all 3 guests see update
       ✓ Geospatial at least one guest sees update

     █ multi_5users_Geospatial

       ✓ Geospatial all 5 guests see update
       ✓ Geospatial at least one guest sees update

     █ multi_10users_DataExchange

       ✓ DataExchange all 10 guests see update
       ✓ DataExchange at least one guest sees update

     █ multi_10users_MonteCarlo

       ✓ MonteCarlo all 10 guests see update
       ✓ MonteCarlo at least one guest sees update

     █ multi_10users_Geospatial

       ✓ Geospatial all 10 guests see update
       ✓ Geospatial at least one guest sees update

     █ multi_3users_ClimateAnomaly

       ✗ ClimateAnomaly all 3 guests see update
        ↳  0% — ✓ 0 / ✗ 1
       ✗ ClimateAnomaly at least one guest sees update
        ↳  0% — ✓ 0 / ✗ 1

     █ multi_5users_ClimateAnomaly

       ✗ ClimateAnomaly all 5 guests see update
        ↳  0% — ✓ 0 / ✗ 1
       ✗ ClimateAnomaly at least one guest sees update
        ↳  0% — ✓ 0 / ✗ 1

     █ multi_10users_ClimateAnomaly

       ✗ ClimateAnomaly all 10 guests see update
        ↳  0% — ✓ 0 / ✗ 1
       ✗ ClimateAnomaly at least one guest sees update
        ↳  0% — ✓ 0 / ✗ 1

     █ multi_3users_MLTrainer

       ✓ MLTrainer all 3 guests see update
       ✓ MLTrainer at least one guest sees update

     █ multi_5users_MLTrainer

       ✓ MLTrainer all 5 guests see update
       ✓ MLTrainer at least one guest sees update

     █ multi_10users_MLTrainer

       ✓ MLTrainer all 10 guests see update
       ✓ MLTrainer at least one guest sees update

     checks.........................: 87.50% 42 out of 48
     data_received..................: 1.1 MB 20 kB/s
     data_sent......................: 413 kB 7.4 kB/s
     group_duration.................: avg=5.15s   min=573.6ms med=1.85s   max=18.39s   p(90)=16.08s   p(95)=17.06s  
     http_req_blocked...............: avg=6.99µs  min=1.48µs  med=4.99µs  max=599.86µs p(90)=8.39µs   p(95)=9.78µs  
     http_req_connecting............: avg=871ns   min=0s      med=0s      max=353.6µs  p(90)=0s       p(95)=0s      
     http_req_duration..............: avg=59.45ms min=1.43ms  med=3.99ms  max=13.82s   p(90)=91.81ms  p(95)=174.28ms
       { expected_response:true }...: avg=59.45ms min=1.43ms  med=3.99ms  max=13.82s   p(90)=91.81ms  p(95)=174.28ms
   ✓ http_req_failed................: 0.00%  0 out of 1319
     http_req_receiving.............: avg=97.32µs min=26.14µs med=86.79µs max=3.84ms   p(90)=146.94µs p(95)=175.6µs 
     http_req_sending...............: avg=25.04µs min=4.97µs  med=22.6µs  max=154.5µs  p(90)=41.44µs  p(95)=50.34µs 
     http_req_tls_handshaking.......: avg=0s      min=0s      med=0s      max=0s       p(90)=0s       p(95)=0s      
     http_req_waiting...............: avg=59.33ms min=1.37ms  med=3.88ms  max=13.82s   p(90)=91.68ms  p(95)=174.07ms
     http_reqs......................: 1319   23.657473/s
     iteration_duration.............: avg=6.15s   min=1.57s   med=2.85s   max=19.4s    p(90)=17.08s   p(95)=18.06s  
     iterations.....................: 24     0.430462/s
   ✗ multi_propagation_all_ms.......: avg=2.08s   min=6ms     med=34.5ms  max=17.26s   p(90)=11.06s   p(95)=16.1s   
     multi_propagation_first_ms.....: avg=11.57ms min=3ms     med=5ms     max=51ms     p(90)=20ms     p(95)=50ms    
     multi_success..................: 21     0.376654/s
     multi_timeout..................: 3      0.053808/s
     vus............................: 1      min=1         max=3
     vus_max........................: 3      min=3         max=3


running (0m55.8s), 0/3 VUs, 24 complete and 0 interrupted iterations
multi_user ✓ [ 100% ] 3 VUs  0m55.7s/5m0s  24/24 iters, 8 per VU
time="2026-06-11T22:15:59Z" level=error msg="thresholds on metrics 'multi_propagation_all_ms' have been crossed"
