
         /\      Grafana   /‾‾/  
    /\  /  \     |\  __   /  /   
   /  \/    \    | |/ /  /   ‾‾\ 
  /          \   |   (  |  (‾)  |
 / __________ \  |_|\_\  \_____/ 

     execution: local
        script: ./k6/00-baseline.js
        output: -

     scenarios: (100.00%) 1 scenario, 1 max VUs, 30m30s max duration (incl. graceful stop):
              * baseline: 1 iterations for each of 1 VUs (maxDuration: 30m0s, gracefulStop: 30s)

time="2026-06-12T13:26:23Z" level=warning msg="Error from API server" error="listen tcp 127.0.0.1:6565: bind: address already in use"
time="2026-06-12T13:26:23Z" level=info msg="Health check passed. 8 apps registered." source=console
time="2026-06-12T13:26:23Z" level=info msg="Running baseline: 1 VU, 5 repeats per app, no concurrency." source=console
time="2026-06-12T13:26:23Z" level=info msg="Calculator rep0: post=10ms relay=4ms save=7ms restore=3ms total=66ms" source=console

running (00m01.0s), 1/1 VUs, 0 complete and 0 interrupted iterations
baseline   [   0% ] 1 VUs  00m00.9s/30m0s  0/1 iters, 1 per VU
time="2026-06-12T13:26:24Z" level=info msg="Calculator rep1: post=9ms relay=3ms save=5ms restore=6ms total=79ms" source=console

running (00m02.0s), 1/1 VUs, 0 complete and 0 interrupted iterations
baseline   [   0% ] 1 VUs  00m01.9s/30m0s  0/1 iters, 1 per VU
time="2026-06-12T13:26:25Z" level=info msg="Calculator rep2: post=13ms relay=4ms save=9ms restore=6ms total=92ms" source=console

running (00m03.0s), 1/1 VUs, 0 complete and 0 interrupted iterations
baseline   [   0% ] 1 VUs  00m02.9s/30m0s  0/1 iters, 1 per VU
time="2026-06-12T13:26:26Z" level=info msg="Calculator rep3: post=12ms relay=4ms save=8ms restore=6ms total=86ms" source=console

running (00m04.0s), 1/1 VUs, 0 complete and 0 interrupted iterations
baseline   [   0% ] 1 VUs  00m03.9s/30m0s  0/1 iters, 1 per VU
time="2026-06-12T13:26:27Z" level=info msg="Calculator rep4: post=11ms relay=4ms save=9ms restore=3ms total=66ms" source=console

running (00m05.0s), 1/1 VUs, 0 complete and 0 interrupted iterations
baseline   [   0% ] 1 VUs  00m04.9s/30m0s  0/1 iters, 1 per VU

running (00m06.0s), 1/1 VUs, 0 complete and 0 interrupted iterations
baseline   [   0% ] 1 VUs  00m05.9s/30m0s  0/1 iters, 1 per VU

running (00m07.0s), 1/1 VUs, 0 complete and 0 interrupted iterations
baseline   [   0% ] 1 VUs  00m06.9s/30m0s  0/1 iters, 1 per VU
time="2026-06-12T13:26:30Z" level=info msg="Analytics rep0: post=14ms relay=3ms save=7ms restore=5ms total=89ms" source=console

running (00m08.0s), 1/1 VUs, 0 complete and 0 interrupted iterations
baseline   [   0% ] 1 VUs  00m07.9s/30m0s  0/1 iters, 1 per VU
time="2026-06-12T13:26:32Z" level=info msg="Analytics rep1: post=13ms relay=3ms save=8ms restore=6ms total=95ms" source=console

running (00m09.0s), 1/1 VUs, 0 complete and 0 interrupted iterations
baseline   [   0% ] 1 VUs  00m08.9s/30m0s  0/1 iters, 1 per VU
time="2026-06-12T13:26:33Z" level=info msg="Analytics rep2: post=11ms relay=3ms save=7ms restore=5ms total=88ms" source=console

running (00m10.0s), 1/1 VUs, 0 complete and 0 interrupted iterations
baseline   [   0% ] 1 VUs  00m09.9s/30m0s  0/1 iters, 1 per VU
time="2026-06-12T13:26:34Z" level=info msg="Analytics rep3: post=13ms relay=5ms save=9ms restore=6ms total=103ms" source=console

running (00m11.0s), 1/1 VUs, 0 complete and 0 interrupted iterations
baseline   [   0% ] 1 VUs  00m10.9s/30m0s  0/1 iters, 1 per VU

running (00m12.0s), 1/1 VUs, 0 complete and 0 interrupted iterations
baseline   [   0% ] 1 VUs  00m11.9s/30m0s  0/1 iters, 1 per VU
time="2026-06-12T13:26:35Z" level=info msg="Analytics rep4: post=12ms relay=4ms save=6ms restore=36ms total=118ms" source=console

running (00m13.0s), 1/1 VUs, 0 complete and 0 interrupted iterations
baseline   [   0% ] 1 VUs  00m12.9s/30m0s  0/1 iters, 1 per VU

running (00m14.0s), 1/1 VUs, 0 complete and 0 interrupted iterations
baseline   [   0% ] 1 VUs  00m13.9s/30m0s  0/1 iters, 1 per VU

running (00m15.0s), 1/1 VUs, 0 complete and 0 interrupted iterations
baseline   [   0% ] 1 VUs  00m14.9s/30m0s  0/1 iters, 1 per VU
time="2026-06-12T13:26:38Z" level=info msg="Advanced rep0: post=14ms relay=3ms save=6ms restore=4ms total=85ms" source=console

running (00m16.0s), 1/1 VUs, 0 complete and 0 interrupted iterations
baseline   [   0% ] 1 VUs  00m15.9s/30m0s  0/1 iters, 1 per VU
time="2026-06-12T13:26:39Z" level=info msg="Advanced rep1: post=13ms relay=3ms save=10ms restore=5ms total=95ms" source=console

running (00m17.0s), 1/1 VUs, 0 complete and 0 interrupted iterations
baseline   [   0% ] 1 VUs  00m16.9s/30m0s  0/1 iters, 1 per VU
time="2026-06-12T13:26:40Z" level=info msg="Advanced rep2: post=13ms relay=4ms save=11ms restore=6ms total=101ms" source=console

running (00m18.0s), 1/1 VUs, 0 complete and 0 interrupted iterations
baseline   [   0% ] 1 VUs  00m17.9s/30m0s  0/1 iters, 1 per VU
time="2026-06-12T13:26:41Z" level=info msg="Advanced rep3: post=13ms relay=6ms save=8ms restore=6ms total=99ms" source=console

running (00m19.0s), 1/1 VUs, 0 complete and 0 interrupted iterations
baseline   [   0% ] 1 VUs  00m18.9s/30m0s  0/1 iters, 1 per VU
time="2026-06-12T13:26:42Z" level=info msg="Advanced rep4: post=15ms relay=2ms save=9ms restore=6ms total=102ms" source=console

running (00m20.0s), 1/1 VUs, 0 complete and 0 interrupted iterations
baseline   [   0% ] 1 VUs  00m19.9s/30m0s  0/1 iters, 1 per VU

running (00m21.0s), 1/1 VUs, 0 complete and 0 interrupted iterations
baseline   [   0% ] 1 VUs  00m20.9s/30m0s  0/1 iters, 1 per VU

running (00m22.0s), 1/1 VUs, 0 complete and 0 interrupted iterations
baseline   [   0% ] 1 VUs  00m21.9s/30m0s  0/1 iters, 1 per VU
time="2026-06-12T13:26:45Z" level=info msg="DataExchange rep0: post=11ms relay=3ms save=10ms restore=5ms total=99ms" source=console

running (00m23.0s), 1/1 VUs, 0 complete and 0 interrupted iterations
baseline   [   0% ] 1 VUs  00m22.9s/30m0s  0/1 iters, 1 per VU
time="2026-06-12T13:26:47Z" level=info msg="DataExchange rep1: post=10ms relay=3ms save=6ms restore=6ms total=77ms" source=console

running (00m24.0s), 1/1 VUs, 0 complete and 0 interrupted iterations
baseline   [   0% ] 1 VUs  00m23.9s/30m0s  0/1 iters, 1 per VU
time="2026-06-12T13:26:48Z" level=info msg="DataExchange rep2: post=13ms relay=2ms save=7ms restore=6ms total=86ms" source=console

running (00m25.0s), 1/1 VUs, 0 complete and 0 interrupted iterations
baseline   [   0% ] 1 VUs  00m24.9s/30m0s  0/1 iters, 1 per VU
time="2026-06-12T13:26:49Z" level=info msg="DataExchange rep3: post=15ms relay=4ms save=9ms restore=6ms total=95ms" source=console

running (00m26.0s), 1/1 VUs, 0 complete and 0 interrupted iterations
baseline   [   0% ] 1 VUs  00m25.9s/30m0s  0/1 iters, 1 per VU

running (00m27.0s), 1/1 VUs, 0 complete and 0 interrupted iterations
baseline   [   0% ] 1 VUs  00m26.9s/30m0s  0/1 iters, 1 per VU
time="2026-06-12T13:26:50Z" level=info msg="DataExchange rep4: post=13ms relay=3ms save=7ms restore=5ms total=84ms" source=console

running (00m28.0s), 1/1 VUs, 0 complete and 0 interrupted iterations
baseline   [   0% ] 1 VUs  00m27.9s/30m0s  0/1 iters, 1 per VU

running (00m29.0s), 1/1 VUs, 0 complete and 0 interrupted iterations
baseline   [   0% ] 1 VUs  00m28.9s/30m0s  0/1 iters, 1 per VU

running (00m30.0s), 1/1 VUs, 0 complete and 0 interrupted iterations
baseline   [   0% ] 1 VUs  00m29.9s/30m0s  0/1 iters, 1 per VU
time="2026-06-12T13:26:53Z" level=info msg="MonteCarlo rep0: post=67ms relay=4ms save=8ms restore=5ms total=139ms" source=console

running (00m31.0s), 1/1 VUs, 0 complete and 0 interrupted iterations
baseline   [   0% ] 1 VUs  00m30.9s/30m0s  0/1 iters, 1 per VU
time="2026-06-12T13:26:54Z" level=info msg="MonteCarlo rep1: post=113ms relay=4ms save=9ms restore=5ms total=194ms" source=console

running (00m32.0s), 1/1 VUs, 0 complete and 0 interrupted iterations
baseline   [   0% ] 1 VUs  00m31.9s/30m0s  0/1 iters, 1 per VU
time="2026-06-12T13:26:55Z" level=info msg="MonteCarlo rep2: post=44ms relay=5ms save=6ms restore=5ms total=127ms" source=console

running (00m33.0s), 1/1 VUs, 0 complete and 0 interrupted iterations
baseline   [   0% ] 1 VUs  00m32.9s/30m0s  0/1 iters, 1 per VU
time="2026-06-12T13:26:56Z" level=info msg="MonteCarlo rep3: post=37ms relay=4ms save=7ms restore=5ms total=104ms" source=console

running (00m34.0s), 1/1 VUs, 0 complete and 0 interrupted iterations
baseline   [   0% ] 1 VUs  00m33.9s/30m0s  0/1 iters, 1 per VU
time="2026-06-12T13:26:58Z" level=info msg="MonteCarlo rep4: post=102ms relay=5ms save=13ms restore=7ms total=195ms" source=console

running (00m35.0s), 1/1 VUs, 0 complete and 0 interrupted iterations
baseline   [   0% ] 1 VUs  00m34.9s/30m0s  0/1 iters, 1 per VU

running (00m36.0s), 1/1 VUs, 0 complete and 0 interrupted iterations
baseline   [   0% ] 1 VUs  00m35.9s/30m0s  0/1 iters, 1 per VU

running (00m37.0s), 1/1 VUs, 0 complete and 0 interrupted iterations
baseline   [   0% ] 1 VUs  00m36.9s/30m0s  0/1 iters, 1 per VU
time="2026-06-12T13:27:01Z" level=info msg="Geospatial rep0: post=13ms relay=3ms save=7ms restore=6ms total=77ms" source=console

running (00m38.0s), 1/1 VUs, 0 complete and 0 interrupted iterations
baseline   [   0% ] 1 VUs  00m37.9s/30m0s  0/1 iters, 1 per VU
time="2026-06-12T13:27:02Z" level=info msg="Geospatial rep1: post=12ms relay=3ms save=8ms restore=5ms total=97ms" source=console

running (00m39.0s), 1/1 VUs, 0 complete and 0 interrupted iterations
baseline   [   0% ] 1 VUs  00m38.9s/30m0s  0/1 iters, 1 per VU

running (00m40.0s), 1/1 VUs, 0 complete and 0 interrupted iterations
baseline   [   0% ] 1 VUs  00m39.9s/30m0s  0/1 iters, 1 per VU
time="2026-06-12T13:27:03Z" level=info msg="Geospatial rep2: post=14ms relay=4ms save=8ms restore=5ms total=88ms" source=console

running (00m41.0s), 1/1 VUs, 0 complete and 0 interrupted iterations
baseline   [   0% ] 1 VUs  00m40.9s/30m0s  0/1 iters, 1 per VU
time="2026-06-12T13:27:04Z" level=info msg="Geospatial rep3: post=15ms relay=4ms save=11ms restore=6ms total=86ms" source=console

running (00m42.0s), 1/1 VUs, 0 complete and 0 interrupted iterations
baseline   [   0% ] 1 VUs  00m41.9s/30m0s  0/1 iters, 1 per VU
time="2026-06-12T13:27:05Z" level=info msg="Geospatial rep4: post=12ms relay=4ms save=9ms restore=10ms total=112ms" source=console

running (00m43.0s), 1/1 VUs, 0 complete and 0 interrupted iterations
baseline   [   0% ] 1 VUs  00m42.9s/30m0s  0/1 iters, 1 per VU

running (00m44.0s), 1/1 VUs, 0 complete and 0 interrupted iterations
baseline   [   0% ] 1 VUs  00m43.9s/30m0s  0/1 iters, 1 per VU

running (00m45.0s), 1/1 VUs, 0 complete and 0 interrupted iterations
baseline   [   0% ] 1 VUs  00m44.9s/30m0s  0/1 iters, 1 per VU
time="2026-06-12T13:27:08Z" level=info msg="ClimateAnomaly rep0: post=17ms relay=2ms save=8ms restore=3ms total=79ms" source=console

running (00m46.0s), 1/1 VUs, 0 complete and 0 interrupted iterations
baseline   [   0% ] 1 VUs  00m45.9s/30m0s  0/1 iters, 1 per VU
time="2026-06-12T13:27:09Z" level=info msg="ClimateAnomaly rep1: post=27ms relay=4ms save=9ms restore=6ms total=122ms" source=console

running (00m47.0s), 1/1 VUs, 0 complete and 0 interrupted iterations
baseline   [   0% ] 1 VUs  00m46.9s/30m0s  0/1 iters, 1 per VU
time="2026-06-12T13:27:10Z" level=info msg="ClimateAnomaly rep2: post=26ms relay=3ms save=8ms restore=7ms total=113ms" source=console

running (00m48.0s), 1/1 VUs, 0 complete and 0 interrupted iterations
baseline   [   0% ] 1 VUs  00m47.9s/30m0s  0/1 iters, 1 per VU
time="2026-06-12T13:27:11Z" level=info msg="ClimateAnomaly rep3: post=28ms relay=4ms save=9ms restore=4ms total=107ms" source=console

running (00m49.0s), 1/1 VUs, 0 complete and 0 interrupted iterations
baseline   [   0% ] 1 VUs  00m48.9s/30m0s  0/1 iters, 1 per VU
time="2026-06-12T13:27:13Z" level=info msg="ClimateAnomaly rep4: post=24ms relay=2ms save=10ms restore=5ms total=88ms" source=console

running (00m50.0s), 1/1 VUs, 0 complete and 0 interrupted iterations
baseline   [   0% ] 1 VUs  00m49.9s/30m0s  0/1 iters, 1 per VU

running (00m51.0s), 1/1 VUs, 0 complete and 0 interrupted iterations
baseline   [   0% ] 1 VUs  00m50.9s/30m0s  0/1 iters, 1 per VU

running (00m52.0s), 1/1 VUs, 0 complete and 0 interrupted iterations
baseline   [   0% ] 1 VUs  00m51.9s/30m0s  0/1 iters, 1 per VU

running (00m53.0s), 1/1 VUs, 0 complete and 0 interrupted iterations
baseline   [   0% ] 1 VUs  00m52.9s/30m0s  0/1 iters, 1 per VU

running (00m54.0s), 1/1 VUs, 0 complete and 0 interrupted iterations
baseline   [   0% ] 1 VUs  00m53.9s/30m0s  0/1 iters, 1 per VU

running (00m55.0s), 1/1 VUs, 0 complete and 0 interrupted iterations
baseline   [   0% ] 1 VUs  00m54.9s/30m0s  0/1 iters, 1 per VU

running (00m56.0s), 1/1 VUs, 0 complete and 0 interrupted iterations
baseline   [   0% ] 1 VUs  00m55.9s/30m0s  0/1 iters, 1 per VU

running (00m57.0s), 1/1 VUs, 0 complete and 0 interrupted iterations
baseline   [   0% ] 1 VUs  00m56.9s/30m0s  0/1 iters, 1 per VU

running (00m58.0s), 1/1 VUs, 0 complete and 0 interrupted iterations
baseline   [   0% ] 1 VUs  00m57.9s/30m0s  0/1 iters, 1 per VU

running (00m59.0s), 1/1 VUs, 0 complete and 0 interrupted iterations
baseline   [   0% ] 1 VUs  00m58.9s/30m0s  0/1 iters, 1 per VU

running (01m00.0s), 1/1 VUs, 0 complete and 0 interrupted iterations
baseline   [   0% ] 1 VUs  00m59.9s/30m0s  0/1 iters, 1 per VU

running (01m01.0s), 1/1 VUs, 0 complete and 0 interrupted iterations
baseline   [   0% ] 1 VUs  01m00.9s/30m0s  0/1 iters, 1 per VU

running (01m02.0s), 1/1 VUs, 0 complete and 0 interrupted iterations
baseline   [   0% ] 1 VUs  01m01.9s/30m0s  0/1 iters, 1 per VU

running (01m03.0s), 1/1 VUs, 0 complete and 0 interrupted iterations
baseline   [   0% ] 1 VUs  01m02.9s/30m0s  0/1 iters, 1 per VU

running (01m04.0s), 1/1 VUs, 0 complete and 0 interrupted iterations
baseline   [   0% ] 1 VUs  01m03.9s/30m0s  0/1 iters, 1 per VU

running (01m05.0s), 1/1 VUs, 0 complete and 0 interrupted iterations
baseline   [   0% ] 1 VUs  01m04.9s/30m0s  0/1 iters, 1 per VU

running (01m06.0s), 1/1 VUs, 0 complete and 0 interrupted iterations
baseline   [   0% ] 1 VUs  01m05.9s/30m0s  0/1 iters, 1 per VU
time="2026-06-12T13:27:29Z" level=info msg="MLTrainer rep0: post=13369ms relay=4ms save=12ms restore=4ms total=13435ms" source=console

running (01m07.0s), 1/1 VUs, 0 complete and 0 interrupted iterations
baseline   [   0% ] 1 VUs  01m06.9s/30m0s  0/1 iters, 1 per VU

running (01m08.0s), 1/1 VUs, 0 complete and 0 interrupted iterations
baseline   [   0% ] 1 VUs  01m07.9s/30m0s  0/1 iters, 1 per VU

running (01m09.0s), 1/1 VUs, 0 complete and 0 interrupted iterations
baseline   [   0% ] 1 VUs  01m08.9s/30m0s  0/1 iters, 1 per VU

running (01m10.0s), 1/1 VUs, 0 complete and 0 interrupted iterations
baseline   [   0% ] 1 VUs  01m09.9s/30m0s  0/1 iters, 1 per VU

running (01m11.0s), 1/1 VUs, 0 complete and 0 interrupted iterations
baseline   [   0% ] 1 VUs  01m10.9s/30m0s  0/1 iters, 1 per VU

running (01m12.0s), 1/1 VUs, 0 complete and 0 interrupted iterations
baseline   [   0% ] 1 VUs  01m11.9s/30m0s  0/1 iters, 1 per VU

running (01m13.0s), 1/1 VUs, 0 complete and 0 interrupted iterations
baseline   [   0% ] 1 VUs  01m12.9s/30m0s  0/1 iters, 1 per VU

running (01m14.0s), 1/1 VUs, 0 complete and 0 interrupted iterations
baseline   [   0% ] 1 VUs  01m13.9s/30m0s  0/1 iters, 1 per VU

running (01m15.0s), 1/1 VUs, 0 complete and 0 interrupted iterations
baseline   [   0% ] 1 VUs  01m14.9s/30m0s  0/1 iters, 1 per VU

running (01m16.0s), 1/1 VUs, 0 complete and 0 interrupted iterations
baseline   [   0% ] 1 VUs  01m15.9s/30m0s  0/1 iters, 1 per VU

running (01m17.0s), 1/1 VUs, 0 complete and 0 interrupted iterations
baseline   [   0% ] 1 VUs  01m16.9s/30m0s  0/1 iters, 1 per VU

running (01m18.0s), 1/1 VUs, 0 complete and 0 interrupted iterations
baseline   [   0% ] 1 VUs  01m17.9s/30m0s  0/1 iters, 1 per VU

running (01m19.0s), 1/1 VUs, 0 complete and 0 interrupted iterations
baseline   [   0% ] 1 VUs  01m18.9s/30m0s  0/1 iters, 1 per VU

running (01m20.0s), 1/1 VUs, 0 complete and 0 interrupted iterations
baseline   [   0% ] 1 VUs  01m19.9s/30m0s  0/1 iters, 1 per VU

running (01m21.0s), 1/1 VUs, 0 complete and 0 interrupted iterations
baseline   [   0% ] 1 VUs  01m20.9s/30m0s  0/1 iters, 1 per VU

running (01m22.0s), 1/1 VUs, 0 complete and 0 interrupted iterations
baseline   [   0% ] 1 VUs  01m21.9s/30m0s  0/1 iters, 1 per VU

running (01m23.0s), 1/1 VUs, 0 complete and 0 interrupted iterations
baseline   [   0% ] 1 VUs  01m22.9s/30m0s  0/1 iters, 1 per VU

running (01m24.0s), 1/1 VUs, 0 complete and 0 interrupted iterations
baseline   [   0% ] 1 VUs  01m23.9s/30m0s  0/1 iters, 1 per VU

running (01m25.0s), 1/1 VUs, 0 complete and 0 interrupted iterations
baseline   [   0% ] 1 VUs  01m24.9s/30m0s  0/1 iters, 1 per VU

running (01m26.0s), 1/1 VUs, 0 complete and 0 interrupted iterations
baseline   [   0% ] 1 VUs  01m25.9s/30m0s  0/1 iters, 1 per VU

running (01m27.0s), 1/1 VUs, 0 complete and 0 interrupted iterations
baseline   [   0% ] 1 VUs  01m26.9s/30m0s  0/1 iters, 1 per VU

running (01m28.0s), 1/1 VUs, 0 complete and 0 interrupted iterations
baseline   [   0% ] 1 VUs  01m27.9s/30m0s  0/1 iters, 1 per VU

running (01m29.0s), 1/1 VUs, 0 complete and 0 interrupted iterations
baseline   [   0% ] 1 VUs  01m28.9s/30m0s  0/1 iters, 1 per VU

running (01m30.0s), 1/1 VUs, 0 complete and 0 interrupted iterations
baseline   [   0% ] 1 VUs  01m29.9s/30m0s  0/1 iters, 1 per VU

running (01m31.0s), 1/1 VUs, 0 complete and 0 interrupted iterations
baseline   [   0% ] 1 VUs  01m30.9s/30m0s  0/1 iters, 1 per VU

running (01m32.0s), 1/1 VUs, 0 complete and 0 interrupted iterations
baseline   [   0% ] 1 VUs  01m31.9s/30m0s  0/1 iters, 1 per VU

running (01m33.0s), 1/1 VUs, 0 complete and 0 interrupted iterations
baseline   [   0% ] 1 VUs  01m32.9s/30m0s  0/1 iters, 1 per VU
time="2026-06-12T13:27:56Z" level=info msg="MLTrainer rep1: post=26239ms relay=4ms save=6ms restore=5ms total=26303ms" source=console

running (01m34.0s), 1/1 VUs, 0 complete and 0 interrupted iterations
baseline   [   0% ] 1 VUs  01m33.9s/30m0s  0/1 iters, 1 per VU

running (01m35.0s), 1/1 VUs, 0 complete and 0 interrupted iterations
baseline   [   0% ] 1 VUs  01m34.9s/30m0s  0/1 iters, 1 per VU

running (01m36.0s), 1/1 VUs, 0 complete and 0 interrupted iterations
baseline   [   0% ] 1 VUs  01m35.9s/30m0s  0/1 iters, 1 per VU

running (01m37.0s), 1/1 VUs, 0 complete and 0 interrupted iterations
baseline   [   0% ] 1 VUs  01m36.9s/30m0s  0/1 iters, 1 per VU

running (01m38.0s), 1/1 VUs, 0 complete and 0 interrupted iterations
baseline   [   0% ] 1 VUs  01m37.9s/30m0s  0/1 iters, 1 per VU

running (01m39.0s), 1/1 VUs, 0 complete and 0 interrupted iterations
baseline   [   0% ] 1 VUs  01m38.9s/30m0s  0/1 iters, 1 per VU

running (01m40.0s), 1/1 VUs, 0 complete and 0 interrupted iterations
baseline   [   0% ] 1 VUs  01m39.9s/30m0s  0/1 iters, 1 per VU

running (01m41.0s), 1/1 VUs, 0 complete and 0 interrupted iterations
baseline   [   0% ] 1 VUs  01m40.9s/30m0s  0/1 iters, 1 per VU

running (01m42.0s), 1/1 VUs, 0 complete and 0 interrupted iterations
baseline   [   0% ] 1 VUs  01m41.9s/30m0s  0/1 iters, 1 per VU

running (01m43.0s), 1/1 VUs, 0 complete and 0 interrupted iterations
baseline   [   0% ] 1 VUs  01m42.9s/30m0s  0/1 iters, 1 per VU

running (01m44.0s), 1/1 VUs, 0 complete and 0 interrupted iterations
baseline   [   0% ] 1 VUs  01m43.9s/30m0s  0/1 iters, 1 per VU

running (01m45.0s), 1/1 VUs, 0 complete and 0 interrupted iterations
baseline   [   0% ] 1 VUs  01m44.9s/30m0s  0/1 iters, 1 per VU

running (01m46.0s), 1/1 VUs, 0 complete and 0 interrupted iterations
baseline   [   0% ] 1 VUs  01m45.9s/30m0s  0/1 iters, 1 per VU

running (01m47.0s), 1/1 VUs, 0 complete and 0 interrupted iterations
baseline   [   0% ] 1 VUs  01m46.9s/30m0s  0/1 iters, 1 per VU

running (01m48.0s), 1/1 VUs, 0 complete and 0 interrupted iterations
baseline   [   0% ] 1 VUs  01m47.9s/30m0s  0/1 iters, 1 per VU

running (01m49.0s), 1/1 VUs, 0 complete and 0 interrupted iterations
baseline   [   0% ] 1 VUs  01m48.9s/30m0s  0/1 iters, 1 per VU

running (01m50.0s), 1/1 VUs, 0 complete and 0 interrupted iterations
baseline   [   0% ] 1 VUs  01m49.9s/30m0s  0/1 iters, 1 per VU

running (01m51.0s), 1/1 VUs, 0 complete and 0 interrupted iterations
baseline   [   0% ] 1 VUs  01m50.9s/30m0s  0/1 iters, 1 per VU

running (01m52.0s), 1/1 VUs, 0 complete and 0 interrupted iterations
baseline   [   0% ] 1 VUs  01m51.9s/30m0s  0/1 iters, 1 per VU

running (01m53.0s), 1/1 VUs, 0 complete and 0 interrupted iterations
baseline   [   0% ] 1 VUs  01m52.9s/30m0s  0/1 iters, 1 per VU

running (01m54.0s), 1/1 VUs, 0 complete and 0 interrupted iterations
baseline   [   0% ] 1 VUs  01m53.9s/30m0s  0/1 iters, 1 per VU

running (01m55.0s), 1/1 VUs, 0 complete and 0 interrupted iterations
baseline   [   0% ] 1 VUs  01m54.9s/30m0s  0/1 iters, 1 per VU

running (01m56.0s), 1/1 VUs, 0 complete and 0 interrupted iterations
baseline   [   0% ] 1 VUs  01m55.9s/30m0s  0/1 iters, 1 per VU

running (01m57.0s), 1/1 VUs, 0 complete and 0 interrupted iterations
baseline   [   0% ] 1 VUs  01m56.9s/30m0s  0/1 iters, 1 per VU

running (01m58.0s), 1/1 VUs, 0 complete and 0 interrupted iterations
baseline   [   0% ] 1 VUs  01m57.9s/30m0s  0/1 iters, 1 per VU

running (01m59.0s), 1/1 VUs, 0 complete and 0 interrupted iterations
baseline   [   0% ] 1 VUs  01m58.9s/30m0s  0/1 iters, 1 per VU

running (02m00.0s), 1/1 VUs, 0 complete and 0 interrupted iterations
baseline   [   0% ] 1 VUs  01m59.9s/30m0s  0/1 iters, 1 per VU

running (02m01.0s), 1/1 VUs, 0 complete and 0 interrupted iterations
baseline   [   0% ] 1 VUs  02m00.9s/30m0s  0/1 iters, 1 per VU

running (02m02.0s), 1/1 VUs, 0 complete and 0 interrupted iterations
baseline   [   0% ] 1 VUs  02m01.9s/30m0s  0/1 iters, 1 per VU

running (02m03.0s), 1/1 VUs, 0 complete and 0 interrupted iterations
baseline   [   0% ] 1 VUs  02m02.9s/30m0s  0/1 iters, 1 per VU

running (02m04.0s), 1/1 VUs, 0 complete and 0 interrupted iterations
baseline   [   0% ] 1 VUs  02m03.9s/30m0s  0/1 iters, 1 per VU

running (02m05.0s), 1/1 VUs, 0 complete and 0 interrupted iterations
baseline   [   0% ] 1 VUs  02m04.9s/30m0s  0/1 iters, 1 per VU

running (02m06.0s), 1/1 VUs, 0 complete and 0 interrupted iterations
baseline   [   0% ] 1 VUs  02m05.9s/30m0s  0/1 iters, 1 per VU

running (02m07.0s), 1/1 VUs, 0 complete and 0 interrupted iterations
baseline   [   0% ] 1 VUs  02m06.9s/30m0s  0/1 iters, 1 per VU

running (02m08.0s), 1/1 VUs, 0 complete and 0 interrupted iterations
baseline   [   0% ] 1 VUs  02m07.9s/30m0s  0/1 iters, 1 per VU

running (02m09.0s), 1/1 VUs, 0 complete and 0 interrupted iterations
baseline   [   0% ] 1 VUs  02m08.9s/30m0s  0/1 iters, 1 per VU

running (02m10.0s), 1/1 VUs, 0 complete and 0 interrupted iterations
baseline   [   0% ] 1 VUs  02m09.9s/30m0s  0/1 iters, 1 per VU

running (02m11.0s), 1/1 VUs, 0 complete and 0 interrupted iterations
baseline   [   0% ] 1 VUs  02m10.9s/30m0s  0/1 iters, 1 per VU

running (02m12.0s), 1/1 VUs, 0 complete and 0 interrupted iterations
baseline   [   0% ] 1 VUs  02m11.9s/30m0s  0/1 iters, 1 per VU

running (02m13.0s), 1/1 VUs, 0 complete and 0 interrupted iterations
baseline   [   0% ] 1 VUs  02m12.9s/30m0s  0/1 iters, 1 per VU

running (02m14.0s), 1/1 VUs, 0 complete and 0 interrupted iterations
baseline   [   0% ] 1 VUs  02m13.9s/30m0s  0/1 iters, 1 per VU

running (02m15.0s), 1/1 VUs, 0 complete and 0 interrupted iterations
baseline   [   0% ] 1 VUs  02m14.9s/30m0s  0/1 iters, 1 per VU

running (02m16.0s), 1/1 VUs, 0 complete and 0 interrupted iterations
baseline   [   0% ] 1 VUs  02m15.9s/30m0s  0/1 iters, 1 per VU

running (02m17.0s), 1/1 VUs, 0 complete and 0 interrupted iterations
baseline   [   0% ] 1 VUs  02m16.9s/30m0s  0/1 iters, 1 per VU

running (02m18.0s), 1/1 VUs, 0 complete and 0 interrupted iterations
baseline   [   0% ] 1 VUs  02m17.9s/30m0s  0/1 iters, 1 per VU

running (02m19.0s), 1/1 VUs, 0 complete and 0 interrupted iterations
baseline   [   0% ] 1 VUs  02m18.9s/30m0s  0/1 iters, 1 per VU

running (02m20.0s), 1/1 VUs, 0 complete and 0 interrupted iterations
baseline   [   0% ] 1 VUs  02m19.9s/30m0s  0/1 iters, 1 per VU

running (02m21.0s), 1/1 VUs, 0 complete and 0 interrupted iterations
baseline   [   0% ] 1 VUs  02m20.9s/30m0s  0/1 iters, 1 per VU

running (02m22.0s), 1/1 VUs, 0 complete and 0 interrupted iterations
baseline   [   0% ] 1 VUs  02m21.9s/30m0s  0/1 iters, 1 per VU

running (02m23.0s), 1/1 VUs, 0 complete and 0 interrupted iterations
baseline   [   0% ] 1 VUs  02m22.9s/30m0s  0/1 iters, 1 per VU

running (02m24.0s), 1/1 VUs, 0 complete and 0 interrupted iterations
baseline   [   0% ] 1 VUs  02m23.9s/30m0s  0/1 iters, 1 per VU

running (02m25.0s), 1/1 VUs, 0 complete and 0 interrupted iterations
baseline   [   0% ] 1 VUs  02m24.9s/30m0s  0/1 iters, 1 per VU

running (02m26.0s), 1/1 VUs, 0 complete and 0 interrupted iterations
baseline   [   0% ] 1 VUs  02m25.9s/30m0s  0/1 iters, 1 per VU

running (02m27.0s), 1/1 VUs, 0 complete and 0 interrupted iterations
baseline   [   0% ] 1 VUs  02m26.9s/30m0s  0/1 iters, 1 per VU

running (02m28.0s), 1/1 VUs, 0 complete and 0 interrupted iterations
baseline   [   0% ] 1 VUs  02m27.9s/30m0s  0/1 iters, 1 per VU

running (02m29.0s), 1/1 VUs, 0 complete and 0 interrupted iterations
baseline   [   0% ] 1 VUs  02m28.9s/30m0s  0/1 iters, 1 per VU

running (02m30.0s), 1/1 VUs, 0 complete and 0 interrupted iterations
baseline   [   0% ] 1 VUs  02m29.9s/30m0s  0/1 iters, 1 per VU

running (02m31.0s), 1/1 VUs, 0 complete and 0 interrupted iterations
baseline   [   0% ] 1 VUs  02m30.9s/30m0s  0/1 iters, 1 per VU

running (02m32.0s), 1/1 VUs, 0 complete and 0 interrupted iterations
baseline   [   0% ] 1 VUs  02m31.9s/30m0s  0/1 iters, 1 per VU

running (02m33.0s), 1/1 VUs, 0 complete and 0 interrupted iterations
baseline   [   0% ] 1 VUs  02m32.9s/30m0s  0/1 iters, 1 per VU

running (02m34.0s), 1/1 VUs, 0 complete and 0 interrupted iterations
baseline   [   0% ] 1 VUs  02m33.9s/30m0s  0/1 iters, 1 per VU

running (02m35.0s), 1/1 VUs, 0 complete and 0 interrupted iterations
baseline   [   0% ] 1 VUs  02m34.9s/30m0s  0/1 iters, 1 per VU

running (02m36.0s), 1/1 VUs, 0 complete and 0 interrupted iterations
baseline   [   0% ] 1 VUs  02m35.9s/30m0s  0/1 iters, 1 per VU

running (02m37.0s), 1/1 VUs, 0 complete and 0 interrupted iterations
baseline   [   0% ] 1 VUs  02m36.9s/30m0s  0/1 iters, 1 per VU

running (02m38.0s), 1/1 VUs, 0 complete and 0 interrupted iterations
baseline   [   0% ] 1 VUs  02m37.9s/30m0s  0/1 iters, 1 per VU

running (02m39.0s), 1/1 VUs, 0 complete and 0 interrupted iterations
baseline   [   0% ] 1 VUs  02m38.9s/30m0s  0/1 iters, 1 per VU
time="2026-06-12T13:29:03Z" level=info msg="MLTrainer rep2: post=55923ms relay=8ms save=9267ms restore=27ms total=65317ms" source=console

running (02m40.0s), 1/1 VUs, 0 complete and 0 interrupted iterations
baseline   [   0% ] 1 VUs  02m39.9s/30m0s  0/1 iters, 1 per VU

running (02m41.0s), 1/1 VUs, 0 complete and 0 interrupted iterations
baseline   [   0% ] 1 VUs  02m40.9s/30m0s  0/1 iters, 1 per VU

running (02m42.0s), 1/1 VUs, 0 complete and 0 interrupted iterations
baseline   [   0% ] 1 VUs  02m41.9s/30m0s  0/1 iters, 1 per VU

running (02m43.0s), 1/1 VUs, 0 complete and 0 interrupted iterations
baseline   [   0% ] 1 VUs  02m42.9s/30m0s  0/1 iters, 1 per VU

running (02m44.0s), 1/1 VUs, 0 complete and 0 interrupted iterations
baseline   [   0% ] 1 VUs  02m43.9s/30m0s  0/1 iters, 1 per VU

running (02m45.0s), 1/1 VUs, 0 complete and 0 interrupted iterations
baseline   [   0% ] 1 VUs  02m44.9s/30m0s  0/1 iters, 1 per VU

running (02m46.0s), 1/1 VUs, 0 complete and 0 interrupted iterations
baseline   [   0% ] 1 VUs  02m45.9s/30m0s  0/1 iters, 1 per VU

running (02m47.0s), 1/1 VUs, 0 complete and 0 interrupted iterations
baseline   [   0% ] 1 VUs  02m46.9s/30m0s  0/1 iters, 1 per VU

running (02m48.0s), 1/1 VUs, 0 complete and 0 interrupted iterations
baseline   [   0% ] 1 VUs  02m47.9s/30m0s  0/1 iters, 1 per VU

running (02m49.0s), 1/1 VUs, 0 complete and 0 interrupted iterations
baseline   [   0% ] 1 VUs  02m48.9s/30m0s  0/1 iters, 1 per VU

running (02m50.0s), 1/1 VUs, 0 complete and 0 interrupted iterations
baseline   [   0% ] 1 VUs  02m49.9s/30m0s  0/1 iters, 1 per VU

running (02m51.0s), 1/1 VUs, 0 complete and 0 interrupted iterations
baseline   [   0% ] 1 VUs  02m50.9s/30m0s  0/1 iters, 1 per VU

running (02m52.0s), 1/1 VUs, 0 complete and 0 interrupted iterations
baseline   [   0% ] 1 VUs  02m51.9s/30m0s  0/1 iters, 1 per VU

running (02m53.0s), 1/1 VUs, 0 complete and 0 interrupted iterations
baseline   [   0% ] 1 VUs  02m52.9s/30m0s  0/1 iters, 1 per VU

running (02m54.0s), 1/1 VUs, 0 complete and 0 interrupted iterations
baseline   [   0% ] 1 VUs  02m53.9s/30m0s  0/1 iters, 1 per VU

running (02m55.0s), 1/1 VUs, 0 complete and 0 interrupted iterations
baseline   [   0% ] 1 VUs  02m54.9s/30m0s  0/1 iters, 1 per VU

running (02m56.0s), 1/1 VUs, 0 complete and 0 interrupted iterations
baseline   [   0% ] 1 VUs  02m55.9s/30m0s  0/1 iters, 1 per VU

running (02m57.0s), 1/1 VUs, 0 complete and 0 interrupted iterations
baseline   [   0% ] 1 VUs  02m56.9s/30m0s  0/1 iters, 1 per VU

running (02m58.0s), 1/1 VUs, 0 complete and 0 interrupted iterations
baseline   [   0% ] 1 VUs  02m57.9s/30m0s  0/1 iters, 1 per VU

running (02m59.0s), 1/1 VUs, 0 complete and 0 interrupted iterations
baseline   [   0% ] 1 VUs  02m58.9s/30m0s  0/1 iters, 1 per VU

running (03m00.0s), 1/1 VUs, 0 complete and 0 interrupted iterations
baseline   [   0% ] 1 VUs  02m59.9s/30m0s  0/1 iters, 1 per VU

running (03m01.0s), 1/1 VUs, 0 complete and 0 interrupted iterations
baseline   [   0% ] 1 VUs  03m00.9s/30m0s  0/1 iters, 1 per VU

running (03m02.0s), 1/1 VUs, 0 complete and 0 interrupted iterations
baseline   [   0% ] 1 VUs  03m01.9s/30m0s  0/1 iters, 1 per VU

running (03m03.0s), 1/1 VUs, 0 complete and 0 interrupted iterations
baseline   [   0% ] 1 VUs  03m02.9s/30m0s  0/1 iters, 1 per VU

running (03m04.0s), 1/1 VUs, 0 complete and 0 interrupted iterations
baseline   [   0% ] 1 VUs  03m03.9s/30m0s  0/1 iters, 1 per VU

running (03m05.0s), 1/1 VUs, 0 complete and 0 interrupted iterations
baseline   [   0% ] 1 VUs  03m04.9s/30m0s  0/1 iters, 1 per VU

running (03m06.0s), 1/1 VUs, 0 complete and 0 interrupted iterations
baseline   [   0% ] 1 VUs  03m05.9s/30m0s  0/1 iters, 1 per VU

running (03m07.0s), 1/1 VUs, 0 complete and 0 interrupted iterations
baseline   [   0% ] 1 VUs  03m06.9s/30m0s  0/1 iters, 1 per VU

running (03m08.0s), 1/1 VUs, 0 complete and 0 interrupted iterations
baseline   [   0% ] 1 VUs  03m07.9s/30m0s  0/1 iters, 1 per VU

running (03m09.0s), 1/1 VUs, 0 complete and 0 interrupted iterations
baseline   [   0% ] 1 VUs  03m08.9s/30m0s  0/1 iters, 1 per VU

running (03m10.0s), 1/1 VUs, 0 complete and 0 interrupted iterations
baseline   [   0% ] 1 VUs  03m09.9s/30m0s  0/1 iters, 1 per VU

running (03m11.0s), 1/1 VUs, 0 complete and 0 interrupted iterations
baseline   [   0% ] 1 VUs  03m10.9s/30m0s  0/1 iters, 1 per VU

running (03m12.0s), 1/1 VUs, 0 complete and 0 interrupted iterations
baseline   [   0% ] 1 VUs  03m11.9s/30m0s  0/1 iters, 1 per VU

running (03m13.0s), 1/1 VUs, 0 complete and 0 interrupted iterations
baseline   [   0% ] 1 VUs  03m12.9s/30m0s  0/1 iters, 1 per VU

running (03m14.0s), 1/1 VUs, 0 complete and 0 interrupted iterations
baseline   [   0% ] 1 VUs  03m13.9s/30m0s  0/1 iters, 1 per VU

running (03m15.0s), 1/1 VUs, 0 complete and 0 interrupted iterations
baseline   [   0% ] 1 VUs  03m14.9s/30m0s  0/1 iters, 1 per VU

running (03m16.0s), 1/1 VUs, 0 complete and 0 interrupted iterations
baseline   [   0% ] 1 VUs  03m15.9s/30m0s  0/1 iters, 1 per VU

running (03m17.0s), 1/1 VUs, 0 complete and 0 interrupted iterations
baseline   [   0% ] 1 VUs  03m16.9s/30m0s  0/1 iters, 1 per VU

running (03m18.0s), 1/1 VUs, 0 complete and 0 interrupted iterations
baseline   [   0% ] 1 VUs  03m17.9s/30m0s  0/1 iters, 1 per VU

running (03m19.0s), 1/1 VUs, 0 complete and 0 interrupted iterations
baseline   [   0% ] 1 VUs  03m18.9s/30m0s  0/1 iters, 1 per VU

running (03m20.0s), 1/1 VUs, 0 complete and 0 interrupted iterations
baseline   [   0% ] 1 VUs  03m19.9s/30m0s  0/1 iters, 1 per VU

running (03m21.0s), 1/1 VUs, 0 complete and 0 interrupted iterations
baseline   [   0% ] 1 VUs  03m20.9s/30m0s  0/1 iters, 1 per VU

running (03m22.0s), 1/1 VUs, 0 complete and 0 interrupted iterations
baseline   [   0% ] 1 VUs  03m21.9s/30m0s  0/1 iters, 1 per VU

running (03m23.0s), 1/1 VUs, 0 complete and 0 interrupted iterations
baseline   [   0% ] 1 VUs  03m22.9s/30m0s  0/1 iters, 1 per VU

running (03m24.0s), 1/1 VUs, 0 complete and 0 interrupted iterations
baseline   [   0% ] 1 VUs  03m23.9s/30m0s  0/1 iters, 1 per VU

running (03m25.0s), 1/1 VUs, 0 complete and 0 interrupted iterations
baseline   [   0% ] 1 VUs  03m24.9s/30m0s  0/1 iters, 1 per VU

running (03m26.0s), 1/1 VUs, 0 complete and 0 interrupted iterations
baseline   [   0% ] 1 VUs  03m25.9s/30m0s  0/1 iters, 1 per VU

running (03m27.0s), 1/1 VUs, 0 complete and 0 interrupted iterations
baseline   [   0% ] 1 VUs  03m26.9s/30m0s  0/1 iters, 1 per VU

running (03m28.0s), 1/1 VUs, 0 complete and 0 interrupted iterations
baseline   [   0% ] 1 VUs  03m27.9s/30m0s  0/1 iters, 1 per VU

running (03m29.0s), 1/1 VUs, 0 complete and 0 interrupted iterations
baseline   [   0% ] 1 VUs  03m28.9s/30m0s  0/1 iters, 1 per VU

running (03m30.0s), 1/1 VUs, 0 complete and 0 interrupted iterations
baseline   [   0% ] 1 VUs  03m29.9s/30m0s  0/1 iters, 1 per VU

running (03m31.0s), 1/1 VUs, 0 complete and 0 interrupted iterations
baseline   [   0% ] 1 VUs  03m30.9s/30m0s  0/1 iters, 1 per VU

running (03m32.0s), 1/1 VUs, 0 complete and 0 interrupted iterations
baseline   [   0% ] 1 VUs  03m31.9s/30m0s  0/1 iters, 1 per VU

running (03m33.0s), 1/1 VUs, 0 complete and 0 interrupted iterations
baseline   [   0% ] 1 VUs  03m32.9s/30m0s  0/1 iters, 1 per VU

running (03m34.0s), 1/1 VUs, 0 complete and 0 interrupted iterations
baseline   [   0% ] 1 VUs  03m33.9s/30m0s  0/1 iters, 1 per VU

running (03m35.0s), 1/1 VUs, 0 complete and 0 interrupted iterations
baseline   [   0% ] 1 VUs  03m34.9s/30m0s  0/1 iters, 1 per VU

running (03m36.0s), 1/1 VUs, 0 complete and 0 interrupted iterations
baseline   [   0% ] 1 VUs  03m35.9s/30m0s  0/1 iters, 1 per VU

running (03m37.0s), 1/1 VUs, 0 complete and 0 interrupted iterations
baseline   [   0% ] 1 VUs  03m36.9s/30m0s  0/1 iters, 1 per VU

running (03m38.0s), 1/1 VUs, 0 complete and 0 interrupted iterations
baseline   [   0% ] 1 VUs  03m37.9s/30m0s  0/1 iters, 1 per VU

running (03m39.0s), 1/1 VUs, 0 complete and 0 interrupted iterations
baseline   [   0% ] 1 VUs  03m38.9s/30m0s  0/1 iters, 1 per VU

running (03m40.0s), 1/1 VUs, 0 complete and 0 interrupted iterations
baseline   [   0% ] 1 VUs  03m39.9s/30m0s  0/1 iters, 1 per VU
time="2026-06-12T13:30:04Z" level=warning msg="Request Failed" error="Post \"http://localhost:30001/api/collab/957b18f6-f9a9-4962-ae2e-f182c895eefe/state\": request timeout"
time="2026-06-12T13:30:04Z" level=error msg="MLTrainer rep3: POST failed (0)" source=console

running (03m41.0s), 1/1 VUs, 0 complete and 0 interrupted iterations
baseline   [   0% ] 1 VUs  03m40.9s/30m0s  0/1 iters, 1 per VU

running (03m42.0s), 1/1 VUs, 0 complete and 0 interrupted iterations
baseline   [   0% ] 1 VUs  03m41.9s/30m0s  0/1 iters, 1 per VU

running (03m43.0s), 1/1 VUs, 0 complete and 0 interrupted iterations
baseline   [   0% ] 1 VUs  03m42.9s/30m0s  0/1 iters, 1 per VU

running (03m44.0s), 1/1 VUs, 0 complete and 0 interrupted iterations
baseline   [   0% ] 1 VUs  03m43.9s/30m0s  0/1 iters, 1 per VU

running (03m45.0s), 1/1 VUs, 0 complete and 0 interrupted iterations
baseline   [   0% ] 1 VUs  03m44.9s/30m0s  0/1 iters, 1 per VU

running (03m46.0s), 1/1 VUs, 0 complete and 0 interrupted iterations
baseline   [   0% ] 1 VUs  03m45.9s/30m0s  0/1 iters, 1 per VU

running (03m47.0s), 1/1 VUs, 0 complete and 0 interrupted iterations
baseline   [   0% ] 1 VUs  03m46.9s/30m0s  0/1 iters, 1 per VU

running (03m48.0s), 1/1 VUs, 0 complete and 0 interrupted iterations
baseline   [   0% ] 1 VUs  03m47.9s/30m0s  0/1 iters, 1 per VU

running (03m49.0s), 1/1 VUs, 0 complete and 0 interrupted iterations
baseline   [   0% ] 1 VUs  03m48.9s/30m0s  0/1 iters, 1 per VU

running (03m50.0s), 1/1 VUs, 0 complete and 0 interrupted iterations
baseline   [   0% ] 1 VUs  03m49.9s/30m0s  0/1 iters, 1 per VU

running (03m51.0s), 1/1 VUs, 0 complete and 0 interrupted iterations
baseline   [   0% ] 1 VUs  03m50.9s/30m0s  0/1 iters, 1 per VU

running (03m52.0s), 1/1 VUs, 0 complete and 0 interrupted iterations
baseline   [   0% ] 1 VUs  03m51.9s/30m0s  0/1 iters, 1 per VU

running (03m53.0s), 1/1 VUs, 0 complete and 0 interrupted iterations
baseline   [   0% ] 1 VUs  03m52.9s/30m0s  0/1 iters, 1 per VU

running (03m54.0s), 1/1 VUs, 0 complete and 0 interrupted iterations
baseline   [   0% ] 1 VUs  03m53.9s/30m0s  0/1 iters, 1 per VU

running (03m55.0s), 1/1 VUs, 0 complete and 0 interrupted iterations
baseline   [   0% ] 1 VUs  03m54.9s/30m0s  0/1 iters, 1 per VU

running (03m56.0s), 1/1 VUs, 0 complete and 0 interrupted iterations
baseline   [   0% ] 1 VUs  03m55.9s/30m0s  0/1 iters, 1 per VU

running (03m57.0s), 1/1 VUs, 0 complete and 0 interrupted iterations
baseline   [   0% ] 1 VUs  03m56.9s/30m0s  0/1 iters, 1 per VU

running (03m58.0s), 1/1 VUs, 0 complete and 0 interrupted iterations
baseline   [   0% ] 1 VUs  03m57.9s/30m0s  0/1 iters, 1 per VU

running (03m59.0s), 1/1 VUs, 0 complete and 0 interrupted iterations
baseline   [   0% ] 1 VUs  03m58.9s/30m0s  0/1 iters, 1 per VU

running (04m00.0s), 1/1 VUs, 0 complete and 0 interrupted iterations
baseline   [   0% ] 1 VUs  03m59.9s/30m0s  0/1 iters, 1 per VU

running (04m01.0s), 1/1 VUs, 0 complete and 0 interrupted iterations
baseline   [   0% ] 1 VUs  04m00.9s/30m0s  0/1 iters, 1 per VU

running (04m02.0s), 1/1 VUs, 0 complete and 0 interrupted iterations
baseline   [   0% ] 1 VUs  04m01.9s/30m0s  0/1 iters, 1 per VU

running (04m03.0s), 1/1 VUs, 0 complete and 0 interrupted iterations
baseline   [   0% ] 1 VUs  04m02.9s/30m0s  0/1 iters, 1 per VU

running (04m04.0s), 1/1 VUs, 0 complete and 0 interrupted iterations
baseline   [   0% ] 1 VUs  04m03.9s/30m0s  0/1 iters, 1 per VU
time="2026-06-12T13:30:28Z" level=info msg="MLTrainer rep4: post=15428ms relay=44ms save=96ms restore=8ms total=23096ms" source=console

running (04m05.0s), 1/1 VUs, 0 complete and 0 interrupted iterations
baseline   [   0% ] 1 VUs  04m04.9s/30m0s  0/1 iters, 1 per VU

running (04m06.0s), 1/1 VUs, 0 complete and 0 interrupted iterations
baseline   [   0% ] 1 VUs  04m05.9s/30m0s  0/1 iters, 1 per VU

running (04m07.0s), 1/1 VUs, 0 complete and 0 interrupted iterations
baseline   [   0% ] 1 VUs  04m06.9s/30m0s  0/1 iters, 1 per VU
time="2026-06-12T13:30:31Z" level=info msg="\n=== BASELINE COMPLETE ===" source=console
time="2026-06-12T13:30:31Z" level=info msg="Use --summary-export to get per-app medians for threshold calibration." source=console
time="2026-06-12T13:30:31Z" level=info msg="Set thresholds at 5x the baseline median for each app." source=console

     █ baseline_Calculator_rep0

     █ baseline_Calculator_rep1

     █ baseline_Calculator_rep2

     █ baseline_Calculator_rep3

     █ baseline_Calculator_rep4

     █ baseline_Analytics_rep0

     █ baseline_Analytics_rep1

     █ baseline_Analytics_rep2

     █ baseline_Analytics_rep3

     █ baseline_Analytics_rep4

     █ baseline_Advanced_rep0

     █ baseline_Advanced_rep1

     █ baseline_Advanced_rep2

     █ baseline_Advanced_rep3

     █ baseline_Advanced_rep4

     █ baseline_DataExchange_rep0

     █ baseline_DataExchange_rep1

     █ baseline_DataExchange_rep2

     █ baseline_DataExchange_rep3

     █ baseline_DataExchange_rep4

     █ baseline_MonteCarlo_rep0

     █ baseline_MonteCarlo_rep1

     █ baseline_MonteCarlo_rep2

     █ baseline_MonteCarlo_rep3

     █ baseline_MonteCarlo_rep4

     █ baseline_Geospatial_rep0

     █ baseline_Geospatial_rep1

     █ baseline_Geospatial_rep2

     █ baseline_Geospatial_rep3

     █ baseline_Geospatial_rep4

     █ baseline_ClimateAnomaly_rep0

     █ baseline_ClimateAnomaly_rep1

     █ baseline_ClimateAnomaly_rep2

     █ baseline_ClimateAnomaly_rep3

     █ baseline_ClimateAnomaly_rep4

     █ baseline_MLTrainer_rep0

     █ baseline_MLTrainer_rep1

     █ baseline_MLTrainer_rep2

     █ baseline_MLTrainer_rep3

     █ baseline_MLTrainer_rep4

     baseline_fail..................: 1      0.004033/s
     baseline_get_ms................: avg=10.84ms  min=3ms     med=4ms      max=260ms    p(90)=5.2ms   p(95)=7.2ms  
     baseline_ok....................: 39     0.157296/s
     baseline_post_ms...............: avg=4.29s    min=9ms     med=14ms     max=1m0s     p(90)=13.57s  p(95)=27.72s 
     baseline_relay_ms..............: avg=4.74ms   min=2ms     med=4ms      max=44ms     p(90)=5ms     p(95)=6.2ms  
     baseline_restore_ms............: avg=6.79ms   min=3ms     med=6ms      max=36ms     p(90)=7.2ms   p(95)=11.7ms 
     baseline_save_ms...............: avg=247.92ms min=5ms     med=8ms      max=9.26s    p(90)=11.2ms  p(95)=21.3ms 
     baseline_total_ms..............: avg=3.37s    min=66ms    med=97ms     max=1m5s     p(90)=2.84s   p(95)=23.41s 
     data_received..................: 31 MB  126 kB/s
     data_sent......................: 100 kB 404 B/s
     group_duration.................: avg=4.79s    min=66.23ms med=98.22ms  max=1m5s     p(90)=14.4s   p(95)=27.98s 
     http_req_blocked...............: avg=11.02µs  min=1.82µs  med=5.75µs   max=652.61µs p(90)=9.48µs  p(95)=10.61µs
     http_req_connecting............: avg=2.61µs   min=0s      med=0s       max=312.53µs p(90)=0s      p(95)=0s     
     http_req_duration..............: avg=687.15ms min=2.18ms  med=7.46ms   max=1m0s     p(90)=29.96ms p(95)=67.72ms
       { expected_response:true }...: avg=473.02ms min=2.18ms  med=7.46ms   max=55.92s   p(90)=29.74ms p(95)=65.43ms
     http_req_failed................: 0.35%  1 out of 278
     http_req_receiving.............: avg=1.37ms   min=0s      med=114.46µs max=37.51ms  p(90)=6.79ms  p(95)=8.41ms 
     http_req_sending...............: avg=38.15µs  min=6.67µs  med=31.91µs  max=221.57µs p(90)=69.09µs p(95)=87.58µs
     http_req_tls_handshaking.......: avg=0s       min=0s      med=0s       max=0s       p(90)=0s      p(95)=0s     
     http_req_waiting...............: avg=685.74ms min=2.05ms  med=7.35ms   max=1m0s     p(90)=22.29ms p(95)=47.17ms
     http_reqs......................: 278    1.121237/s
     iteration_duration.............: avg=4m7s     min=4m7s    med=4m7s     max=4m7s     p(90)=4m7s    p(95)=4m7s   
     iterations.....................: 1      0.004033/s
     vus............................: 1      min=1        max=1
     vus_max........................: 1      min=1        max=1


running (04m07.9s), 0/1 VUs, 1 complete and 0 interrupted iterations
baseline ✓ [ 100% ] 1 VUs  04m07.8s/30m0s  1/1 iters, 1 per VU
