
         /\      Grafana   /‾‾/  
    /\  /  \     |\  __   /  /   
   /  \/    \    | |/ /  /   ‾‾\ 
  /          \   |   (  |  (‾)  |
 / __________ \  |_|\_\  \_____/ 

     execution: local
        script: ./k6/01-state-relay-latency.js
        output: -

     scenarios: (100.00%) 1 scenario, 20 max VUs, 4m30s max duration (incl. graceful stop):
              * relay_latency: Up to 20 looping VUs for 4m0s over 5 stages (gracefulRampDown: 30s, gracefulStop: 30s)

time="2026-06-12T13:30:41Z" level=warning msg="Error from API server" error="listen tcp 127.0.0.1:6565: bind: address already in use"
time="2026-06-12T13:30:41Z" level=info msg="Health check passed. 8 apps registered." source=console

running (0m01.0s), 01/20 VUs, 0 complete and 0 interrupted iterations
relay_latency   [   0% ] 01/20 VUs  0m00.7s/4m00.0s

running (0m02.0s), 01/20 VUs, 0 complete and 0 interrupted iterations
relay_latency   [   1% ] 01/20 VUs  0m01.7s/4m00.0s

running (0m03.0s), 01/20 VUs, 0 complete and 0 interrupted iterations
relay_latency   [   1% ] 01/20 VUs  0m02.7s/4m00.0s

running (0m04.0s), 01/20 VUs, 0 complete and 0 interrupted iterations
relay_latency   [   2% ] 01/20 VUs  0m03.7s/4m00.0s

running (0m05.0s), 01/20 VUs, 0 complete and 0 interrupted iterations
relay_latency   [   2% ] 01/20 VUs  0m04.7s/4m00.0s

running (0m06.0s), 01/20 VUs, 0 complete and 0 interrupted iterations
relay_latency   [   2% ] 01/20 VUs  0m05.7s/4m00.0s

running (0m07.0s), 01/20 VUs, 0 complete and 0 interrupted iterations
relay_latency   [   3% ] 01/20 VUs  0m06.7s/4m00.0s

running (0m08.0s), 02/20 VUs, 0 complete and 0 interrupted iterations
relay_latency   [   3% ] 02/20 VUs  0m07.7s/4m00.0s

running (0m09.0s), 02/20 VUs, 0 complete and 0 interrupted iterations
relay_latency   [   4% ] 02/20 VUs  0m08.7s/4m00.0s

running (0m10.0s), 02/20 VUs, 0 complete and 0 interrupted iterations
relay_latency   [   4% ] 02/20 VUs  0m09.7s/4m00.0s

running (0m11.0s), 02/20 VUs, 0 complete and 0 interrupted iterations
relay_latency   [   4% ] 02/20 VUs  0m10.7s/4m00.0s

running (0m12.0s), 02/20 VUs, 0 complete and 0 interrupted iterations
relay_latency   [   5% ] 02/20 VUs  0m11.7s/4m00.0s

running (0m13.0s), 02/20 VUs, 0 complete and 0 interrupted iterations
relay_latency   [   5% ] 02/20 VUs  0m12.7s/4m00.0s

running (0m14.0s), 02/20 VUs, 0 complete and 0 interrupted iterations
relay_latency   [   6% ] 02/20 VUs  0m13.7s/4m00.0s

running (0m15.0s), 02/20 VUs, 0 complete and 0 interrupted iterations
relay_latency   [   6% ] 02/20 VUs  0m14.7s/4m00.0s

running (0m16.0s), 03/20 VUs, 0 complete and 0 interrupted iterations
relay_latency   [   7% ] 03/20 VUs  0m15.7s/4m00.0s

running (0m17.0s), 03/20 VUs, 0 complete and 0 interrupted iterations
relay_latency   [   7% ] 03/20 VUs  0m16.7s/4m00.0s

running (0m18.0s), 03/20 VUs, 0 complete and 0 interrupted iterations
relay_latency   [   7% ] 03/20 VUs  0m17.7s/4m00.0s

running (0m19.0s), 03/20 VUs, 0 complete and 0 interrupted iterations
relay_latency   [   8% ] 03/20 VUs  0m18.7s/4m00.0s

running (0m20.0s), 03/20 VUs, 0 complete and 0 interrupted iterations
relay_latency   [   8% ] 03/20 VUs  0m19.7s/4m00.0s

running (0m21.0s), 03/20 VUs, 0 complete and 0 interrupted iterations
relay_latency   [   9% ] 03/20 VUs  0m20.7s/4m00.0s

running (0m22.0s), 03/20 VUs, 0 complete and 0 interrupted iterations
relay_latency   [   9% ] 03/20 VUs  0m21.7s/4m00.0s

running (0m23.0s), 04/20 VUs, 0 complete and 0 interrupted iterations
relay_latency   [   9% ] 04/20 VUs  0m22.7s/4m00.0s

running (0m24.0s), 04/20 VUs, 0 complete and 0 interrupted iterations
relay_latency   [  10% ] 04/20 VUs  0m23.7s/4m00.0s

running (0m25.0s), 04/20 VUs, 0 complete and 0 interrupted iterations
relay_latency   [  10% ] 04/20 VUs  0m24.7s/4m00.0s

running (0m26.0s), 04/20 VUs, 0 complete and 0 interrupted iterations
relay_latency   [  11% ] 04/20 VUs  0m25.7s/4m00.0s

running (0m27.0s), 04/20 VUs, 0 complete and 0 interrupted iterations
relay_latency   [  11% ] 04/20 VUs  0m26.7s/4m00.0s

running (0m28.0s), 04/20 VUs, 0 complete and 0 interrupted iterations
relay_latency   [  12% ] 04/20 VUs  0m27.7s/4m00.0s

running (0m29.0s), 04/20 VUs, 0 complete and 0 interrupted iterations
relay_latency   [  12% ] 04/20 VUs  0m28.7s/4m00.0s

running (0m30.0s), 04/20 VUs, 0 complete and 0 interrupted iterations
relay_latency   [  12% ] 04/20 VUs  0m29.7s/4m00.0s

running (0m31.0s), 05/20 VUs, 0 complete and 0 interrupted iterations
relay_latency   [  13% ] 05/20 VUs  0m30.7s/4m00.0s

running (0m32.0s), 05/20 VUs, 0 complete and 0 interrupted iterations
relay_latency   [  13% ] 05/20 VUs  0m31.7s/4m00.0s

running (0m33.0s), 05/20 VUs, 0 complete and 0 interrupted iterations
relay_latency   [  14% ] 05/20 VUs  0m32.7s/4m00.0s

running (0m34.0s), 05/20 VUs, 0 complete and 0 interrupted iterations
relay_latency   [  14% ] 05/20 VUs  0m33.7s/4m00.0s

running (0m35.0s), 05/20 VUs, 0 complete and 0 interrupted iterations
relay_latency   [  14% ] 05/20 VUs  0m34.7s/4m00.0s

running (0m36.0s), 05/20 VUs, 0 complete and 0 interrupted iterations
relay_latency   [  15% ] 05/20 VUs  0m35.7s/4m00.0s

running (0m37.0s), 05/20 VUs, 0 complete and 0 interrupted iterations
relay_latency   [  15% ] 05/20 VUs  0m36.7s/4m00.0s

running (0m38.0s), 05/20 VUs, 0 complete and 0 interrupted iterations
relay_latency   [  16% ] 05/20 VUs  0m37.7s/4m00.0s

running (0m39.0s), 05/20 VUs, 0 complete and 0 interrupted iterations
relay_latency   [  16% ] 05/20 VUs  0m38.7s/4m00.0s

running (0m40.0s), 05/20 VUs, 0 complete and 0 interrupted iterations
relay_latency   [  17% ] 05/20 VUs  0m39.7s/4m00.0s

running (0m41.0s), 05/20 VUs, 0 complete and 0 interrupted iterations
relay_latency   [  17% ] 05/20 VUs  0m40.7s/4m00.0s

running (0m42.0s), 05/20 VUs, 0 complete and 0 interrupted iterations
relay_latency   [  17% ] 05/20 VUs  0m41.7s/4m00.0s

running (0m43.0s), 06/20 VUs, 0 complete and 0 interrupted iterations
relay_latency   [  18% ] 06/20 VUs  0m42.7s/4m00.0s

running (0m44.0s), 06/20 VUs, 1 complete and 0 interrupted iterations
relay_latency   [  18% ] 06/20 VUs  0m43.7s/4m00.0s

running (0m45.0s), 06/20 VUs, 1 complete and 0 interrupted iterations
relay_latency   [  19% ] 06/20 VUs  0m44.7s/4m00.0s

running (0m46.0s), 06/20 VUs, 1 complete and 0 interrupted iterations
relay_latency   [  19% ] 06/20 VUs  0m45.7s/4m00.0s

running (0m47.0s), 06/20 VUs, 1 complete and 0 interrupted iterations
relay_latency   [  19% ] 06/20 VUs  0m46.7s/4m00.0s

running (0m48.0s), 06/20 VUs, 1 complete and 0 interrupted iterations
relay_latency   [  20% ] 06/20 VUs  0m47.7s/4m00.0s

running (0m49.0s), 06/20 VUs, 1 complete and 0 interrupted iterations
relay_latency   [  20% ] 06/20 VUs  0m48.7s/4m00.0s

running (0m50.0s), 06/20 VUs, 1 complete and 0 interrupted iterations
relay_latency   [  21% ] 06/20 VUs  0m49.7s/4m00.0s

running (0m51.0s), 06/20 VUs, 1 complete and 0 interrupted iterations
relay_latency   [  21% ] 06/20 VUs  0m50.7s/4m00.0s

running (0m52.0s), 06/20 VUs, 1 complete and 0 interrupted iterations
relay_latency   [  22% ] 06/20 VUs  0m51.7s/4m00.0s

running (0m53.0s), 06/20 VUs, 1 complete and 0 interrupted iterations
relay_latency   [  22% ] 06/20 VUs  0m52.7s/4m00.0s

running (0m54.0s), 06/20 VUs, 1 complete and 0 interrupted iterations
relay_latency   [  22% ] 06/20 VUs  0m53.7s/4m00.0s

running (0m55.0s), 07/20 VUs, 1 complete and 0 interrupted iterations
relay_latency   [  23% ] 07/20 VUs  0m54.7s/4m00.0s

running (0m56.0s), 07/20 VUs, 1 complete and 0 interrupted iterations
relay_latency   [  23% ] 07/20 VUs  0m55.7s/4m00.0s

running (0m57.0s), 07/20 VUs, 1 complete and 0 interrupted iterations
relay_latency   [  24% ] 07/20 VUs  0m56.7s/4m00.0s

running (0m58.0s), 07/20 VUs, 1 complete and 0 interrupted iterations
relay_latency   [  24% ] 07/20 VUs  0m57.7s/4m00.0s

running (0m59.0s), 07/20 VUs, 1 complete and 0 interrupted iterations
relay_latency   [  24% ] 07/20 VUs  0m58.7s/4m00.0s

running (1m00.0s), 07/20 VUs, 1 complete and 0 interrupted iterations
relay_latency   [  25% ] 07/20 VUs  0m59.7s/4m00.0s

running (1m01.0s), 07/20 VUs, 1 complete and 0 interrupted iterations
relay_latency   [  25% ] 07/20 VUs  1m00.7s/4m00.0s

running (1m02.0s), 07/20 VUs, 1 complete and 0 interrupted iterations
relay_latency   [  26% ] 07/20 VUs  1m01.7s/4m00.0s

running (1m03.0s), 07/20 VUs, 1 complete and 0 interrupted iterations
relay_latency   [  26% ] 07/20 VUs  1m02.7s/4m00.0s

running (1m04.0s), 07/20 VUs, 1 complete and 0 interrupted iterations
relay_latency   [  27% ] 07/20 VUs  1m03.7s/4m00.0s

running (1m05.0s), 07/20 VUs, 1 complete and 0 interrupted iterations
relay_latency   [  27% ] 07/20 VUs  1m04.7s/4m00.0s

running (1m06.0s), 07/20 VUs, 1 complete and 0 interrupted iterations
relay_latency   [  27% ] 07/20 VUs  1m05.7s/4m00.0s

running (1m07.0s), 08/20 VUs, 1 complete and 0 interrupted iterations
relay_latency   [  28% ] 08/20 VUs  1m06.7s/4m00.0s

running (1m08.0s), 08/20 VUs, 1 complete and 0 interrupted iterations
relay_latency   [  28% ] 08/20 VUs  1m07.7s/4m00.0s

running (1m09.0s), 08/20 VUs, 1 complete and 0 interrupted iterations
relay_latency   [  29% ] 08/20 VUs  1m08.7s/4m00.0s

running (1m10.0s), 08/20 VUs, 1 complete and 0 interrupted iterations
relay_latency   [  29% ] 08/20 VUs  1m09.7s/4m00.0s

running (1m11.0s), 08/20 VUs, 1 complete and 0 interrupted iterations
relay_latency   [  29% ] 08/20 VUs  1m10.7s/4m00.0s

running (1m12.0s), 08/20 VUs, 1 complete and 0 interrupted iterations
relay_latency   [  30% ] 08/20 VUs  1m11.7s/4m00.0s

running (1m13.0s), 08/20 VUs, 1 complete and 0 interrupted iterations
relay_latency   [  30% ] 08/20 VUs  1m12.7s/4m00.0s

running (1m14.0s), 08/20 VUs, 1 complete and 0 interrupted iterations
relay_latency   [  31% ] 08/20 VUs  1m13.7s/4m00.0s

running (1m15.0s), 08/20 VUs, 1 complete and 0 interrupted iterations
relay_latency   [  31% ] 08/20 VUs  1m14.7s/4m00.0s

running (1m16.0s), 08/20 VUs, 1 complete and 0 interrupted iterations
relay_latency   [  32% ] 08/20 VUs  1m15.7s/4m00.0s

running (1m17.0s), 08/20 VUs, 1 complete and 0 interrupted iterations
relay_latency   [  32% ] 08/20 VUs  1m16.7s/4m00.0s

running (1m18.0s), 08/20 VUs, 1 complete and 0 interrupted iterations
relay_latency   [  32% ] 08/20 VUs  1m17.7s/4m00.0s

running (1m19.0s), 09/20 VUs, 1 complete and 0 interrupted iterations
relay_latency   [  33% ] 09/20 VUs  1m18.7s/4m00.0s

running (1m20.0s), 09/20 VUs, 1 complete and 0 interrupted iterations
relay_latency   [  33% ] 09/20 VUs  1m19.7s/4m00.0s

running (1m21.0s), 09/20 VUs, 1 complete and 0 interrupted iterations
relay_latency   [  34% ] 09/20 VUs  1m20.7s/4m00.0s

running (1m22.0s), 09/20 VUs, 1 complete and 0 interrupted iterations
relay_latency   [  34% ] 09/20 VUs  1m21.7s/4m00.0s

running (1m23.0s), 09/20 VUs, 1 complete and 0 interrupted iterations
relay_latency   [  34% ] 09/20 VUs  1m22.7s/4m00.0s

running (1m24.0s), 09/20 VUs, 1 complete and 0 interrupted iterations
relay_latency   [  35% ] 09/20 VUs  1m23.7s/4m00.0s

running (1m25.0s), 09/20 VUs, 1 complete and 0 interrupted iterations
relay_latency   [  35% ] 09/20 VUs  1m24.7s/4m00.0s

running (1m26.0s), 09/20 VUs, 2 complete and 0 interrupted iterations
relay_latency   [  36% ] 09/20 VUs  1m25.7s/4m00.0s

running (1m27.0s), 09/20 VUs, 2 complete and 0 interrupted iterations
relay_latency   [  36% ] 09/20 VUs  1m26.7s/4m00.0s

running (1m28.0s), 09/20 VUs, 2 complete and 0 interrupted iterations
relay_latency   [  37% ] 09/20 VUs  1m27.7s/4m00.0s

running (1m29.0s), 09/20 VUs, 2 complete and 0 interrupted iterations
relay_latency   [  37% ] 09/20 VUs  1m28.7s/4m00.0s

running (1m30.0s), 09/20 VUs, 2 complete and 0 interrupted iterations
relay_latency   [  37% ] 09/20 VUs  1m29.7s/4m00.0s

running (1m31.0s), 10/20 VUs, 3 complete and 0 interrupted iterations
relay_latency   [  38% ] 10/20 VUs  1m30.7s/4m00.0s

running (1m32.0s), 10/20 VUs, 3 complete and 0 interrupted iterations
relay_latency   [  38% ] 10/20 VUs  1m31.7s/4m00.0s

running (1m33.0s), 10/20 VUs, 3 complete and 0 interrupted iterations
relay_latency   [  39% ] 10/20 VUs  1m32.7s/4m00.0s

running (1m34.0s), 10/20 VUs, 3 complete and 0 interrupted iterations
relay_latency   [  39% ] 10/20 VUs  1m33.7s/4m00.0s

running (1m35.0s), 10/20 VUs, 3 complete and 0 interrupted iterations
relay_latency   [  39% ] 10/20 VUs  1m34.7s/4m00.0s

running (1m36.0s), 10/20 VUs, 3 complete and 0 interrupted iterations
relay_latency   [  40% ] 10/20 VUs  1m35.7s/4m00.0s

running (1m37.0s), 11/20 VUs, 3 complete and 0 interrupted iterations
relay_latency   [  40% ] 11/20 VUs  1m36.7s/4m00.0s

running (1m38.0s), 11/20 VUs, 3 complete and 0 interrupted iterations
relay_latency   [  41% ] 11/20 VUs  1m37.7s/4m00.0s

running (1m39.0s), 11/20 VUs, 3 complete and 0 interrupted iterations
relay_latency   [  41% ] 11/20 VUs  1m38.7s/4m00.0s

running (1m40.0s), 11/20 VUs, 3 complete and 0 interrupted iterations
relay_latency   [  42% ] 11/20 VUs  1m39.7s/4m00.0s

running (1m41.0s), 11/20 VUs, 3 complete and 0 interrupted iterations
relay_latency   [  42% ] 11/20 VUs  1m40.7s/4m00.0s

running (1m42.0s), 11/20 VUs, 3 complete and 0 interrupted iterations
relay_latency   [  42% ] 11/20 VUs  1m41.7s/4m00.0s

running (1m43.0s), 12/20 VUs, 4 complete and 0 interrupted iterations
relay_latency   [  43% ] 12/20 VUs  1m42.7s/4m00.0s

running (1m44.0s), 12/20 VUs, 4 complete and 0 interrupted iterations
relay_latency   [  43% ] 12/20 VUs  1m43.7s/4m00.0s

running (1m45.0s), 12/20 VUs, 4 complete and 0 interrupted iterations
relay_latency   [  44% ] 12/20 VUs  1m44.7s/4m00.0s

running (1m46.0s), 12/20 VUs, 5 complete and 0 interrupted iterations
relay_latency   [  44% ] 12/20 VUs  1m45.7s/4m00.0s

running (1m47.0s), 12/20 VUs, 5 complete and 0 interrupted iterations
relay_latency   [  44% ] 12/20 VUs  1m46.7s/4m00.0s

running (1m48.0s), 12/20 VUs, 5 complete and 0 interrupted iterations
relay_latency   [  45% ] 12/20 VUs  1m47.7s/4m00.0s

running (1m49.0s), 13/20 VUs, 5 complete and 0 interrupted iterations
relay_latency   [  45% ] 13/20 VUs  1m48.7s/4m00.0s
time="2026-06-12T13:32:31Z" level=warning msg="Request Failed" error="Post \"http://localhost:30001/api/collab/e368610f-36d5-4ace-86c1-2b328dd3f78e/state\": request timeout"

running (1m50.0s), 13/20 VUs, 5 complete and 0 interrupted iterations
relay_latency   [  46% ] 13/20 VUs  1m49.7s/4m00.0s

running (1m51.0s), 13/20 VUs, 6 complete and 0 interrupted iterations
relay_latency   [  46% ] 13/20 VUs  1m50.7s/4m00.0s

running (1m52.0s), 13/20 VUs, 6 complete and 0 interrupted iterations
relay_latency   [  47% ] 13/20 VUs  1m51.7s/4m00.0s

running (1m53.0s), 13/20 VUs, 6 complete and 0 interrupted iterations
relay_latency   [  47% ] 13/20 VUs  1m52.7s/4m00.0s

running (1m54.0s), 13/20 VUs, 6 complete and 0 interrupted iterations
relay_latency   [  47% ] 13/20 VUs  1m53.7s/4m00.0s

running (1m55.0s), 14/20 VUs, 6 complete and 0 interrupted iterations
relay_latency   [  48% ] 14/20 VUs  1m54.7s/4m00.0s

running (1m56.0s), 14/20 VUs, 6 complete and 0 interrupted iterations
relay_latency   [  48% ] 14/20 VUs  1m55.7s/4m00.0s

running (1m57.0s), 14/20 VUs, 7 complete and 0 interrupted iterations
relay_latency   [  49% ] 14/20 VUs  1m56.7s/4m00.0s

running (1m58.0s), 14/20 VUs, 7 complete and 0 interrupted iterations
relay_latency   [  49% ] 14/20 VUs  1m57.7s/4m00.0s

running (1m59.0s), 14/20 VUs, 7 complete and 0 interrupted iterations
relay_latency   [  49% ] 14/20 VUs  1m58.7s/4m00.0s

running (2m00.0s), 14/20 VUs, 7 complete and 0 interrupted iterations
relay_latency   [  50% ] 14/20 VUs  1m59.7s/4m00.0s

running (2m01.0s), 15/20 VUs, 7 complete and 0 interrupted iterations
relay_latency   [  50% ] 15/20 VUs  2m00.7s/4m00.0s

running (2m02.0s), 15/20 VUs, 7 complete and 0 interrupted iterations
relay_latency   [  51% ] 15/20 VUs  2m01.7s/4m00.0s

running (2m03.0s), 15/20 VUs, 7 complete and 0 interrupted iterations
relay_latency   [  51% ] 15/20 VUs  2m02.7s/4m00.0s
time="2026-06-12T13:32:44Z" level=warning msg="Request Failed" error="Post \"http://localhost:30001/api/collab/e4589edf-afca-4725-ac46-b6f0a7943835/state\": request timeout"

running (2m04.0s), 15/20 VUs, 8 complete and 0 interrupted iterations
relay_latency   [  52% ] 15/20 VUs  2m03.7s/4m00.0s

running (2m05.0s), 15/20 VUs, 8 complete and 0 interrupted iterations
relay_latency   [  52% ] 15/20 VUs  2m04.7s/4m00.0s

running (2m06.0s), 15/20 VUs, 8 complete and 0 interrupted iterations
relay_latency   [  52% ] 15/20 VUs  2m05.7s/4m00.0s

running (2m07.0s), 16/20 VUs, 8 complete and 0 interrupted iterations
relay_latency   [  53% ] 16/20 VUs  2m06.7s/4m00.0s

running (2m08.0s), 16/20 VUs, 8 complete and 0 interrupted iterations
relay_latency   [  53% ] 16/20 VUs  2m07.7s/4m00.0s

running (2m09.0s), 16/20 VUs, 8 complete and 0 interrupted iterations
relay_latency   [  54% ] 16/20 VUs  2m08.7s/4m00.0s

running (2m10.0s), 16/20 VUs, 8 complete and 0 interrupted iterations
relay_latency   [  54% ] 16/20 VUs  2m09.7s/4m00.0s

running (2m11.0s), 16/20 VUs, 9 complete and 0 interrupted iterations
relay_latency   [  54% ] 16/20 VUs  2m10.7s/4m00.0s

running (2m12.0s), 16/20 VUs, 9 complete and 0 interrupted iterations
relay_latency   [  55% ] 16/20 VUs  2m11.7s/4m00.0s

running (2m13.0s), 17/20 VUs, 9 complete and 0 interrupted iterations
relay_latency   [  55% ] 17/20 VUs  2m12.7s/4m00.0s

running (2m14.0s), 17/20 VUs, 9 complete and 0 interrupted iterations
relay_latency   [  56% ] 17/20 VUs  2m13.7s/4m00.0s

running (2m15.0s), 17/20 VUs, 9 complete and 0 interrupted iterations
relay_latency   [  56% ] 17/20 VUs  2m14.7s/4m00.0s

running (2m16.0s), 17/20 VUs, 9 complete and 0 interrupted iterations
relay_latency   [  57% ] 17/20 VUs  2m15.7s/4m00.0s

running (2m17.0s), 17/20 VUs, 9 complete and 0 interrupted iterations
relay_latency   [  57% ] 17/20 VUs  2m16.7s/4m00.0s

running (2m18.0s), 17/20 VUs, 9 complete and 0 interrupted iterations
relay_latency   [  57% ] 17/20 VUs  2m17.7s/4m00.0s

running (2m19.0s), 18/20 VUs, 9 complete and 0 interrupted iterations
relay_latency   [  58% ] 18/20 VUs  2m18.7s/4m00.0s

running (2m20.0s), 18/20 VUs, 9 complete and 0 interrupted iterations
relay_latency   [  58% ] 18/20 VUs  2m19.7s/4m00.0s

running (2m21.0s), 18/20 VUs, 9 complete and 0 interrupted iterations
relay_latency   [  59% ] 18/20 VUs  2m20.7s/4m00.0s

running (2m22.0s), 18/20 VUs, 9 complete and 0 interrupted iterations
relay_latency   [  59% ] 18/20 VUs  2m21.7s/4m00.0s

running (2m23.0s), 18/20 VUs, 9 complete and 0 interrupted iterations
relay_latency   [  59% ] 18/20 VUs  2m22.7s/4m00.0s

running (2m24.0s), 18/20 VUs, 9 complete and 0 interrupted iterations
relay_latency   [  60% ] 18/20 VUs  2m23.7s/4m00.0s

running (2m25.0s), 19/20 VUs, 9 complete and 0 interrupted iterations
relay_latency   [  60% ] 19/20 VUs  2m24.7s/4m00.0s

running (2m26.0s), 19/20 VUs, 9 complete and 0 interrupted iterations
relay_latency   [  61% ] 19/20 VUs  2m25.7s/4m00.0s

running (2m27.0s), 19/20 VUs, 9 complete and 0 interrupted iterations
relay_latency   [  61% ] 19/20 VUs  2m26.7s/4m00.0s

running (2m28.0s), 19/20 VUs, 9 complete and 0 interrupted iterations
relay_latency   [  62% ] 19/20 VUs  2m27.7s/4m00.0s

running (2m29.0s), 19/20 VUs, 9 complete and 0 interrupted iterations
relay_latency   [  62% ] 19/20 VUs  2m28.7s/4m00.0s

running (2m30.0s), 19/20 VUs, 9 complete and 0 interrupted iterations
relay_latency   [  62% ] 19/20 VUs  2m29.7s/4m00.0s

running (2m31.0s), 20/20 VUs, 10 complete and 0 interrupted iterations
relay_latency   [  63% ] 20/20 VUs  2m30.7s/4m00.0s

running (2m32.0s), 20/20 VUs, 10 complete and 0 interrupted iterations
relay_latency   [  63% ] 20/20 VUs  2m31.7s/4m00.0s

running (2m33.0s), 20/20 VUs, 10 complete and 0 interrupted iterations
relay_latency   [  64% ] 20/20 VUs  2m32.7s/4m00.0s

running (2m34.0s), 20/20 VUs, 10 complete and 0 interrupted iterations
relay_latency   [  64% ] 20/20 VUs  2m33.7s/4m00.0s

running (2m35.0s), 20/20 VUs, 10 complete and 0 interrupted iterations
relay_latency   [  64% ] 20/20 VUs  2m34.7s/4m00.0s

running (2m36.0s), 20/20 VUs, 10 complete and 0 interrupted iterations
relay_latency   [  65% ] 20/20 VUs  2m35.7s/4m00.0s

running (2m37.0s), 20/20 VUs, 10 complete and 0 interrupted iterations
relay_latency   [  65% ] 20/20 VUs  2m36.7s/4m00.0s

running (2m38.0s), 20/20 VUs, 11 complete and 0 interrupted iterations
relay_latency   [  66% ] 20/20 VUs  2m37.7s/4m00.0s

running (2m39.0s), 20/20 VUs, 11 complete and 0 interrupted iterations
relay_latency   [  66% ] 20/20 VUs  2m38.7s/4m00.0s

running (2m40.0s), 20/20 VUs, 11 complete and 0 interrupted iterations
relay_latency   [  67% ] 20/20 VUs  2m39.7s/4m00.0s

running (2m41.0s), 20/20 VUs, 11 complete and 0 interrupted iterations
relay_latency   [  67% ] 20/20 VUs  2m40.7s/4m00.0s

running (2m42.0s), 20/20 VUs, 11 complete and 0 interrupted iterations
relay_latency   [  67% ] 20/20 VUs  2m41.7s/4m00.0s

running (2m43.0s), 20/20 VUs, 11 complete and 0 interrupted iterations
relay_latency   [  68% ] 20/20 VUs  2m42.7s/4m00.0s

running (2m44.0s), 20/20 VUs, 12 complete and 0 interrupted iterations
relay_latency   [  68% ] 20/20 VUs  2m43.7s/4m00.0s

running (2m45.0s), 20/20 VUs, 12 complete and 0 interrupted iterations
relay_latency   [  69% ] 20/20 VUs  2m44.7s/4m00.0s

running (2m46.0s), 20/20 VUs, 12 complete and 0 interrupted iterations
relay_latency   [  69% ] 20/20 VUs  2m45.7s/4m00.0s

running (2m47.0s), 20/20 VUs, 13 complete and 0 interrupted iterations
relay_latency   [  69% ] 20/20 VUs  2m46.7s/4m00.0s

running (2m48.0s), 20/20 VUs, 13 complete and 0 interrupted iterations
relay_latency   [  70% ] 20/20 VUs  2m47.7s/4m00.0s

running (2m49.0s), 20/20 VUs, 13 complete and 0 interrupted iterations
relay_latency   [  70% ] 20/20 VUs  2m48.7s/4m00.0s

running (2m50.0s), 20/20 VUs, 13 complete and 0 interrupted iterations
relay_latency   [  71% ] 20/20 VUs  2m49.7s/4m00.0s

running (2m51.0s), 20/20 VUs, 13 complete and 0 interrupted iterations
relay_latency   [  71% ] 20/20 VUs  2m50.7s/4m00.0s

running (2m52.0s), 20/20 VUs, 13 complete and 0 interrupted iterations
relay_latency   [  72% ] 20/20 VUs  2m51.7s/4m00.0s

running (2m53.0s), 20/20 VUs, 13 complete and 0 interrupted iterations
relay_latency   [  72% ] 20/20 VUs  2m52.7s/4m00.0s

running (2m54.0s), 20/20 VUs, 13 complete and 0 interrupted iterations
relay_latency   [  72% ] 20/20 VUs  2m53.7s/4m00.0s

running (2m55.0s), 20/20 VUs, 13 complete and 0 interrupted iterations
relay_latency   [  73% ] 20/20 VUs  2m54.7s/4m00.0s

running (2m56.0s), 20/20 VUs, 13 complete and 0 interrupted iterations
relay_latency   [  73% ] 20/20 VUs  2m55.7s/4m00.0s

running (2m57.0s), 20/20 VUs, 13 complete and 0 interrupted iterations
relay_latency   [  74% ] 20/20 VUs  2m56.7s/4m00.0s

running (2m58.0s), 20/20 VUs, 13 complete and 0 interrupted iterations
relay_latency   [  74% ] 20/20 VUs  2m57.7s/4m00.0s

running (2m59.0s), 20/20 VUs, 13 complete and 0 interrupted iterations
relay_latency   [  74% ] 20/20 VUs  2m58.7s/4m00.0s

running (3m00.0s), 20/20 VUs, 14 complete and 0 interrupted iterations
relay_latency   [  75% ] 20/20 VUs  2m59.7s/4m00.0s

running (3m01.0s), 20/20 VUs, 14 complete and 0 interrupted iterations
relay_latency   [  75% ] 20/20 VUs  3m00.7s/4m00.0s

running (3m02.0s), 20/20 VUs, 14 complete and 0 interrupted iterations
relay_latency   [  76% ] 20/20 VUs  3m01.7s/4m00.0s

running (3m03.0s), 20/20 VUs, 15 complete and 0 interrupted iterations
relay_latency   [  76% ] 20/20 VUs  3m02.7s/4m00.0s

running (3m04.0s), 20/20 VUs, 15 complete and 0 interrupted iterations
relay_latency   [  77% ] 20/20 VUs  3m03.7s/4m00.0s

running (3m05.0s), 20/20 VUs, 15 complete and 0 interrupted iterations
relay_latency   [  77% ] 20/20 VUs  3m04.7s/4m00.0s

running (3m06.0s), 20/20 VUs, 15 complete and 0 interrupted iterations
relay_latency   [  77% ] 20/20 VUs  3m05.7s/4m00.0s

running (3m07.0s), 19/20 VUs, 15 complete and 1 interrupted iterations
relay_latency   [  78% ] 19/20 VUs  3m06.7s/4m00.0s

running (3m08.0s), 19/20 VUs, 15 complete and 1 interrupted iterations
relay_latency   [  78% ] 19/20 VUs  3m07.7s/4m00.0s

running (3m09.0s), 19/20 VUs, 15 complete and 1 interrupted iterations
relay_latency   [  79% ] 19/20 VUs  3m08.7s/4m00.0s

running (3m10.0s), 19/20 VUs, 15 complete and 1 interrupted iterations
relay_latency   [  79% ] 19/20 VUs  3m09.7s/4m00.0s

running (3m11.0s), 19/20 VUs, 15 complete and 1 interrupted iterations
relay_latency   [  79% ] 19/20 VUs  3m10.7s/4m00.0s

running (3m12.0s), 19/20 VUs, 15 complete and 1 interrupted iterations
relay_latency   [  80% ] 19/20 VUs  3m11.7s/4m00.0s

running (3m13.0s), 18/20 VUs, 15 complete and 2 interrupted iterations
relay_latency   [  80% ] 18/20 VUs  3m12.7s/4m00.0s

running (3m14.0s), 18/20 VUs, 15 complete and 2 interrupted iterations
relay_latency   [  81% ] 18/20 VUs  3m13.7s/4m00.0s

running (3m15.0s), 18/20 VUs, 16 complete and 2 interrupted iterations
relay_latency   [  81% ] 18/20 VUs  3m14.7s/4m00.0s

running (3m16.0s), 18/20 VUs, 16 complete and 2 interrupted iterations
relay_latency   [  82% ] 18/20 VUs  3m15.7s/4m00.0s

running (3m17.0s), 18/20 VUs, 16 complete and 2 interrupted iterations
relay_latency   [  82% ] 18/20 VUs  3m16.7s/4m00.0s

running (3m18.0s), 18/20 VUs, 16 complete and 2 interrupted iterations
relay_latency   [  82% ] 18/20 VUs  3m17.7s/4m00.0s

running (3m19.0s), 17/20 VUs, 16 complete and 3 interrupted iterations
relay_latency   [  83% ] 17/20 VUs  3m18.7s/4m00.0s

running (3m20.0s), 17/20 VUs, 16 complete and 3 interrupted iterations
relay_latency   [  83% ] 17/20 VUs  3m19.7s/4m00.0s

running (3m21.0s), 17/20 VUs, 16 complete and 3 interrupted iterations
relay_latency   [  84% ] 17/20 VUs  3m20.7s/4m00.0s
time="2026-06-12T13:34:03Z" level=warning msg="Request Failed" error="Post \"http://localhost:30001/api/collab/e90cd6a5-2615-4fb2-80a6-c80062a8e3ef/state\": request timeout"

running (3m22.0s), 17/20 VUs, 16 complete and 3 interrupted iterations
relay_latency   [  84% ] 17/20 VUs  3m21.7s/4m00.0s

running (3m23.0s), 17/20 VUs, 17 complete and 3 interrupted iterations
relay_latency   [  84% ] 17/20 VUs  3m22.7s/4m00.0s

running (3m24.0s), 17/20 VUs, 17 complete and 3 interrupted iterations
relay_latency   [  85% ] 17/20 VUs  3m23.7s/4m00.0s

running (3m25.0s), 16/20 VUs, 17 complete and 4 interrupted iterations
relay_latency   [  85% ] 16/20 VUs  3m24.7s/4m00.0s

running (3m26.0s), 16/20 VUs, 17 complete and 4 interrupted iterations
relay_latency   [  86% ] 16/20 VUs  3m25.7s/4m00.0s

running (3m27.0s), 16/20 VUs, 17 complete and 4 interrupted iterations
relay_latency   [  86% ] 16/20 VUs  3m26.7s/4m00.0s

running (3m28.0s), 16/20 VUs, 17 complete and 4 interrupted iterations
relay_latency   [  87% ] 16/20 VUs  3m27.7s/4m00.0s

running (3m29.0s), 16/20 VUs, 17 complete and 4 interrupted iterations
relay_latency   [  87% ] 16/20 VUs  3m28.7s/4m00.0s

running (3m30.0s), 16/20 VUs, 17 complete and 4 interrupted iterations
relay_latency   [  87% ] 16/20 VUs  3m29.7s/4m00.0s

running (3m31.0s), 15/20 VUs, 17 complete and 5 interrupted iterations
relay_latency   [  88% ] 15/20 VUs  3m30.7s/4m00.0s

running (3m32.0s), 15/20 VUs, 17 complete and 5 interrupted iterations
relay_latency   [  88% ] 15/20 VUs  3m31.7s/4m00.0s

running (3m33.0s), 15/20 VUs, 17 complete and 5 interrupted iterations
relay_latency   [  89% ] 15/20 VUs  3m32.7s/4m00.0s

running (3m34.0s), 15/20 VUs, 17 complete and 5 interrupted iterations
relay_latency   [  89% ] 15/20 VUs  3m33.7s/4m00.0s

running (3m35.0s), 15/20 VUs, 17 complete and 5 interrupted iterations
relay_latency   [  89% ] 15/20 VUs  3m34.7s/4m00.0s

running (3m36.0s), 15/20 VUs, 17 complete and 5 interrupted iterations
relay_latency   [  90% ] 15/20 VUs  3m35.7s/4m00.0s

running (3m37.0s), 14/20 VUs, 17 complete and 6 interrupted iterations
relay_latency   [  90% ] 14/20 VUs  3m36.7s/4m00.0s

running (3m38.0s), 14/20 VUs, 17 complete and 6 interrupted iterations
relay_latency   [  91% ] 14/20 VUs  3m37.7s/4m00.0s

running (3m39.0s), 14/20 VUs, 17 complete and 6 interrupted iterations
relay_latency   [  91% ] 14/20 VUs  3m38.7s/4m00.0s

running (3m40.0s), 14/20 VUs, 17 complete and 6 interrupted iterations
relay_latency   [  92% ] 14/20 VUs  3m39.7s/4m00.0s

running (3m41.0s), 14/20 VUs, 17 complete and 6 interrupted iterations
relay_latency   [  92% ] 14/20 VUs  3m40.7s/4m00.0s

running (3m42.0s), 13/20 VUs, 18 complete and 6 interrupted iterations
relay_latency   [  92% ] 13/20 VUs  3m41.7s/4m00.0s

running (3m43.0s), 12/20 VUs, 18 complete and 7 interrupted iterations
relay_latency   [  93% ] 12/20 VUs  3m42.7s/4m00.0s

running (3m44.0s), 12/20 VUs, 19 complete and 7 interrupted iterations
relay_latency   [  93% ] 12/20 VUs  3m43.7s/4m00.0s

running (3m45.0s), 12/20 VUs, 19 complete and 7 interrupted iterations
relay_latency   [  94% ] 12/20 VUs  3m44.7s/4m00.0s

running (3m46.0s), 12/20 VUs, 19 complete and 7 interrupted iterations
relay_latency   [  94% ] 12/20 VUs  3m45.7s/4m00.0s

running (3m47.0s), 12/20 VUs, 20 complete and 7 interrupted iterations
relay_latency   [  94% ] 12/20 VUs  3m46.7s/4m00.0s

running (3m48.0s), 12/20 VUs, 20 complete and 7 interrupted iterations
relay_latency   [  95% ] 12/20 VUs  3m47.7s/4m00.0s

running (3m49.0s), 12/20 VUs, 20 complete and 7 interrupted iterations
relay_latency   [  95% ] 12/20 VUs  3m48.7s/4m00.0s

running (3m50.0s), 12/20 VUs, 20 complete and 7 interrupted iterations
relay_latency   [  96% ] 12/20 VUs  3m49.7s/4m00.0s

running (3m51.0s), 12/20 VUs, 20 complete and 7 interrupted iterations
relay_latency   [  96% ] 12/20 VUs  3m50.7s/4m00.0s

running (3m52.0s), 12/20 VUs, 20 complete and 7 interrupted iterations
relay_latency   [  97% ] 12/20 VUs  3m51.7s/4m00.0s

running (3m53.0s), 12/20 VUs, 20 complete and 7 interrupted iterations
relay_latency   [  97% ] 12/20 VUs  3m52.7s/4m00.0s

running (3m54.0s), 12/20 VUs, 20 complete and 7 interrupted iterations
relay_latency   [  97% ] 12/20 VUs  3m53.7s/4m00.0s

running (3m55.0s), 11/20 VUs, 20 complete and 8 interrupted iterations
relay_latency   [  98% ] 11/20 VUs  3m54.7s/4m00.0s

running (3m56.0s), 11/20 VUs, 20 complete and 8 interrupted iterations
relay_latency   [  98% ] 11/20 VUs  3m55.7s/4m00.0s

running (3m57.0s), 11/20 VUs, 20 complete and 8 interrupted iterations
relay_latency   [  99% ] 11/20 VUs  3m56.7s/4m00.0s

running (3m58.0s), 11/20 VUs, 20 complete and 8 interrupted iterations
relay_latency   [  99% ] 11/20 VUs  3m57.7s/4m00.0s

running (3m59.0s), 11/20 VUs, 20 complete and 8 interrupted iterations
relay_latency   [  99% ] 11/20 VUs  3m58.7s/4m00.0s

running (4m00.0s), 11/20 VUs, 20 complete and 8 interrupted iterations
relay_latency   [ 100% ] 11/20 VUs  3m59.7s/4m00.0s

running (4m01.0s), 10/20 VUs, 20 complete and 9 interrupted iterations
relay_latency ↓ [ 100% ] 11/20 VUs  4m0s

running (4m02.0s), 10/20 VUs, 20 complete and 9 interrupted iterations
relay_latency ↓ [ 100% ] 11/20 VUs  4m0s

running (4m03.0s), 10/20 VUs, 20 complete and 9 interrupted iterations
relay_latency ↓ [ 100% ] 11/20 VUs  4m0s

running (4m04.0s), 09/20 VUs, 20 complete and 10 interrupted iterations
relay_latency ↓ [ 100% ] 11/20 VUs  4m0s

running (4m05.0s), 09/20 VUs, 20 complete and 10 interrupted iterations
relay_latency ↓ [ 100% ] 11/20 VUs  4m0s

running (4m06.0s), 09/20 VUs, 20 complete and 10 interrupted iterations
relay_latency ↓ [ 100% ] 11/20 VUs  4m0s

running (4m07.0s), 08/20 VUs, 20 complete and 11 interrupted iterations
relay_latency ↓ [ 100% ] 11/20 VUs  4m0s

running (4m08.0s), 08/20 VUs, 20 complete and 11 interrupted iterations
relay_latency ↓ [ 100% ] 11/20 VUs  4m0s

running (4m09.0s), 08/20 VUs, 20 complete and 11 interrupted iterations
relay_latency ↓ [ 100% ] 11/20 VUs  4m0s

running (4m10.0s), 08/20 VUs, 20 complete and 11 interrupted iterations
relay_latency ↓ [ 100% ] 11/20 VUs  4m0s

running (4m11.0s), 07/20 VUs, 20 complete and 12 interrupted iterations
relay_latency ↓ [ 100% ] 11/20 VUs  4m0s

running (4m12.0s), 07/20 VUs, 20 complete and 12 interrupted iterations
relay_latency ↓ [ 100% ] 11/20 VUs  4m0s

running (4m13.0s), 07/20 VUs, 20 complete and 12 interrupted iterations
relay_latency ↓ [ 100% ] 11/20 VUs  4m0s

running (4m14.0s), 06/20 VUs, 20 complete and 13 interrupted iterations
relay_latency ↓ [ 100% ] 11/20 VUs  4m0s
time="2026-06-12T13:34:56Z" level=warning msg="Request Failed" error="Post \"http://localhost:30001/api/collab/2a46a433-7a77-4a9d-94b5-234fc8920764/state\": request timeout"

running (4m15.0s), 06/20 VUs, 20 complete and 13 interrupted iterations
relay_latency ↓ [ 100% ] 11/20 VUs  4m0s

running (4m16.0s), 05/20 VUs, 21 complete and 13 interrupted iterations
relay_latency ↓ [ 100% ] 11/20 VUs  4m0s

running (4m17.0s), 04/20 VUs, 21 complete and 14 interrupted iterations
relay_latency ↓ [ 100% ] 11/20 VUs  4m0s

running (4m18.0s), 04/20 VUs, 21 complete and 14 interrupted iterations
relay_latency ↓ [ 100% ] 11/20 VUs  4m0s

running (4m19.0s), 04/20 VUs, 21 complete and 14 interrupted iterations
relay_latency ↓ [ 100% ] 11/20 VUs  4m0s

running (4m20.0s), 04/20 VUs, 21 complete and 14 interrupted iterations
relay_latency ↓ [ 100% ] 11/20 VUs  4m0s

running (4m21.0s), 04/20 VUs, 21 complete and 14 interrupted iterations
relay_latency ↓ [ 100% ] 11/20 VUs  4m0s

running (4m22.0s), 04/20 VUs, 21 complete and 14 interrupted iterations
relay_latency ↓ [ 100% ] 11/20 VUs  4m0s

running (4m23.0s), 04/20 VUs, 21 complete and 14 interrupted iterations
relay_latency ↓ [ 100% ] 11/20 VUs  4m0s

running (4m24.0s), 03/20 VUs, 21 complete and 15 interrupted iterations
relay_latency ↓ [ 100% ] 11/20 VUs  4m0s

running (4m25.0s), 03/20 VUs, 21 complete and 15 interrupted iterations
relay_latency ↓ [ 100% ] 11/20 VUs  4m0s

running (4m26.0s), 03/20 VUs, 21 complete and 15 interrupted iterations
relay_latency ↓ [ 100% ] 11/20 VUs  4m0s

running (4m27.0s), 02/20 VUs, 21 complete and 16 interrupted iterations
relay_latency ↓ [ 100% ] 11/20 VUs  4m0s

running (4m28.0s), 02/20 VUs, 21 complete and 16 interrupted iterations
relay_latency ↓ [ 100% ] 11/20 VUs  4m0s

running (4m29.0s), 02/20 VUs, 21 complete and 16 interrupted iterations
relay_latency ↓ [ 100% ] 11/20 VUs  4m0s

running (4m30.0s), 02/20 VUs, 21 complete and 16 interrupted iterations
relay_latency ↓ [ 100% ] 11/20 VUs  4m0s

     █ relay_Calculator

       ✓ Calculator relay ok

     █ relay_Analytics

       ✓ Analytics relay ok

     █ relay_Advanced

       ✓ Advanced relay ok

     █ relay_DataExchange

       ✓ DataExchange relay ok

     █ relay_MonteCarlo

       ✓ MonteCarlo relay ok

     █ relay_Geospatial

       ✓ Geospatial relay ok

     █ relay_ClimateAnomaly

       ✓ ClimateAnomaly relay ok

     █ relay_MLTrainer

       ✓ MLTrainer relay ok

     checks..........................: 100.00% 257 out of 257
     data_received...................: 906 kB  3.4 kB/s
     data_sent.......................: 332 kB  1.2 kB/s
     group_duration..................: avg=9.41s    min=19.18ms med=4.69s    max=1m6s     p(90)=18.79s   p(95)=46.45s  
     http_req_blocked................: avg=17.86µs  min=1.92µs  med=5.36µs   max=766.88µs p(90)=9.16µs   p(95)=16.99µs 
     http_req_connecting.............: avg=9.14µs   min=0s      med=0s       max=532.49µs p(90)=0s       p(95)=0s      
     http_req_duration...............: avg=3.22s    min=1.87ms  med=572.16ms max=1m0s     p(90)=9.28s    p(95)=12.95s  
       { expected_response:true }....: avg=2.81s    min=1.87ms  med=566.55ms max=59.48s   p(90)=9s       p(95)=12.26s  
   ✓ http_req_failed.................: 0.71%   6 out of 840
     http_req_receiving..............: avg=109.82µs min=0s      med=92.76µs  max=1.25ms   p(90)=172.84µs p(95)=211.65µs
     http_req_sending................: avg=32.6µs   min=7.69µs  med=28.06µs  max=389.42µs p(90)=48.45µs  p(95)=76.86µs 
     http_req_tls_handshaking........: avg=0s       min=0s      med=0s       max=0s       p(90)=0s       p(95)=0s      
     http_req_waiting................: avg=3.22s    min=1.81ms  med=572.07ms max=1m0s     p(90)=9.28s    p(95)=12.95s  
     http_reqs.......................: 840     3.108237/s
     iteration_duration..............: avg=1m22s    min=35.88s  med=1m25s    max=2m11s    p(90)=1m53s    p(95)=2m1s    
     iterations......................: 21      0.077706/s
     relay_failure...................: 6       0.022202/s
     relay_poll_ms...................: avg=1.46s    min=2ms     med=249ms    max=12.26s   p(90)=5.7s     p(95)=8.55s   
     relay_post_ms...................: avg=5.41s    min=8ms     med=562ms    max=1m0s     p(90)=12.96s   p(95)=42.23s  
     relay_success...................: 257     0.950972/s
     relay_total_ms..................: avg=5.48s    min=13ms    med=1.05s    max=1m0s     p(90)=13.58s   p(95)=18.65s  
     ✗ { app_name:Advanced }.........: avg=5.15s    min=13ms    med=3.07s    max=23.34s   p(90)=12.37s   p(95)=13.47s  
     ✗ { app_name:Analytics }........: avg=3.31s    min=19ms    med=598ms    max=24.01s   p(90)=12.63s   p(95)=15.68s  
     ✗ { app_name:Calculator }.......: avg=2.79s    min=13ms    med=444ms    max=23.29s   p(90)=10.6s    p(95)=13.68s  
     ✗ { app_name:ClimateAnomaly }...: avg=3.61s    min=21ms    med=1.08s    max=13.14s   p(90)=12.05s   p(95)=13.03s  
     ✗ { app_name:DataExchange }.....: avg=4.35s    min=42ms    med=1.39s    max=23.5s    p(90)=13.35s   p(95)=14.12s  
     ✗ { app_name:Geospatial }.......: avg=3.77s    min=16ms    med=969.5ms  max=13.57s   p(90)=12.2s    p(95)=12.7s   
     ✓ { app_name:MLTrainer }........: avg=34.91s   min=12.82s  med=47.86s   max=1m0s     p(90)=53.89s   p(95)=56.67s  
     ✗ { app_name:MonteCarlo }.......: avg=2.55s    min=27ms    med=1.25s    max=9.54s    p(90)=7s       p(95)=8.01s   
     vus.............................: 2       min=1          max=20
     vus_max.........................: 20      min=20         max=20


running (4m30.2s), 00/20 VUs, 21 complete and 18 interrupted iterations
relay_latency ✓ [ 100% ] 02/20 VUs  4m0s
time="2026-06-12T13:35:11Z" level=error msg="thresholds on metrics 'relay_total_ms{app_name:Advanced}, relay_total_ms{app_name:Analytics}, relay_total_ms{app_name:Calculator}, relay_total_ms{app_name:ClimateAnomaly}, relay_total_ms{app_name:DataExchange}, relay_total_ms{app_name:Geospatial}, relay_total_ms{app_name:MonteCarlo}' have been crossed"
_total_ms{app_name:Advanced}, relay_total_ms{app_name:Analytics}, relay_total_ms{app_name:Calculator}, relay_total_ms{app_name:ClimateAnomaly}, relay_total_ms{app_name:DataExchange}, relay_total_ms{app_name:Geospatial}, relay_total_ms{app_name:MonteCarlo}' have been crossed"
