
         /\      Grafana   /‾‾/  
    /\  /  \     |\  __   /  /   
   /  \/    \    | |/ /  /   ‾‾\ 
  /          \   |   (  |  (‾)  |
 / __________ \  |_|\_\  \_____/ 

     execution: local
        script: ./k6/07-session-lifecycle.js
        output: -

     scenarios: (100.00%) 1 scenario, 50 max VUs, 4m30s max duration (incl. graceful stop):
              * lifecycle: Up to 50 looping VUs for 4m0s over 5 stages (gracefulRampDown: 30s, gracefulStop: 30s)

time="2026-06-12T14:12:37Z" level=warning msg="Error from API server" error="listen tcp 127.0.0.1:6565: bind: address already in use"

Run         [ 100% ] setup()
lifecycle   [   0% ]

Run         [ 100% ] setup()
lifecycle   [   0% ]

Run         [ 100% ] setup()
lifecycle   [   0% ]

Run         [ 100% ] setup()
lifecycle   [   0% ]

Run         [ 100% ] setup()
lifecycle   [   0% ]

Run         [ 100% ] setup()
lifecycle   [   0% ]

Run         [ 100% ] setup()
lifecycle   [   0% ]

Run         [ 100% ] setup()
lifecycle   [   0% ]

Run         [ 100% ] setup()
lifecycle   [   0% ]

Run         [ 100% ] setup()
lifecycle   [   0% ]

Run         [ 100% ] setup()
lifecycle   [   0% ]

Run         [ 100% ] setup()
lifecycle   [   0% ]

running (0m13.0s), 01/50 VUs, 0 complete and 0 interrupted iterations
lifecycle   [   0% ] 01/50 VUs  0m00.6s/4m00.0s

running (0m14.0s), 01/50 VUs, 0 complete and 0 interrupted iterations
lifecycle   [   1% ] 01/50 VUs  0m01.6s/4m00.0s

running (0m15.0s), 01/50 VUs, 0 complete and 0 interrupted iterations
lifecycle   [   1% ] 01/50 VUs  0m02.6s/4m00.0s

running (0m16.0s), 02/50 VUs, 0 complete and 0 interrupted iterations
lifecycle   [   1% ] 02/50 VUs  0m03.6s/4m00.0s

running (0m17.0s), 02/50 VUs, 0 complete and 0 interrupted iterations
lifecycle   [   2% ] 02/50 VUs  0m04.6s/4m00.0s

running (0m18.0s), 02/50 VUs, 0 complete and 0 interrupted iterations
lifecycle   [   2% ] 02/50 VUs  0m05.6s/4m00.0s

running (0m19.0s), 02/50 VUs, 0 complete and 0 interrupted iterations
lifecycle   [   3% ] 02/50 VUs  0m06.6s/4m00.0s

running (0m20.0s), 03/50 VUs, 0 complete and 0 interrupted iterations
lifecycle   [   3% ] 03/50 VUs  0m07.6s/4m00.0s

running (0m21.0s), 03/50 VUs, 0 complete and 0 interrupted iterations
lifecycle   [   4% ] 03/50 VUs  0m08.6s/4m00.0s

running (0m22.0s), 03/50 VUs, 0 complete and 0 interrupted iterations
lifecycle   [   4% ] 03/50 VUs  0m09.6s/4m00.0s

running (0m23.0s), 04/50 VUs, 0 complete and 0 interrupted iterations
lifecycle   [   4% ] 04/50 VUs  0m10.6s/4m00.0s

running (0m24.0s), 04/50 VUs, 0 complete and 0 interrupted iterations
lifecycle   [   5% ] 04/50 VUs  0m11.6s/4m00.0s

running (0m25.0s), 04/50 VUs, 0 complete and 0 interrupted iterations
lifecycle   [   5% ] 04/50 VUs  0m12.6s/4m00.0s

running (0m26.0s), 05/50 VUs, 0 complete and 0 interrupted iterations
lifecycle   [   6% ] 05/50 VUs  0m13.6s/4m00.0s

running (0m27.0s), 05/50 VUs, 0 complete and 0 interrupted iterations
lifecycle   [   6% ] 05/50 VUs  0m14.6s/4m00.0s

running (0m28.0s), 05/50 VUs, 0 complete and 0 interrupted iterations
lifecycle   [   6% ] 05/50 VUs  0m15.6s/4m00.0s

running (0m29.0s), 05/50 VUs, 0 complete and 0 interrupted iterations
lifecycle   [   7% ] 05/50 VUs  0m16.6s/4m00.0s

running (0m30.0s), 06/50 VUs, 0 complete and 0 interrupted iterations
lifecycle   [   7% ] 06/50 VUs  0m17.6s/4m00.0s

running (0m31.0s), 06/50 VUs, 0 complete and 0 interrupted iterations
lifecycle   [   8% ] 06/50 VUs  0m18.6s/4m00.0s

running (0m32.0s), 06/50 VUs, 0 complete and 0 interrupted iterations
lifecycle   [   8% ] 06/50 VUs  0m19.6s/4m00.0s

running (0m33.0s), 07/50 VUs, 0 complete and 0 interrupted iterations
lifecycle   [   9% ] 07/50 VUs  0m20.6s/4m00.0s

running (0m34.0s), 07/50 VUs, 0 complete and 0 interrupted iterations
lifecycle   [   9% ] 07/50 VUs  0m21.6s/4m00.0s

running (0m35.0s), 07/50 VUs, 0 complete and 0 interrupted iterations
lifecycle   [   9% ] 07/50 VUs  0m22.6s/4m00.0s

running (0m36.0s), 08/50 VUs, 0 complete and 0 interrupted iterations
lifecycle   [  10% ] 08/50 VUs  0m23.6s/4m00.0s

running (0m37.0s), 08/50 VUs, 0 complete and 0 interrupted iterations
lifecycle   [  10% ] 08/50 VUs  0m24.6s/4m00.0s

running (0m38.0s), 08/50 VUs, 0 complete and 0 interrupted iterations
lifecycle   [  11% ] 08/50 VUs  0m25.6s/4m00.0s

running (0m39.0s), 08/50 VUs, 0 complete and 0 interrupted iterations
lifecycle   [  11% ] 08/50 VUs  0m26.6s/4m00.0s

running (0m40.0s), 09/50 VUs, 0 complete and 0 interrupted iterations
lifecycle   [  11% ] 09/50 VUs  0m27.6s/4m00.0s

running (0m41.0s), 09/50 VUs, 0 complete and 0 interrupted iterations
lifecycle   [  12% ] 09/50 VUs  0m28.6s/4m00.0s

running (0m42.0s), 09/50 VUs, 0 complete and 0 interrupted iterations
lifecycle   [  12% ] 09/50 VUs  0m29.6s/4m00.0s

running (0m43.0s), 10/50 VUs, 0 complete and 0 interrupted iterations
lifecycle   [  13% ] 10/50 VUs  0m30.6s/4m00.0s

running (0m44.0s), 10/50 VUs, 0 complete and 0 interrupted iterations
lifecycle   [  13% ] 10/50 VUs  0m31.6s/4m00.0s

running (0m45.0s), 10/50 VUs, 0 complete and 0 interrupted iterations
lifecycle   [  14% ] 10/50 VUs  0m32.6s/4m00.0s

running (0m46.0s), 11/50 VUs, 0 complete and 0 interrupted iterations
lifecycle   [  14% ] 11/50 VUs  0m33.6s/4m00.0s

running (0m47.0s), 11/50 VUs, 0 complete and 0 interrupted iterations
lifecycle   [  14% ] 11/50 VUs  0m34.6s/4m00.0s

running (0m48.0s), 11/50 VUs, 0 complete and 0 interrupted iterations
lifecycle   [  15% ] 11/50 VUs  0m35.6s/4m00.0s

running (0m49.0s), 12/50 VUs, 0 complete and 0 interrupted iterations
lifecycle   [  15% ] 12/50 VUs  0m36.6s/4m00.0s

running (0m50.0s), 12/50 VUs, 0 complete and 0 interrupted iterations
lifecycle   [  16% ] 12/50 VUs  0m37.6s/4m00.0s

running (0m51.0s), 12/50 VUs, 0 complete and 0 interrupted iterations
lifecycle   [  16% ] 12/50 VUs  0m38.6s/4m00.0s

running (0m52.0s), 13/50 VUs, 0 complete and 0 interrupted iterations
lifecycle   [  16% ] 13/50 VUs  0m39.6s/4m00.0s

running (0m53.0s), 13/50 VUs, 0 complete and 0 interrupted iterations
lifecycle   [  17% ] 13/50 VUs  0m40.6s/4m00.0s

running (0m54.0s), 13/50 VUs, 0 complete and 0 interrupted iterations
lifecycle   [  17% ] 13/50 VUs  0m41.6s/4m00.0s

running (0m55.0s), 14/50 VUs, 0 complete and 0 interrupted iterations
lifecycle   [  18% ] 14/50 VUs  0m42.6s/4m00.0s

running (0m56.0s), 14/50 VUs, 0 complete and 0 interrupted iterations
lifecycle   [  18% ] 14/50 VUs  0m43.6s/4m00.0s

running (0m57.0s), 14/50 VUs, 0 complete and 0 interrupted iterations
lifecycle   [  19% ] 14/50 VUs  0m44.6s/4m00.0s

running (0m58.0s), 15/50 VUs, 0 complete and 0 interrupted iterations
lifecycle   [  19% ] 15/50 VUs  0m45.6s/4m00.0s

running (0m59.0s), 15/50 VUs, 0 complete and 0 interrupted iterations
lifecycle   [  19% ] 15/50 VUs  0m46.6s/4m00.0s

running (1m00.0s), 15/50 VUs, 0 complete and 0 interrupted iterations
lifecycle   [  20% ] 15/50 VUs  0m47.6s/4m00.0s

running (1m01.0s), 16/50 VUs, 0 complete and 0 interrupted iterations
lifecycle   [  20% ] 16/50 VUs  0m48.6s/4m00.0s

running (1m02.0s), 16/50 VUs, 0 complete and 0 interrupted iterations
lifecycle   [  21% ] 16/50 VUs  0m49.6s/4m00.0s

running (1m03.0s), 16/50 VUs, 0 complete and 0 interrupted iterations
lifecycle   [  21% ] 16/50 VUs  0m50.6s/4m00.0s

running (1m04.0s), 17/50 VUs, 0 complete and 0 interrupted iterations
lifecycle   [  21% ] 17/50 VUs  0m51.6s/4m00.0s

running (1m05.0s), 17/50 VUs, 1 complete and 0 interrupted iterations
lifecycle   [  22% ] 17/50 VUs  0m52.6s/4m00.0s

running (1m06.0s), 17/50 VUs, 1 complete and 0 interrupted iterations
lifecycle   [  22% ] 17/50 VUs  0m53.6s/4m00.0s

running (1m07.0s), 18/50 VUs, 1 complete and 0 interrupted iterations
lifecycle   [  23% ] 18/50 VUs  0m54.6s/4m00.0s

running (1m08.0s), 18/50 VUs, 1 complete and 0 interrupted iterations
lifecycle   [  23% ] 18/50 VUs  0m55.6s/4m00.0s

running (1m09.0s), 18/50 VUs, 1 complete and 0 interrupted iterations
lifecycle   [  24% ] 18/50 VUs  0m56.6s/4m00.0s

running (1m10.0s), 19/50 VUs, 1 complete and 0 interrupted iterations
lifecycle   [  24% ] 19/50 VUs  0m57.6s/4m00.0s

running (1m11.0s), 19/50 VUs, 1 complete and 0 interrupted iterations
lifecycle   [  24% ] 19/50 VUs  0m58.6s/4m00.0s

running (1m12.0s), 19/50 VUs, 2 complete and 0 interrupted iterations
lifecycle   [  25% ] 19/50 VUs  0m59.6s/4m00.0s

running (1m13.0s), 20/50 VUs, 3 complete and 0 interrupted iterations
lifecycle   [  25% ] 20/50 VUs  1m00.6s/4m00.0s

running (1m14.0s), 20/50 VUs, 3 complete and 0 interrupted iterations
lifecycle   [  26% ] 20/50 VUs  1m01.6s/4m00.0s

running (1m15.0s), 20/50 VUs, 4 complete and 0 interrupted iterations
lifecycle   [  26% ] 20/50 VUs  1m02.6s/4m00.0s

running (1m16.0s), 21/50 VUs, 4 complete and 0 interrupted iterations
lifecycle   [  26% ] 21/50 VUs  1m03.6s/4m00.0s

running (1m17.0s), 21/50 VUs, 4 complete and 0 interrupted iterations
lifecycle   [  27% ] 21/50 VUs  1m04.6s/4m00.0s

running (1m18.0s), 21/50 VUs, 6 complete and 0 interrupted iterations
lifecycle   [  27% ] 21/50 VUs  1m05.6s/4m00.0s

running (1m19.0s), 22/50 VUs, 6 complete and 0 interrupted iterations
lifecycle   [  28% ] 22/50 VUs  1m06.6s/4m00.0s

running (1m20.0s), 22/50 VUs, 6 complete and 0 interrupted iterations
lifecycle   [  28% ] 22/50 VUs  1m07.6s/4m00.0s

running (1m21.0s), 22/50 VUs, 8 complete and 0 interrupted iterations
lifecycle   [  29% ] 22/50 VUs  1m08.6s/4m00.0s

running (1m22.0s), 23/50 VUs, 8 complete and 0 interrupted iterations
lifecycle   [  29% ] 23/50 VUs  1m09.6s/4m00.0s

running (1m23.0s), 23/50 VUs, 8 complete and 0 interrupted iterations
lifecycle   [  29% ] 23/50 VUs  1m10.6s/4m00.0s

running (1m24.0s), 23/50 VUs, 9 complete and 0 interrupted iterations
lifecycle   [  30% ] 23/50 VUs  1m11.6s/4m00.0s

running (1m25.0s), 24/50 VUs, 10 complete and 0 interrupted iterations
lifecycle   [  30% ] 24/50 VUs  1m12.6s/4m00.0s

running (1m26.0s), 24/50 VUs, 10 complete and 0 interrupted iterations
lifecycle   [  31% ] 24/50 VUs  1m13.6s/4m00.0s

running (1m27.0s), 24/50 VUs, 10 complete and 0 interrupted iterations
lifecycle   [  31% ] 24/50 VUs  1m14.6s/4m00.0s

running (1m28.0s), 25/50 VUs, 11 complete and 0 interrupted iterations
lifecycle   [  31% ] 25/50 VUs  1m15.6s/4m00.0s

running (1m29.0s), 25/50 VUs, 11 complete and 0 interrupted iterations
lifecycle   [  32% ] 25/50 VUs  1m16.6s/4m00.0s

running (1m30.0s), 25/50 VUs, 11 complete and 0 interrupted iterations
lifecycle   [  32% ] 25/50 VUs  1m17.6s/4m00.0s

running (1m31.0s), 26/50 VUs, 12 complete and 0 interrupted iterations
lifecycle   [  33% ] 26/50 VUs  1m18.6s/4m00.0s

running (1m32.0s), 26/50 VUs, 16 complete and 0 interrupted iterations
lifecycle   [  33% ] 26/50 VUs  1m19.6s/4m00.0s

running (1m33.0s), 26/50 VUs, 17 complete and 0 interrupted iterations
lifecycle   [  34% ] 26/50 VUs  1m20.6s/4m00.0s

running (1m34.0s), 27/50 VUs, 17 complete and 0 interrupted iterations
lifecycle   [  34% ] 27/50 VUs  1m21.6s/4m00.0s

running (1m35.0s), 27/50 VUs, 17 complete and 0 interrupted iterations
lifecycle   [  34% ] 27/50 VUs  1m22.6s/4m00.0s

running (1m36.0s), 27/50 VUs, 17 complete and 0 interrupted iterations
lifecycle   [  35% ] 27/50 VUs  1m23.6s/4m00.0s

running (1m37.0s), 28/50 VUs, 17 complete and 0 interrupted iterations
lifecycle   [  35% ] 28/50 VUs  1m24.6s/4m00.0s

running (1m38.0s), 28/50 VUs, 17 complete and 0 interrupted iterations
lifecycle   [  36% ] 28/50 VUs  1m25.6s/4m00.0s

running (1m39.0s), 28/50 VUs, 17 complete and 0 interrupted iterations
lifecycle   [  36% ] 28/50 VUs  1m26.6s/4m00.0s

running (1m40.0s), 29/50 VUs, 17 complete and 0 interrupted iterations
lifecycle   [  36% ] 29/50 VUs  1m27.6s/4m00.0s

running (1m41.0s), 29/50 VUs, 17 complete and 0 interrupted iterations
lifecycle   [  37% ] 29/50 VUs  1m28.6s/4m00.0s

running (1m42.0s), 29/50 VUs, 17 complete and 0 interrupted iterations
lifecycle   [  37% ] 29/50 VUs  1m29.6s/4m00.0s

running (1m43.0s), 30/50 VUs, 17 complete and 0 interrupted iterations
lifecycle   [  38% ] 30/50 VUs  1m30.6s/4m00.0s

running (1m44.0s), 30/50 VUs, 17 complete and 0 interrupted iterations
lifecycle   [  38% ] 30/50 VUs  1m31.6s/4m00.0s

running (1m45.0s), 30/50 VUs, 18 complete and 0 interrupted iterations
lifecycle   [  39% ] 30/50 VUs  1m32.6s/4m00.0s

running (1m46.0s), 31/50 VUs, 18 complete and 0 interrupted iterations
lifecycle   [  39% ] 31/50 VUs  1m33.6s/4m00.0s

running (1m47.0s), 31/50 VUs, 18 complete and 0 interrupted iterations
lifecycle   [  39% ] 31/50 VUs  1m34.6s/4m00.0s

running (1m48.0s), 31/50 VUs, 18 complete and 0 interrupted iterations
lifecycle   [  40% ] 31/50 VUs  1m35.6s/4m00.0s

running (1m49.0s), 32/50 VUs, 18 complete and 0 interrupted iterations
lifecycle   [  40% ] 32/50 VUs  1m36.6s/4m00.0s

running (1m50.0s), 32/50 VUs, 18 complete and 0 interrupted iterations
lifecycle   [  41% ] 32/50 VUs  1m37.6s/4m00.0s

running (1m51.0s), 32/50 VUs, 19 complete and 0 interrupted iterations
lifecycle   [  41% ] 32/50 VUs  1m38.6s/4m00.0s

running (1m52.0s), 33/50 VUs, 19 complete and 0 interrupted iterations
lifecycle   [  41% ] 33/50 VUs  1m39.6s/4m00.0s

running (1m53.0s), 33/50 VUs, 19 complete and 0 interrupted iterations
lifecycle   [  42% ] 33/50 VUs  1m40.6s/4m00.0s

running (1m54.0s), 33/50 VUs, 20 complete and 0 interrupted iterations
lifecycle   [  42% ] 33/50 VUs  1m41.6s/4m00.0s

running (1m55.0s), 34/50 VUs, 21 complete and 0 interrupted iterations
lifecycle   [  43% ] 34/50 VUs  1m42.6s/4m00.0s

running (1m56.0s), 34/50 VUs, 23 complete and 0 interrupted iterations
lifecycle   [  43% ] 34/50 VUs  1m43.6s/4m00.0s

running (1m57.0s), 34/50 VUs, 24 complete and 0 interrupted iterations
lifecycle   [  44% ] 34/50 VUs  1m44.6s/4m00.0s

running (1m58.0s), 35/50 VUs, 24 complete and 0 interrupted iterations
lifecycle   [  44% ] 35/50 VUs  1m45.6s/4m00.0s

running (1m59.0s), 35/50 VUs, 25 complete and 0 interrupted iterations
lifecycle   [  44% ] 35/50 VUs  1m46.6s/4m00.0s

running (2m00.0s), 35/50 VUs, 25 complete and 0 interrupted iterations
lifecycle   [  45% ] 35/50 VUs  1m47.6s/4m00.0s

running (2m01.0s), 36/50 VUs, 25 complete and 0 interrupted iterations
lifecycle   [  45% ] 36/50 VUs  1m48.6s/4m00.0s

running (2m02.0s), 36/50 VUs, 26 complete and 0 interrupted iterations
lifecycle   [  46% ] 36/50 VUs  1m49.6s/4m00.0s

running (2m03.0s), 36/50 VUs, 27 complete and 0 interrupted iterations
lifecycle   [  46% ] 36/50 VUs  1m50.6s/4m00.0s

running (2m04.0s), 37/50 VUs, 27 complete and 0 interrupted iterations
lifecycle   [  46% ] 37/50 VUs  1m51.6s/4m00.0s

running (2m05.0s), 37/50 VUs, 27 complete and 0 interrupted iterations
lifecycle   [  47% ] 37/50 VUs  1m52.6s/4m00.0s

running (2m06.0s), 37/50 VUs, 28 complete and 0 interrupted iterations
lifecycle   [  47% ] 37/50 VUs  1m53.6s/4m00.0s

running (2m07.0s), 38/50 VUs, 28 complete and 0 interrupted iterations
lifecycle   [  48% ] 38/50 VUs  1m54.6s/4m00.0s

running (2m08.0s), 38/50 VUs, 29 complete and 0 interrupted iterations
lifecycle   [  48% ] 38/50 VUs  1m55.6s/4m00.0s

running (2m09.0s), 38/50 VUs, 29 complete and 0 interrupted iterations
lifecycle   [  49% ] 38/50 VUs  1m56.6s/4m00.0s

running (2m10.0s), 39/50 VUs, 29 complete and 0 interrupted iterations
lifecycle   [  49% ] 39/50 VUs  1m57.6s/4m00.0s

running (2m11.0s), 39/50 VUs, 30 complete and 0 interrupted iterations
lifecycle   [  49% ] 39/50 VUs  1m58.6s/4m00.0s

running (2m12.0s), 39/50 VUs, 30 complete and 0 interrupted iterations
lifecycle   [  50% ] 39/50 VUs  1m59.6s/4m00.0s

running (2m13.0s), 40/50 VUs, 30 complete and 0 interrupted iterations
lifecycle   [  50% ] 40/50 VUs  2m00.6s/4m00.0s

running (2m14.0s), 40/50 VUs, 32 complete and 0 interrupted iterations
lifecycle   [  51% ] 40/50 VUs  2m01.6s/4m00.0s

running (2m15.0s), 40/50 VUs, 32 complete and 0 interrupted iterations
lifecycle   [  51% ] 40/50 VUs  2m02.6s/4m00.0s

running (2m16.0s), 41/50 VUs, 32 complete and 0 interrupted iterations
lifecycle   [  51% ] 41/50 VUs  2m03.6s/4m00.0s

running (2m17.0s), 41/50 VUs, 32 complete and 0 interrupted iterations
lifecycle   [  52% ] 41/50 VUs  2m04.6s/4m00.0s

running (2m18.0s), 41/50 VUs, 32 complete and 0 interrupted iterations
lifecycle   [  52% ] 41/50 VUs  2m05.6s/4m00.0s

running (2m19.0s), 42/50 VUs, 34 complete and 0 interrupted iterations
lifecycle   [  53% ] 42/50 VUs  2m06.6s/4m00.0s

running (2m20.0s), 42/50 VUs, 34 complete and 0 interrupted iterations
lifecycle   [  53% ] 42/50 VUs  2m07.6s/4m00.0s

running (2m21.0s), 42/50 VUs, 35 complete and 0 interrupted iterations
lifecycle   [  54% ] 42/50 VUs  2m08.6s/4m00.0s

running (2m22.0s), 43/50 VUs, 36 complete and 0 interrupted iterations
lifecycle   [  54% ] 43/50 VUs  2m09.6s/4m00.0s

running (2m23.0s), 43/50 VUs, 37 complete and 0 interrupted iterations
lifecycle   [  54% ] 43/50 VUs  2m10.6s/4m00.0s

running (2m24.0s), 43/50 VUs, 38 complete and 0 interrupted iterations
lifecycle   [  55% ] 43/50 VUs  2m11.6s/4m00.0s

running (2m25.0s), 44/50 VUs, 38 complete and 0 interrupted iterations
lifecycle   [  55% ] 44/50 VUs  2m12.6s/4m00.0s

running (2m26.0s), 44/50 VUs, 38 complete and 0 interrupted iterations
lifecycle   [  56% ] 44/50 VUs  2m13.6s/4m00.0s

running (2m27.0s), 44/50 VUs, 38 complete and 0 interrupted iterations
lifecycle   [  56% ] 44/50 VUs  2m14.6s/4m00.0s

running (2m28.0s), 45/50 VUs, 38 complete and 0 interrupted iterations
lifecycle   [  56% ] 45/50 VUs  2m15.6s/4m00.0s

running (2m29.0s), 45/50 VUs, 39 complete and 0 interrupted iterations
lifecycle   [  57% ] 45/50 VUs  2m16.6s/4m00.0s

running (2m30.0s), 45/50 VUs, 39 complete and 0 interrupted iterations
lifecycle   [  57% ] 45/50 VUs  2m17.6s/4m00.0s

running (2m31.0s), 46/50 VUs, 40 complete and 0 interrupted iterations
lifecycle   [  58% ] 46/50 VUs  2m18.6s/4m00.0s

running (2m32.0s), 46/50 VUs, 40 complete and 0 interrupted iterations
lifecycle   [  58% ] 46/50 VUs  2m19.6s/4m00.0s

running (2m33.0s), 46/50 VUs, 43 complete and 0 interrupted iterations
lifecycle   [  59% ] 46/50 VUs  2m20.6s/4m00.0s

running (2m34.0s), 47/50 VUs, 44 complete and 0 interrupted iterations
lifecycle   [  59% ] 47/50 VUs  2m21.6s/4m00.0s

running (2m35.0s), 47/50 VUs, 44 complete and 0 interrupted iterations
lifecycle   [  59% ] 47/50 VUs  2m22.6s/4m00.0s

running (2m36.0s), 47/50 VUs, 44 complete and 0 interrupted iterations
lifecycle   [  60% ] 47/50 VUs  2m23.6s/4m00.0s

running (2m37.0s), 48/50 VUs, 44 complete and 0 interrupted iterations
lifecycle   [  60% ] 48/50 VUs  2m24.6s/4m00.0s

running (2m38.0s), 48/50 VUs, 45 complete and 0 interrupted iterations
lifecycle   [  61% ] 48/50 VUs  2m25.6s/4m00.0s

running (2m39.0s), 48/50 VUs, 45 complete and 0 interrupted iterations
lifecycle   [  61% ] 48/50 VUs  2m26.6s/4m00.0s

running (2m40.0s), 49/50 VUs, 45 complete and 0 interrupted iterations
lifecycle   [  61% ] 49/50 VUs  2m27.6s/4m00.0s

running (2m41.0s), 49/50 VUs, 45 complete and 0 interrupted iterations
lifecycle   [  62% ] 49/50 VUs  2m28.6s/4m00.0s

running (2m42.0s), 49/50 VUs, 46 complete and 0 interrupted iterations
lifecycle   [  62% ] 49/50 VUs  2m29.6s/4m00.0s

running (2m43.0s), 50/50 VUs, 46 complete and 0 interrupted iterations
lifecycle   [  63% ] 50/50 VUs  2m30.6s/4m00.0s

running (2m44.0s), 50/50 VUs, 49 complete and 0 interrupted iterations
lifecycle   [  63% ] 50/50 VUs  2m31.6s/4m00.0s

running (2m45.0s), 50/50 VUs, 49 complete and 0 interrupted iterations
lifecycle   [  64% ] 50/50 VUs  2m32.6s/4m00.0s

running (2m46.0s), 50/50 VUs, 49 complete and 0 interrupted iterations
lifecycle   [  64% ] 50/50 VUs  2m33.6s/4m00.0s

running (2m47.0s), 50/50 VUs, 49 complete and 0 interrupted iterations
lifecycle   [  64% ] 50/50 VUs  2m34.6s/4m00.0s

running (2m48.0s), 50/50 VUs, 50 complete and 0 interrupted iterations
lifecycle   [  65% ] 50/50 VUs  2m35.6s/4m00.0s

running (2m49.0s), 50/50 VUs, 50 complete and 0 interrupted iterations
lifecycle   [  65% ] 50/50 VUs  2m36.6s/4m00.0s

running (2m50.0s), 50/50 VUs, 52 complete and 0 interrupted iterations
lifecycle   [  66% ] 50/50 VUs  2m37.6s/4m00.0s

running (2m51.0s), 50/50 VUs, 52 complete and 0 interrupted iterations
lifecycle   [  66% ] 50/50 VUs  2m38.6s/4m00.0s

running (2m52.0s), 50/50 VUs, 52 complete and 0 interrupted iterations
lifecycle   [  66% ] 50/50 VUs  2m39.6s/4m00.0s

running (2m53.0s), 50/50 VUs, 52 complete and 0 interrupted iterations
lifecycle   [  67% ] 50/50 VUs  2m40.6s/4m00.0s

running (2m54.0s), 50/50 VUs, 54 complete and 0 interrupted iterations
lifecycle   [  67% ] 50/50 VUs  2m41.6s/4m00.0s

running (2m55.0s), 50/50 VUs, 54 complete and 0 interrupted iterations
lifecycle   [  68% ] 50/50 VUs  2m42.6s/4m00.0s

running (2m56.0s), 50/50 VUs, 54 complete and 0 interrupted iterations
lifecycle   [  68% ] 50/50 VUs  2m43.6s/4m00.0s

running (2m57.0s), 50/50 VUs, 54 complete and 0 interrupted iterations
lifecycle   [  69% ] 50/50 VUs  2m44.6s/4m00.0s

running (2m58.0s), 50/50 VUs, 55 complete and 0 interrupted iterations
lifecycle   [  69% ] 50/50 VUs  2m45.6s/4m00.0s

running (2m59.0s), 50/50 VUs, 57 complete and 0 interrupted iterations
lifecycle   [  69% ] 50/50 VUs  2m46.6s/4m00.0s

running (3m00.0s), 50/50 VUs, 57 complete and 0 interrupted iterations
lifecycle   [  70% ] 50/50 VUs  2m47.6s/4m00.0s

running (3m01.0s), 50/50 VUs, 57 complete and 0 interrupted iterations
lifecycle   [  70% ] 50/50 VUs  2m48.6s/4m00.0s

running (3m02.0s), 50/50 VUs, 58 complete and 0 interrupted iterations
lifecycle   [  71% ] 50/50 VUs  2m49.6s/4m00.0s

running (3m03.0s), 50/50 VUs, 60 complete and 0 interrupted iterations
lifecycle   [  71% ] 50/50 VUs  2m50.6s/4m00.0s

running (3m04.0s), 50/50 VUs, 60 complete and 0 interrupted iterations
lifecycle   [  71% ] 50/50 VUs  2m51.6s/4m00.0s

running (3m05.0s), 50/50 VUs, 60 complete and 0 interrupted iterations
lifecycle   [  72% ] 50/50 VUs  2m52.6s/4m00.0s

running (3m06.0s), 50/50 VUs, 60 complete and 0 interrupted iterations
lifecycle   [  72% ] 50/50 VUs  2m53.6s/4m00.0s

running (3m07.0s), 50/50 VUs, 60 complete and 0 interrupted iterations
lifecycle   [  73% ] 50/50 VUs  2m54.6s/4m00.0s

running (3m08.0s), 50/50 VUs, 60 complete and 0 interrupted iterations
lifecycle   [  73% ] 50/50 VUs  2m55.6s/4m00.0s

running (3m09.0s), 50/50 VUs, 60 complete and 0 interrupted iterations
lifecycle   [  74% ] 50/50 VUs  2m56.6s/4m00.0s

running (3m10.0s), 50/50 VUs, 60 complete and 0 interrupted iterations
lifecycle   [  74% ] 50/50 VUs  2m57.6s/4m00.0s

running (3m11.0s), 50/50 VUs, 61 complete and 0 interrupted iterations
lifecycle   [  74% ] 50/50 VUs  2m58.6s/4m00.0s

running (3m12.0s), 50/50 VUs, 61 complete and 0 interrupted iterations
lifecycle   [  75% ] 50/50 VUs  2m59.6s/4m00.0s

running (3m13.0s), 50/50 VUs, 61 complete and 0 interrupted iterations
lifecycle   [  75% ] 50/50 VUs  3m00.6s/4m00.0s

running (3m14.0s), 50/50 VUs, 61 complete and 0 interrupted iterations
lifecycle   [  76% ] 50/50 VUs  3m01.6s/4m00.0s

running (3m15.0s), 50/50 VUs, 61 complete and 0 interrupted iterations
lifecycle   [  76% ] 50/50 VUs  3m02.6s/4m00.0s

running (3m16.0s), 48/50 VUs, 62 complete and 1 interrupted iterations
lifecycle   [  76% ] 48/50 VUs  3m03.6s/4m00.0s

running (3m17.0s), 48/50 VUs, 63 complete and 1 interrupted iterations
lifecycle   [  77% ] 48/50 VUs  3m04.6s/4m00.0s

running (3m18.0s), 48/50 VUs, 63 complete and 1 interrupted iterations
lifecycle   [  77% ] 48/50 VUs  3m05.6s/4m00.0s

running (3m19.0s), 47/50 VUs, 63 complete and 2 interrupted iterations
lifecycle   [  78% ] 47/50 VUs  3m06.6s/4m00.0s

running (3m20.0s), 47/50 VUs, 63 complete and 2 interrupted iterations
lifecycle   [  78% ] 47/50 VUs  3m07.6s/4m00.0s

running (3m21.0s), 47/50 VUs, 63 complete and 2 interrupted iterations
lifecycle   [  79% ] 47/50 VUs  3m08.6s/4m00.0s

running (3m22.0s), 46/50 VUs, 63 complete and 3 interrupted iterations
lifecycle   [  79% ] 46/50 VUs  3m09.6s/4m00.0s

running (3m23.0s), 45/50 VUs, 64 complete and 3 interrupted iterations
lifecycle   [  79% ] 45/50 VUs  3m10.6s/4m00.0s

running (3m24.0s), 45/50 VUs, 65 complete and 3 interrupted iterations
lifecycle   [  80% ] 45/50 VUs  3m11.6s/4m00.0s

running (3m25.0s), 44/50 VUs, 66 complete and 4 interrupted iterations
lifecycle   [  80% ] 44/50 VUs  3m12.6s/4m00.0s

running (3m26.0s), 43/50 VUs, 67 complete and 4 interrupted iterations
lifecycle   [  81% ] 43/50 VUs  3m13.6s/4m00.0s

running (3m27.0s), 43/50 VUs, 67 complete and 4 interrupted iterations
lifecycle   [  81% ] 43/50 VUs  3m14.6s/4m00.0s

running (3m28.0s), 41/50 VUs, 68 complete and 5 interrupted iterations
lifecycle   [  81% ] 41/50 VUs  3m15.6s/4m00.0s

running (3m29.0s), 41/50 VUs, 70 complete and 5 interrupted iterations
lifecycle   [  82% ] 41/50 VUs  3m16.6s/4m00.0s

running (3m30.0s), 41/50 VUs, 70 complete and 5 interrupted iterations
lifecycle   [  82% ] 41/50 VUs  3m17.6s/4m00.0s

running (3m31.0s), 40/50 VUs, 71 complete and 6 interrupted iterations
lifecycle   [  83% ] 40/50 VUs  3m18.6s/4m00.0s

running (3m32.0s), 40/50 VUs, 71 complete and 6 interrupted iterations
lifecycle   [  83% ] 40/50 VUs  3m19.6s/4m00.0s

running (3m33.0s), 40/50 VUs, 72 complete and 6 interrupted iterations
lifecycle   [  84% ] 40/50 VUs  3m20.6s/4m00.0s

running (3m34.0s), 39/50 VUs, 72 complete and 7 interrupted iterations
lifecycle   [  84% ] 39/50 VUs  3m21.6s/4m00.0s

running (3m35.0s), 39/50 VUs, 73 complete and 7 interrupted iterations
lifecycle   [  84% ] 39/50 VUs  3m22.6s/4m00.0s

running (3m36.0s), 39/50 VUs, 73 complete and 7 interrupted iterations
lifecycle   [  85% ] 39/50 VUs  3m23.6s/4m00.0s

running (3m37.0s), 38/50 VUs, 73 complete and 8 interrupted iterations
lifecycle   [  85% ] 38/50 VUs  3m24.6s/4m00.0s

running (3m38.0s), 38/50 VUs, 73 complete and 8 interrupted iterations
lifecycle   [  86% ] 38/50 VUs  3m25.6s/4m00.0s

running (3m39.0s), 38/50 VUs, 73 complete and 8 interrupted iterations
lifecycle   [  86% ] 38/50 VUs  3m26.6s/4m00.0s

running (3m40.0s), 38/50 VUs, 73 complete and 8 interrupted iterations
lifecycle   [  86% ] 38/50 VUs  3m27.6s/4m00.0s

running (3m41.0s), 38/50 VUs, 73 complete and 8 interrupted iterations
lifecycle   [  87% ] 38/50 VUs  3m28.6s/4m00.0s

running (3m42.0s), 38/50 VUs, 73 complete and 8 interrupted iterations
lifecycle   [  87% ] 38/50 VUs  3m29.6s/4m00.0s

running (3m43.0s), 38/50 VUs, 73 complete and 8 interrupted iterations
lifecycle   [  88% ] 38/50 VUs  3m30.6s/4m00.0s

running (3m44.0s), 38/50 VUs, 73 complete and 8 interrupted iterations
lifecycle   [  88% ] 38/50 VUs  3m31.6s/4m00.0s

running (3m45.0s), 38/50 VUs, 73 complete and 8 interrupted iterations
lifecycle   [  89% ] 38/50 VUs  3m32.6s/4m00.0s

running (3m46.0s), 36/50 VUs, 75 complete and 9 interrupted iterations
lifecycle   [  89% ] 36/50 VUs  3m33.6s/4m00.0s

running (3m47.0s), 36/50 VUs, 76 complete and 9 interrupted iterations
lifecycle   [  89% ] 36/50 VUs  3m34.6s/4m00.0s

running (3m48.0s), 36/50 VUs, 76 complete and 9 interrupted iterations
lifecycle   [  90% ] 36/50 VUs  3m35.6s/4m00.0s

running (3m49.0s), 36/50 VUs, 76 complete and 9 interrupted iterations
lifecycle   [  90% ] 36/50 VUs  3m36.6s/4m00.0s

running (3m50.0s), 36/50 VUs, 77 complete and 9 interrupted iterations
lifecycle   [  91% ] 36/50 VUs  3m37.6s/4m00.0s

running (3m51.0s), 36/50 VUs, 77 complete and 9 interrupted iterations
lifecycle   [  91% ] 36/50 VUs  3m38.6s/4m00.0s

running (3m52.0s), 35/50 VUs, 77 complete and 10 interrupted iterations
lifecycle   [  91% ] 35/50 VUs  3m39.6s/4m00.0s

running (3m53.0s), 35/50 VUs, 77 complete and 10 interrupted iterations
lifecycle   [  92% ] 35/50 VUs  3m40.6s/4m00.0s

running (3m54.0s), 35/50 VUs, 77 complete and 10 interrupted iterations
lifecycle   [  92% ] 35/50 VUs  3m41.6s/4m00.0s

running (3m55.0s), 34/50 VUs, 78 complete and 10 interrupted iterations
lifecycle   [  93% ] 34/50 VUs  3m42.6s/4m00.0s

running (3m56.0s), 34/50 VUs, 78 complete and 10 interrupted iterations
lifecycle   [  93% ] 34/50 VUs  3m43.6s/4m00.0s

running (3m57.0s), 33/50 VUs, 79 complete and 10 interrupted iterations
lifecycle   [  94% ] 33/50 VUs  3m44.6s/4m00.0s

running (3m58.0s), 32/50 VUs, 79 complete and 11 interrupted iterations
lifecycle   [  94% ] 32/50 VUs  3m45.6s/4m00.0s

running (3m59.0s), 32/50 VUs, 80 complete and 11 interrupted iterations
lifecycle   [  94% ] 32/50 VUs  3m46.6s/4m00.0s

running (4m00.0s), 32/50 VUs, 81 complete and 11 interrupted iterations
lifecycle   [  95% ] 32/50 VUs  3m47.6s/4m00.0s

running (4m01.0s), 31/50 VUs, 81 complete and 12 interrupted iterations
lifecycle   [  95% ] 31/50 VUs  3m48.6s/4m00.0s

running (4m02.0s), 31/50 VUs, 81 complete and 12 interrupted iterations
lifecycle   [  96% ] 31/50 VUs  3m49.6s/4m00.0s

running (4m03.0s), 31/50 VUs, 81 complete and 12 interrupted iterations
lifecycle   [  96% ] 31/50 VUs  3m50.6s/4m00.0s

running (4m04.0s), 30/50 VUs, 81 complete and 13 interrupted iterations
lifecycle   [  96% ] 30/50 VUs  3m51.6s/4m00.0s

running (4m05.0s), 29/50 VUs, 82 complete and 13 interrupted iterations
lifecycle   [  97% ] 29/50 VUs  3m52.6s/4m00.0s

running (4m06.0s), 29/50 VUs, 82 complete and 13 interrupted iterations
lifecycle   [  97% ] 29/50 VUs  3m53.6s/4m00.0s

running (4m07.0s), 28/50 VUs, 82 complete and 14 interrupted iterations
lifecycle   [  98% ] 28/50 VUs  3m54.6s/4m00.0s

running (4m08.0s), 27/50 VUs, 83 complete and 14 interrupted iterations
lifecycle   [  98% ] 27/50 VUs  3m55.6s/4m00.0s

running (4m09.0s), 27/50 VUs, 83 complete and 14 interrupted iterations
lifecycle   [  99% ] 27/50 VUs  3m56.6s/4m00.0s

running (4m10.0s), 24/50 VUs, 85 complete and 15 interrupted iterations
lifecycle   [  99% ] 24/50 VUs  3m57.6s/4m00.0s

running (4m11.0s), 24/50 VUs, 85 complete and 15 interrupted iterations
lifecycle   [  99% ] 24/50 VUs  3m58.6s/4m00.0s

running (4m12.0s), 24/50 VUs, 85 complete and 15 interrupted iterations
lifecycle   [ 100% ] 24/50 VUs  3m59.6s/4m00.0s

running (4m13.0s), 24/50 VUs, 85 complete and 15 interrupted iterations
lifecycle ↓ [ 100% ] 24/50 VUs  4m0s

running (4m14.0s), 24/50 VUs, 85 complete and 15 interrupted iterations
lifecycle ↓ [ 100% ] 24/50 VUs  4m0s

running (4m15.0s), 24/50 VUs, 85 complete and 15 interrupted iterations
lifecycle ↓ [ 100% ] 24/50 VUs  4m0s

running (4m16.0s), 24/50 VUs, 85 complete and 15 interrupted iterations
lifecycle ↓ [ 100% ] 24/50 VUs  4m0s

running (4m17.0s), 23/50 VUs, 86 complete and 15 interrupted iterations
lifecycle ↓ [ 100% ] 24/50 VUs  4m0s

running (4m18.0s), 22/50 VUs, 86 complete and 16 interrupted iterations
lifecycle ↓ [ 100% ] 24/50 VUs  4m0s

running (4m19.0s), 21/50 VUs, 86 complete and 17 interrupted iterations
lifecycle ↓ [ 100% ] 24/50 VUs  4m0s

running (4m20.0s), 20/50 VUs, 86 complete and 18 interrupted iterations
lifecycle ↓ [ 100% ] 24/50 VUs  4m0s

running (4m21.0s), 19/50 VUs, 87 complete and 18 interrupted iterations
lifecycle ↓ [ 100% ] 24/50 VUs  4m0s

running (4m22.0s), 18/50 VUs, 88 complete and 18 interrupted iterations
lifecycle ↓ [ 100% ] 24/50 VUs  4m0s

running (4m23.0s), 18/50 VUs, 88 complete and 18 interrupted iterations
lifecycle ↓ [ 100% ] 24/50 VUs  4m0s

running (4m24.0s), 16/50 VUs, 89 complete and 19 interrupted iterations
lifecycle ↓ [ 100% ] 24/50 VUs  4m0s

running (4m25.0s), 15/50 VUs, 89 complete and 20 interrupted iterations
lifecycle ↓ [ 100% ] 24/50 VUs  4m0s

running (4m26.0s), 14/50 VUs, 89 complete and 21 interrupted iterations
lifecycle ↓ [ 100% ] 24/50 VUs  4m0s

running (4m27.0s), 13/50 VUs, 89 complete and 22 interrupted iterations
lifecycle ↓ [ 100% ] 24/50 VUs  4m0s

running (4m28.0s), 13/50 VUs, 89 complete and 22 interrupted iterations
lifecycle ↓ [ 100% ] 24/50 VUs  4m0s

running (4m29.0s), 10/50 VUs, 91 complete and 23 interrupted iterations
lifecycle ↓ [ 100% ] 24/50 VUs  4m0s

running (4m30.0s), 09/50 VUs, 92 complete and 23 interrupted iterations
lifecycle ↓ [ 100% ] 24/50 VUs  4m0s

running (4m31.0s), 09/50 VUs, 92 complete and 23 interrupted iterations
lifecycle ↓ [ 100% ] 24/50 VUs  4m0s

running (4m32.0s), 07/50 VUs, 93 complete and 24 interrupted iterations
lifecycle ↓ [ 100% ] 24/50 VUs  4m0s

running (4m33.0s), 07/50 VUs, 93 complete and 24 interrupted iterations
lifecycle ↓ [ 100% ] 24/50 VUs  4m0s

running (4m34.0s), 07/50 VUs, 93 complete and 24 interrupted iterations
lifecycle ↓ [ 100% ] 24/50 VUs  4m0s

running (4m35.0s), 07/50 VUs, 93 complete and 24 interrupted iterations
lifecycle ↓ [ 100% ] 24/50 VUs  4m0s

running (4m36.0s), 06/50 VUs, 93 complete and 25 interrupted iterations
lifecycle ↓ [ 100% ] 24/50 VUs  4m0s

running (4m37.0s), 06/50 VUs, 93 complete and 25 interrupted iterations
lifecycle ↓ [ 100% ] 24/50 VUs  4m0s

running (4m38.0s), 05/50 VUs, 93 complete and 26 interrupted iterations
lifecycle ↓ [ 100% ] 24/50 VUs  4m0s

running (4m39.0s), 04/50 VUs, 93 complete and 27 interrupted iterations
lifecycle ↓ [ 100% ] 24/50 VUs  4m0s

running (4m40.0s), 04/50 VUs, 93 complete and 27 interrupted iterations
lifecycle ↓ [ 100% ] 24/50 VUs  4m0s

running (4m41.0s), 03/50 VUs, 93 complete and 28 interrupted iterations
lifecycle ↓ [ 100% ] 24/50 VUs  4m0s

running (4m42.0s), 03/50 VUs, 93 complete and 28 interrupted iterations
lifecycle ↓ [ 100% ] 24/50 VUs  4m0s

     █ lifecycle_Analytics

       ✓ Analytics lifecycle complete

     █ lifecycle_ClimateAnomaly

       ✓ ClimateAnomaly lifecycle complete

     █ lifecycle_Advanced

       ✓ Advanced lifecycle complete

     █ lifecycle_Calculator

       ✓ Calculator lifecycle complete

     █ lifecycle_Geospatial

       ✓ Geospatial lifecycle complete

     █ lifecycle_DataExchange

       ✓ DataExchange lifecycle complete

     █ lifecycle_MonteCarlo

       ✓ MonteCarlo lifecycle complete

     █ lifecycle_MLTrainer

       ✓ MLTrainer lifecycle complete

     checks..........................: 100.00% 93 out of 93
     data_received...................: 83 MB   295 kB/s
     data_sent.......................: 523 kB  1.9 kB/s
     group_duration..................: avg=1m2s     min=24.56s  med=1m1s     max=2m25s   p(90)=1m29s   p(95)=1m35s  
     http_req_blocked................: avg=28.9µs   min=1.59µs  med=5.69µs   max=5.43ms  p(90)=9.48µs  p(95)=21.41µs
     http_req_connecting.............: avg=13.77µs  min=0s      med=0s       max=2.69ms  p(90)=0s      p(95)=0s     
     http_req_duration...............: avg=4.92s    min=3.82ms  med=2.84s    max=38.08s  p(90)=11.92s  p(95)=16.08s 
       { expected_response:true }....: avg=4.92s    min=3.82ms  med=2.84s    max=38.08s  p(90)=11.92s  p(95)=16.08s 
     http_req_failed.................: 0.00%   0 out of 1515
     http_req_receiving..............: avg=861.19µs min=28.3µs  med=114.17µs max=47.93ms p(90)=535.1µs p(95)=4.31ms 
     http_req_sending................: avg=36.6µs   min=6.23µs  med=27.44µs  max=5.37ms  p(90)=51.95µs p(95)=68.74µs
     http_req_tls_handshaking........: avg=0s       min=0s      med=0s       max=0s      p(90)=0s      p(95)=0s     
     http_req_waiting................: avg=4.92s    min=3.68ms  med=2.84s    max=38.08s  p(90)=11.92s  p(95)=16.08s 
     http_reqs.......................: 1515    5.364774/s
     iteration_duration..............: avg=1m2s     min=25.06s  med=1m1s     max=2m25s   p(90)=1m29s   p(95)=1m36s  
     iterations......................: 93      0.329323/s
   ✓ lifecycle_errors................: 0.00%   0 out of 1017
     lifecycle_op_ms.................: avg=5.37s    min=3.82ms  med=3.15s    max=38.08s  p(90)=12.74s  p(95)=18.34s 
     ✗ { app_name:Advanced }.........: avg=4.67s    min=83ms    med=2.79s    max=32.3s   p(90)=12.04s  p(95)=13.86s 
     ✗ { app_name:Analytics }........: avg=5.12s    min=30.73ms med=3.04s    max=31.67s  p(90)=11.7s   p(95)=16.82s 
     ✗ { app_name:Calculator }.......: avg=5.3s     min=5.16ms  med=3.2s     max=30.91s  p(90)=11.17s  p(95)=17.64s 
     ✗ { app_name:ClimateAnomaly }...: avg=5.07s    min=38.22ms med=3.13s    max=33.05s  p(90)=11.99s  p(95)=18.69s 
     ✗ { app_name:DataExchange }.....: avg=4.76s    min=53ms    med=2.84s    max=28.39s  p(90)=9.91s   p(95)=16.84s 
     ✗ { app_name:Geospatial }.......: avg=5.09s    min=3.82ms  med=3.12s    max=27.33s  p(90)=12.2s   p(95)=17.2s  
     ✓ { app_name:MLTrainer }........: avg=7.95s    min=5.41ms  med=5.3s     max=38.08s  p(90)=18.15s  p(95)=25.79s 
     ✗ { app_name:MonteCarlo }.......: avg=5.31s    min=216ms   med=3.37s    max=30.4s   p(90)=12.62s  p(95)=14.45s 
     lifecycle_ops...................: 1265    4.479498/s
     vus.............................: 3       min=0         max=50
     vus_max.........................: 50      min=50        max=50


running (4m42.4s), 00/50 VUs, 93 complete and 31 interrupted iterations
lifecycle ✓ [ 100% ] 03/50 VUs  4m0s
time="2026-06-12T14:17:20Z" level=error msg="thresholds on metrics 'lifecycle_op_ms{app_name:Advanced}, lifecycle_op_ms{app_name:Analytics}, lifecycle_op_ms{app_name:Calculator}, lifecycle_op_ms{app_name:ClimateAnomaly}, lifecycle_op_ms{app_name:DataExchange}, lifecycle_op_ms{app_name:Geospatial}, lifecycle_op_ms{app_name:MonteCarlo}' have been crossed"
 4m0s
time="2026-06-12T14:13:32Z" level=error msg="thresholds on metrics 'lifecycle_op_ms{app_name:Advanced}, lifecycle_op_ms{app_name:Analytics}, lifecycle_op_ms{app_name:Calculator}, lifecycle_op_ms{app_name:ClimateAnomaly}, lifecycle_op_ms{app_name:DataExchange}, lifecycle_op_ms{app_name:Geospatial}, lifecycle_op_ms{app_name:MonteCarlo}' have been crossed"
