
         /\      Grafana   /‾‾/  
    /\  /  \     |\  __   /  /   
   /  \/    \    | |/ /  /   ‾‾\ 
  /          \   |   (  |  (‾)  |
 / __________ \  |_|\_\  \_____/ 

     execution: local
        script: ./k6/09-websocket-presence.js
        output: -

     scenarios: (100.00%) 1 scenario, 50 max VUs, 2m30s max duration (incl. graceful stop):
              * ws_presence: Up to 50 looping VUs for 2m0s over 5 stages (gracefulRampDown: 30s, gracefulStop: 30s)

time="2026-06-12T14:18:30Z" level=warning msg="Error from API server" error="listen tcp 127.0.0.1:6565: bind: address already in use"

running (0m01.0s), 01/50 VUs, 0 complete and 0 interrupted iterations
ws_presence   [   1% ] 01/50 VUs  0m00.6s/2m00.0s

running (0m02.0s), 01/50 VUs, 0 complete and 0 interrupted iterations
ws_presence   [   1% ] 01/50 VUs  0m01.6s/2m00.0s

running (0m03.0s), 02/50 VUs, 0 complete and 0 interrupted iterations
ws_presence   [   2% ] 02/50 VUs  0m02.6s/2m00.0s

running (0m04.0s), 02/50 VUs, 0 complete and 0 interrupted iterations
ws_presence   [   3% ] 02/50 VUs  0m03.6s/2m00.0s

running (0m05.0s), 03/50 VUs, 0 complete and 0 interrupted iterations
ws_presence   [   4% ] 03/50 VUs  0m04.6s/2m00.0s

running (0m06.0s), 03/50 VUs, 0 complete and 0 interrupted iterations
ws_presence   [   5% ] 03/50 VUs  0m05.6s/2m00.0s

running (0m07.0s), 03/50 VUs, 0 complete and 0 interrupted iterations
ws_presence   [   6% ] 03/50 VUs  0m06.6s/2m00.0s

running (0m08.0s), 04/50 VUs, 0 complete and 0 interrupted iterations
ws_presence   [   6% ] 04/50 VUs  0m07.6s/2m00.0s

running (0m09.0s), 04/50 VUs, 0 complete and 0 interrupted iterations
ws_presence   [   7% ] 04/50 VUs  0m08.6s/2m00.0s

running (0m10.0s), 05/50 VUs, 1 complete and 0 interrupted iterations
ws_presence   [   8% ] 05/50 VUs  0m09.6s/2m00.0s

running (0m11.0s), 05/50 VUs, 1 complete and 0 interrupted iterations
ws_presence   [   9% ] 05/50 VUs  0m10.6s/2m00.0s

running (0m12.0s), 06/50 VUs, 1 complete and 0 interrupted iterations
ws_presence   [  10% ] 06/50 VUs  0m11.6s/2m00.0s

running (0m13.0s), 06/50 VUs, 2 complete and 0 interrupted iterations
ws_presence   [  11% ] 06/50 VUs  0m12.6s/2m00.0s

running (0m14.0s), 07/50 VUs, 2 complete and 0 interrupted iterations
ws_presence   [  11% ] 07/50 VUs  0m13.6s/2m00.0s

running (0m15.0s), 07/50 VUs, 3 complete and 0 interrupted iterations
ws_presence   [  12% ] 07/50 VUs  0m14.6s/2m00.0s

running (0m16.0s), 08/50 VUs, 3 complete and 0 interrupted iterations
ws_presence   [  13% ] 08/50 VUs  0m15.6s/2m00.0s

running (0m17.0s), 08/50 VUs, 4 complete and 0 interrupted iterations
ws_presence   [  14% ] 08/50 VUs  0m16.6s/2m00.0s

running (0m18.0s), 08/50 VUs, 4 complete and 0 interrupted iterations
ws_presence   [  15% ] 08/50 VUs  0m17.6s/2m00.0s

running (0m19.0s), 09/50 VUs, 5 complete and 0 interrupted iterations
ws_presence   [  16% ] 09/50 VUs  0m18.6s/2m00.0s

running (0m20.0s), 09/50 VUs, 6 complete and 0 interrupted iterations
ws_presence   [  16% ] 09/50 VUs  0m19.6s/2m00.0s

running (0m21.0s), 10/50 VUs, 7 complete and 0 interrupted iterations
ws_presence   [  17% ] 10/50 VUs  0m20.6s/2m00.0s

running (0m22.0s), 10/50 VUs, 8 complete and 0 interrupted iterations
ws_presence   [  18% ] 10/50 VUs  0m21.6s/2m00.0s

running (0m23.0s), 11/50 VUs, 8 complete and 0 interrupted iterations
ws_presence   [  19% ] 11/50 VUs  0m22.6s/2m00.0s

running (0m24.0s), 11/50 VUs, 10 complete and 0 interrupted iterations
ws_presence   [  20% ] 11/50 VUs  0m23.6s/2m00.0s

running (0m25.0s), 12/50 VUs, 10 complete and 0 interrupted iterations
ws_presence   [  21% ] 12/50 VUs  0m24.6s/2m00.0s

running (0m26.0s), 12/50 VUs, 11 complete and 0 interrupted iterations
ws_presence   [  21% ] 12/50 VUs  0m25.6s/2m00.0s

running (0m27.0s), 13/50 VUs, 12 complete and 0 interrupted iterations
ws_presence   [  22% ] 13/50 VUs  0m26.6s/2m00.0s

running (0m28.0s), 13/50 VUs, 13 complete and 0 interrupted iterations
ws_presence   [  23% ] 13/50 VUs  0m27.6s/2m00.0s

running (0m29.0s), 14/50 VUs, 15 complete and 0 interrupted iterations
ws_presence   [  24% ] 14/50 VUs  0m28.6s/2m00.0s

running (0m30.0s), 14/50 VUs, 16 complete and 0 interrupted iterations
ws_presence   [  25% ] 14/50 VUs  0m29.6s/2m00.0s

running (0m31.0s), 15/50 VUs, 17 complete and 0 interrupted iterations
ws_presence   [  26% ] 15/50 VUs  0m30.6s/2m00.0s

running (0m32.0s), 15/50 VUs, 19 complete and 0 interrupted iterations
ws_presence   [  26% ] 15/50 VUs  0m31.6s/2m00.0s

running (0m33.0s), 16/50 VUs, 20 complete and 0 interrupted iterations
ws_presence   [  27% ] 16/50 VUs  0m32.6s/2m00.0s

running (0m34.0s), 16/50 VUs, 22 complete and 0 interrupted iterations
ws_presence   [  28% ] 16/50 VUs  0m33.6s/2m00.0s

running (0m35.0s), 17/50 VUs, 23 complete and 0 interrupted iterations
ws_presence   [  29% ] 17/50 VUs  0m34.6s/2m00.0s

running (0m36.0s), 17/50 VUs, 25 complete and 0 interrupted iterations
ws_presence   [  30% ] 17/50 VUs  0m35.6s/2m00.0s

running (0m37.0s), 18/50 VUs, 25 complete and 0 interrupted iterations
ws_presence   [  31% ] 18/50 VUs  0m36.6s/2m00.0s

running (0m38.0s), 18/50 VUs, 28 complete and 0 interrupted iterations
ws_presence   [  31% ] 18/50 VUs  0m37.6s/2m00.0s

running (0m39.0s), 19/50 VUs, 29 complete and 0 interrupted iterations
ws_presence   [  32% ] 19/50 VUs  0m38.6s/2m00.0s

running (0m40.0s), 19/50 VUs, 31 complete and 0 interrupted iterations
ws_presence   [  33% ] 19/50 VUs  0m39.6s/2m00.0s

running (0m41.0s), 20/50 VUs, 33 complete and 0 interrupted iterations
ws_presence   [  34% ] 20/50 VUs  0m40.6s/2m00.0s

running (0m42.0s), 20/50 VUs, 35 complete and 0 interrupted iterations
ws_presence   [  35% ] 20/50 VUs  0m41.6s/2m00.0s

running (0m43.0s), 21/50 VUs, 37 complete and 0 interrupted iterations
ws_presence   [  36% ] 21/50 VUs  0m42.6s/2m00.0s

running (0m44.0s), 21/50 VUs, 39 complete and 0 interrupted iterations
ws_presence   [  36% ] 21/50 VUs  0m43.6s/2m00.0s

running (0m45.0s), 22/50 VUs, 40 complete and 0 interrupted iterations
ws_presence   [  37% ] 22/50 VUs  0m44.6s/2m00.0s

running (0m46.0s), 22/50 VUs, 43 complete and 0 interrupted iterations
ws_presence   [  38% ] 22/50 VUs  0m45.6s/2m00.0s

running (0m47.0s), 23/50 VUs, 44 complete and 0 interrupted iterations
ws_presence   [  39% ] 23/50 VUs  0m46.6s/2m00.0s

running (0m48.0s), 23/50 VUs, 48 complete and 0 interrupted iterations
ws_presence   [  40% ] 23/50 VUs  0m47.6s/2m00.0s

running (0m49.0s), 24/50 VUs, 49 complete and 0 interrupted iterations
ws_presence   [  41% ] 24/50 VUs  0m48.6s/2m00.0s

running (0m50.0s), 24/50 VUs, 52 complete and 0 interrupted iterations
ws_presence   [  41% ] 24/50 VUs  0m49.6s/2m00.0s

running (0m51.0s), 25/50 VUs, 54 complete and 0 interrupted iterations
ws_presence   [  42% ] 25/50 VUs  0m50.6s/2m00.0s

running (0m52.0s), 26/50 VUs, 57 complete and 0 interrupted iterations
ws_presence   [  43% ] 26/50 VUs  0m51.6s/2m00.0s

running (0m53.0s), 27/50 VUs, 59 complete and 0 interrupted iterations
ws_presence   [  44% ] 27/50 VUs  0m52.6s/2m00.0s

running (0m54.0s), 28/50 VUs, 62 complete and 0 interrupted iterations
ws_presence   [  45% ] 28/50 VUs  0m53.6s/2m00.0s

running (0m55.0s), 28/50 VUs, 64 complete and 0 interrupted iterations
ws_presence   [  46% ] 28/50 VUs  0m54.6s/2m00.0s

running (0m56.0s), 29/50 VUs, 66 complete and 0 interrupted iterations
ws_presence   [  46% ] 29/50 VUs  0m55.6s/2m00.0s

running (0m57.0s), 30/50 VUs, 69 complete and 0 interrupted iterations
ws_presence   [  47% ] 30/50 VUs  0m56.6s/2m00.0s

running (0m58.0s), 31/50 VUs, 72 complete and 0 interrupted iterations
ws_presence   [  48% ] 31/50 VUs  0m57.6s/2m00.0s

running (0m59.0s), 32/50 VUs, 74 complete and 0 interrupted iterations
ws_presence   [  49% ] 32/50 VUs  0m58.6s/2m00.0s

running (1m00.0s), 33/50 VUs, 78 complete and 0 interrupted iterations
ws_presence   [  50% ] 33/50 VUs  0m59.6s/2m00.0s

running (1m01.0s), 33/50 VUs, 80 complete and 0 interrupted iterations
ws_presence   [  51% ] 33/50 VUs  1m00.6s/2m00.0s

running (1m02.0s), 34/50 VUs, 84 complete and 0 interrupted iterations
ws_presence   [  51% ] 34/50 VUs  1m01.6s/2m00.0s

running (1m03.0s), 35/50 VUs, 87 complete and 0 interrupted iterations
ws_presence   [  52% ] 35/50 VUs  1m02.6s/2m00.0s

running (1m04.0s), 36/50 VUs, 90 complete and 0 interrupted iterations
ws_presence   [  53% ] 36/50 VUs  1m03.6s/2m00.0s

running (1m05.0s), 37/50 VUs, 94 complete and 0 interrupted iterations
ws_presence   [  54% ] 37/50 VUs  1m04.6s/2m00.0s

running (1m06.0s), 38/50 VUs, 97 complete and 0 interrupted iterations
ws_presence   [  55% ] 38/50 VUs  1m05.6s/2m00.0s

running (1m07.0s), 38/50 VUs, 101 complete and 0 interrupted iterations
ws_presence   [  56% ] 38/50 VUs  1m06.6s/2m00.0s

running (1m08.0s), 39/50 VUs, 104 complete and 0 interrupted iterations
ws_presence   [  56% ] 39/50 VUs  1m07.6s/2m00.0s

running (1m09.0s), 40/50 VUs, 108 complete and 0 interrupted iterations
ws_presence   [  57% ] 40/50 VUs  1m08.6s/2m00.0s

running (1m10.0s), 41/50 VUs, 112 complete and 0 interrupted iterations
ws_presence   [  58% ] 41/50 VUs  1m09.6s/2m00.0s

running (1m11.0s), 42/50 VUs, 117 complete and 0 interrupted iterations
ws_presence   [  59% ] 42/50 VUs  1m10.6s/2m00.0s

running (1m12.0s), 43/50 VUs, 121 complete and 0 interrupted iterations
ws_presence   [  60% ] 43/50 VUs  1m11.6s/2m00.0s

running (1m13.0s), 43/50 VUs, 125 complete and 0 interrupted iterations
ws_presence   [  61% ] 43/50 VUs  1m12.6s/2m00.0s

running (1m14.0s), 44/50 VUs, 128 complete and 0 interrupted iterations
ws_presence   [  61% ] 44/50 VUs  1m13.6s/2m00.0s

running (1m15.0s), 45/50 VUs, 132 complete and 0 interrupted iterations
ws_presence   [  62% ] 45/50 VUs  1m14.6s/2m00.0s

running (1m16.0s), 46/50 VUs, 137 complete and 0 interrupted iterations
ws_presence   [  63% ] 46/50 VUs  1m15.6s/2m00.0s

running (1m17.0s), 47/50 VUs, 142 complete and 0 interrupted iterations
ws_presence   [  64% ] 47/50 VUs  1m16.6s/2m00.0s

running (1m18.0s), 48/50 VUs, 146 complete and 0 interrupted iterations
ws_presence   [  65% ] 48/50 VUs  1m17.6s/2m00.0s

running (1m19.0s), 48/50 VUs, 151 complete and 0 interrupted iterations
ws_presence   [  66% ] 48/50 VUs  1m18.6s/2m00.0s

running (1m20.0s), 49/50 VUs, 154 complete and 0 interrupted iterations
ws_presence   [  66% ] 49/50 VUs  1m19.6s/2m00.0s

running (1m21.0s), 50/50 VUs, 160 complete and 0 interrupted iterations
ws_presence   [  67% ] 50/50 VUs  1m20.6s/2m00.0s

running (1m22.0s), 50/50 VUs, 165 complete and 0 interrupted iterations
ws_presence   [  68% ] 50/50 VUs  1m21.6s/2m00.0s

running (1m23.0s), 50/50 VUs, 170 complete and 0 interrupted iterations
ws_presence   [  69% ] 50/50 VUs  1m22.6s/2m00.0s

running (1m24.0s), 50/50 VUs, 176 complete and 0 interrupted iterations
ws_presence   [  70% ] 50/50 VUs  1m23.6s/2m00.0s

running (1m25.0s), 50/50 VUs, 180 complete and 0 interrupted iterations
ws_presence   [  71% ] 50/50 VUs  1m24.6s/2m00.0s

running (1m26.0s), 49/50 VUs, 185 complete and 0 interrupted iterations
ws_presence   [  71% ] 49/50 VUs  1m25.6s/2m00.0s

running (1m27.0s), 48/50 VUs, 190 complete and 0 interrupted iterations
ws_presence   [  72% ] 48/50 VUs  1m26.6s/2m00.0s

running (1m28.0s), 47/50 VUs, 196 complete and 0 interrupted iterations
ws_presence   [  73% ] 47/50 VUs  1m27.6s/2m00.0s

running (1m29.0s), 45/50 VUs, 202 complete and 0 interrupted iterations
ws_presence   [  74% ] 45/50 VUs  1m28.6s/2m00.0s

running (1m30.0s), 43/50 VUs, 209 complete and 0 interrupted iterations
ws_presence   [  75% ] 43/50 VUs  1m29.6s/2m00.0s

running (1m31.0s), 42/50 VUs, 214 complete and 0 interrupted iterations
ws_presence   [  76% ] 42/50 VUs  1m30.6s/2m00.0s

running (1m32.0s), 42/50 VUs, 215 complete and 0 interrupted iterations
ws_presence   [  76% ] 42/50 VUs  1m31.6s/2m00.0s

running (1m33.0s), 41/50 VUs, 222 complete and 0 interrupted iterations
ws_presence   [  77% ] 41/50 VUs  1m32.6s/2m00.0s

running (1m34.0s), 39/50 VUs, 227 complete and 0 interrupted iterations
ws_presence   [  78% ] 39/50 VUs  1m33.6s/2m00.0s

running (1m35.0s), 38/50 VUs, 232 complete and 0 interrupted iterations
ws_presence   [  79% ] 38/50 VUs  1m34.6s/2m00.0s

running (1m36.0s), 37/50 VUs, 237 complete and 0 interrupted iterations
ws_presence   [  80% ] 37/50 VUs  1m35.6s/2m00.0s

running (1m37.0s), 35/50 VUs, 241 complete and 0 interrupted iterations
ws_presence   [  81% ] 35/50 VUs  1m36.6s/2m00.0s

running (1m38.0s), 34/50 VUs, 246 complete and 0 interrupted iterations
ws_presence   [  81% ] 34/50 VUs  1m37.6s/2m00.0s

running (1m39.0s), 34/50 VUs, 248 complete and 0 interrupted iterations
ws_presence   [  82% ] 34/50 VUs  1m38.6s/2m00.0s

running (1m40.0s), 33/50 VUs, 253 complete and 0 interrupted iterations
ws_presence   [  83% ] 33/50 VUs  1m39.6s/2m00.0s

running (1m41.0s), 31/50 VUs, 257 complete and 0 interrupted iterations
ws_presence   [  84% ] 31/50 VUs  1m40.6s/2m00.0s

running (1m42.0s), 29/50 VUs, 261 complete and 0 interrupted iterations
ws_presence   [  85% ] 29/50 VUs  1m41.6s/2m00.0s

running (1m43.0s), 28/50 VUs, 265 complete and 0 interrupted iterations
ws_presence   [  86% ] 28/50 VUs  1m42.6s/2m00.0s

running (1m44.0s), 26/50 VUs, 268 complete and 0 interrupted iterations
ws_presence   [  86% ] 26/50 VUs  1m43.6s/2m00.0s

running (1m45.0s), 26/50 VUs, 272 complete and 0 interrupted iterations
ws_presence   [  87% ] 26/50 VUs  1m44.6s/2m00.0s

running (1m46.0s), 24/50 VUs, 275 complete and 0 interrupted iterations
ws_presence   [  88% ] 24/50 VUs  1m45.6s/2m00.0s

running (1m47.0s), 23/50 VUs, 278 complete and 0 interrupted iterations
ws_presence   [  89% ] 23/50 VUs  1m46.6s/2m00.0s

running (1m48.0s), 22/50 VUs, 281 complete and 0 interrupted iterations
ws_presence   [  90% ] 22/50 VUs  1m47.6s/2m00.0s

running (1m49.0s), 20/50 VUs, 285 complete and 0 interrupted iterations
ws_presence   [  91% ] 20/50 VUs  1m48.6s/2m00.0s

running (1m50.0s), 20/50 VUs, 287 complete and 0 interrupted iterations
ws_presence   [  91% ] 20/50 VUs  1m49.6s/2m00.0s

running (1m51.0s), 19/50 VUs, 288 complete and 0 interrupted iterations
ws_presence   [  92% ] 19/50 VUs  1m50.6s/2m00.0s

running (1m52.0s), 17/50 VUs, 292 complete and 0 interrupted iterations
ws_presence   [  93% ] 17/50 VUs  1m51.6s/2m00.0s

running (1m53.0s), 16/50 VUs, 293 complete and 0 interrupted iterations
ws_presence   [  94% ] 16/50 VUs  1m52.6s/2m00.0s

running (1m54.0s), 15/50 VUs, 296 complete and 0 interrupted iterations
ws_presence   [  95% ] 15/50 VUs  1m53.6s/2m00.0s

running (1m55.0s), 14/50 VUs, 298 complete and 0 interrupted iterations
ws_presence   [  96% ] 14/50 VUs  1m54.6s/2m00.0s

running (1m56.0s), 12/50 VUs, 300 complete and 0 interrupted iterations
ws_presence   [  96% ] 12/50 VUs  1m55.6s/2m00.0s

running (1m57.0s), 12/50 VUs, 302 complete and 0 interrupted iterations
ws_presence   [  97% ] 12/50 VUs  1m56.6s/2m00.0s

running (1m58.0s), 10/50 VUs, 304 complete and 0 interrupted iterations
ws_presence   [  98% ] 10/50 VUs  1m57.6s/2m00.0s

running (1m59.0s), 09/50 VUs, 306 complete and 0 interrupted iterations
ws_presence   [  99% ] 09/50 VUs  1m58.6s/2m00.0s

running (2m00.0s), 08/50 VUs, 307 complete and 0 interrupted iterations
ws_presence   [ 100% ] 08/50 VUs  1m59.6s/2m00.0s

running (2m01.0s), 07/50 VUs, 308 complete and 0 interrupted iterations
ws_presence ↓ [ 100% ] 08/50 VUs  2m0s

running (2m02.0s), 06/50 VUs, 309 complete and 0 interrupted iterations
ws_presence ↓ [ 100% ] 08/50 VUs  2m0s

running (2m03.0s), 05/50 VUs, 310 complete and 0 interrupted iterations
ws_presence ↓ [ 100% ] 08/50 VUs  2m0s

running (2m04.0s), 03/50 VUs, 312 complete and 0 interrupted iterations
ws_presence ↓ [ 100% ] 08/50 VUs  2m0s

running (2m05.0s), 03/50 VUs, 312 complete and 0 interrupted iterations
ws_presence ↓ [ 100% ] 08/50 VUs  2m0s

running (2m06.0s), 02/50 VUs, 313 complete and 0 interrupted iterations
ws_presence ↓ [ 100% ] 08/50 VUs  2m0s

running (2m07.0s), 01/50 VUs, 314 complete and 0 interrupted iterations
ws_presence ↓ [ 100% ] 08/50 VUs  2m0s

running (2m08.0s), 01/50 VUs, 314 complete and 0 interrupted iterations
ws_presence ↓ [ 100% ] 08/50 VUs  2m0s

     ✓ WebSocket connected
     ✓ JOIN roundtrip received

     checks.........................: 100.00% 630 out of 630
     data_received..................: 1.1 MB  8.7 kB/s
     data_sent......................: 283 kB  2.2 kB/s
     http_req_blocked...............: avg=82.74µs min=3.93µs  med=5.51µs  max=808.59µs p(90)=38.25µs  p(95)=423.42µs
     http_req_connecting............: avg=31.08µs min=0s      med=0s      max=341.96µs p(90)=0s       p(95)=170.98µs
     http_req_duration..............: avg=32.17ms min=5.83ms  med=7.43ms  max=146.91ms p(90)=109.38ms p(95)=128.15ms
       { expected_response:true }...: avg=32.17ms min=5.83ms  med=7.43ms  max=146.91ms p(90)=109.38ms p(95)=128.15ms
     http_req_failed................: 0.00%   0 out of 11
     http_req_receiving.............: avg=145.9µs min=78.78µs med=122.2µs max=446.55µs p(90)=148.96µs p(95)=297.76µs
     http_req_sending...............: avg=48.01µs min=19.42µs med=36.72µs max=136.13µs p(90)=67.93µs  p(95)=102.03µs
     http_req_tls_handshaking.......: avg=0s      min=0s      med=0s      max=0s       p(90)=0s       p(95)=0s      
     http_req_waiting...............: avg=31.98ms min=5.71ms  med=7.27ms  max=146.44ms p(90)=109.1ms  p(95)=127.77ms
     http_reqs......................: 11      0.085681/s
     iteration_duration.............: avg=9.5s    min=9.5s    med=9.5s    max=9.64s    p(90)=9.5s     p(95)=9.5s    
     iterations.....................: 315     2.453606/s
     vus............................: 1       min=1          max=50
     vus_max........................: 50      min=50         max=50
   ✓ ws_connect_ms..................: avg=4.1ms   min=2ms     med=3ms     max=141ms    p(90)=4ms      p(95)=5ms     
     ws_connecting..................: avg=2.9ms   min=1.11ms  med=2.08ms  max=139.57ms p(90)=2.54ms   p(95)=2.69ms  
     ws_connections.................: 315     2.453606/s
   ✓ ws_join_roundtrip_ms...........: avg=6.25ms  min=2ms     med=6ms     max=12ms     p(90)=8ms      p(95)=8.3ms   
     ws_messages_received...........: 3332    25.953697/s
     ws_msgs_received...............: 3962    30.860909/s
     ws_msgs_sent...................: 1575    12.268029/s
     ws_session_duration............: avg=8.5s    min=8.5s    med=8.5s    max=8.64s    p(90)=8.5s     p(95)=8.5s    
     ws_sessions....................: 315     2.453606/s


running (2m08.4s), 00/50 VUs, 315 complete and 0 interrupted iterations
ws_presence ✓ [ 100% ] 00/50 VUs  2m0s
