
         /\      Grafana   /‾‾/  
    /\  /  \     |\  __   /  /   
   /  \/    \    | |/ /  /   ‾‾\ 
  /          \   |   (  |  (‾)  |
 / __________ \  |_|\_\  \_____/ 

     execution: local
        script: k6/04-throughput.js
        output: -

     scenarios: (100.00%) 1 scenario, 100 max VUs, 6m0s max duration (incl. graceful stop):
              * throughput_ramp: Up to 100 looping VUs for 5m30s over 7 stages (gracefulRampDown: 30s, gracefulStop: 30s)


running (0m01.0s), 000/100 VUs, 0 complete and 0 interrupted iterations
throughput_ramp   [   0% ] 000/100 VUs  0m00.9s/5m30.0s

running (0m02.0s), 000/100 VUs, 0 complete and 0 interrupted iterations
throughput_ramp   [   1% ] 000/100 VUs  0m01.9s/5m30.0s

running (0m03.0s), 000/100 VUs, 0 complete and 0 interrupted iterations
throughput_ramp   [   1% ] 000/100 VUs  0m02.9s/5m30.0s

running (0m04.0s), 001/100 VUs, 0 complete and 0 interrupted iterations
throughput_ramp   [   1% ] 001/100 VUs  0m03.9s/5m30.0s

running (0m05.0s), 001/100 VUs, 0 complete and 0 interrupted iterations
throughput_ramp   [   1% ] 001/100 VUs  0m04.9s/5m30.0s

running (0m06.0s), 001/100 VUs, 1 complete and 0 interrupted iterations
throughput_ramp   [   2% ] 001/100 VUs  0m05.9s/5m30.0s

running (0m07.0s), 002/100 VUs, 2 complete and 0 interrupted iterations
throughput_ramp   [   2% ] 002/100 VUs  0m06.9s/5m30.0s

running (0m08.0s), 002/100 VUs, 2 complete and 0 interrupted iterations
throughput_ramp   [   2% ] 002/100 VUs  0m07.9s/5m30.0s

running (0m09.0s), 002/100 VUs, 3 complete and 0 interrupted iterations
throughput_ramp   [   3% ] 002/100 VUs  0m08.9s/5m30.0s

running (0m10.0s), 003/100 VUs, 4 complete and 0 interrupted iterations
throughput_ramp   [   3% ] 003/100 VUs  0m09.9s/5m30.0s

running (0m11.0s), 003/100 VUs, 4 complete and 0 interrupted iterations
throughput_ramp   [   3% ] 003/100 VUs  0m10.9s/5m30.0s

running (0m12.0s), 003/100 VUs, 5 complete and 0 interrupted iterations
throughput_ramp   [   4% ] 003/100 VUs  0m11.9s/5m30.0s

running (0m13.0s), 004/100 VUs, 5 complete and 0 interrupted iterations
throughput_ramp   [   4% ] 004/100 VUs  0m12.9s/5m30.0s

running (0m14.0s), 004/100 VUs, 7 complete and 0 interrupted iterations
throughput_ramp   [   4% ] 004/100 VUs  0m13.9s/5m30.0s

running (0m15.0s), 004/100 VUs, 7 complete and 0 interrupted iterations
throughput_ramp   [   5% ] 004/100 VUs  0m14.9s/5m30.0s

running (0m16.0s), 005/100 VUs, 7 complete and 0 interrupted iterations
throughput_ramp   [   5% ] 005/100 VUs  0m15.9s/5m30.0s

running (0m17.0s), 005/100 VUs, 8 complete and 0 interrupted iterations
throughput_ramp   [   5% ] 005/100 VUs  0m16.9s/5m30.0s

running (0m18.0s), 005/100 VUs, 10 complete and 0 interrupted iterations
throughput_ramp   [   5% ] 005/100 VUs  0m17.9s/5m30.0s

running (0m19.0s), 006/100 VUs, 12 complete and 0 interrupted iterations
throughput_ramp   [   6% ] 006/100 VUs  0m18.9s/5m30.0s

running (0m20.0s), 006/100 VUs, 12 complete and 0 interrupted iterations
throughput_ramp   [   6% ] 006/100 VUs  0m19.9s/5m30.0s

running (0m21.0s), 006/100 VUs, 14 complete and 0 interrupted iterations
throughput_ramp   [   6% ] 006/100 VUs  0m20.9s/5m30.0s

running (0m22.0s), 007/100 VUs, 14 complete and 0 interrupted iterations
throughput_ramp   [   7% ] 007/100 VUs  0m21.9s/5m30.0s

running (0m23.0s), 007/100 VUs, 15 complete and 0 interrupted iterations
throughput_ramp   [   7% ] 007/100 VUs  0m22.9s/5m30.0s

running (0m24.0s), 007/100 VUs, 17 complete and 0 interrupted iterations
throughput_ramp   [   7% ] 007/100 VUs  0m23.9s/5m30.0s

running (0m25.0s), 008/100 VUs, 17 complete and 0 interrupted iterations
throughput_ramp   [   8% ] 008/100 VUs  0m24.9s/5m30.0s

running (0m26.0s), 008/100 VUs, 17 complete and 0 interrupted iterations
throughput_ramp   [   8% ] 008/100 VUs  0m25.9s/5m30.0s

running (0m27.0s), 008/100 VUs, 19 complete and 0 interrupted iterations
throughput_ramp   [   8% ] 008/100 VUs  0m26.9s/5m30.0s

running (0m28.0s), 009/100 VUs, 21 complete and 0 interrupted iterations
throughput_ramp   [   8% ] 009/100 VUs  0m27.9s/5m30.0s

running (0m29.0s), 009/100 VUs, 22 complete and 0 interrupted iterations
throughput_ramp   [   9% ] 009/100 VUs  0m28.9s/5m30.0s

running (0m30.0s), 009/100 VUs, 23 complete and 0 interrupted iterations
throughput_ramp   [   9% ] 009/100 VUs  0m29.9s/5m30.0s

running (0m31.0s), 010/100 VUs, 24 complete and 0 interrupted iterations
throughput_ramp   [   9% ] 010/100 VUs  0m30.9s/5m30.0s

running (0m32.0s), 010/100 VUs, 25 complete and 0 interrupted iterations
throughput_ramp   [  10% ] 010/100 VUs  0m31.9s/5m30.0s

running (0m33.0s), 010/100 VUs, 26 complete and 0 interrupted iterations
throughput_ramp   [  10% ] 010/100 VUs  0m32.9s/5m30.0s

running (0m34.0s), 010/100 VUs, 27 complete and 0 interrupted iterations
throughput_ramp   [  10% ] 010/100 VUs  0m33.9s/5m30.0s

running (0m35.0s), 011/100 VUs, 28 complete and 0 interrupted iterations
throughput_ramp   [  11% ] 011/100 VUs  0m34.9s/5m30.0s

running (0m36.0s), 011/100 VUs, 30 complete and 0 interrupted iterations
throughput_ramp   [  11% ] 011/100 VUs  0m35.9s/5m30.0s

running (0m37.0s), 011/100 VUs, 30 complete and 0 interrupted iterations
throughput_ramp   [  11% ] 011/100 VUs  0m36.9s/5m30.0s

running (0m38.0s), 011/100 VUs, 32 complete and 0 interrupted iterations
throughput_ramp   [  11% ] 011/100 VUs  0m37.9s/5m30.0s

running (0m39.0s), 012/100 VUs, 33 complete and 0 interrupted iterations
throughput_ramp   [  12% ] 012/100 VUs  0m38.9s/5m30.0s

running (0m40.0s), 012/100 VUs, 34 complete and 0 interrupted iterations
throughput_ramp   [  12% ] 012/100 VUs  0m39.9s/5m30.0s

running (0m41.0s), 012/100 VUs, 36 complete and 0 interrupted iterations
throughput_ramp   [  12% ] 012/100 VUs  0m40.9s/5m30.0s

running (0m42.0s), 012/100 VUs, 36 complete and 0 interrupted iterations
throughput_ramp   [  13% ] 012/100 VUs  0m41.9s/5m30.0s

running (0m43.0s), 013/100 VUs, 36 complete and 0 interrupted iterations
throughput_ramp   [  13% ] 013/100 VUs  0m42.9s/5m30.0s

running (0m44.0s), 013/100 VUs, 39 complete and 0 interrupted iterations
throughput_ramp   [  13% ] 013/100 VUs  0m43.9s/5m30.0s

running (0m45.0s), 013/100 VUs, 39 complete and 0 interrupted iterations
throughput_ramp   [  14% ] 013/100 VUs  0m44.9s/5m30.0s

running (0m46.0s), 013/100 VUs, 39 complete and 0 interrupted iterations
throughput_ramp   [  14% ] 013/100 VUs  0m45.9s/5m30.0s

running (0m47.0s), 014/100 VUs, 42 complete and 0 interrupted iterations
throughput_ramp   [  14% ] 014/100 VUs  0m46.9s/5m30.0s

running (0m48.0s), 014/100 VUs, 43 complete and 0 interrupted iterations
throughput_ramp   [  15% ] 014/100 VUs  0m47.9s/5m30.0s

running (0m49.0s), 014/100 VUs, 44 complete and 0 interrupted iterations
throughput_ramp   [  15% ] 014/100 VUs  0m48.9s/5m30.0s

running (0m50.0s), 014/100 VUs, 45 complete and 0 interrupted iterations
throughput_ramp   [  15% ] 014/100 VUs  0m49.9s/5m30.0s

running (0m51.0s), 015/100 VUs, 46 complete and 0 interrupted iterations
throughput_ramp   [  15% ] 015/100 VUs  0m50.9s/5m30.0s

running (0m52.0s), 015/100 VUs, 46 complete and 0 interrupted iterations
throughput_ramp   [  16% ] 015/100 VUs  0m51.9s/5m30.0s

running (0m53.0s), 015/100 VUs, 48 complete and 0 interrupted iterations
throughput_ramp   [  16% ] 015/100 VUs  0m52.9s/5m30.0s

running (0m54.0s), 015/100 VUs, 48 complete and 0 interrupted iterations
throughput_ramp   [  16% ] 015/100 VUs  0m53.9s/5m30.0s

running (0m55.0s), 016/100 VUs, 49 complete and 0 interrupted iterations
throughput_ramp   [  17% ] 016/100 VUs  0m54.9s/5m30.0s

running (0m56.0s), 016/100 VUs, 50 complete and 0 interrupted iterations
throughput_ramp   [  17% ] 016/100 VUs  0m55.9s/5m30.0s

running (0m57.0s), 016/100 VUs, 53 complete and 0 interrupted iterations
throughput_ramp   [  17% ] 016/100 VUs  0m56.9s/5m30.0s

running (0m58.0s), 016/100 VUs, 55 complete and 0 interrupted iterations
throughput_ramp   [  18% ] 016/100 VUs  0m57.9s/5m30.0s

running (0m59.0s), 017/100 VUs, 55 complete and 0 interrupted iterations
throughput_ramp   [  18% ] 017/100 VUs  0m58.9s/5m30.0s

running (1m00.0s), 017/100 VUs, 55 complete and 0 interrupted iterations
throughput_ramp   [  18% ] 017/100 VUs  0m59.9s/5m30.0s

running (1m01.0s), 017/100 VUs, 57 complete and 0 interrupted iterations
throughput_ramp   [  18% ] 017/100 VUs  1m00.9s/5m30.0s

running (1m02.0s), 017/100 VUs, 57 complete and 0 interrupted iterations
throughput_ramp   [  19% ] 017/100 VUs  1m01.9s/5m30.0s

running (1m03.0s), 018/100 VUs, 59 complete and 0 interrupted iterations
throughput_ramp   [  19% ] 018/100 VUs  1m02.9s/5m30.0s

running (1m04.0s), 018/100 VUs, 59 complete and 0 interrupted iterations
throughput_ramp   [  19% ] 018/100 VUs  1m03.9s/5m30.0s

running (1m05.0s), 018/100 VUs, 62 complete and 0 interrupted iterations
throughput_ramp   [  20% ] 018/100 VUs  1m04.9s/5m30.0s

running (1m06.0s), 018/100 VUs, 63 complete and 0 interrupted iterations
throughput_ramp   [  20% ] 018/100 VUs  1m05.9s/5m30.0s

running (1m07.0s), 019/100 VUs, 66 complete and 0 interrupted iterations
throughput_ramp   [  20% ] 019/100 VUs  1m06.9s/5m30.0s

running (1m08.0s), 019/100 VUs, 70 complete and 0 interrupted iterations
throughput_ramp   [  21% ] 019/100 VUs  1m07.9s/5m30.0s

running (1m09.0s), 019/100 VUs, 70 complete and 0 interrupted iterations
throughput_ramp   [  21% ] 019/100 VUs  1m08.9s/5m30.0s

running (1m10.0s), 019/100 VUs, 71 complete and 0 interrupted iterations
throughput_ramp   [  21% ] 019/100 VUs  1m09.9s/5m30.0s

running (1m11.0s), 020/100 VUs, 71 complete and 0 interrupted iterations
throughput_ramp   [  21% ] 020/100 VUs  1m10.9s/5m30.0s

running (1m12.0s), 020/100 VUs, 74 complete and 0 interrupted iterations
throughput_ramp   [  22% ] 020/100 VUs  1m11.9s/5m30.0s

running (1m13.0s), 020/100 VUs, 74 complete and 0 interrupted iterations
throughput_ramp   [  22% ] 020/100 VUs  1m12.9s/5m30.0s

running (1m14.0s), 020/100 VUs, 76 complete and 0 interrupted iterations
throughput_ramp   [  22% ] 020/100 VUs  1m13.9s/5m30.0s

running (1m15.0s), 021/100 VUs, 77 complete and 0 interrupted iterations
throughput_ramp   [  23% ] 021/100 VUs  1m14.9s/5m30.0s

running (1m16.0s), 021/100 VUs, 78 complete and 0 interrupted iterations
throughput_ramp   [  23% ] 021/100 VUs  1m15.9s/5m30.0s

running (1m17.0s), 021/100 VUs, 81 complete and 0 interrupted iterations
throughput_ramp   [  23% ] 021/100 VUs  1m16.9s/5m30.0s

running (1m18.0s), 021/100 VUs, 84 complete and 0 interrupted iterations
throughput_ramp   [  24% ] 021/100 VUs  1m17.9s/5m30.0s

running (1m19.0s), 022/100 VUs, 85 complete and 0 interrupted iterations
throughput_ramp   [  24% ] 022/100 VUs  1m18.9s/5m30.0s

running (1m20.0s), 022/100 VUs, 86 complete and 0 interrupted iterations
throughput_ramp   [  24% ] 022/100 VUs  1m19.9s/5m30.0s

running (1m21.0s), 022/100 VUs, 86 complete and 0 interrupted iterations
throughput_ramp   [  25% ] 022/100 VUs  1m20.9s/5m30.0s

running (1m22.0s), 022/100 VUs, 86 complete and 0 interrupted iterations
throughput_ramp   [  25% ] 022/100 VUs  1m21.9s/5m30.0s

running (1m23.0s), 023/100 VUs, 87 complete and 0 interrupted iterations
throughput_ramp   [  25% ] 023/100 VUs  1m22.9s/5m30.0s

running (1m24.0s), 023/100 VUs, 87 complete and 0 interrupted iterations
throughput_ramp   [  25% ] 023/100 VUs  1m23.9s/5m30.0s

running (1m25.0s), 023/100 VUs, 92 complete and 0 interrupted iterations
throughput_ramp   [  26% ] 023/100 VUs  1m24.9s/5m30.0s

running (1m26.0s), 023/100 VUs, 95 complete and 0 interrupted iterations
throughput_ramp   [  26% ] 023/100 VUs  1m25.9s/5m30.0s

running (1m27.0s), 024/100 VUs, 95 complete and 0 interrupted iterations
throughput_ramp   [  26% ] 024/100 VUs  1m26.9s/5m30.0s

running (1m28.0s), 024/100 VUs, 95 complete and 0 interrupted iterations
throughput_ramp   [  27% ] 024/100 VUs  1m27.9s/5m30.0s

running (1m29.0s), 024/100 VUs, 96 complete and 0 interrupted iterations
throughput_ramp   [  27% ] 024/100 VUs  1m28.9s/5m30.0s

running (1m30.0s), 024/100 VUs, 96 complete and 0 interrupted iterations
throughput_ramp   [  27% ] 024/100 VUs  1m29.9s/5m30.0s

running (1m31.0s), 025/100 VUs, 99 complete and 0 interrupted iterations
throughput_ramp   [  28% ] 025/100 VUs  1m30.9s/5m30.0s

running (1m32.0s), 025/100 VUs, 99 complete and 0 interrupted iterations
throughput_ramp   [  28% ] 025/100 VUs  1m31.9s/5m30.0s

running (1m33.0s), 026/100 VUs, 102 complete and 0 interrupted iterations
throughput_ramp   [  28% ] 026/100 VUs  1m32.9s/5m30.0s

running (1m34.0s), 026/100 VUs, 102 complete and 0 interrupted iterations
throughput_ramp   [  28% ] 026/100 VUs  1m33.9s/5m30.0s

running (1m35.0s), 027/100 VUs, 103 complete and 0 interrupted iterations
throughput_ramp   [  29% ] 027/100 VUs  1m34.9s/5m30.0s

running (1m36.0s), 027/100 VUs, 105 complete and 0 interrupted iterations
throughput_ramp   [  29% ] 027/100 VUs  1m35.9s/5m30.0s

running (1m37.0s), 027/100 VUs, 107 complete and 0 interrupted iterations
throughput_ramp   [  29% ] 027/100 VUs  1m36.9s/5m30.0s

running (1m38.0s), 028/100 VUs, 108 complete and 0 interrupted iterations
throughput_ramp   [  30% ] 028/100 VUs  1m37.9s/5m30.0s

running (1m39.0s), 028/100 VUs, 108 complete and 0 interrupted iterations
throughput_ramp   [  30% ] 028/100 VUs  1m38.9s/5m30.0s

running (1m40.0s), 029/100 VUs, 108 complete and 0 interrupted iterations
throughput_ramp   [  30% ] 029/100 VUs  1m39.9s/5m30.0s

running (1m41.0s), 029/100 VUs, 108 complete and 0 interrupted iterations
throughput_ramp   [  31% ] 029/100 VUs  1m40.9s/5m30.0s

running (1m42.0s), 029/100 VUs, 111 complete and 0 interrupted iterations
throughput_ramp   [  31% ] 029/100 VUs  1m41.9s/5m30.0s

running (1m43.0s), 030/100 VUs, 113 complete and 0 interrupted iterations
throughput_ramp   [  31% ] 030/100 VUs  1m42.9s/5m30.0s

running (1m44.0s), 030/100 VUs, 113 complete and 0 interrupted iterations
throughput_ramp   [  31% ] 030/100 VUs  1m43.9s/5m30.0s

running (1m45.0s), 031/100 VUs, 113 complete and 0 interrupted iterations
throughput_ramp   [  32% ] 031/100 VUs  1m44.9s/5m30.0s

running (1m46.0s), 031/100 VUs, 114 complete and 0 interrupted iterations
throughput_ramp   [  32% ] 031/100 VUs  1m45.9s/5m30.0s

running (1m47.0s), 032/100 VUs, 117 complete and 0 interrupted iterations
throughput_ramp   [  32% ] 032/100 VUs  1m46.9s/5m30.0s

running (1m48.0s), 032/100 VUs, 118 complete and 0 interrupted iterations
throughput_ramp   [  33% ] 032/100 VUs  1m47.9s/5m30.0s

running (1m49.0s), 032/100 VUs, 120 complete and 0 interrupted iterations
throughput_ramp   [  33% ] 032/100 VUs  1m48.9s/5m30.0s

running (1m50.0s), 033/100 VUs, 122 complete and 0 interrupted iterations
throughput_ramp   [  33% ] 033/100 VUs  1m49.9s/5m30.0s

running (1m51.0s), 033/100 VUs, 122 complete and 0 interrupted iterations
throughput_ramp   [  34% ] 033/100 VUs  1m50.9s/5m30.0s

running (1m52.0s), 034/100 VUs, 124 complete and 0 interrupted iterations
throughput_ramp   [  34% ] 034/100 VUs  1m51.9s/5m30.0s

running (1m53.0s), 034/100 VUs, 124 complete and 0 interrupted iterations
throughput_ramp   [  34% ] 034/100 VUs  1m52.9s/5m30.0s

running (1m54.0s), 034/100 VUs, 127 complete and 0 interrupted iterations
throughput_ramp   [  35% ] 034/100 VUs  1m53.9s/5m30.0s

running (1m55.0s), 035/100 VUs, 129 complete and 0 interrupted iterations
throughput_ramp   [  35% ] 035/100 VUs  1m54.9s/5m30.0s

running (1m56.0s), 035/100 VUs, 129 complete and 0 interrupted iterations
throughput_ramp   [  35% ] 035/100 VUs  1m55.9s/5m30.0s

running (1m57.0s), 036/100 VUs, 131 complete and 0 interrupted iterations
throughput_ramp   [  35% ] 036/100 VUs  1m56.9s/5m30.0s

running (1m58.0s), 036/100 VUs, 132 complete and 0 interrupted iterations
throughput_ramp   [  36% ] 036/100 VUs  1m57.9s/5m30.0s

running (1m59.0s), 037/100 VUs, 135 complete and 0 interrupted iterations
throughput_ramp   [  36% ] 037/100 VUs  1m58.9s/5m30.0s

running (2m00.0s), 037/100 VUs, 138 complete and 0 interrupted iterations
throughput_ramp   [  36% ] 037/100 VUs  1m59.9s/5m30.0s

running (2m01.0s), 037/100 VUs, 138 complete and 0 interrupted iterations
throughput_ramp   [  37% ] 037/100 VUs  2m00.9s/5m30.0s

running (2m02.0s), 038/100 VUs, 138 complete and 0 interrupted iterations
throughput_ramp   [  37% ] 038/100 VUs  2m01.9s/5m30.0s

running (2m03.0s), 038/100 VUs, 138 complete and 0 interrupted iterations
throughput_ramp   [  37% ] 038/100 VUs  2m02.9s/5m30.0s

running (2m04.0s), 039/100 VUs, 138 complete and 0 interrupted iterations
throughput_ramp   [  38% ] 039/100 VUs  2m03.9s/5m30.0s

running (2m05.0s), 039/100 VUs, 141 complete and 0 interrupted iterations
throughput_ramp   [  38% ] 039/100 VUs  2m04.9s/5m30.0s

running (2m06.0s), 039/100 VUs, 141 complete and 0 interrupted iterations
throughput_ramp   [  38% ] 039/100 VUs  2m05.9s/5m30.0s

running (2m07.0s), 040/100 VUs, 143 complete and 0 interrupted iterations
throughput_ramp   [  38% ] 040/100 VUs  2m06.9s/5m30.0s

running (2m08.0s), 040/100 VUs, 146 complete and 0 interrupted iterations
throughput_ramp   [  39% ] 040/100 VUs  2m07.9s/5m30.0s

running (2m09.0s), 041/100 VUs, 146 complete and 0 interrupted iterations
throughput_ramp   [  39% ] 041/100 VUs  2m08.9s/5m30.0s

running (2m10.0s), 041/100 VUs, 147 complete and 0 interrupted iterations
throughput_ramp   [  39% ] 041/100 VUs  2m09.9s/5m30.0s

running (2m11.0s), 042/100 VUs, 149 complete and 0 interrupted iterations
throughput_ramp   [  40% ] 042/100 VUs  2m10.9s/5m30.0s

running (2m12.0s), 042/100 VUs, 149 complete and 0 interrupted iterations
throughput_ramp   [  40% ] 042/100 VUs  2m11.9s/5m30.0s

running (2m13.0s), 042/100 VUs, 151 complete and 0 interrupted iterations
throughput_ramp   [  40% ] 042/100 VUs  2m12.9s/5m30.0s

running (2m14.0s), 043/100 VUs, 151 complete and 0 interrupted iterations
throughput_ramp   [  41% ] 043/100 VUs  2m13.9s/5m30.0s

running (2m15.0s), 043/100 VUs, 152 complete and 0 interrupted iterations
throughput_ramp   [  41% ] 043/100 VUs  2m14.9s/5m30.0s

running (2m16.0s), 044/100 VUs, 155 complete and 0 interrupted iterations
throughput_ramp   [  41% ] 044/100 VUs  2m15.9s/5m30.0s

running (2m17.0s), 044/100 VUs, 155 complete and 0 interrupted iterations
throughput_ramp   [  41% ] 044/100 VUs  2m16.9s/5m30.0s

running (2m18.0s), 044/100 VUs, 155 complete and 0 interrupted iterations
throughput_ramp   [  42% ] 044/100 VUs  2m17.9s/5m30.0s

running (2m19.0s), 045/100 VUs, 159 complete and 0 interrupted iterations
throughput_ramp   [  42% ] 045/100 VUs  2m18.9s/5m30.0s

running (2m20.0s), 045/100 VUs, 162 complete and 0 interrupted iterations
throughput_ramp   [  42% ] 045/100 VUs  2m19.9s/5m30.0s

running (2m21.0s), 046/100 VUs, 162 complete and 0 interrupted iterations
throughput_ramp   [  43% ] 046/100 VUs  2m20.9s/5m30.0s

running (2m22.0s), 046/100 VUs, 164 complete and 0 interrupted iterations
throughput_ramp   [  43% ] 046/100 VUs  2m21.9s/5m30.0s

running (2m23.0s), 047/100 VUs, 165 complete and 0 interrupted iterations
throughput_ramp   [  43% ] 047/100 VUs  2m22.9s/5m30.0s

running (2m24.0s), 047/100 VUs, 166 complete and 0 interrupted iterations
throughput_ramp   [  44% ] 047/100 VUs  2m23.9s/5m30.0s

running (2m25.0s), 047/100 VUs, 166 complete and 0 interrupted iterations
throughput_ramp   [  44% ] 047/100 VUs  2m24.9s/5m30.0s

running (2m26.0s), 048/100 VUs, 167 complete and 0 interrupted iterations
throughput_ramp   [  44% ] 048/100 VUs  2m25.9s/5m30.0s

running (2m27.0s), 048/100 VUs, 172 complete and 0 interrupted iterations
throughput_ramp   [  45% ] 048/100 VUs  2m26.9s/5m30.0s

running (2m28.0s), 049/100 VUs, 174 complete and 0 interrupted iterations
throughput_ramp   [  45% ] 049/100 VUs  2m27.9s/5m30.0s

running (2m29.0s), 049/100 VUs, 174 complete and 0 interrupted iterations
throughput_ramp   [  45% ] 049/100 VUs  2m28.9s/5m30.0s

running (2m30.0s), 049/100 VUs, 175 complete and 0 interrupted iterations
throughput_ramp   [  45% ] 049/100 VUs  2m29.9s/5m30.0s

running (2m31.0s), 050/100 VUs, 175 complete and 0 interrupted iterations
throughput_ramp   [  46% ] 050/100 VUs  2m30.9s/5m30.0s

running (2m32.0s), 050/100 VUs, 176 complete and 0 interrupted iterations
throughput_ramp   [  46% ] 050/100 VUs  2m31.9s/5m30.0s

running (2m33.0s), 051/100 VUs, 177 complete and 0 interrupted iterations
throughput_ramp   [  46% ] 051/100 VUs  2m32.9s/5m30.0s

running (2m34.0s), 051/100 VUs, 177 complete and 0 interrupted iterations
throughput_ramp   [  47% ] 051/100 VUs  2m33.9s/5m30.0s

running (2m35.0s), 052/100 VUs, 178 complete and 0 interrupted iterations
throughput_ramp   [  47% ] 052/100 VUs  2m34.9s/5m30.0s

running (2m36.0s), 052/100 VUs, 180 complete and 0 interrupted iterations
throughput_ramp   [  47% ] 052/100 VUs  2m35.9s/5m30.0s

running (2m37.0s), 052/100 VUs, 183 complete and 0 interrupted iterations
throughput_ramp   [  48% ] 052/100 VUs  2m36.9s/5m30.0s

running (2m38.0s), 053/100 VUs, 187 complete and 0 interrupted iterations
throughput_ramp   [  48% ] 053/100 VUs  2m37.9s/5m30.0s

running (2m39.0s), 053/100 VUs, 188 complete and 0 interrupted iterations
throughput_ramp   [  48% ] 053/100 VUs  2m38.9s/5m30.0s

running (2m40.0s), 054/100 VUs, 188 complete and 0 interrupted iterations
throughput_ramp   [  48% ] 054/100 VUs  2m39.9s/5m30.0s

running (2m41.0s), 054/100 VUs, 189 complete and 0 interrupted iterations
throughput_ramp   [  49% ] 054/100 VUs  2m40.9s/5m30.0s

running (2m42.0s), 054/100 VUs, 189 complete and 0 interrupted iterations
throughput_ramp   [  49% ] 054/100 VUs  2m41.9s/5m30.0s

running (2m43.0s), 055/100 VUs, 190 complete and 0 interrupted iterations
throughput_ramp   [  49% ] 055/100 VUs  2m42.9s/5m30.0s

running (2m44.0s), 055/100 VUs, 191 complete and 0 interrupted iterations
throughput_ramp   [  50% ] 055/100 VUs  2m43.9s/5m30.0s

running (2m45.0s), 056/100 VUs, 193 complete and 0 interrupted iterations
throughput_ramp   [  50% ] 056/100 VUs  2m44.9s/5m30.0s

running (2m46.0s), 056/100 VUs, 195 complete and 0 interrupted iterations
throughput_ramp   [  50% ] 056/100 VUs  2m45.9s/5m30.0s

running (2m47.0s), 057/100 VUs, 197 complete and 0 interrupted iterations
throughput_ramp   [  51% ] 057/100 VUs  2m46.9s/5m30.0s

running (2m48.0s), 057/100 VUs, 199 complete and 0 interrupted iterations
throughput_ramp   [  51% ] 057/100 VUs  2m47.9s/5m30.0s

running (2m49.0s), 057/100 VUs, 199 complete and 0 interrupted iterations
throughput_ramp   [  51% ] 057/100 VUs  2m48.9s/5m30.0s

running (2m50.0s), 058/100 VUs, 202 complete and 0 interrupted iterations
throughput_ramp   [  51% ] 058/100 VUs  2m49.9s/5m30.0s

running (2m51.0s), 058/100 VUs, 204 complete and 0 interrupted iterations
throughput_ramp   [  52% ] 058/100 VUs  2m50.9s/5m30.0s

running (2m52.0s), 059/100 VUs, 205 complete and 0 interrupted iterations
throughput_ramp   [  52% ] 059/100 VUs  2m51.9s/5m30.0s

running (2m53.0s), 059/100 VUs, 208 complete and 0 interrupted iterations
throughput_ramp   [  52% ] 059/100 VUs  2m52.9s/5m30.0s

running (2m54.0s), 059/100 VUs, 210 complete and 0 interrupted iterations
throughput_ramp   [  53% ] 059/100 VUs  2m53.9s/5m30.0s

running (2m55.0s), 060/100 VUs, 211 complete and 0 interrupted iterations
throughput_ramp   [  53% ] 060/100 VUs  2m54.9s/5m30.0s

running (2m56.0s), 060/100 VUs, 212 complete and 0 interrupted iterations
throughput_ramp   [  53% ] 060/100 VUs  2m55.9s/5m30.0s

running (2m57.0s), 061/100 VUs, 214 complete and 0 interrupted iterations
throughput_ramp   [  54% ] 061/100 VUs  2m56.9s/5m30.0s

running (2m58.0s), 061/100 VUs, 215 complete and 0 interrupted iterations
throughput_ramp   [  54% ] 061/100 VUs  2m57.9s/5m30.0s

running (2m59.0s), 062/100 VUs, 218 complete and 0 interrupted iterations
throughput_ramp   [  54% ] 062/100 VUs  2m58.9s/5m30.0s

running (3m00.0s), 062/100 VUs, 220 complete and 0 interrupted iterations
throughput_ramp   [  55% ] 062/100 VUs  2m59.9s/5m30.0s

running (3m01.0s), 062/100 VUs, 222 complete and 0 interrupted iterations
throughput_ramp   [  55% ] 062/100 VUs  3m00.9s/5m30.0s

running (3m02.0s), 063/100 VUs, 222 complete and 0 interrupted iterations
throughput_ramp   [  55% ] 063/100 VUs  3m01.9s/5m30.0s

running (3m03.0s), 063/100 VUs, 225 complete and 0 interrupted iterations
throughput_ramp   [  55% ] 063/100 VUs  3m02.9s/5m30.0s

running (3m04.0s), 064/100 VUs, 225 complete and 0 interrupted iterations
throughput_ramp   [  56% ] 064/100 VUs  3m03.9s/5m30.0s

running (3m05.0s), 064/100 VUs, 229 complete and 0 interrupted iterations
throughput_ramp   [  56% ] 064/100 VUs  3m04.9s/5m30.0s

running (3m06.0s), 064/100 VUs, 229 complete and 0 interrupted iterations
throughput_ramp   [  56% ] 064/100 VUs  3m05.9s/5m30.0s

running (3m07.0s), 065/100 VUs, 230 complete and 0 interrupted iterations
throughput_ramp   [  57% ] 065/100 VUs  3m06.9s/5m30.0s

running (3m08.0s), 065/100 VUs, 231 complete and 0 interrupted iterations
throughput_ramp   [  57% ] 065/100 VUs  3m07.9s/5m30.0s

running (3m09.0s), 066/100 VUs, 232 complete and 0 interrupted iterations
throughput_ramp   [  57% ] 066/100 VUs  3m08.9s/5m30.0s

running (3m10.0s), 066/100 VUs, 235 complete and 0 interrupted iterations
throughput_ramp   [  58% ] 066/100 VUs  3m09.9s/5m30.0s

running (3m11.0s), 067/100 VUs, 235 complete and 0 interrupted iterations
throughput_ramp   [  58% ] 067/100 VUs  3m10.9s/5m30.0s

running (3m12.0s), 067/100 VUs, 237 complete and 0 interrupted iterations
throughput_ramp   [  58% ] 067/100 VUs  3m11.9s/5m30.0s

running (3m13.0s), 067/100 VUs, 239 complete and 0 interrupted iterations
throughput_ramp   [  58% ] 067/100 VUs  3m12.9s/5m30.0s

running (3m14.0s), 068/100 VUs, 239 complete and 0 interrupted iterations
throughput_ramp   [  59% ] 068/100 VUs  3m13.9s/5m30.0s

running (3m15.0s), 068/100 VUs, 241 complete and 0 interrupted iterations
throughput_ramp   [  59% ] 068/100 VUs  3m14.9s/5m30.0s

running (3m16.0s), 069/100 VUs, 242 complete and 0 interrupted iterations
throughput_ramp   [  59% ] 069/100 VUs  3m15.9s/5m30.0s

running (3m17.0s), 069/100 VUs, 243 complete and 0 interrupted iterations
throughput_ramp   [  60% ] 069/100 VUs  3m16.9s/5m30.0s

running (3m18.0s), 069/100 VUs, 244 complete and 0 interrupted iterations
throughput_ramp   [  60% ] 069/100 VUs  3m17.9s/5m30.0s

running (3m19.0s), 070/100 VUs, 245 complete and 0 interrupted iterations
throughput_ramp   [  60% ] 070/100 VUs  3m18.9s/5m30.0s

running (3m20.0s), 070/100 VUs, 247 complete and 0 interrupted iterations
throughput_ramp   [  61% ] 070/100 VUs  3m19.9s/5m30.0s

running (3m21.0s), 071/100 VUs, 248 complete and 0 interrupted iterations
throughput_ramp   [  61% ] 071/100 VUs  3m20.9s/5m30.0s

running (3m22.0s), 071/100 VUs, 249 complete and 0 interrupted iterations
throughput_ramp   [  61% ] 071/100 VUs  3m21.9s/5m30.0s

running (3m23.0s), 072/100 VUs, 251 complete and 0 interrupted iterations
throughput_ramp   [  61% ] 072/100 VUs  3m22.9s/5m30.0s

running (3m24.0s), 072/100 VUs, 252 complete and 0 interrupted iterations
throughput_ramp   [  62% ] 072/100 VUs  3m23.9s/5m30.0s

running (3m25.0s), 072/100 VUs, 253 complete and 0 interrupted iterations
throughput_ramp   [  62% ] 072/100 VUs  3m24.9s/5m30.0s

running (3m26.0s), 073/100 VUs, 255 complete and 0 interrupted iterations
throughput_ramp   [  62% ] 073/100 VUs  3m25.9s/5m30.0s

running (3m27.0s), 073/100 VUs, 256 complete and 0 interrupted iterations
throughput_ramp   [  63% ] 073/100 VUs  3m26.9s/5m30.0s

running (3m28.0s), 074/100 VUs, 257 complete and 0 interrupted iterations
throughput_ramp   [  63% ] 074/100 VUs  3m27.9s/5m30.0s

running (3m29.0s), 074/100 VUs, 257 complete and 0 interrupted iterations
throughput_ramp   [  63% ] 074/100 VUs  3m28.9s/5m30.0s

running (3m30.0s), 074/100 VUs, 260 complete and 0 interrupted iterations
throughput_ramp   [  64% ] 074/100 VUs  3m29.9s/5m30.0s

running (3m31.0s), 075/100 VUs, 262 complete and 0 interrupted iterations
throughput_ramp   [  64% ] 075/100 VUs  3m30.9s/5m30.0s

running (3m32.0s), 075/100 VUs, 264 complete and 0 interrupted iterations
throughput_ramp   [  64% ] 075/100 VUs  3m31.9s/5m30.0s

running (3m33.0s), 076/100 VUs, 264 complete and 0 interrupted iterations
throughput_ramp   [  65% ] 076/100 VUs  3m32.9s/5m30.0s

running (3m34.0s), 076/100 VUs, 265 complete and 0 interrupted iterations
throughput_ramp   [  65% ] 076/100 VUs  3m33.9s/5m30.0s

running (3m35.0s), 077/100 VUs, 266 complete and 0 interrupted iterations
throughput_ramp   [  65% ] 077/100 VUs  3m34.9s/5m30.0s

running (3m36.0s), 077/100 VUs, 267 complete and 0 interrupted iterations
throughput_ramp   [  65% ] 077/100 VUs  3m35.9s/5m30.0s

running (3m37.0s), 077/100 VUs, 270 complete and 0 interrupted iterations
throughput_ramp   [  66% ] 077/100 VUs  3m36.9s/5m30.0s

running (3m38.0s), 078/100 VUs, 272 complete and 0 interrupted iterations
throughput_ramp   [  66% ] 078/100 VUs  3m37.9s/5m30.0s

running (3m39.0s), 078/100 VUs, 273 complete and 0 interrupted iterations
throughput_ramp   [  66% ] 078/100 VUs  3m38.9s/5m30.0s

running (3m40.0s), 079/100 VUs, 274 complete and 0 interrupted iterations
throughput_ramp   [  67% ] 079/100 VUs  3m39.9s/5m30.0s

running (3m41.0s), 079/100 VUs, 274 complete and 0 interrupted iterations
throughput_ramp   [  67% ] 079/100 VUs  3m40.9s/5m30.0s

running (3m42.0s), 079/100 VUs, 277 complete and 0 interrupted iterations
throughput_ramp   [  67% ] 079/100 VUs  3m41.9s/5m30.0s

running (3m43.0s), 080/100 VUs, 279 complete and 0 interrupted iterations
throughput_ramp   [  68% ] 080/100 VUs  3m42.9s/5m30.0s

running (3m44.0s), 080/100 VUs, 281 complete and 0 interrupted iterations
throughput_ramp   [  68% ] 080/100 VUs  3m43.9s/5m30.0s

running (3m45.0s), 081/100 VUs, 282 complete and 0 interrupted iterations
throughput_ramp   [  68% ] 081/100 VUs  3m44.9s/5m30.0s

running (3m46.0s), 081/100 VUs, 283 complete and 0 interrupted iterations
throughput_ramp   [  68% ] 081/100 VUs  3m45.9s/5m30.0s

running (3m47.0s), 082/100 VUs, 283 complete and 0 interrupted iterations
throughput_ramp   [  69% ] 082/100 VUs  3m46.9s/5m30.0s

running (3m48.0s), 082/100 VUs, 285 complete and 0 interrupted iterations
throughput_ramp   [  69% ] 082/100 VUs  3m47.9s/5m30.0s

running (3m49.0s), 082/100 VUs, 286 complete and 0 interrupted iterations
throughput_ramp   [  69% ] 082/100 VUs  3m48.9s/5m30.0s

running (3m50.0s), 083/100 VUs, 287 complete and 0 interrupted iterations
throughput_ramp   [  70% ] 083/100 VUs  3m49.9s/5m30.0s

running (3m51.0s), 083/100 VUs, 288 complete and 0 interrupted iterations
throughput_ramp   [  70% ] 083/100 VUs  3m50.9s/5m30.0s

running (3m52.0s), 084/100 VUs, 289 complete and 0 interrupted iterations
throughput_ramp   [  70% ] 084/100 VUs  3m51.9s/5m30.0s

running (3m53.0s), 084/100 VUs, 291 complete and 0 interrupted iterations
throughput_ramp   [  71% ] 084/100 VUs  3m52.9s/5m30.0s

running (3m54.0s), 084/100 VUs, 293 complete and 0 interrupted iterations
throughput_ramp   [  71% ] 084/100 VUs  3m53.9s/5m30.0s

running (3m55.0s), 085/100 VUs, 294 complete and 0 interrupted iterations
throughput_ramp   [  71% ] 085/100 VUs  3m54.9s/5m30.0s

running (3m56.0s), 085/100 VUs, 294 complete and 0 interrupted iterations
throughput_ramp   [  71% ] 085/100 VUs  3m55.9s/5m30.0s

running (3m57.0s), 086/100 VUs, 294 complete and 0 interrupted iterations
throughput_ramp   [  72% ] 086/100 VUs  3m56.9s/5m30.0s

running (3m58.0s), 086/100 VUs, 297 complete and 0 interrupted iterations
throughput_ramp   [  72% ] 086/100 VUs  3m57.9s/5m30.0s

running (3m59.0s), 087/100 VUs, 297 complete and 0 interrupted iterations
throughput_ramp   [  72% ] 087/100 VUs  3m58.9s/5m30.0s

running (4m00.0s), 087/100 VUs, 299 complete and 0 interrupted iterations
throughput_ramp   [  73% ] 087/100 VUs  3m59.9s/5m30.0s

running (4m01.0s), 087/100 VUs, 300 complete and 0 interrupted iterations
throughput_ramp   [  73% ] 087/100 VUs  4m00.9s/5m30.0s

running (4m02.0s), 088/100 VUs, 301 complete and 0 interrupted iterations
throughput_ramp   [  73% ] 088/100 VUs  4m01.9s/5m30.0s

running (4m03.0s), 088/100 VUs, 303 complete and 0 interrupted iterations
throughput_ramp   [  74% ] 088/100 VUs  4m02.9s/5m30.0s

running (4m04.0s), 089/100 VUs, 303 complete and 0 interrupted iterations
throughput_ramp   [  74% ] 089/100 VUs  4m03.9s/5m30.0s

running (4m05.0s), 089/100 VUs, 304 complete and 0 interrupted iterations
throughput_ramp   [  74% ] 089/100 VUs  4m04.9s/5m30.0s

running (4m06.0s), 089/100 VUs, 306 complete and 0 interrupted iterations
throughput_ramp   [  75% ] 089/100 VUs  4m05.9s/5m30.0s

running (4m07.0s), 090/100 VUs, 308 complete and 0 interrupted iterations
throughput_ramp   [  75% ] 090/100 VUs  4m06.9s/5m30.0s

running (4m08.0s), 090/100 VUs, 309 complete and 0 interrupted iterations
throughput_ramp   [  75% ] 090/100 VUs  4m07.9s/5m30.0s

running (4m09.0s), 091/100 VUs, 309 complete and 0 interrupted iterations
throughput_ramp   [  75% ] 091/100 VUs  4m08.9s/5m30.0s

running (4m10.0s), 091/100 VUs, 310 complete and 0 interrupted iterations
throughput_ramp   [  76% ] 091/100 VUs  4m09.9s/5m30.0s

running (4m11.0s), 092/100 VUs, 313 complete and 0 interrupted iterations
throughput_ramp   [  76% ] 092/100 VUs  4m10.9s/5m30.0s

running (4m12.0s), 092/100 VUs, 314 complete and 0 interrupted iterations
throughput_ramp   [  76% ] 092/100 VUs  4m11.9s/5m30.0s

running (4m13.0s), 092/100 VUs, 315 complete and 0 interrupted iterations
throughput_ramp   [  77% ] 092/100 VUs  4m12.9s/5m30.0s

running (4m14.0s), 093/100 VUs, 317 complete and 0 interrupted iterations
throughput_ramp   [  77% ] 093/100 VUs  4m13.9s/5m30.0s

running (4m15.0s), 093/100 VUs, 318 complete and 0 interrupted iterations
throughput_ramp   [  77% ] 093/100 VUs  4m14.9s/5m30.0s

running (4m16.0s), 094/100 VUs, 318 complete and 0 interrupted iterations
throughput_ramp   [  78% ] 094/100 VUs  4m15.9s/5m30.0s

running (4m17.0s), 094/100 VUs, 322 complete and 0 interrupted iterations
throughput_ramp   [  78% ] 094/100 VUs  4m16.9s/5m30.0s

running (4m18.0s), 094/100 VUs, 322 complete and 0 interrupted iterations
throughput_ramp   [  78% ] 094/100 VUs  4m17.9s/5m30.0s

running (4m19.0s), 095/100 VUs, 324 complete and 0 interrupted iterations
throughput_ramp   [  78% ] 095/100 VUs  4m18.9s/5m30.0s

running (4m20.0s), 095/100 VUs, 326 complete and 0 interrupted iterations
throughput_ramp   [  79% ] 095/100 VUs  4m19.9s/5m30.0s

running (4m21.0s), 096/100 VUs, 327 complete and 0 interrupted iterations
throughput_ramp   [  79% ] 096/100 VUs  4m20.9s/5m30.0s

running (4m22.0s), 096/100 VUs, 329 complete and 0 interrupted iterations
throughput_ramp   [  79% ] 096/100 VUs  4m21.9s/5m30.0s

running (4m23.0s), 097/100 VUs, 331 complete and 0 interrupted iterations
throughput_ramp   [  80% ] 097/100 VUs  4m22.9s/5m30.0s

running (4m24.0s), 097/100 VUs, 331 complete and 0 interrupted iterations
throughput_ramp   [  80% ] 097/100 VUs  4m23.9s/5m30.0s

running (4m25.0s), 097/100 VUs, 333 complete and 0 interrupted iterations
throughput_ramp   [  80% ] 097/100 VUs  4m24.9s/5m30.0s

running (4m26.0s), 098/100 VUs, 334 complete and 0 interrupted iterations
throughput_ramp   [  81% ] 098/100 VUs  4m25.9s/5m30.0s

running (4m27.0s), 098/100 VUs, 335 complete and 0 interrupted iterations
throughput_ramp   [  81% ] 098/100 VUs  4m26.9s/5m30.0s

running (4m28.0s), 099/100 VUs, 336 complete and 0 interrupted iterations
throughput_ramp   [  81% ] 099/100 VUs  4m27.9s/5m30.0s

running (4m29.0s), 099/100 VUs, 338 complete and 0 interrupted iterations
throughput_ramp   [  81% ] 099/100 VUs  4m28.9s/5m30.0s

running (4m30.0s), 099/100 VUs, 339 complete and 0 interrupted iterations
throughput_ramp   [  82% ] 099/100 VUs  4m29.9s/5m30.0s

running (4m31.0s), 100/100 VUs, 340 complete and 0 interrupted iterations
throughput_ramp   [  82% ] 100/100 VUs  4m30.9s/5m30.0s

running (4m32.0s), 100/100 VUs, 344 complete and 0 interrupted iterations
throughput_ramp   [  82% ] 100/100 VUs  4m31.9s/5m30.0s

running (4m33.0s), 100/100 VUs, 344 complete and 0 interrupted iterations
throughput_ramp   [  83% ] 100/100 VUs  4m32.9s/5m30.0s

running (4m34.0s), 100/100 VUs, 345 complete and 0 interrupted iterations
throughput_ramp   [  83% ] 100/100 VUs  4m33.9s/5m30.0s

running (4m35.0s), 100/100 VUs, 346 complete and 0 interrupted iterations
throughput_ramp   [  83% ] 100/100 VUs  4m34.9s/5m30.0s

running (4m36.0s), 100/100 VUs, 349 complete and 0 interrupted iterations
throughput_ramp   [  84% ] 100/100 VUs  4m35.9s/5m30.0s

running (4m37.0s), 100/100 VUs, 350 complete and 0 interrupted iterations
throughput_ramp   [  84% ] 100/100 VUs  4m36.9s/5m30.0s

running (4m38.0s), 100/100 VUs, 352 complete and 0 interrupted iterations
throughput_ramp   [  84% ] 100/100 VUs  4m37.9s/5m30.0s

running (4m39.0s), 100/100 VUs, 353 complete and 0 interrupted iterations
throughput_ramp   [  85% ] 100/100 VUs  4m38.9s/5m30.0s

running (4m40.0s), 100/100 VUs, 354 complete and 0 interrupted iterations
throughput_ramp   [  85% ] 100/100 VUs  4m39.9s/5m30.0s

running (4m41.0s), 100/100 VUs, 354 complete and 0 interrupted iterations
throughput_ramp   [  85% ] 100/100 VUs  4m40.9s/5m30.0s

running (4m42.0s), 100/100 VUs, 356 complete and 0 interrupted iterations
throughput_ramp   [  85% ] 100/100 VUs  4m41.9s/5m30.0s

running (4m43.0s), 100/100 VUs, 357 complete and 0 interrupted iterations
throughput_ramp   [  86% ] 100/100 VUs  4m42.9s/5m30.0s

running (4m44.0s), 100/100 VUs, 357 complete and 0 interrupted iterations
throughput_ramp   [  86% ] 100/100 VUs  4m43.9s/5m30.0s

running (4m45.0s), 100/100 VUs, 359 complete and 0 interrupted iterations
throughput_ramp   [  86% ] 100/100 VUs  4m44.9s/5m30.0s

running (4m46.0s), 100/100 VUs, 359 complete and 0 interrupted iterations
throughput_ramp   [  87% ] 100/100 VUs  4m45.9s/5m30.0s

running (4m47.0s), 100/100 VUs, 361 complete and 0 interrupted iterations
throughput_ramp   [  87% ] 100/100 VUs  4m46.9s/5m30.0s

running (4m48.0s), 100/100 VUs, 362 complete and 0 interrupted iterations
throughput_ramp   [  87% ] 100/100 VUs  4m47.9s/5m30.0s

running (4m49.0s), 100/100 VUs, 364 complete and 0 interrupted iterations
throughput_ramp   [  88% ] 100/100 VUs  4m48.9s/5m30.0s

running (4m50.0s), 100/100 VUs, 364 complete and 0 interrupted iterations
throughput_ramp   [  88% ] 100/100 VUs  4m49.9s/5m30.0s

running (4m51.0s), 099/100 VUs, 366 complete and 0 interrupted iterations
throughput_ramp   [  88% ] 099/100 VUs  4m50.9s/5m30.0s

running (4m52.0s), 098/100 VUs, 367 complete and 0 interrupted iterations
throughput_ramp   [  88% ] 098/100 VUs  4m51.9s/5m30.0s

running (4m53.0s), 098/100 VUs, 367 complete and 0 interrupted iterations
throughput_ramp   [  89% ] 098/100 VUs  4m52.9s/5m30.0s

running (4m54.0s), 098/100 VUs, 367 complete and 0 interrupted iterations
throughput_ramp   [  89% ] 098/100 VUs  4m53.9s/5m30.0s

running (4m55.0s), 098/100 VUs, 367 complete and 0 interrupted iterations
throughput_ramp   [  89% ] 098/100 VUs  4m54.9s/5m30.0s

running (4m56.0s), 098/100 VUs, 368 complete and 0 interrupted iterations
throughput_ramp   [  90% ] 098/100 VUs  4m55.9s/5m30.0s

running (4m57.0s), 098/100 VUs, 368 complete and 0 interrupted iterations
throughput_ramp   [  90% ] 098/100 VUs  4m56.9s/5m30.0s

running (4m58.0s), 096/100 VUs, 373 complete and 0 interrupted iterations
throughput_ramp   [  90% ] 096/100 VUs  4m57.9s/5m30.0s

running (4m59.0s), 096/100 VUs, 373 complete and 0 interrupted iterations
throughput_ramp   [  91% ] 096/100 VUs  4m58.9s/5m30.0s

running (5m00.0s), 096/100 VUs, 374 complete and 0 interrupted iterations
throughput_ramp   [  91% ] 096/100 VUs  4m59.9s/5m30.0s

running (5m01.0s), 095/100 VUs, 374 complete and 1 interrupted iterations
throughput_ramp   [  91% ] 095/100 VUs  5m00.9s/5m30.0s

running (5m02.0s), 092/100 VUs, 375 complete and 3 interrupted iterations
throughput_ramp   [  91% ] 092/100 VUs  5m01.9s/5m30.0s

running (5m03.0s), 091/100 VUs, 375 complete and 4 interrupted iterations
throughput_ramp   [  92% ] 091/100 VUs  5m02.9s/5m30.0s

running (5m04.0s), 087/100 VUs, 378 complete and 6 interrupted iterations
throughput_ramp   [  92% ] 087/100 VUs  5m03.9s/5m30.0s

running (5m05.0s), 085/100 VUs, 378 complete and 8 interrupted iterations
throughput_ramp   [  92% ] 085/100 VUs  5m04.9s/5m30.0s

running (5m06.0s), 084/100 VUs, 381 complete and 9 interrupted iterations
throughput_ramp   [  93% ] 084/100 VUs  5m05.9s/5m30.0s

running (5m07.0s), 083/100 VUs, 382 complete and 10 interrupted iterations
throughput_ramp   [  93% ] 083/100 VUs  5m06.9s/5m30.0s

running (5m08.0s), 082/100 VUs, 382 complete and 11 interrupted iterations
throughput_ramp   [  93% ] 082/100 VUs  5m07.9s/5m30.0s

running (5m09.0s), 081/100 VUs, 382 complete and 12 interrupted iterations
throughput_ramp   [  94% ] 081/100 VUs  5m08.9s/5m30.0s

running (5m10.0s), 080/100 VUs, 384 complete and 12 interrupted iterations
throughput_ramp   [  94% ] 080/100 VUs  5m09.9s/5m30.0s

running (5m11.0s), 078/100 VUs, 386 complete and 13 interrupted iterations
throughput_ramp   [  94% ] 078/100 VUs  5m10.9s/5m30.0s

running (5m12.0s), 077/100 VUs, 387 complete and 13 interrupted iterations
throughput_ramp   [  95% ] 077/100 VUs  5m11.9s/5m30.0s

running (5m13.0s), 075/100 VUs, 388 complete and 15 interrupted iterations
throughput_ramp   [  95% ] 075/100 VUs  5m12.9s/5m30.0s

running (5m14.0s), 071/100 VUs, 391 complete and 17 interrupted iterations
throughput_ramp   [  95% ] 071/100 VUs  5m13.9s/5m30.0s

running (5m15.0s), 069/100 VUs, 392 complete and 18 interrupted iterations
throughput_ramp   [  95% ] 069/100 VUs  5m14.9s/5m30.0s

running (5m16.0s), 066/100 VUs, 393 complete and 20 interrupted iterations
throughput_ramp   [  96% ] 066/100 VUs  5m15.9s/5m30.0s

running (5m17.0s), 062/100 VUs, 395 complete and 22 interrupted iterations
throughput_ramp   [  96% ] 062/100 VUs  5m16.9s/5m30.0s

running (5m18.0s), 061/100 VUs, 395 complete and 23 interrupted iterations
throughput_ramp   [  96% ] 061/100 VUs  5m17.9s/5m30.0s

running (5m19.0s), 059/100 VUs, 396 complete and 24 interrupted iterations
throughput_ramp   [  97% ] 059/100 VUs  5m18.9s/5m30.0s

running (5m20.0s), 058/100 VUs, 396 complete and 25 interrupted iterations
throughput_ramp   [  97% ] 058/100 VUs  5m19.9s/5m30.0s

running (5m21.0s), 058/100 VUs, 396 complete and 25 interrupted iterations
throughput_ramp   [  97% ] 058/100 VUs  5m20.9s/5m30.0s

running (5m22.0s), 056/100 VUs, 398 complete and 26 interrupted iterations
throughput_ramp   [  98% ] 056/100 VUs  5m21.9s/5m30.0s

running (5m23.0s), 054/100 VUs, 399 complete and 28 interrupted iterations
throughput_ramp   [  98% ] 054/100 VUs  5m22.9s/5m30.0s

running (5m24.0s), 050/100 VUs, 402 complete and 29 interrupted iterations
throughput_ramp   [  98% ] 050/100 VUs  5m23.9s/5m30.0s

running (5m25.0s), 049/100 VUs, 402 complete and 30 interrupted iterations
throughput_ramp   [  98% ] 049/100 VUs  5m24.9s/5m30.0s

running (5m26.0s), 046/100 VUs, 404 complete and 31 interrupted iterations
throughput_ramp   [  99% ] 046/100 VUs  5m25.9s/5m30.0s

running (5m27.0s), 044/100 VUs, 405 complete and 32 interrupted iterations
throughput_ramp   [  99% ] 044/100 VUs  5m26.9s/5m30.0s

running (5m28.0s), 043/100 VUs, 405 complete and 33 interrupted iterations
throughput_ramp   [  99% ] 043/100 VUs  5m27.9s/5m30.0s

running (5m29.0s), 042/100 VUs, 405 complete and 34 interrupted iterations
throughput_ramp   [ 100% ] 042/100 VUs  5m28.9s/5m30.0s

running (5m30.0s), 042/100 VUs, 405 complete and 34 interrupted iterations
throughput_ramp   [ 100% ] 042/100 VUs  5m29.9s/5m30.0s

running (5m31.0s), 040/100 VUs, 405 complete and 36 interrupted iterations
throughput_ramp ↓ [ 100% ] 042/100 VUs  5m30s

running (5m32.0s), 037/100 VUs, 406 complete and 38 interrupted iterations
throughput_ramp ↓ [ 100% ] 042/100 VUs  5m30s

running (5m33.0s), 034/100 VUs, 408 complete and 39 interrupted iterations
throughput_ramp ↓ [ 100% ] 042/100 VUs  5m30s

running (5m34.0s), 032/100 VUs, 408 complete and 41 interrupted iterations
throughput_ramp ↓ [ 100% ] 042/100 VUs  5m30s

running (5m35.0s), 030/100 VUs, 408 complete and 43 interrupted iterations
throughput_ramp ↓ [ 100% ] 042/100 VUs  5m30s

running (5m36.0s), 028/100 VUs, 409 complete and 44 interrupted iterations
throughput_ramp ↓ [ 100% ] 042/100 VUs  5m30s

running (5m37.0s), 027/100 VUs, 409 complete and 45 interrupted iterations
throughput_ramp ↓ [ 100% ] 042/100 VUs  5m30s

running (5m38.0s), 025/100 VUs, 410 complete and 46 interrupted iterations
throughput_ramp ↓ [ 100% ] 042/100 VUs  5m30s

running (5m39.0s), 025/100 VUs, 410 complete and 46 interrupted iterations
throughput_ramp ↓ [ 100% ] 042/100 VUs  5m30s

running (5m40.0s), 024/100 VUs, 410 complete and 47 interrupted iterations
throughput_ramp ↓ [ 100% ] 042/100 VUs  5m30s

running (5m41.0s), 023/100 VUs, 410 complete and 48 interrupted iterations
throughput_ramp ↓ [ 100% ] 042/100 VUs  5m30s

running (5m42.0s), 023/100 VUs, 410 complete and 48 interrupted iterations
throughput_ramp ↓ [ 100% ] 042/100 VUs  5m30s

running (5m43.0s), 022/100 VUs, 410 complete and 49 interrupted iterations
throughput_ramp ↓ [ 100% ] 042/100 VUs  5m30s

running (5m44.0s), 019/100 VUs, 413 complete and 49 interrupted iterations
throughput_ramp ↓ [ 100% ] 042/100 VUs  5m30s

running (5m45.0s), 017/100 VUs, 414 complete and 50 interrupted iterations
throughput_ramp ↓ [ 100% ] 042/100 VUs  5m30s

running (5m46.0s), 015/100 VUs, 414 complete and 52 interrupted iterations
throughput_ramp ↓ [ 100% ] 042/100 VUs  5m30s

running (5m47.0s), 013/100 VUs, 414 complete and 54 interrupted iterations
throughput_ramp ↓ [ 100% ] 042/100 VUs  5m30s

running (5m48.0s), 012/100 VUs, 414 complete and 55 interrupted iterations
throughput_ramp ↓ [ 100% ] 042/100 VUs  5m30s

running (5m49.0s), 008/100 VUs, 416 complete and 57 interrupted iterations
throughput_ramp ↓ [ 100% ] 042/100 VUs  5m30s

running (5m50.0s), 007/100 VUs, 416 complete and 58 interrupted iterations
throughput_ramp ↓ [ 100% ] 042/100 VUs  5m30s

running (5m51.0s), 007/100 VUs, 416 complete and 58 interrupted iterations
throughput_ramp ↓ [ 100% ] 042/100 VUs  5m30s

running (5m52.0s), 006/100 VUs, 416 complete and 59 interrupted iterations
throughput_ramp ↓ [ 100% ] 042/100 VUs  5m30s

running (5m53.0s), 006/100 VUs, 416 complete and 59 interrupted iterations
throughput_ramp ↓ [ 100% ] 042/100 VUs  5m30s

running (5m54.0s), 004/100 VUs, 417 complete and 60 interrupted iterations
throughput_ramp ↓ [ 100% ] 042/100 VUs  5m30s

running (5m55.0s), 003/100 VUs, 417 complete and 61 interrupted iterations
throughput_ramp ↓ [ 100% ] 042/100 VUs  5m30s

running (5m56.0s), 003/100 VUs, 417 complete and 61 interrupted iterations
throughput_ramp ↓ [ 100% ] 042/100 VUs  5m30s

running (5m57.0s), 001/100 VUs, 418 complete and 62 interrupted iterations
throughput_ramp ↓ [ 100% ] 042/100 VUs  5m30s

running (5m58.0s), 001/100 VUs, 418 complete and 62 interrupted iterations
throughput_ramp ↓ [ 100% ] 042/100 VUs  5m30s

running (5m59.0s), 001/100 VUs, 418 complete and 62 interrupted iterations
throughput_ramp ↓ [ 100% ] 042/100 VUs  5m30s

     █ throughput_Analytics

       ✓ Analytics full workflow ok

     █ throughput_Advanced

       ✓ Advanced full workflow ok

     █ throughput_DataExchange

       ✓ DataExchange full workflow ok

     █ throughput_MonteCarlo

       ✓ MonteCarlo full workflow ok

     █ throughput_Geospatial

       ✓ Geospatial full workflow ok

     █ throughput_ClimateAnomaly

       ✓ ClimateAnomaly full workflow ok

     █ throughput_Calculator

       ✓ Calculator full workflow ok

     █ throughput_MLTrainer

       ✓ MLTrainer full workflow ok

     checks.........................: 100.00% 419 out of 419
     data_received..................: 222 MB  618 kB/s
     data_sent......................: 1.1 MB  3.0 kB/s
     group_duration.................: avg=34.48s  min=1.22s   med=30.29s   max=1m41s    p(90)=1m6s    p(95)=1m11s  
     http_req_blocked...............: avg=20.57µs min=1.21µs  med=5.61µs   max=3.17ms   p(90)=9.34µs  p(95)=16.23µs
     http_req_connecting............: avg=11.18µs min=0s      med=0s       max=3.02ms   p(90)=0s      p(95)=0s     
   ✓ http_req_duration..............: avg=5.23s   min=1.8ms   med=3.89s    max=49.28s   p(90)=11.7s   p(95)=14.64s 
       { expected_response:true }...: avg=5.23s   min=1.8ms   med=3.89s    max=49.28s   p(90)=11.7s   p(95)=14.64s 
     http_req_failed................: 0.00%   0 out of 3239
     http_req_receiving.............: avg=1.2ms   min=17.17µs med=114.98µs max=221.26ms p(90)=3.32ms  p(95)=6.06ms 
     http_req_sending...............: avg=33.06µs min=5.27µs  med=25.76µs  max=3.57ms   p(90)=50.62µs p(95)=68.09µs
     http_req_tls_handshaking.......: avg=0s      min=0s      med=0s       max=0s       p(90)=0s      p(95)=0s     
     http_req_waiting...............: avg=5.23s   min=1.74ms  med=3.89s    max=49.28s   p(90)=11.7s   p(95)=14.64s 
     http_reqs......................: 3239    9.022869/s
     iteration_duration.............: avg=34.98s  min=1.72s   med=30.79s   max=1m41s    p(90)=1m7s    p(95)=1m12s  
     iterations.....................: 419     1.167207/s
   ✓ throughput_errors..............: 0.00%   0 out of 2278
     throughput_ops.................: 2278    6.345815/s
     throughput_response_ms.........: avg=5.76s   min=1.8ms   med=4.51s    max=49.28s   p(90)=12.84s  p(95)=15.6s  
     vus............................: 1       min=0          max=100
     vus_max........................: 100     min=100        max=100


running (5m59.0s), 000/100 VUs, 419 complete and 62 interrupted iterations
throughput_ramp ✓ [ 100% ] 000/100 VUs  5m30s
