
         /\      Grafana   /‾‾/  
    /\  /  \     |\  __   /  /   
   /  \/    \    | |/ /  /   ‾‾\ 
  /          \   |   (  |  (‾)  |
 / __________ \  |_|\_\  \_____/ 

     execution: local
        script: k6/07-session-lifecycle.js
        output: -

     scenarios: (100.00%) 1 scenario, 50 max VUs, 4m30s max duration (incl. graceful stop):
              * lifecycle: Up to 50 looping VUs for 4m0s over 5 stages (gracefulRampDown: 30s, gracefulStop: 30s)


running (0m01.0s), 01/50 VUs, 0 complete and 0 interrupted iterations
lifecycle   [   0% ] 01/50 VUs  0m00.9s/4m00.0s

running (0m02.0s), 01/50 VUs, 0 complete and 0 interrupted iterations
lifecycle   [   1% ] 01/50 VUs  0m01.9s/4m00.0s

running (0m03.0s), 01/50 VUs, 0 complete and 0 interrupted iterations
lifecycle   [   1% ] 01/50 VUs  0m02.9s/4m00.0s

running (0m04.0s), 02/50 VUs, 1 complete and 0 interrupted iterations
lifecycle   [   2% ] 02/50 VUs  0m03.9s/4m00.0s

running (0m05.0s), 02/50 VUs, 1 complete and 0 interrupted iterations
lifecycle   [   2% ] 02/50 VUs  0m04.9s/4m00.0s

running (0m06.0s), 02/50 VUs, 1 complete and 0 interrupted iterations
lifecycle   [   2% ] 02/50 VUs  0m05.9s/4m00.0s

running (0m07.0s), 03/50 VUs, 1 complete and 0 interrupted iterations
lifecycle   [   3% ] 03/50 VUs  0m06.9s/4m00.0s

running (0m08.0s), 03/50 VUs, 2 complete and 0 interrupted iterations
lifecycle   [   3% ] 03/50 VUs  0m07.9s/4m00.0s

running (0m09.0s), 03/50 VUs, 3 complete and 0 interrupted iterations
lifecycle   [   4% ] 03/50 VUs  0m08.9s/4m00.0s

running (0m10.0s), 03/50 VUs, 3 complete and 0 interrupted iterations
lifecycle   [   4% ] 03/50 VUs  0m09.9s/4m00.0s

running (0m11.0s), 04/50 VUs, 4 complete and 0 interrupted iterations
lifecycle   [   5% ] 04/50 VUs  0m10.9s/4m00.0s

running (0m12.0s), 04/50 VUs, 5 complete and 0 interrupted iterations
lifecycle   [   5% ] 04/50 VUs  0m11.9s/4m00.0s

running (0m13.0s), 04/50 VUs, 6 complete and 0 interrupted iterations
lifecycle   [   5% ] 04/50 VUs  0m12.9s/4m00.0s

running (0m14.0s), 05/50 VUs, 6 complete and 0 interrupted iterations
lifecycle   [   6% ] 05/50 VUs  0m13.9s/4m00.0s

running (0m15.0s), 05/50 VUs, 7 complete and 0 interrupted iterations
lifecycle   [   6% ] 05/50 VUs  0m14.9s/4m00.0s

running (0m16.0s), 05/50 VUs, 7 complete and 0 interrupted iterations
lifecycle   [   7% ] 05/50 VUs  0m15.9s/4m00.0s

running (0m17.0s), 06/50 VUs, 9 complete and 0 interrupted iterations
lifecycle   [   7% ] 06/50 VUs  0m16.9s/4m00.0s

running (0m18.0s), 06/50 VUs, 10 complete and 0 interrupted iterations
lifecycle   [   7% ] 06/50 VUs  0m17.9s/4m00.0s

running (0m19.0s), 06/50 VUs, 10 complete and 0 interrupted iterations
lifecycle   [   8% ] 06/50 VUs  0m18.9s/4m00.0s

running (0m20.0s), 06/50 VUs, 11 complete and 0 interrupted iterations
lifecycle   [   8% ] 06/50 VUs  0m19.9s/4m00.0s

running (0m21.0s), 07/50 VUs, 12 complete and 0 interrupted iterations
lifecycle   [   9% ] 07/50 VUs  0m20.9s/4m00.0s

running (0m22.0s), 07/50 VUs, 14 complete and 0 interrupted iterations
lifecycle   [   9% ] 07/50 VUs  0m21.9s/4m00.0s

running (0m23.0s), 07/50 VUs, 15 complete and 0 interrupted iterations
lifecycle   [  10% ] 07/50 VUs  0m22.9s/4m00.0s

running (0m24.0s), 08/50 VUs, 16 complete and 0 interrupted iterations
lifecycle   [  10% ] 08/50 VUs  0m23.9s/4m00.0s

running (0m25.0s), 08/50 VUs, 16 complete and 0 interrupted iterations
lifecycle   [  10% ] 08/50 VUs  0m24.9s/4m00.0s

running (0m26.0s), 08/50 VUs, 16 complete and 0 interrupted iterations
lifecycle   [  11% ] 08/50 VUs  0m25.9s/4m00.0s

running (0m27.0s), 09/50 VUs, 17 complete and 0 interrupted iterations
lifecycle   [  11% ] 09/50 VUs  0m26.9s/4m00.0s

running (0m28.0s), 09/50 VUs, 17 complete and 0 interrupted iterations
lifecycle   [  12% ] 09/50 VUs  0m27.9s/4m00.0s

running (0m29.0s), 09/50 VUs, 18 complete and 0 interrupted iterations
lifecycle   [  12% ] 09/50 VUs  0m28.9s/4m00.0s

running (0m30.0s), 09/50 VUs, 19 complete and 0 interrupted iterations
lifecycle   [  12% ] 09/50 VUs  0m29.9s/4m00.0s

running (0m31.0s), 10/50 VUs, 21 complete and 0 interrupted iterations
lifecycle   [  13% ] 10/50 VUs  0m30.9s/4m00.0s

running (0m32.0s), 10/50 VUs, 23 complete and 0 interrupted iterations
lifecycle   [  13% ] 10/50 VUs  0m31.9s/4m00.0s

running (0m33.0s), 10/50 VUs, 23 complete and 0 interrupted iterations
lifecycle   [  14% ] 10/50 VUs  0m32.9s/4m00.0s

running (0m34.0s), 11/50 VUs, 24 complete and 0 interrupted iterations
lifecycle   [  14% ] 11/50 VUs  0m33.9s/4m00.0s

running (0m35.0s), 11/50 VUs, 25 complete and 0 interrupted iterations
lifecycle   [  15% ] 11/50 VUs  0m34.9s/4m00.0s

running (0m36.0s), 11/50 VUs, 27 complete and 0 interrupted iterations
lifecycle   [  15% ] 11/50 VUs  0m35.9s/4m00.0s

running (0m37.0s), 12/50 VUs, 27 complete and 0 interrupted iterations
lifecycle   [  15% ] 12/50 VUs  0m36.9s/4m00.0s

running (0m38.0s), 12/50 VUs, 28 complete and 0 interrupted iterations
lifecycle   [  16% ] 12/50 VUs  0m37.9s/4m00.0s

running (0m39.0s), 12/50 VUs, 29 complete and 0 interrupted iterations
lifecycle   [  16% ] 12/50 VUs  0m38.9s/4m00.0s

running (0m40.0s), 13/50 VUs, 29 complete and 0 interrupted iterations
lifecycle   [  17% ] 13/50 VUs  0m39.9s/4m00.0s

running (0m41.0s), 13/50 VUs, 31 complete and 0 interrupted iterations
lifecycle   [  17% ] 13/50 VUs  0m40.9s/4m00.0s

running (0m42.0s), 13/50 VUs, 32 complete and 0 interrupted iterations
lifecycle   [  17% ] 13/50 VUs  0m41.9s/4m00.0s

running (0m43.0s), 14/50 VUs, 32 complete and 0 interrupted iterations
lifecycle   [  18% ] 14/50 VUs  0m42.9s/4m00.0s

running (0m44.0s), 14/50 VUs, 35 complete and 0 interrupted iterations
lifecycle   [  18% ] 14/50 VUs  0m43.9s/4m00.0s

running (0m45.0s), 14/50 VUs, 36 complete and 0 interrupted iterations
lifecycle   [  19% ] 14/50 VUs  0m44.9s/4m00.0s

running (0m46.0s), 15/50 VUs, 36 complete and 0 interrupted iterations
lifecycle   [  19% ] 15/50 VUs  0m45.9s/4m00.0s

running (0m47.0s), 15/50 VUs, 37 complete and 0 interrupted iterations
lifecycle   [  20% ] 15/50 VUs  0m46.9s/4m00.0s

running (0m48.0s), 15/50 VUs, 37 complete and 0 interrupted iterations
lifecycle   [  20% ] 15/50 VUs  0m47.9s/4m00.0s

running (0m49.0s), 16/50 VUs, 39 complete and 0 interrupted iterations
lifecycle   [  20% ] 16/50 VUs  0m48.9s/4m00.0s

running (0m50.0s), 16/50 VUs, 40 complete and 0 interrupted iterations
lifecycle   [  21% ] 16/50 VUs  0m49.9s/4m00.0s

running (0m51.0s), 16/50 VUs, 42 complete and 0 interrupted iterations
lifecycle   [  21% ] 16/50 VUs  0m50.9s/4m00.0s

running (0m52.0s), 17/50 VUs, 44 complete and 0 interrupted iterations
lifecycle   [  22% ] 17/50 VUs  0m51.9s/4m00.0s

running (0m53.0s), 17/50 VUs, 44 complete and 0 interrupted iterations
lifecycle   [  22% ] 17/50 VUs  0m52.9s/4m00.0s

running (0m54.0s), 17/50 VUs, 45 complete and 0 interrupted iterations
lifecycle   [  22% ] 17/50 VUs  0m53.9s/4m00.0s

running (0m55.0s), 18/50 VUs, 45 complete and 0 interrupted iterations
lifecycle   [  23% ] 18/50 VUs  0m54.9s/4m00.0s

running (0m56.0s), 18/50 VUs, 47 complete and 0 interrupted iterations
lifecycle   [  23% ] 18/50 VUs  0m55.9s/4m00.0s

running (0m57.0s), 18/50 VUs, 48 complete and 0 interrupted iterations
lifecycle   [  24% ] 18/50 VUs  0m56.9s/4m00.0s

running (0m58.0s), 19/50 VUs, 48 complete and 0 interrupted iterations
lifecycle   [  24% ] 19/50 VUs  0m57.9s/4m00.0s

running (0m59.0s), 19/50 VUs, 51 complete and 0 interrupted iterations
lifecycle   [  25% ] 19/50 VUs  0m58.9s/4m00.0s

running (1m00.0s), 19/50 VUs, 52 complete and 0 interrupted iterations
lifecycle   [  25% ] 19/50 VUs  0m59.9s/4m00.0s

running (1m01.0s), 20/50 VUs, 53 complete and 0 interrupted iterations
lifecycle   [  25% ] 20/50 VUs  1m00.9s/4m00.0s

running (1m02.0s), 20/50 VUs, 53 complete and 0 interrupted iterations
lifecycle   [  26% ] 20/50 VUs  1m01.9s/4m00.0s

running (1m03.0s), 20/50 VUs, 53 complete and 0 interrupted iterations
lifecycle   [  26% ] 20/50 VUs  1m02.9s/4m00.0s

running (1m04.0s), 21/50 VUs, 54 complete and 0 interrupted iterations
lifecycle   [  27% ] 21/50 VUs  1m03.9s/4m00.0s

running (1m05.0s), 21/50 VUs, 54 complete and 0 interrupted iterations
lifecycle   [  27% ] 21/50 VUs  1m04.9s/4m00.0s

running (1m06.0s), 21/50 VUs, 56 complete and 0 interrupted iterations
lifecycle   [  27% ] 21/50 VUs  1m05.9s/4m00.0s

running (1m07.0s), 22/50 VUs, 57 complete and 0 interrupted iterations
lifecycle   [  28% ] 22/50 VUs  1m06.9s/4m00.0s

running (1m08.0s), 22/50 VUs, 57 complete and 0 interrupted iterations
lifecycle   [  28% ] 22/50 VUs  1m07.9s/4m00.0s

running (1m09.0s), 22/50 VUs, 57 complete and 0 interrupted iterations
lifecycle   [  29% ] 22/50 VUs  1m08.9s/4m00.0s

running (1m10.0s), 23/50 VUs, 59 complete and 0 interrupted iterations
lifecycle   [  29% ] 23/50 VUs  1m09.9s/4m00.0s

running (1m11.0s), 23/50 VUs, 59 complete and 0 interrupted iterations
lifecycle   [  30% ] 23/50 VUs  1m10.9s/4m00.0s

running (1m12.0s), 23/50 VUs, 59 complete and 0 interrupted iterations
lifecycle   [  30% ] 23/50 VUs  1m11.9s/4m00.0s

running (1m13.0s), 24/50 VUs, 60 complete and 0 interrupted iterations
lifecycle   [  30% ] 24/50 VUs  1m12.9s/4m00.0s

running (1m14.0s), 24/50 VUs, 61 complete and 0 interrupted iterations
lifecycle   [  31% ] 24/50 VUs  1m13.9s/4m00.0s

running (1m15.0s), 24/50 VUs, 62 complete and 0 interrupted iterations
lifecycle   [  31% ] 24/50 VUs  1m14.9s/4m00.0s

running (1m16.0s), 25/50 VUs, 63 complete and 0 interrupted iterations
lifecycle   [  32% ] 25/50 VUs  1m15.9s/4m00.0s

running (1m17.0s), 25/50 VUs, 64 complete and 0 interrupted iterations
lifecycle   [  32% ] 25/50 VUs  1m16.9s/4m00.0s

running (1m18.0s), 25/50 VUs, 65 complete and 0 interrupted iterations
lifecycle   [  32% ] 25/50 VUs  1m17.9s/4m00.0s

running (1m19.0s), 26/50 VUs, 65 complete and 0 interrupted iterations
lifecycle   [  33% ] 26/50 VUs  1m18.9s/4m00.0s

running (1m20.0s), 26/50 VUs, 65 complete and 0 interrupted iterations
lifecycle   [  33% ] 26/50 VUs  1m19.9s/4m00.0s

running (1m21.0s), 26/50 VUs, 65 complete and 0 interrupted iterations
lifecycle   [  34% ] 26/50 VUs  1m20.9s/4m00.0s

running (1m22.0s), 27/50 VUs, 65 complete and 0 interrupted iterations
lifecycle   [  34% ] 27/50 VUs  1m21.9s/4m00.0s

running (1m23.0s), 27/50 VUs, 65 complete and 0 interrupted iterations
lifecycle   [  35% ] 27/50 VUs  1m22.9s/4m00.0s

running (1m24.0s), 27/50 VUs, 65 complete and 0 interrupted iterations
lifecycle   [  35% ] 27/50 VUs  1m23.9s/4m00.0s

running (1m25.0s), 28/50 VUs, 66 complete and 0 interrupted iterations
lifecycle   [  35% ] 28/50 VUs  1m24.9s/4m00.0s

running (1m26.0s), 28/50 VUs, 66 complete and 0 interrupted iterations
lifecycle   [  36% ] 28/50 VUs  1m25.9s/4m00.0s

running (1m27.0s), 28/50 VUs, 67 complete and 0 interrupted iterations
lifecycle   [  36% ] 28/50 VUs  1m26.9s/4m00.0s

running (1m28.0s), 29/50 VUs, 68 complete and 0 interrupted iterations
lifecycle   [  37% ] 29/50 VUs  1m27.9s/4m00.0s

running (1m29.0s), 29/50 VUs, 70 complete and 0 interrupted iterations
lifecycle   [  37% ] 29/50 VUs  1m28.9s/4m00.0s

running (1m30.0s), 29/50 VUs, 70 complete and 0 interrupted iterations
lifecycle   [  37% ] 29/50 VUs  1m29.9s/4m00.0s

running (1m31.0s), 30/50 VUs, 70 complete and 0 interrupted iterations
lifecycle   [  38% ] 30/50 VUs  1m30.9s/4m00.0s

running (1m32.0s), 30/50 VUs, 70 complete and 0 interrupted iterations
lifecycle   [  38% ] 30/50 VUs  1m31.9s/4m00.0s

running (1m33.0s), 30/50 VUs, 72 complete and 0 interrupted iterations
lifecycle   [  39% ] 30/50 VUs  1m32.9s/4m00.0s

running (1m34.0s), 31/50 VUs, 73 complete and 0 interrupted iterations
lifecycle   [  39% ] 31/50 VUs  1m33.9s/4m00.0s

running (1m35.0s), 31/50 VUs, 73 complete and 0 interrupted iterations
lifecycle   [  40% ] 31/50 VUs  1m34.9s/4m00.0s

running (1m36.0s), 31/50 VUs, 73 complete and 0 interrupted iterations
lifecycle   [  40% ] 31/50 VUs  1m35.9s/4m00.0s

running (1m37.0s), 32/50 VUs, 74 complete and 0 interrupted iterations
lifecycle   [  40% ] 32/50 VUs  1m36.9s/4m00.0s

running (1m38.0s), 32/50 VUs, 75 complete and 0 interrupted iterations
lifecycle   [  41% ] 32/50 VUs  1m37.9s/4m00.0s

running (1m39.0s), 32/50 VUs, 76 complete and 0 interrupted iterations
lifecycle   [  41% ] 32/50 VUs  1m38.9s/4m00.0s

running (1m40.0s), 33/50 VUs, 77 complete and 0 interrupted iterations
lifecycle   [  42% ] 33/50 VUs  1m39.9s/4m00.0s

running (1m41.0s), 33/50 VUs, 79 complete and 0 interrupted iterations
lifecycle   [  42% ] 33/50 VUs  1m40.9s/4m00.0s

running (1m42.0s), 33/50 VUs, 80 complete and 0 interrupted iterations
lifecycle   [  42% ] 33/50 VUs  1m41.9s/4m00.0s

running (1m43.0s), 34/50 VUs, 80 complete and 0 interrupted iterations
lifecycle   [  43% ] 34/50 VUs  1m42.9s/4m00.0s

running (1m44.0s), 34/50 VUs, 82 complete and 0 interrupted iterations
lifecycle   [  43% ] 34/50 VUs  1m43.9s/4m00.0s

running (1m45.0s), 34/50 VUs, 82 complete and 0 interrupted iterations
lifecycle   [  44% ] 34/50 VUs  1m44.9s/4m00.0s

running (1m46.0s), 35/50 VUs, 84 complete and 0 interrupted iterations
lifecycle   [  44% ] 35/50 VUs  1m45.9s/4m00.0s

running (1m47.0s), 35/50 VUs, 84 complete and 0 interrupted iterations
lifecycle   [  45% ] 35/50 VUs  1m46.9s/4m00.0s

running (1m48.0s), 35/50 VUs, 84 complete and 0 interrupted iterations
lifecycle   [  45% ] 35/50 VUs  1m47.9s/4m00.0s

running (1m49.0s), 36/50 VUs, 84 complete and 0 interrupted iterations
lifecycle   [  45% ] 36/50 VUs  1m48.9s/4m00.0s

running (1m50.0s), 36/50 VUs, 85 complete and 0 interrupted iterations
lifecycle   [  46% ] 36/50 VUs  1m49.9s/4m00.0s

running (1m51.0s), 36/50 VUs, 86 complete and 0 interrupted iterations
lifecycle   [  46% ] 36/50 VUs  1m50.9s/4m00.0s

running (1m52.0s), 37/50 VUs, 88 complete and 0 interrupted iterations
lifecycle   [  47% ] 37/50 VUs  1m51.9s/4m00.0s

running (1m53.0s), 37/50 VUs, 89 complete and 0 interrupted iterations
lifecycle   [  47% ] 37/50 VUs  1m52.9s/4m00.0s

running (1m54.0s), 37/50 VUs, 90 complete and 0 interrupted iterations
lifecycle   [  47% ] 37/50 VUs  1m53.9s/4m00.0s

running (1m55.0s), 38/50 VUs, 91 complete and 0 interrupted iterations
lifecycle   [  48% ] 38/50 VUs  1m54.9s/4m00.0s

running (1m56.0s), 38/50 VUs, 91 complete and 0 interrupted iterations
lifecycle   [  48% ] 38/50 VUs  1m55.9s/4m00.0s

running (1m57.0s), 38/50 VUs, 92 complete and 0 interrupted iterations
lifecycle   [  49% ] 38/50 VUs  1m56.9s/4m00.0s

running (1m58.0s), 39/50 VUs, 93 complete and 0 interrupted iterations
lifecycle   [  49% ] 39/50 VUs  1m57.9s/4m00.0s

running (1m59.0s), 39/50 VUs, 94 complete and 0 interrupted iterations
lifecycle   [  50% ] 39/50 VUs  1m58.9s/4m00.0s

running (2m00.0s), 39/50 VUs, 96 complete and 0 interrupted iterations
lifecycle   [  50% ] 39/50 VUs  1m59.9s/4m00.0s

running (2m01.0s), 40/50 VUs, 97 complete and 0 interrupted iterations
lifecycle   [  50% ] 40/50 VUs  2m00.9s/4m00.0s

running (2m02.0s), 40/50 VUs, 97 complete and 0 interrupted iterations
lifecycle   [  51% ] 40/50 VUs  2m01.9s/4m00.0s

running (2m03.0s), 40/50 VUs, 98 complete and 0 interrupted iterations
lifecycle   [  51% ] 40/50 VUs  2m02.9s/4m00.0s

running (2m04.0s), 41/50 VUs, 99 complete and 0 interrupted iterations
lifecycle   [  52% ] 41/50 VUs  2m03.9s/4m00.0s

running (2m05.0s), 41/50 VUs, 99 complete and 0 interrupted iterations
lifecycle   [  52% ] 41/50 VUs  2m04.9s/4m00.0s

running (2m06.0s), 41/50 VUs, 99 complete and 0 interrupted iterations
lifecycle   [  52% ] 41/50 VUs  2m05.9s/4m00.0s

running (2m07.0s), 42/50 VUs, 99 complete and 0 interrupted iterations
lifecycle   [  53% ] 42/50 VUs  2m06.9s/4m00.0s

running (2m08.0s), 42/50 VUs, 99 complete and 0 interrupted iterations
lifecycle   [  53% ] 42/50 VUs  2m07.9s/4m00.0s

running (2m09.0s), 42/50 VUs, 99 complete and 0 interrupted iterations
lifecycle   [  54% ] 42/50 VUs  2m08.9s/4m00.0s

running (2m10.0s), 43/50 VUs, 99 complete and 0 interrupted iterations
lifecycle   [  54% ] 43/50 VUs  2m09.9s/4m00.0s

running (2m11.0s), 43/50 VUs, 99 complete and 0 interrupted iterations
lifecycle   [  55% ] 43/50 VUs  2m10.9s/4m00.0s

running (2m12.0s), 43/50 VUs, 99 complete and 0 interrupted iterations
lifecycle   [  55% ] 43/50 VUs  2m11.9s/4m00.0s

running (2m13.0s), 44/50 VUs, 99 complete and 0 interrupted iterations
lifecycle   [  55% ] 44/50 VUs  2m12.9s/4m00.0s

running (2m14.0s), 44/50 VUs, 100 complete and 0 interrupted iterations
lifecycle   [  56% ] 44/50 VUs  2m13.9s/4m00.0s

running (2m15.0s), 44/50 VUs, 102 complete and 0 interrupted iterations
lifecycle   [  56% ] 44/50 VUs  2m14.9s/4m00.0s

running (2m16.0s), 45/50 VUs, 102 complete and 0 interrupted iterations
lifecycle   [  57% ] 45/50 VUs  2m15.9s/4m00.0s

running (2m17.0s), 45/50 VUs, 104 complete and 0 interrupted iterations
lifecycle   [  57% ] 45/50 VUs  2m16.9s/4m00.0s

running (2m18.0s), 45/50 VUs, 105 complete and 0 interrupted iterations
lifecycle   [  57% ] 45/50 VUs  2m17.9s/4m00.0s

running (2m19.0s), 46/50 VUs, 105 complete and 0 interrupted iterations
lifecycle   [  58% ] 46/50 VUs  2m18.9s/4m00.0s

running (2m20.0s), 46/50 VUs, 105 complete and 0 interrupted iterations
lifecycle   [  58% ] 46/50 VUs  2m19.9s/4m00.0s

running (2m21.0s), 46/50 VUs, 107 complete and 0 interrupted iterations
lifecycle   [  59% ] 46/50 VUs  2m20.9s/4m00.0s

running (2m22.0s), 47/50 VUs, 107 complete and 0 interrupted iterations
lifecycle   [  59% ] 47/50 VUs  2m21.9s/4m00.0s

running (2m23.0s), 47/50 VUs, 108 complete and 0 interrupted iterations
lifecycle   [  60% ] 47/50 VUs  2m22.9s/4m00.0s

running (2m24.0s), 47/50 VUs, 108 complete and 0 interrupted iterations
lifecycle   [  60% ] 47/50 VUs  2m23.9s/4m00.0s

running (2m25.0s), 48/50 VUs, 108 complete and 0 interrupted iterations
lifecycle   [  60% ] 48/50 VUs  2m24.9s/4m00.0s

running (2m26.0s), 48/50 VUs, 109 complete and 0 interrupted iterations
lifecycle   [  61% ] 48/50 VUs  2m25.9s/4m00.0s

running (2m27.0s), 48/50 VUs, 111 complete and 0 interrupted iterations
lifecycle   [  61% ] 48/50 VUs  2m26.9s/4m00.0s

running (2m28.0s), 49/50 VUs, 111 complete and 0 interrupted iterations
lifecycle   [  62% ] 49/50 VUs  2m27.9s/4m00.0s

running (2m29.0s), 49/50 VUs, 112 complete and 0 interrupted iterations
lifecycle   [  62% ] 49/50 VUs  2m28.9s/4m00.0s

running (2m30.0s), 49/50 VUs, 113 complete and 0 interrupted iterations
lifecycle   [  62% ] 49/50 VUs  2m29.9s/4m00.0s

running (2m31.0s), 50/50 VUs, 113 complete and 0 interrupted iterations
lifecycle   [  63% ] 50/50 VUs  2m30.9s/4m00.0s

running (2m32.0s), 50/50 VUs, 114 complete and 0 interrupted iterations
lifecycle   [  63% ] 50/50 VUs  2m31.9s/4m00.0s

running (2m33.0s), 50/50 VUs, 114 complete and 0 interrupted iterations
lifecycle   [  64% ] 50/50 VUs  2m32.9s/4m00.0s

running (2m34.0s), 50/50 VUs, 115 complete and 0 interrupted iterations
lifecycle   [  64% ] 50/50 VUs  2m33.9s/4m00.0s

running (2m35.0s), 50/50 VUs, 116 complete and 0 interrupted iterations
lifecycle   [  65% ] 50/50 VUs  2m34.9s/4m00.0s

running (2m36.0s), 50/50 VUs, 116 complete and 0 interrupted iterations
lifecycle   [  65% ] 50/50 VUs  2m35.9s/4m00.0s

running (2m37.0s), 50/50 VUs, 116 complete and 0 interrupted iterations
lifecycle   [  65% ] 50/50 VUs  2m36.9s/4m00.0s

running (2m38.0s), 50/50 VUs, 116 complete and 0 interrupted iterations
lifecycle   [  66% ] 50/50 VUs  2m37.9s/4m00.0s

running (2m39.0s), 50/50 VUs, 117 complete and 0 interrupted iterations
lifecycle   [  66% ] 50/50 VUs  2m38.9s/4m00.0s

running (2m40.0s), 50/50 VUs, 118 complete and 0 interrupted iterations
lifecycle   [  67% ] 50/50 VUs  2m39.9s/4m00.0s

running (2m41.0s), 50/50 VUs, 118 complete and 0 interrupted iterations
lifecycle   [  67% ] 50/50 VUs  2m40.9s/4m00.0s

running (2m42.0s), 50/50 VUs, 118 complete and 0 interrupted iterations
lifecycle   [  67% ] 50/50 VUs  2m41.9s/4m00.0s

running (2m43.0s), 50/50 VUs, 118 complete and 0 interrupted iterations
lifecycle   [  68% ] 50/50 VUs  2m42.9s/4m00.0s

running (2m44.0s), 50/50 VUs, 118 complete and 0 interrupted iterations
lifecycle   [  68% ] 50/50 VUs  2m43.9s/4m00.0s

running (2m45.0s), 50/50 VUs, 118 complete and 0 interrupted iterations
lifecycle   [  69% ] 50/50 VUs  2m44.9s/4m00.0s

running (2m46.0s), 50/50 VUs, 118 complete and 0 interrupted iterations
lifecycle   [  69% ] 50/50 VUs  2m45.9s/4m00.0s

running (2m47.0s), 50/50 VUs, 118 complete and 0 interrupted iterations
lifecycle   [  70% ] 50/50 VUs  2m46.9s/4m00.0s

running (2m48.0s), 50/50 VUs, 119 complete and 0 interrupted iterations
lifecycle   [  70% ] 50/50 VUs  2m47.9s/4m00.0s

running (2m49.0s), 50/50 VUs, 120 complete and 0 interrupted iterations
lifecycle   [  70% ] 50/50 VUs  2m48.9s/4m00.0s

running (2m50.0s), 50/50 VUs, 121 complete and 0 interrupted iterations
lifecycle   [  71% ] 50/50 VUs  2m49.9s/4m00.0s

running (2m51.0s), 50/50 VUs, 121 complete and 0 interrupted iterations
lifecycle   [  71% ] 50/50 VUs  2m50.9s/4m00.0s

running (2m52.0s), 50/50 VUs, 121 complete and 0 interrupted iterations
lifecycle   [  72% ] 50/50 VUs  2m51.9s/4m00.0s

running (2m53.0s), 50/50 VUs, 121 complete and 0 interrupted iterations
lifecycle   [  72% ] 50/50 VUs  2m52.9s/4m00.0s

running (2m54.0s), 50/50 VUs, 122 complete and 0 interrupted iterations
lifecycle   [  72% ] 50/50 VUs  2m53.9s/4m00.0s

running (2m55.0s), 50/50 VUs, 123 complete and 0 interrupted iterations
lifecycle   [  73% ] 50/50 VUs  2m54.9s/4m00.0s

running (2m56.0s), 50/50 VUs, 123 complete and 0 interrupted iterations
lifecycle   [  73% ] 50/50 VUs  2m55.9s/4m00.0s

running (2m57.0s), 50/50 VUs, 123 complete and 0 interrupted iterations
lifecycle   [  74% ] 50/50 VUs  2m56.9s/4m00.0s

running (2m58.0s), 50/50 VUs, 123 complete and 0 interrupted iterations
lifecycle   [  74% ] 50/50 VUs  2m57.9s/4m00.0s

running (2m59.0s), 50/50 VUs, 123 complete and 0 interrupted iterations
lifecycle   [  75% ] 50/50 VUs  2m58.9s/4m00.0s

running (3m00.0s), 50/50 VUs, 123 complete and 0 interrupted iterations
lifecycle   [  75% ] 50/50 VUs  2m59.9s/4m00.0s

running (3m01.0s), 50/50 VUs, 123 complete and 0 interrupted iterations
lifecycle   [  75% ] 50/50 VUs  3m00.9s/4m00.0s

running (3m02.0s), 50/50 VUs, 125 complete and 0 interrupted iterations
lifecycle   [  76% ] 50/50 VUs  3m01.9s/4m00.0s

running (3m03.0s), 50/50 VUs, 125 complete and 0 interrupted iterations
lifecycle   [  76% ] 50/50 VUs  3m02.9s/4m00.0s

running (3m04.0s), 49/50 VUs, 125 complete and 1 interrupted iterations
lifecycle   [  77% ] 49/50 VUs  3m03.9s/4m00.0s

running (3m05.0s), 49/50 VUs, 126 complete and 1 interrupted iterations
lifecycle   [  77% ] 49/50 VUs  3m04.9s/4m00.0s

running (3m06.0s), 49/50 VUs, 126 complete and 1 interrupted iterations
lifecycle   [  77% ] 49/50 VUs  3m05.9s/4m00.0s

running (3m07.0s), 47/50 VUs, 127 complete and 2 interrupted iterations
lifecycle   [  78% ] 47/50 VUs  3m06.9s/4m00.0s

running (3m08.0s), 47/50 VUs, 128 complete and 2 interrupted iterations
lifecycle   [  78% ] 47/50 VUs  3m07.9s/4m00.0s

running (3m09.0s), 47/50 VUs, 129 complete and 2 interrupted iterations
lifecycle   [  79% ] 47/50 VUs  3m08.9s/4m00.0s

running (3m10.0s), 45/50 VUs, 130 complete and 3 interrupted iterations
lifecycle   [  79% ] 45/50 VUs  3m09.9s/4m00.0s

running (3m11.0s), 45/50 VUs, 130 complete and 3 interrupted iterations
lifecycle   [  80% ] 45/50 VUs  3m10.9s/4m00.0s

running (3m12.0s), 45/50 VUs, 130 complete and 3 interrupted iterations
lifecycle   [  80% ] 45/50 VUs  3m11.9s/4m00.0s

running (3m13.0s), 44/50 VUs, 130 complete and 4 interrupted iterations
lifecycle   [  80% ] 44/50 VUs  3m12.9s/4m00.0s

running (3m14.0s), 44/50 VUs, 131 complete and 4 interrupted iterations
lifecycle   [  81% ] 44/50 VUs  3m13.9s/4m00.0s

running (3m15.0s), 43/50 VUs, 132 complete and 4 interrupted iterations
lifecycle   [  81% ] 43/50 VUs  3m14.9s/4m00.0s

running (3m16.0s), 42/50 VUs, 132 complete and 5 interrupted iterations
lifecycle   [  82% ] 42/50 VUs  3m15.9s/4m00.0s

running (3m17.0s), 42/50 VUs, 134 complete and 5 interrupted iterations
lifecycle   [  82% ] 42/50 VUs  3m16.9s/4m00.0s

running (3m18.0s), 42/50 VUs, 134 complete and 5 interrupted iterations
lifecycle   [  82% ] 42/50 VUs  3m17.9s/4m00.0s

running (3m19.0s), 40/50 VUs, 136 complete and 6 interrupted iterations
lifecycle   [  83% ] 40/50 VUs  3m18.9s/4m00.0s

running (3m20.0s), 39/50 VUs, 138 complete and 6 interrupted iterations
lifecycle   [  83% ] 39/50 VUs  3m19.9s/4m00.0s

running (3m21.0s), 39/50 VUs, 139 complete and 6 interrupted iterations
lifecycle   [  84% ] 39/50 VUs  3m20.9s/4m00.0s

running (3m22.0s), 39/50 VUs, 140 complete and 6 interrupted iterations
lifecycle   [  84% ] 39/50 VUs  3m21.9s/4m00.0s

running (3m23.0s), 39/50 VUs, 141 complete and 6 interrupted iterations
lifecycle   [  85% ] 39/50 VUs  3m22.9s/4m00.0s

running (3m24.0s), 39/50 VUs, 142 complete and 6 interrupted iterations
lifecycle   [  85% ] 39/50 VUs  3m23.9s/4m00.0s

running (3m25.0s), 38/50 VUs, 143 complete and 6 interrupted iterations
lifecycle   [  85% ] 38/50 VUs  3m24.9s/4m00.0s

running (3m26.0s), 38/50 VUs, 143 complete and 6 interrupted iterations
lifecycle   [  86% ] 38/50 VUs  3m25.9s/4m00.0s

running (3m27.0s), 38/50 VUs, 145 complete and 6 interrupted iterations
lifecycle   [  86% ] 38/50 VUs  3m26.9s/4m00.0s

running (3m28.0s), 38/50 VUs, 145 complete and 6 interrupted iterations
lifecycle   [  87% ] 38/50 VUs  3m27.9s/4m00.0s

running (3m29.0s), 38/50 VUs, 146 complete and 6 interrupted iterations
lifecycle   [  87% ] 38/50 VUs  3m28.9s/4m00.0s
time="2026-06-11T22:14:04Z" level=warning msg="Request Failed" error="Post \"http://localhost:30001/api/collab/c7157e3e-3ed6-45d4-9d61-9d9dc80b38d6/state\": request timeout"

running (3m30.0s), 37/50 VUs, 147 complete and 6 interrupted iterations
lifecycle   [  87% ] 37/50 VUs  3m29.9s/4m00.0s

running (3m31.0s), 36/50 VUs, 148 complete and 6 interrupted iterations
lifecycle   [  88% ] 36/50 VUs  3m30.9s/4m00.0s

running (3m32.0s), 36/50 VUs, 148 complete and 6 interrupted iterations
lifecycle   [  88% ] 36/50 VUs  3m31.9s/4m00.0s

running (3m33.0s), 36/50 VUs, 148 complete and 6 interrupted iterations
lifecycle   [  89% ] 36/50 VUs  3m32.9s/4m00.0s

running (3m34.0s), 36/50 VUs, 150 complete and 6 interrupted iterations
lifecycle   [  89% ] 36/50 VUs  3m33.9s/4m00.0s

running (3m35.0s), 36/50 VUs, 151 complete and 6 interrupted iterations
lifecycle   [  90% ] 36/50 VUs  3m34.9s/4m00.0s

running (3m36.0s), 36/50 VUs, 152 complete and 6 interrupted iterations
lifecycle   [  90% ] 36/50 VUs  3m35.9s/4m00.0s

running (3m37.0s), 34/50 VUs, 153 complete and 7 interrupted iterations
lifecycle   [  90% ] 34/50 VUs  3m36.9s/4m00.0s

running (3m38.0s), 34/50 VUs, 153 complete and 7 interrupted iterations
lifecycle   [  91% ] 34/50 VUs  3m37.9s/4m00.0s

running (3m39.0s), 33/50 VUs, 154 complete and 7 interrupted iterations
lifecycle   [  91% ] 33/50 VUs  3m38.9s/4m00.0s

running (3m40.0s), 32/50 VUs, 154 complete and 8 interrupted iterations
lifecycle   [  92% ] 32/50 VUs  3m39.9s/4m00.0s

running (3m41.0s), 32/50 VUs, 154 complete and 8 interrupted iterations
lifecycle   [  92% ] 32/50 VUs  3m40.9s/4m00.0s

running (3m42.0s), 32/50 VUs, 156 complete and 8 interrupted iterations
lifecycle   [  92% ] 32/50 VUs  3m41.9s/4m00.0s

running (3m43.0s), 31/50 VUs, 157 complete and 8 interrupted iterations
lifecycle   [  93% ] 31/50 VUs  3m42.9s/4m00.0s

running (3m44.0s), 31/50 VUs, 157 complete and 8 interrupted iterations
lifecycle   [  93% ] 31/50 VUs  3m43.9s/4m00.0s

running (3m45.0s), 30/50 VUs, 158 complete and 8 interrupted iterations
lifecycle   [  94% ] 30/50 VUs  3m44.9s/4m00.0s

running (3m46.0s), 30/50 VUs, 158 complete and 8 interrupted iterations
lifecycle   [  94% ] 30/50 VUs  3m45.9s/4m00.0s

running (3m47.0s), 29/50 VUs, 160 complete and 8 interrupted iterations
lifecycle   [  95% ] 29/50 VUs  3m46.9s/4m00.0s

running (3m48.0s), 29/50 VUs, 161 complete and 8 interrupted iterations
lifecycle   [  95% ] 29/50 VUs  3m47.9s/4m00.0s

running (3m49.0s), 28/50 VUs, 161 complete and 9 interrupted iterations
lifecycle   [  95% ] 28/50 VUs  3m48.9s/4m00.0s

running (3m50.0s), 28/50 VUs, 163 complete and 9 interrupted iterations
lifecycle   [  96% ] 28/50 VUs  3m49.9s/4m00.0s

running (3m51.0s), 27/50 VUs, 165 complete and 9 interrupted iterations
lifecycle   [  96% ] 27/50 VUs  3m50.9s/4m00.0s

running (3m52.0s), 26/50 VUs, 166 complete and 9 interrupted iterations
lifecycle   [  97% ] 26/50 VUs  3m51.9s/4m00.0s

running (3m53.0s), 26/50 VUs, 166 complete and 9 interrupted iterations
lifecycle   [  97% ] 26/50 VUs  3m52.9s/4m00.0s

running (3m54.0s), 26/50 VUs, 167 complete and 9 interrupted iterations
lifecycle   [  97% ] 26/50 VUs  3m53.9s/4m00.0s

running (3m55.0s), 26/50 VUs, 167 complete and 9 interrupted iterations
lifecycle   [  98% ] 26/50 VUs  3m54.9s/4m00.0s

running (3m56.0s), 25/50 VUs, 168 complete and 9 interrupted iterations
lifecycle   [  98% ] 25/50 VUs  3m55.9s/4m00.0s

running (3m57.0s), 24/50 VUs, 169 complete and 9 interrupted iterations
lifecycle   [  99% ] 24/50 VUs  3m56.9s/4m00.0s

running (3m58.0s), 23/50 VUs, 170 complete and 9 interrupted iterations
lifecycle   [  99% ] 23/50 VUs  3m57.9s/4m00.0s

running (3m59.0s), 22/50 VUs, 171 complete and 9 interrupted iterations
lifecycle   [ 100% ] 22/50 VUs  3m58.9s/4m00.0s

running (4m00.0s), 22/50 VUs, 171 complete and 9 interrupted iterations
lifecycle   [ 100% ] 22/50 VUs  3m59.9s/4m00.0s

running (4m01.0s), 20/50 VUs, 173 complete and 9 interrupted iterations
lifecycle ↓ [ 100% ] 22/50 VUs  4m0s

running (4m02.0s), 20/50 VUs, 173 complete and 9 interrupted iterations
lifecycle ↓ [ 100% ] 22/50 VUs  4m0s

running (4m03.0s), 19/50 VUs, 174 complete and 9 interrupted iterations
lifecycle ↓ [ 100% ] 22/50 VUs  4m0s

running (4m04.0s), 19/50 VUs, 174 complete and 9 interrupted iterations
lifecycle ↓ [ 100% ] 22/50 VUs  4m0s

running (4m05.0s), 17/50 VUs, 175 complete and 10 interrupted iterations
lifecycle ↓ [ 100% ] 22/50 VUs  4m0s

running (4m06.0s), 16/50 VUs, 176 complete and 10 interrupted iterations
lifecycle ↓ [ 100% ] 22/50 VUs  4m0s

running (4m07.0s), 16/50 VUs, 176 complete and 10 interrupted iterations
lifecycle ↓ [ 100% ] 22/50 VUs  4m0s

running (4m08.0s), 13/50 VUs, 178 complete and 11 interrupted iterations
lifecycle ↓ [ 100% ] 22/50 VUs  4m0s

running (4m09.0s), 13/50 VUs, 178 complete and 11 interrupted iterations
lifecycle ↓ [ 100% ] 22/50 VUs  4m0s

running (4m10.0s), 12/50 VUs, 179 complete and 11 interrupted iterations
lifecycle ↓ [ 100% ] 22/50 VUs  4m0s

running (4m11.0s), 11/50 VUs, 180 complete and 11 interrupted iterations
lifecycle ↓ [ 100% ] 22/50 VUs  4m0s

running (4m12.0s), 11/50 VUs, 180 complete and 11 interrupted iterations
lifecycle ↓ [ 100% ] 22/50 VUs  4m0s

running (4m13.0s), 11/50 VUs, 180 complete and 11 interrupted iterations
lifecycle ↓ [ 100% ] 22/50 VUs  4m0s

running (4m14.0s), 09/50 VUs, 181 complete and 12 interrupted iterations
lifecycle ↓ [ 100% ] 22/50 VUs  4m0s

running (4m15.0s), 05/50 VUs, 185 complete and 12 interrupted iterations
lifecycle ↓ [ 100% ] 22/50 VUs  4m0s

running (4m16.0s), 05/50 VUs, 185 complete and 12 interrupted iterations
lifecycle ↓ [ 100% ] 22/50 VUs  4m0s

running (4m17.0s), 02/50 VUs, 188 complete and 12 interrupted iterations
lifecycle ↓ [ 100% ] 22/50 VUs  4m0s

running (4m18.0s), 01/50 VUs, 189 complete and 12 interrupted iterations
lifecycle ↓ [ 100% ] 22/50 VUs  4m0s

     █ lifecycle_DataExchange

       ✓ DataExchange lifecycle complete

     █ lifecycle_Analytics

       ✓ Analytics lifecycle complete

     █ lifecycle_MonteCarlo

       ✓ MonteCarlo lifecycle complete

     █ lifecycle_Advanced

       ✓ Advanced lifecycle complete

     █ lifecycle_Geospatial

       ✓ Geospatial lifecycle complete

     █ lifecycle_ClimateAnomaly

       ✓ ClimateAnomaly lifecycle complete

     █ lifecycle_Calculator

       ✓ Calculator lifecycle complete

     █ lifecycle_MLTrainer

       ✓ MLTrainer lifecycle complete

     checks.........................: 100.00% 190 out of 190
     data_received..................: 113 MB  438 kB/s
     data_sent......................: 871 kB  3.4 kB/s
     group_duration.................: avg=35.77s   min=2.87s  med=28.66s   max=2m13s    p(90)=1m9s     p(95)=1m52s  
     http_req_blocked...............: avg=14.44µs  min=1.75µs med=5.6µs    max=876.66µs p(90)=9.16µs   p(95)=11.3µs 
     http_req_connecting............: avg=6.19µs   min=0s     med=0s       max=495.04µs p(90)=0s       p(95)=0s     
   ✓ http_req_duration..............: avg=2.79s    min=1.9ms  med=1.19s    max=1m0s     p(90)=6.3s     p(95)=8.43s  
       { expected_response:true }...: avg=2.77s    min=1.9ms  med=1.19s    max=59.78s   p(90)=6.29s    p(95)=8.41s  
     http_req_failed................: 0.03%   1 out of 2560
     http_req_receiving.............: avg=718.02µs min=0s     med=108.55µs max=93.98ms  p(90)=342.79µs p(95)=4.41ms 
     http_req_sending...............: avg=31.02µs  min=6.47µs med=26.5µs   max=1.2ms    p(90)=48.91µs  p(95)=58.01µs
     http_req_tls_handshaking.......: avg=0s       min=0s     med=0s       max=0s       p(90)=0s       p(95)=0s     
     http_req_waiting...............: avg=2.79s    min=1.81ms med=1.19s    max=1m0s     p(90)=6.3s     p(95)=8.43s  
     http_reqs......................: 2560    9.91864/s
     iteration_duration.............: avg=36.27s   min=3.37s  med=29.16s   max=2m13s    p(90)=1m9s     p(95)=1m53s  
     iterations.....................: 190     0.736149/s
   ✓ lifecycle_errors...............: 0.05%   1 out of 1753
     lifecycle_op_ms................: avg=3.03s    min=1.9ms  med=1.34s    max=1m0s     p(90)=6.49s    p(95)=8.75s  
     lifecycle_ops..................: 2154    8.345606/s
     vus............................: 1       min=1          max=50
     vus_max........................: 50      min=50         max=50


running (4m18.1s), 00/50 VUs, 190 complete and 12 interrupted iterations
lifecycle ✓ [ 100% ] 00/50 VUs  4m0s
