
         /\      Grafana   /‾‾/  
    /\  /  \     |\  __   /  /   
   /  \/    \    | |/ /  /   ‾‾\ 
  /          \   |   (  |  (‾)  |
 / __________ \  |_|\_\  \_____/ 


     execution: local
        script: k6/08-multi-user-collab.js
        output: -

     scenarios: (100.00%) 1 scenario, 3 max VUs, 5m30s max duration (incl. graceful stop):
              * multi_user: 8 iterations for each of 3 VUs (maxDuration: 5m0s, gracefulStop: 30s)


running (0m01.0s), 3/3 VUs, 0 complete and 0 interrupted iterations
multi_user   [   0% ] 3 VUs  0m00.7s/5m0s  00/24 iters, 8 per VU

running (0m02.0s), 3/3 VUs, 0 complete and 0 interrupted iterations
multi_user   [   0% ] 3 VUs  0m01.7s/5m0s  00/24 iters, 8 per VU

running (0m03.0s), 3/3 VUs, 1 complete and 0 interrupted iterations
multi_user   [   4% ] 3 VUs  0m02.7s/5m0s  01/24 iters, 8 per VU

running (0m04.0s), 3/3 VUs, 2 complete and 0 interrupted iterations
multi_user   [   8% ] 3 VUs  0m03.7s/5m0s  02/24 iters, 8 per VU

running (0m05.0s), 3/3 VUs, 4 complete and 0 interrupted iterations
multi_user   [  17% ] 3 VUs  0m04.7s/5m0s  04/24 iters, 8 per VU

running (0m06.0s), 3/3 VUs, 5 complete and 0 interrupted iterations
multi_user   [  21% ] 3 VUs  0m05.7s/5m0s  05/24 iters, 8 per VU

running (0m07.0s), 3/3 VUs, 5 complete and 0 interrupted iterations
multi_user   [  21% ] 3 VUs  0m06.7s/5m0s  05/24 iters, 8 per VU

running (0m08.0s), 3/3 VUs, 6 complete and 0 interrupted iterations
multi_user   [  25% ] 3 VUs  0m07.7s/5m0s  06/24 iters, 8 per VU

running (0m09.0s), 3/3 VUs, 8 complete and 0 interrupted iterations
multi_user   [  33% ] 3 VUs  0m08.7s/5m0s  08/24 iters, 8 per VU

running (0m10.0s), 3/3 VUs, 9 complete and 0 interrupted iterations
multi_user   [  38% ] 3 VUs  0m09.7s/5m0s  09/24 iters, 8 per VU

running (0m11.0s), 3/3 VUs, 11 complete and 0 interrupted iterations
multi_user   [  46% ] 3 VUs  0m10.7s/5m0s  11/24 iters, 8 per VU

running (0m12.0s), 3/3 VUs, 11 complete and 0 interrupted iterations
multi_user   [  46% ] 3 VUs  0m11.7s/5m0s  11/24 iters, 8 per VU

running (0m13.0s), 3/3 VUs, 11 complete and 0 interrupted iterations
multi_user   [  46% ] 3 VUs  0m12.7s/5m0s  11/24 iters, 8 per VU

running (0m14.0s), 3/3 VUs, 14 complete and 0 interrupted iterations
multi_user   [  58% ] 3 VUs  0m13.7s/5m0s  14/24 iters, 8 per VU

running (0m15.0s), 3/3 VUs, 14 complete and 0 interrupted iterations
multi_user   [  58% ] 3 VUs  0m14.7s/5m0s  14/24 iters, 8 per VU

running (0m16.0s), 3/3 VUs, 15 complete and 0 interrupted iterations
multi_user   [  62% ] 3 VUs  0m15.7s/5m0s  15/24 iters, 8 per VU

running (0m17.0s), 3/3 VUs, 15 complete and 0 interrupted iterations
multi_user   [  62% ] 3 VUs  0m16.7s/5m0s  15/24 iters, 8 per VU

running (0m18.0s), 3/3 VUs, 16 complete and 0 interrupted iterations
multi_user   [  67% ] 3 VUs  0m17.7s/5m0s  16/24 iters, 8 per VU

running (0m19.0s), 3/3 VUs, 17 complete and 0 interrupted iterations
multi_user   [  71% ] 3 VUs  0m18.7s/5m0s  17/24 iters, 8 per VU

running (0m20.0s), 3/3 VUs, 18 complete and 0 interrupted iterations
multi_user   [  75% ] 3 VUs  0m19.7s/5m0s  18/24 iters, 8 per VU

running (0m21.0s), 3/3 VUs, 18 complete and 0 interrupted iterations
multi_user   [  75% ] 3 VUs  0m20.7s/5m0s  18/24 iters, 8 per VU

running (0m22.0s), 3/3 VUs, 18 complete and 0 interrupted iterations
multi_user   [  75% ] 3 VUs  0m21.7s/5m0s  18/24 iters, 8 per VU

running (0m23.0s), 3/3 VUs, 19 complete and 0 interrupted iterations
multi_user   [  79% ] 3 VUs  0m22.7s/5m0s  19/24 iters, 8 per VU

running (0m24.0s), 3/3 VUs, 19 complete and 0 interrupted iterations
multi_user   [  79% ] 3 VUs  0m23.7s/5m0s  19/24 iters, 8 per VU

running (0m25.0s), 3/3 VUs, 19 complete and 0 interrupted iterations
multi_user   [  79% ] 3 VUs  0m24.7s/5m0s  19/24 iters, 8 per VU

running (0m26.0s), 3/3 VUs, 20 complete and 0 interrupted iterations
multi_user   [  83% ] 3 VUs  0m25.7s/5m0s  20/24 iters, 8 per VU

running (0m27.0s), 3/3 VUs, 20 complete and 0 interrupted iterations
multi_user   [  83% ] 3 VUs  0m26.7s/5m0s  20/24 iters, 8 per VU

running (0m28.0s), 3/3 VUs, 20 complete and 0 interrupted iterations
multi_user   [  83% ] 3 VUs  0m27.7s/5m0s  20/24 iters, 8 per VU

running (0m29.0s), 3/3 VUs, 21 complete and 0 interrupted iterations
multi_user   [  88% ] 3 VUs  0m28.7s/5m0s  21/24 iters, 8 per VU

running (0m30.0s), 3/3 VUs, 21 complete and 0 interrupted iterations
multi_user   [  88% ] 3 VUs  0m29.7s/5m0s  21/24 iters, 8 per VU

running (0m31.0s), 3/3 VUs, 21 complete and 0 interrupted iterations
multi_user   [  88% ] 3 VUs  0m30.7s/5m0s  21/24 iters, 8 per VU

running (0m32.0s), 2/3 VUs, 22 complete and 0 interrupted iterations
multi_user   [  92% ] 3 VUs  0m31.7s/5m0s  22/24 iters, 8 per VU

running (0m33.0s), 2/3 VUs, 22 complete and 0 interrupted iterations
multi_user   [  92% ] 3 VUs  0m32.7s/5m0s  22/24 iters, 8 per VU

running (0m34.0s), 2/3 VUs, 22 complete and 0 interrupted iterations
multi_user   [  92% ] 3 VUs  0m33.7s/5m0s  22/24 iters, 8 per VU

running (0m35.0s), 2/3 VUs, 22 complete and 0 interrupted iterations
multi_user   [  92% ] 3 VUs  0m34.7s/5m0s  22/24 iters, 8 per VU

running (0m36.0s), 2/3 VUs, 22 complete and 0 interrupted iterations
multi_user   [  92% ] 3 VUs  0m35.7s/5m0s  22/24 iters, 8 per VU

running (0m37.0s), 2/3 VUs, 22 complete and 0 interrupted iterations
multi_user   [  92% ] 3 VUs  0m36.7s/5m0s  22/24 iters, 8 per VU

running (0m38.0s), 2/3 VUs, 22 complete and 0 interrupted iterations
multi_user   [  92% ] 3 VUs  0m37.7s/5m0s  22/24 iters, 8 per VU

running (0m39.0s), 2/3 VUs, 22 complete and 0 interrupted iterations
multi_user   [  92% ] 3 VUs  0m38.7s/5m0s  22/24 iters, 8 per VU

running (0m40.0s), 2/3 VUs, 22 complete and 0 interrupted iterations
multi_user   [  92% ] 3 VUs  0m39.7s/5m0s  22/24 iters, 8 per VU

running (0m41.0s), 2/3 VUs, 22 complete and 0 interrupted iterations
multi_user   [  92% ] 3 VUs  0m40.7s/5m0s  22/24 iters, 8 per VU

running (0m42.0s), 2/3 VUs, 22 complete and 0 interrupted iterations
multi_user   [  92% ] 3 VUs  0m41.7s/5m0s  22/24 iters, 8 per VU

running (0m43.0s), 2/3 VUs, 22 complete and 0 interrupted iterations
multi_user   [  92% ] 3 VUs  0m42.7s/5m0s  22/24 iters, 8 per VU

running (0m44.0s), 2/3 VUs, 22 complete and 0 interrupted iterations
multi_user   [  92% ] 3 VUs  0m43.7s/5m0s  22/24 iters, 8 per VU

running (0m45.0s), 2/3 VUs, 22 complete and 0 interrupted iterations
multi_user   [  92% ] 3 VUs  0m44.7s/5m0s  22/24 iters, 8 per VU

running (0m46.0s), 1/3 VUs, 23 complete and 0 interrupted iterations
multi_user   [  96% ] 3 VUs  0m45.7s/5m0s  23/24 iters, 8 per VU

running (0m47.0s), 1/3 VUs, 23 complete and 0 interrupted iterations
multi_user   [  96% ] 3 VUs  0m46.7s/5m0s  23/24 iters, 8 per VU

running (0m48.0s), 1/3 VUs, 23 complete and 0 interrupted iterations
multi_user   [  96% ] 3 VUs  0m47.7s/5m0s  23/24 iters, 8 per VU

running (0m49.0s), 1/3 VUs, 23 complete and 0 interrupted iterations
multi_user   [  96% ] 3 VUs  0m48.7s/5m0s  23/24 iters, 8 per VU

running (0m50.0s), 1/3 VUs, 23 complete and 0 interrupted iterations
multi_user   [  96% ] 3 VUs  0m49.7s/5m0s  23/24 iters, 8 per VU

running (0m51.0s), 1/3 VUs, 23 complete and 0 interrupted iterations
multi_user   [  96% ] 3 VUs  0m50.7s/5m0s  23/24 iters, 8 per VU

running (0m52.0s), 1/3 VUs, 23 complete and 0 interrupted iterations
multi_user   [  96% ] 3 VUs  0m51.7s/5m0s  23/24 iters, 8 per VU

running (0m53.0s), 1/3 VUs, 23 complete and 0 interrupted iterations
multi_user   [  96% ] 3 VUs  0m52.7s/5m0s  23/24 iters, 8 per VU

running (0m54.0s), 1/3 VUs, 23 complete and 0 interrupted iterations
multi_user   [  96% ] 3 VUs  0m53.7s/5m0s  23/24 iters, 8 per VU

running (0m55.0s), 1/3 VUs, 23 complete and 0 interrupted iterations
multi_user   [  96% ] 3 VUs  0m54.7s/5m0s  23/24 iters, 8 per VU

running (0m56.0s), 1/3 VUs, 23 complete and 0 interrupted iterations
multi_user   [  96% ] 3 VUs  0m55.7s/5m0s  23/24 iters, 8 per VU

running (0m57.0s), 1/3 VUs, 23 complete and 0 interrupted iterations
multi_user   [  96% ] 3 VUs  0m56.7s/5m0s  23/24 iters, 8 per VU

running (0m58.0s), 1/3 VUs, 23 complete and 0 interrupted iterations
multi_user   [  96% ] 3 VUs  0m57.7s/5m0s  23/24 iters, 8 per VU

running (0m59.0s), 1/3 VUs, 23 complete and 0 interrupted iterations
multi_user   [  96% ] 3 VUs  0m58.7s/5m0s  23/24 iters, 8 per VU

running (1m00.0s), 1/3 VUs, 23 complete and 0 interrupted iterations
multi_user   [  96% ] 3 VUs  0m59.7s/5m0s  23/24 iters, 8 per VU

running (1m01.0s), 1/3 VUs, 23 complete and 0 interrupted iterations
multi_user   [  96% ] 3 VUs  1m00.7s/5m0s  23/24 iters, 8 per VU

running (1m02.0s), 1/3 VUs, 23 complete and 0 interrupted iterations
multi_user   [  96% ] 3 VUs  1m01.7s/5m0s  23/24 iters, 8 per VU


  █ THRESHOLDS 

    http_req_failed
    ✓ 'rate<0.3' rate=0.71%

    multi_propagation_all_ms
    ✓ 'p(95)<15000' p(95)=428ms


  █ TOTAL RESULTS 

    checks_total.......: 42      0.666893/s
    checks_succeeded...: 100.00% 42 out of 42
    checks_failed......: 0.00%   0 out of 42

    ✓ Calculator all 3 guests see update
    ✓ Calculator at least one guest sees update
    ✓ Calculator all 5 guests see update
    ✓ Analytics all 3 guests see update
    ✓ Analytics at least one guest sees update
    ✓ Calculator all 10 guests see update
    ✓ Analytics all 5 guests see update
    ✓ Advanced all 3 guests see update
    ✓ Advanced at least one guest sees update
    ✓ Advanced all 5 guests see update
    ✓ DataExchange all 3 guests see update
    ✓ DataExchange at least one guest sees update
    ✓ Analytics all 10 guests see update
    ✓ DataExchange all 5 guests see update
    ✓ MonteCarlo all 3 guests see update
    ✓ MonteCarlo at least one guest sees update
    ✓ Advanced all 10 guests see update
    ✓ Geospatial all 3 guests see update
    ✓ Geospatial at least one guest sees update
    ✓ MonteCarlo all 5 guests see update
    ✓ Geospatial all 5 guests see update
    ✓ DataExchange all 10 guests see update
    ✓ MonteCarlo all 10 guests see update
    ✓ Geospatial all 10 guests see update
    ✓ MLTrainer all 3 guests see update
    ✓ MLTrainer at least one guest sees update
    ✓ MLTrainer all 10 guests see update
    ✓ MLTrainer all 5 guests see update

    CUSTOM
    multi_propagation_all_ms.......: avg=224.61ms min=78ms   med=173ms   max=585ms  p(90)=410ms    p(95)=428ms   
    multi_propagation_first_ms.....: avg=48.76ms  min=37ms   med=42ms    max=90ms   p(90)=78ms     p(95)=87ms    
    multi_success..................: 21     0.333447/s
    multi_timeout..................: 3      0.047635/s

    HTTP
    http_req_duration..............: avg=274.69ms min=35.9ms med=49.92ms max=40.81s p(90)=311.26ms p(95)=363.36ms
      { expected_response:true }...: avg=276.18ms min=35.9ms med=49.88ms max=40.81s p(90)=312.56ms p(95)=363.64ms
    http_req_failed................: 0.71%  3 out of 419
    http_reqs......................: 419    6.653052/s

    EXECUTION
    iteration_duration.............: avg=5.79s    min=1.7s   med=3.04s   max=43.65s p(90)=12.34s   p(95)=16.82s  
    iterations.....................: 24     0.381082/s
    vus............................: 1      min=1        max=3
    vus_max........................: 3      min=3        max=3

    NETWORK
    data_received..................: 691 kB 11 kB/s
    data_sent......................: 123 kB 2.0 kB/s




running (1m03.0s), 0/3 VUs, 24 complete and 0 interrupted iterations
multi_user ✓ [ 100% ] 3 VUs  1m02.7s/5m0s  24/24 iters, 8 per VU
