
         /\      Grafana   /‾‾/  
    /\  /  \     |\  __   /  /   
   /  \/    \    | |/ /  /   ‾‾\ 
  /          \   |   (  |  (‾)  |
 / __________ \  |_|\_\  \_____/ 


     execution: local
        script: k6/06-cross-contamination.js
        output: -

     scenarios: (100.00%) 1 scenario, 30 max VUs, 10m30s max duration (incl. graceful stop):
              * isolation: 1 iterations for each of 30 VUs (maxDuration: 10m0s, gracefulStop: 30s)


Run         [ 100% ] setup()
isolation   [   0% ]

Run         [ 100% ] setup()
isolation   [   0% ]

Run         [ 100% ] setup()
isolation   [   0% ]

Run         [ 100% ] setup()
isolation   [   0% ]

Run         [ 100% ] setup()
isolation   [   0% ]

Run         [ 100% ] setup()
isolation   [   0% ]

Run         [ 100% ] setup()
isolation   [   0% ]

Run         [ 100% ] setup()
isolation   [   0% ]

Run         [ 100% ] setup()
isolation   [   0% ]

Run         [ 100% ] setup()
isolation   [   0% ]

Run         [ 100% ] setup()
isolation   [   0% ]

Run         [ 100% ] setup()
isolation   [   0% ]

Run         [ 100% ] setup()
isolation   [   0% ]

Run         [ 100% ] setup()
isolation   [   0% ]

Run         [ 100% ] setup()
isolation   [   0% ]

Run         [ 100% ] setup()
isolation   [   0% ]

Run         [ 100% ] setup()
isolation   [   0% ]

Run         [ 100% ] setup()
isolation   [   0% ]

Run         [ 100% ] setup()
isolation   [   0% ]

Run         [ 100% ] setup()
isolation   [   0% ]

Run         [ 100% ] setup()
isolation   [   0% ]

Run         [ 100% ] setup()
isolation   [   0% ]

Run         [ 100% ] setup()
isolation   [   0% ]

Run         [ 100% ] setup()
isolation   [   0% ]

Run         [ 100% ] setup()
isolation   [   0% ]

Run         [ 100% ] setup()
isolation   [   0% ]

Run         [ 100% ] setup()
isolation   [   0% ]

running (00m28.0s), 30/30 VUs, 0 complete and 0 interrupted iterations
isolation   [   0% ] 30 VUs  00m00.7s/10m0s  00/30 iters, 1 per VU

running (00m29.0s), 30/30 VUs, 0 complete and 0 interrupted iterations
isolation   [   0% ] 30 VUs  00m01.7s/10m0s  00/30 iters, 1 per VU

running (00m30.0s), 30/30 VUs, 0 complete and 0 interrupted iterations
isolation   [   0% ] 30 VUs  00m02.7s/10m0s  00/30 iters, 1 per VU

running (00m31.0s), 30/30 VUs, 0 complete and 0 interrupted iterations
isolation   [   0% ] 30 VUs  00m03.7s/10m0s  00/30 iters, 1 per VU

running (00m32.0s), 30/30 VUs, 0 complete and 0 interrupted iterations
isolation   [   0% ] 30 VUs  00m04.7s/10m0s  00/30 iters, 1 per VU

running (00m33.0s), 30/30 VUs, 0 complete and 0 interrupted iterations
isolation   [   0% ] 30 VUs  00m05.7s/10m0s  00/30 iters, 1 per VU

running (00m34.0s), 30/30 VUs, 0 complete and 0 interrupted iterations
isolation   [   0% ] 30 VUs  00m06.7s/10m0s  00/30 iters, 1 per VU

running (00m35.0s), 30/30 VUs, 0 complete and 0 interrupted iterations
isolation   [   0% ] 30 VUs  00m07.7s/10m0s  00/30 iters, 1 per VU

running (00m36.0s), 30/30 VUs, 0 complete and 0 interrupted iterations
isolation   [   0% ] 30 VUs  00m08.7s/10m0s  00/30 iters, 1 per VU

running (00m37.0s), 30/30 VUs, 0 complete and 0 interrupted iterations
isolation   [   0% ] 30 VUs  00m09.7s/10m0s  00/30 iters, 1 per VU

running (00m38.0s), 30/30 VUs, 0 complete and 0 interrupted iterations
isolation   [   0% ] 30 VUs  00m10.7s/10m0s  00/30 iters, 1 per VU

running (00m39.0s), 30/30 VUs, 0 complete and 0 interrupted iterations
isolation   [   0% ] 30 VUs  00m11.7s/10m0s  00/30 iters, 1 per VU

running (00m40.0s), 30/30 VUs, 0 complete and 0 interrupted iterations
isolation   [   0% ] 30 VUs  00m12.7s/10m0s  00/30 iters, 1 per VU

running (00m41.0s), 30/30 VUs, 0 complete and 0 interrupted iterations
isolation   [   0% ] 30 VUs  00m13.7s/10m0s  00/30 iters, 1 per VU

running (00m42.0s), 30/30 VUs, 0 complete and 0 interrupted iterations
isolation   [   0% ] 30 VUs  00m14.7s/10m0s  00/30 iters, 1 per VU

running (00m43.0s), 30/30 VUs, 0 complete and 0 interrupted iterations
isolation   [   0% ] 30 VUs  00m15.7s/10m0s  00/30 iters, 1 per VU

running (00m44.0s), 30/30 VUs, 0 complete and 0 interrupted iterations
isolation   [   0% ] 30 VUs  00m16.7s/10m0s  00/30 iters, 1 per VU

running (00m45.0s), 30/30 VUs, 0 complete and 0 interrupted iterations
isolation   [   0% ] 30 VUs  00m17.7s/10m0s  00/30 iters, 1 per VU

running (00m46.0s), 30/30 VUs, 0 complete and 0 interrupted iterations
isolation   [   0% ] 30 VUs  00m18.7s/10m0s  00/30 iters, 1 per VU

running (00m47.0s), 30/30 VUs, 0 complete and 0 interrupted iterations
isolation   [   0% ] 30 VUs  00m19.7s/10m0s  00/30 iters, 1 per VU

running (00m48.0s), 30/30 VUs, 0 complete and 0 interrupted iterations
isolation   [   0% ] 30 VUs  00m20.7s/10m0s  00/30 iters, 1 per VU

running (00m49.0s), 30/30 VUs, 0 complete and 0 interrupted iterations
isolation   [   0% ] 30 VUs  00m21.7s/10m0s  00/30 iters, 1 per VU

running (00m50.0s), 30/30 VUs, 0 complete and 0 interrupted iterations
isolation   [   0% ] 30 VUs  00m22.7s/10m0s  00/30 iters, 1 per VU

running (00m51.0s), 30/30 VUs, 0 complete and 0 interrupted iterations
isolation   [   0% ] 30 VUs  00m23.7s/10m0s  00/30 iters, 1 per VU

running (00m52.0s), 30/30 VUs, 0 complete and 0 interrupted iterations
isolation   [   0% ] 30 VUs  00m24.7s/10m0s  00/30 iters, 1 per VU
time="2026-06-11T22:48:36+02:00" level=info msg="VU18 Advanced: isolation check complete (2f107317-4171-4c0a-8f71-9ed64cad0794, 47e5aed1-4608-4af9-b3bd-4632ea7e604a)" source=console
time="2026-06-11T22:48:36+02:00" level=info msg="VU17 Analytics: isolation check complete (684d98e3-a63a-4ab7-985f-ad5b14f513fc, 8cdbd231-f587-4713-9332-62381ed67f1d)" source=console
time="2026-06-11T22:48:36+02:00" level=info msg="VU25 Analytics: isolation check complete (9d9627a4-0e32-4cb3-90f0-d3d4762bb3a2, 607cfbbc-7160-4051-ae37-2d96a6b1858e)" source=console
time="2026-06-11T22:48:36+02:00" level=info msg="VU16 Calculator: isolation check complete (675ff0b7-913a-4cf0-b215-f2dceaf627bb, 551b4ccd-1e31-44b4-a867-41188fcd5820)" source=console
time="2026-06-11T22:48:36+02:00" level=info msg="VU1 Analytics: isolation check complete (8e84ed42-262f-420c-bca6-35ee6fd50bad, ecba0021-3355-40e8-bc8f-8150337b3135)" source=console
time="2026-06-11T22:48:36+02:00" level=info msg="VU29 Geospatial: isolation check complete (bbc8daef-011e-4c7b-8e72-743e012eb37d, 04f56f5d-6654-4861-b777-158146b8bd3a)" source=console
time="2026-06-11T22:48:36+02:00" level=info msg="VU19 DataExchange: isolation check complete (f99ffe6e-31f2-4d8e-b87c-08a9a4d9ac67, 3a19a2f8-61a2-46d7-ba03-143586939679)" source=console
time="2026-06-11T22:48:36+02:00" level=info msg="VU6 ClimateAnomaly: isolation check complete (332617d2-a67d-418a-9b21-a82d38ca6d21, 5eb2c8c4-0974-46e8-bab7-897b86941bf1)" source=console
time="2026-06-11T22:48:36+02:00" level=info msg="VU21 Geospatial: isolation check complete (447030a9-0052-491f-9bea-e9ca1b2e2fe8, eef52943-74bd-40d4-b282-5153fb359dc0)" source=console
time="2026-06-11T22:48:36+02:00" level=info msg="VU27 DataExchange: isolation check complete (a4c24e61-8a0c-43e9-bbbd-fa3ae9fbbc11, 43b89841-d124-4ecc-a539-4cd4a43eeeee)" source=console
time="2026-06-11T22:48:36+02:00" level=info msg="VU9 Analytics: isolation check complete (0af66a9d-fb1b-424e-9d80-f2847ee93cfe, ec3eb945-e0ad-4e17-870c-50cbaa8911fe)" source=console
time="2026-06-11T22:48:36+02:00" level=info msg="VU3 DataExchange: isolation check complete (9e8bc96c-24ff-4f11-9ed8-a4dc152f93b5, fc7e2b26-0d94-4f69-bcb8-998361300b86)" source=console
time="2026-06-11T22:48:36+02:00" level=info msg="VU5 Geospatial: isolation check complete (fda2d146-f24b-49f4-81ac-3ab66e513466, fe8f1a14-1ae5-4602-be91-d44a30c2501c)" source=console
time="2026-06-11T22:48:36+02:00" level=info msg="VU14 ClimateAnomaly: isolation check complete (374589b7-6ce8-40d1-84e7-7619c0453b5e, e4ac6c65-e48b-4306-9826-f9b51b704ac9)" source=console
time="2026-06-11T22:48:36+02:00" level=info msg="VU13 Geospatial: isolation check complete (30b43211-6994-490b-b4cf-ca05e1d69a61, 018c360b-f07f-41f1-ba88-cbff71591162)" source=console
time="2026-06-11T22:48:36+02:00" level=info msg="VU24 Calculator: isolation check complete (e8c146d7-5845-413a-831d-b11057ec0e8e, 48ff404d-5d38-497e-9b47-19b6285a7e1b)" source=console
time="2026-06-11T22:48:36+02:00" level=info msg="VU8 Calculator: isolation check complete (bb1b2579-c600-4536-b890-41da91cad9b7, d4928f5f-2aab-4fb0-8378-8d5648a4f7ec)" source=console

running (00m53.0s), 13/30 VUs, 17 complete and 0 interrupted iterations
isolation   [  57% ] 30 VUs  00m25.7s/10m0s  17/30 iters, 1 per VU
time="2026-06-11T22:48:36+02:00" level=info msg="VU26 Advanced: isolation check complete (585c7833-50c8-4bda-80b4-4fc2272fe24c, 0128b7b5-2550-46cd-aeb4-b175e95bd65f)" source=console
time="2026-06-11T22:48:36+02:00" level=info msg="VU11 DataExchange: isolation check complete (1e98759e-460e-488a-98b8-21c47f1e5425, 97998496-bdb8-4884-b450-32bf69df6e56)" source=console
time="2026-06-11T22:48:36+02:00" level=info msg="VU22 ClimateAnomaly: isolation check complete (0c30856c-f0fb-480f-8889-2d14728a9450, 05051e3e-4a80-4903-8ca4-2ed63b4982d6)" source=console
time="2026-06-11T22:48:36+02:00" level=info msg="VU10 Advanced: isolation check complete (321abb49-593f-4f4f-99b2-1766939c2bfa, 7d32831e-42f6-49a4-9ff0-41d7025cbb75)" source=console
time="2026-06-11T22:48:37+02:00" level=info msg="VU30 ClimateAnomaly: isolation check complete (d181e272-c10a-4d4b-88af-6802dc678ab0, 5bec1a0a-bfdb-47aa-b987-6e2032e1849b)" source=console
time="2026-06-11T22:48:37+02:00" level=info msg="VU2 Advanced: isolation check complete (e653678b-c783-4a7a-965b-d65be447f768, 3fffbe64-cc6c-489d-8c6a-509877956c2e)" source=console
time="2026-06-11T22:48:37+02:00" level=info msg="VU20 MonteCarlo: isolation check complete (aaf64489-4f2f-4264-a00b-ed3aa45f789a, f542dd69-2ae5-465e-a1e7-1ac808d953d9)" source=console
time="2026-06-11T22:48:37+02:00" level=info msg="VU12 MonteCarlo: isolation check complete (06c73b1a-3049-4a4a-8310-db13b6eeb90e, 2a8a7346-7824-4133-96ea-02052cbf40dc)" source=console

running (00m54.0s), 05/30 VUs, 25 complete and 0 interrupted iterations
isolation   [  83% ] 30 VUs  00m26.7s/10m0s  25/30 iters, 1 per VU
time="2026-06-11T22:48:38+02:00" level=info msg="VU28 MonteCarlo: isolation check complete (4f347274-db46-46e7-a164-8f4f79608ec0, 99424f96-9edd-43d1-bc6c-80ad35271f71)" source=console
time="2026-06-11T22:48:38+02:00" level=info msg="VU4 MonteCarlo: isolation check complete (f3ab814b-80cf-4096-9614-fd24e0824bfe, ac527b4a-e449-4872-b8cc-168f3704a147)" source=console

running (00m55.0s), 03/30 VUs, 27 complete and 0 interrupted iterations
isolation   [  90% ] 30 VUs  00m27.7s/10m0s  27/30 iters, 1 per VU

running (00m56.0s), 03/30 VUs, 27 complete and 0 interrupted iterations
isolation   [  90% ] 30 VUs  00m28.7s/10m0s  27/30 iters, 1 per VU

running (00m57.0s), 03/30 VUs, 27 complete and 0 interrupted iterations
isolation   [  90% ] 30 VUs  00m29.7s/10m0s  27/30 iters, 1 per VU

running (00m58.0s), 03/30 VUs, 27 complete and 0 interrupted iterations
isolation   [  90% ] 30 VUs  00m30.7s/10m0s  27/30 iters, 1 per VU

running (00m59.0s), 03/30 VUs, 27 complete and 0 interrupted iterations
isolation   [  90% ] 30 VUs  00m31.7s/10m0s  27/30 iters, 1 per VU

running (01m00.0s), 03/30 VUs, 27 complete and 0 interrupted iterations
isolation   [  90% ] 30 VUs  00m32.7s/10m0s  27/30 iters, 1 per VU

running (01m01.0s), 03/30 VUs, 27 complete and 0 interrupted iterations
isolation   [  90% ] 30 VUs  00m33.7s/10m0s  27/30 iters, 1 per VU

running (01m02.0s), 03/30 VUs, 27 complete and 0 interrupted iterations
isolation   [  90% ] 30 VUs  00m34.7s/10m0s  27/30 iters, 1 per VU

running (01m03.0s), 03/30 VUs, 27 complete and 0 interrupted iterations
isolation   [  90% ] 30 VUs  00m35.7s/10m0s  27/30 iters, 1 per VU

running (01m04.0s), 03/30 VUs, 27 complete and 0 interrupted iterations
isolation   [  90% ] 30 VUs  00m36.7s/10m0s  27/30 iters, 1 per VU

running (01m05.0s), 03/30 VUs, 27 complete and 0 interrupted iterations
isolation   [  90% ] 30 VUs  00m37.7s/10m0s  27/30 iters, 1 per VU

running (01m06.0s), 03/30 VUs, 27 complete and 0 interrupted iterations
isolation   [  90% ] 30 VUs  00m38.7s/10m0s  27/30 iters, 1 per VU

running (01m07.0s), 03/30 VUs, 27 complete and 0 interrupted iterations
isolation   [  90% ] 30 VUs  00m39.7s/10m0s  27/30 iters, 1 per VU

running (01m08.0s), 03/30 VUs, 27 complete and 0 interrupted iterations
isolation   [  90% ] 30 VUs  00m40.7s/10m0s  27/30 iters, 1 per VU

running (01m09.0s), 03/30 VUs, 27 complete and 0 interrupted iterations
isolation   [  90% ] 30 VUs  00m41.7s/10m0s  27/30 iters, 1 per VU

running (01m10.0s), 03/30 VUs, 27 complete and 0 interrupted iterations
isolation   [  90% ] 30 VUs  00m42.7s/10m0s  27/30 iters, 1 per VU

running (01m11.0s), 03/30 VUs, 27 complete and 0 interrupted iterations
isolation   [  90% ] 30 VUs  00m43.7s/10m0s  27/30 iters, 1 per VU

running (01m12.0s), 03/30 VUs, 27 complete and 0 interrupted iterations
isolation   [  90% ] 30 VUs  00m44.7s/10m0s  27/30 iters, 1 per VU

running (01m13.0s), 03/30 VUs, 27 complete and 0 interrupted iterations
isolation   [  90% ] 30 VUs  00m45.7s/10m0s  27/30 iters, 1 per VU

running (01m14.0s), 03/30 VUs, 27 complete and 0 interrupted iterations
isolation   [  90% ] 30 VUs  00m46.7s/10m0s  27/30 iters, 1 per VU

running (01m15.0s), 03/30 VUs, 27 complete and 0 interrupted iterations
isolation   [  90% ] 30 VUs  00m47.7s/10m0s  27/30 iters, 1 per VU

running (01m16.0s), 03/30 VUs, 27 complete and 0 interrupted iterations
isolation   [  90% ] 30 VUs  00m48.7s/10m0s  27/30 iters, 1 per VU

running (01m17.0s), 03/30 VUs, 27 complete and 0 interrupted iterations
isolation   [  90% ] 30 VUs  00m49.7s/10m0s  27/30 iters, 1 per VU

running (01m18.0s), 03/30 VUs, 27 complete and 0 interrupted iterations
isolation   [  90% ] 30 VUs  00m50.7s/10m0s  27/30 iters, 1 per VU

running (01m19.0s), 03/30 VUs, 27 complete and 0 interrupted iterations
isolation   [  90% ] 30 VUs  00m51.7s/10m0s  27/30 iters, 1 per VU

running (01m20.0s), 03/30 VUs, 27 complete and 0 interrupted iterations
isolation   [  90% ] 30 VUs  00m52.7s/10m0s  27/30 iters, 1 per VU

running (01m21.0s), 03/30 VUs, 27 complete and 0 interrupted iterations
isolation   [  90% ] 30 VUs  00m53.7s/10m0s  27/30 iters, 1 per VU

running (01m22.0s), 03/30 VUs, 27 complete and 0 interrupted iterations
isolation   [  90% ] 30 VUs  00m54.7s/10m0s  27/30 iters, 1 per VU

running (01m23.0s), 03/30 VUs, 27 complete and 0 interrupted iterations
isolation   [  90% ] 30 VUs  00m55.7s/10m0s  27/30 iters, 1 per VU

running (01m24.0s), 03/30 VUs, 27 complete and 0 interrupted iterations
isolation   [  90% ] 30 VUs  00m56.7s/10m0s  27/30 iters, 1 per VU

running (01m25.0s), 03/30 VUs, 27 complete and 0 interrupted iterations
isolation   [  90% ] 30 VUs  00m57.7s/10m0s  27/30 iters, 1 per VU

running (01m26.0s), 03/30 VUs, 27 complete and 0 interrupted iterations
isolation   [  90% ] 30 VUs  00m58.7s/10m0s  27/30 iters, 1 per VU

running (01m27.0s), 03/30 VUs, 27 complete and 0 interrupted iterations
isolation   [  90% ] 30 VUs  00m59.7s/10m0s  27/30 iters, 1 per VU

running (01m28.0s), 03/30 VUs, 27 complete and 0 interrupted iterations
isolation   [  90% ] 30 VUs  01m00.7s/10m0s  27/30 iters, 1 per VU

running (01m29.0s), 03/30 VUs, 27 complete and 0 interrupted iterations
isolation   [  90% ] 30 VUs  01m01.7s/10m0s  27/30 iters, 1 per VU

running (01m30.0s), 03/30 VUs, 27 complete and 0 interrupted iterations
isolation   [  90% ] 30 VUs  01m02.7s/10m0s  27/30 iters, 1 per VU

running (01m31.0s), 03/30 VUs, 27 complete and 0 interrupted iterations
isolation   [  90% ] 30 VUs  01m03.7s/10m0s  27/30 iters, 1 per VU

running (01m32.0s), 03/30 VUs, 27 complete and 0 interrupted iterations
isolation   [  90% ] 30 VUs  01m04.7s/10m0s  27/30 iters, 1 per VU

running (01m33.0s), 03/30 VUs, 27 complete and 0 interrupted iterations
isolation   [  90% ] 30 VUs  01m05.7s/10m0s  27/30 iters, 1 per VU

running (01m34.0s), 03/30 VUs, 27 complete and 0 interrupted iterations
isolation   [  90% ] 30 VUs  01m06.7s/10m0s  27/30 iters, 1 per VU

running (01m35.0s), 03/30 VUs, 27 complete and 0 interrupted iterations
isolation   [  90% ] 30 VUs  01m07.7s/10m0s  27/30 iters, 1 per VU

running (01m36.0s), 03/30 VUs, 27 complete and 0 interrupted iterations
isolation   [  90% ] 30 VUs  01m08.7s/10m0s  27/30 iters, 1 per VU

running (01m37.0s), 03/30 VUs, 27 complete and 0 interrupted iterations
isolation   [  90% ] 30 VUs  01m09.7s/10m0s  27/30 iters, 1 per VU

running (01m38.0s), 03/30 VUs, 27 complete and 0 interrupted iterations
isolation   [  90% ] 30 VUs  01m10.7s/10m0s  27/30 iters, 1 per VU

running (01m39.0s), 03/30 VUs, 27 complete and 0 interrupted iterations
isolation   [  90% ] 30 VUs  01m11.7s/10m0s  27/30 iters, 1 per VU

running (01m40.0s), 03/30 VUs, 27 complete and 0 interrupted iterations
isolation   [  90% ] 30 VUs  01m12.7s/10m0s  27/30 iters, 1 per VU

running (01m41.0s), 03/30 VUs, 27 complete and 0 interrupted iterations
isolation   [  90% ] 30 VUs  01m13.7s/10m0s  27/30 iters, 1 per VU

running (01m42.0s), 03/30 VUs, 27 complete and 0 interrupted iterations
isolation   [  90% ] 30 VUs  01m14.7s/10m0s  27/30 iters, 1 per VU

running (01m43.0s), 03/30 VUs, 27 complete and 0 interrupted iterations
isolation   [  90% ] 30 VUs  01m15.7s/10m0s  27/30 iters, 1 per VU

running (01m44.0s), 03/30 VUs, 27 complete and 0 interrupted iterations
isolation   [  90% ] 30 VUs  01m16.7s/10m0s  27/30 iters, 1 per VU

running (01m45.0s), 03/30 VUs, 27 complete and 0 interrupted iterations
isolation   [  90% ] 30 VUs  01m17.7s/10m0s  27/30 iters, 1 per VU

running (01m46.0s), 03/30 VUs, 27 complete and 0 interrupted iterations
isolation   [  90% ] 30 VUs  01m18.7s/10m0s  27/30 iters, 1 per VU

running (01m47.0s), 03/30 VUs, 27 complete and 0 interrupted iterations
isolation   [  90% ] 30 VUs  01m19.7s/10m0s  27/30 iters, 1 per VU

running (01m48.0s), 03/30 VUs, 27 complete and 0 interrupted iterations
isolation   [  90% ] 30 VUs  01m20.7s/10m0s  27/30 iters, 1 per VU

running (01m49.0s), 03/30 VUs, 27 complete and 0 interrupted iterations
isolation   [  90% ] 30 VUs  01m21.7s/10m0s  27/30 iters, 1 per VU

running (01m50.0s), 03/30 VUs, 27 complete and 0 interrupted iterations
isolation   [  90% ] 30 VUs  01m22.7s/10m0s  27/30 iters, 1 per VU

running (01m51.0s), 03/30 VUs, 27 complete and 0 interrupted iterations
isolation   [  90% ] 30 VUs  01m23.7s/10m0s  27/30 iters, 1 per VU

running (01m52.0s), 03/30 VUs, 27 complete and 0 interrupted iterations
isolation   [  90% ] 30 VUs  01m24.7s/10m0s  27/30 iters, 1 per VU

running (01m53.0s), 03/30 VUs, 27 complete and 0 interrupted iterations
isolation   [  90% ] 30 VUs  01m25.7s/10m0s  27/30 iters, 1 per VU

running (01m54.0s), 03/30 VUs, 27 complete and 0 interrupted iterations
isolation   [  90% ] 30 VUs  01m26.7s/10m0s  27/30 iters, 1 per VU

running (01m55.0s), 03/30 VUs, 27 complete and 0 interrupted iterations
isolation   [  90% ] 30 VUs  01m27.7s/10m0s  27/30 iters, 1 per VU

running (01m56.0s), 03/30 VUs, 27 complete and 0 interrupted iterations
isolation   [  90% ] 30 VUs  01m28.7s/10m0s  27/30 iters, 1 per VU

running (01m57.0s), 03/30 VUs, 27 complete and 0 interrupted iterations
isolation   [  90% ] 30 VUs  01m29.7s/10m0s  27/30 iters, 1 per VU

running (01m58.0s), 03/30 VUs, 27 complete and 0 interrupted iterations
isolation   [  90% ] 30 VUs  01m30.7s/10m0s  27/30 iters, 1 per VU

running (01m59.0s), 03/30 VUs, 27 complete and 0 interrupted iterations
isolation   [  90% ] 30 VUs  01m31.7s/10m0s  27/30 iters, 1 per VU

running (02m00.0s), 03/30 VUs, 27 complete and 0 interrupted iterations
isolation   [  90% ] 30 VUs  01m32.7s/10m0s  27/30 iters, 1 per VU

running (02m01.0s), 03/30 VUs, 27 complete and 0 interrupted iterations
isolation   [  90% ] 30 VUs  01m33.7s/10m0s  27/30 iters, 1 per VU

running (02m02.0s), 03/30 VUs, 27 complete and 0 interrupted iterations
isolation   [  90% ] 30 VUs  01m34.7s/10m0s  27/30 iters, 1 per VU

running (02m03.0s), 03/30 VUs, 27 complete and 0 interrupted iterations
isolation   [  90% ] 30 VUs  01m35.7s/10m0s  27/30 iters, 1 per VU

running (02m04.0s), 03/30 VUs, 27 complete and 0 interrupted iterations
isolation   [  90% ] 30 VUs  01m36.7s/10m0s  27/30 iters, 1 per VU

running (02m05.0s), 03/30 VUs, 27 complete and 0 interrupted iterations
isolation   [  90% ] 30 VUs  01m37.7s/10m0s  27/30 iters, 1 per VU

running (02m06.0s), 03/30 VUs, 27 complete and 0 interrupted iterations
isolation   [  90% ] 30 VUs  01m38.7s/10m0s  27/30 iters, 1 per VU

running (02m07.0s), 03/30 VUs, 27 complete and 0 interrupted iterations
isolation   [  90% ] 30 VUs  01m39.7s/10m0s  27/30 iters, 1 per VU

running (02m08.0s), 03/30 VUs, 27 complete and 0 interrupted iterations
isolation   [  90% ] 30 VUs  01m40.7s/10m0s  27/30 iters, 1 per VU

running (02m09.0s), 03/30 VUs, 27 complete and 0 interrupted iterations
isolation   [  90% ] 30 VUs  01m41.7s/10m0s  27/30 iters, 1 per VU

running (02m10.0s), 03/30 VUs, 27 complete and 0 interrupted iterations
isolation   [  90% ] 30 VUs  01m42.7s/10m0s  27/30 iters, 1 per VU

running (02m11.0s), 03/30 VUs, 27 complete and 0 interrupted iterations
isolation   [  90% ] 30 VUs  01m43.7s/10m0s  27/30 iters, 1 per VU

running (02m12.0s), 03/30 VUs, 27 complete and 0 interrupted iterations
isolation   [  90% ] 30 VUs  01m44.7s/10m0s  27/30 iters, 1 per VU

running (02m13.0s), 03/30 VUs, 27 complete and 0 interrupted iterations
isolation   [  90% ] 30 VUs  01m45.7s/10m0s  27/30 iters, 1 per VU

running (02m14.0s), 03/30 VUs, 27 complete and 0 interrupted iterations
isolation   [  90% ] 30 VUs  01m46.7s/10m0s  27/30 iters, 1 per VU

running (02m15.0s), 03/30 VUs, 27 complete and 0 interrupted iterations
isolation   [  90% ] 30 VUs  01m47.7s/10m0s  27/30 iters, 1 per VU

running (02m16.0s), 03/30 VUs, 27 complete and 0 interrupted iterations
isolation   [  90% ] 30 VUs  01m48.7s/10m0s  27/30 iters, 1 per VU

running (02m17.0s), 03/30 VUs, 27 complete and 0 interrupted iterations
isolation   [  90% ] 30 VUs  01m49.7s/10m0s  27/30 iters, 1 per VU

running (02m18.0s), 03/30 VUs, 27 complete and 0 interrupted iterations
isolation   [  90% ] 30 VUs  01m50.7s/10m0s  27/30 iters, 1 per VU

running (02m19.0s), 03/30 VUs, 27 complete and 0 interrupted iterations
isolation   [  90% ] 30 VUs  01m51.7s/10m0s  27/30 iters, 1 per VU

running (02m20.0s), 03/30 VUs, 27 complete and 0 interrupted iterations
isolation   [  90% ] 30 VUs  01m52.7s/10m0s  27/30 iters, 1 per VU

running (02m21.0s), 03/30 VUs, 27 complete and 0 interrupted iterations
isolation   [  90% ] 30 VUs  01m53.7s/10m0s  27/30 iters, 1 per VU

running (02m22.0s), 03/30 VUs, 27 complete and 0 interrupted iterations
isolation   [  90% ] 30 VUs  01m54.7s/10m0s  27/30 iters, 1 per VU

running (02m23.0s), 03/30 VUs, 27 complete and 0 interrupted iterations
isolation   [  90% ] 30 VUs  01m55.7s/10m0s  27/30 iters, 1 per VU

running (02m24.0s), 03/30 VUs, 27 complete and 0 interrupted iterations
isolation   [  90% ] 30 VUs  01m56.7s/10m0s  27/30 iters, 1 per VU

running (02m25.0s), 03/30 VUs, 27 complete and 0 interrupted iterations
isolation   [  90% ] 30 VUs  01m57.7s/10m0s  27/30 iters, 1 per VU

running (02m26.0s), 03/30 VUs, 27 complete and 0 interrupted iterations
isolation   [  90% ] 30 VUs  01m58.7s/10m0s  27/30 iters, 1 per VU

running (02m27.0s), 03/30 VUs, 27 complete and 0 interrupted iterations
isolation   [  90% ] 30 VUs  01m59.7s/10m0s  27/30 iters, 1 per VU

running (02m28.0s), 03/30 VUs, 27 complete and 0 interrupted iterations
isolation   [  90% ] 30 VUs  02m00.7s/10m0s  27/30 iters, 1 per VU

running (02m29.0s), 03/30 VUs, 27 complete and 0 interrupted iterations
isolation   [  90% ] 30 VUs  02m01.7s/10m0s  27/30 iters, 1 per VU

running (02m30.0s), 03/30 VUs, 27 complete and 0 interrupted iterations
isolation   [  90% ] 30 VUs  02m02.7s/10m0s  27/30 iters, 1 per VU

running (02m31.0s), 03/30 VUs, 27 complete and 0 interrupted iterations
isolation   [  90% ] 30 VUs  02m03.7s/10m0s  27/30 iters, 1 per VU

running (02m32.0s), 03/30 VUs, 27 complete and 0 interrupted iterations
isolation   [  90% ] 30 VUs  02m04.7s/10m0s  27/30 iters, 1 per VU

running (02m33.0s), 03/30 VUs, 27 complete and 0 interrupted iterations
isolation   [  90% ] 30 VUs  02m05.7s/10m0s  27/30 iters, 1 per VU

running (02m34.0s), 03/30 VUs, 27 complete and 0 interrupted iterations
isolation   [  90% ] 30 VUs  02m06.7s/10m0s  27/30 iters, 1 per VU

running (02m35.0s), 03/30 VUs, 27 complete and 0 interrupted iterations
isolation   [  90% ] 30 VUs  02m07.7s/10m0s  27/30 iters, 1 per VU

running (02m36.0s), 03/30 VUs, 27 complete and 0 interrupted iterations
isolation   [  90% ] 30 VUs  02m08.7s/10m0s  27/30 iters, 1 per VU

running (02m37.0s), 03/30 VUs, 27 complete and 0 interrupted iterations
isolation   [  90% ] 30 VUs  02m09.7s/10m0s  27/30 iters, 1 per VU

running (02m38.0s), 03/30 VUs, 27 complete and 0 interrupted iterations
isolation   [  90% ] 30 VUs  02m10.7s/10m0s  27/30 iters, 1 per VU

running (02m39.0s), 03/30 VUs, 27 complete and 0 interrupted iterations
isolation   [  90% ] 30 VUs  02m11.7s/10m0s  27/30 iters, 1 per VU

running (02m40.0s), 03/30 VUs, 27 complete and 0 interrupted iterations
isolation   [  90% ] 30 VUs  02m12.7s/10m0s  27/30 iters, 1 per VU

running (02m41.0s), 03/30 VUs, 27 complete and 0 interrupted iterations
isolation   [  90% ] 30 VUs  02m13.7s/10m0s  27/30 iters, 1 per VU

running (02m42.0s), 03/30 VUs, 27 complete and 0 interrupted iterations
isolation   [  90% ] 30 VUs  02m14.7s/10m0s  27/30 iters, 1 per VU

running (02m43.0s), 03/30 VUs, 27 complete and 0 interrupted iterations
isolation   [  90% ] 30 VUs  02m15.7s/10m0s  27/30 iters, 1 per VU

running (02m44.0s), 03/30 VUs, 27 complete and 0 interrupted iterations
isolation   [  90% ] 30 VUs  02m16.7s/10m0s  27/30 iters, 1 per VU

running (02m45.0s), 03/30 VUs, 27 complete and 0 interrupted iterations
isolation   [  90% ] 30 VUs  02m17.7s/10m0s  27/30 iters, 1 per VU

running (02m46.0s), 03/30 VUs, 27 complete and 0 interrupted iterations
isolation   [  90% ] 30 VUs  02m18.7s/10m0s  27/30 iters, 1 per VU

running (02m47.0s), 03/30 VUs, 27 complete and 0 interrupted iterations
isolation   [  90% ] 30 VUs  02m19.7s/10m0s  27/30 iters, 1 per VU

running (02m48.0s), 03/30 VUs, 27 complete and 0 interrupted iterations
isolation   [  90% ] 30 VUs  02m20.7s/10m0s  27/30 iters, 1 per VU

running (02m49.0s), 03/30 VUs, 27 complete and 0 interrupted iterations
isolation   [  90% ] 30 VUs  02m21.7s/10m0s  27/30 iters, 1 per VU

running (02m50.0s), 03/30 VUs, 27 complete and 0 interrupted iterations
isolation   [  90% ] 30 VUs  02m22.7s/10m0s  27/30 iters, 1 per VU

running (02m51.0s), 03/30 VUs, 27 complete and 0 interrupted iterations
isolation   [  90% ] 30 VUs  02m23.7s/10m0s  27/30 iters, 1 per VU

running (02m52.0s), 03/30 VUs, 27 complete and 0 interrupted iterations
isolation   [  90% ] 30 VUs  02m24.7s/10m0s  27/30 iters, 1 per VU

running (02m53.0s), 03/30 VUs, 27 complete and 0 interrupted iterations
isolation   [  90% ] 30 VUs  02m25.7s/10m0s  27/30 iters, 1 per VU

running (02m54.0s), 03/30 VUs, 27 complete and 0 interrupted iterations
isolation   [  90% ] 30 VUs  02m26.7s/10m0s  27/30 iters, 1 per VU

running (02m55.0s), 03/30 VUs, 27 complete and 0 interrupted iterations
isolation   [  90% ] 30 VUs  02m27.7s/10m0s  27/30 iters, 1 per VU

running (02m56.0s), 03/30 VUs, 27 complete and 0 interrupted iterations
isolation   [  90% ] 30 VUs  02m28.7s/10m0s  27/30 iters, 1 per VU

running (02m57.0s), 03/30 VUs, 27 complete and 0 interrupted iterations
isolation   [  90% ] 30 VUs  02m29.7s/10m0s  27/30 iters, 1 per VU

running (02m58.0s), 03/30 VUs, 27 complete and 0 interrupted iterations
isolation   [  90% ] 30 VUs  02m30.7s/10m0s  27/30 iters, 1 per VU

running (02m59.0s), 03/30 VUs, 27 complete and 0 interrupted iterations
isolation   [  90% ] 30 VUs  02m31.7s/10m0s  27/30 iters, 1 per VU

running (03m00.0s), 03/30 VUs, 27 complete and 0 interrupted iterations
isolation   [  90% ] 30 VUs  02m32.7s/10m0s  27/30 iters, 1 per VU

running (03m01.0s), 03/30 VUs, 27 complete and 0 interrupted iterations
isolation   [  90% ] 30 VUs  02m33.7s/10m0s  27/30 iters, 1 per VU

running (03m02.0s), 03/30 VUs, 27 complete and 0 interrupted iterations
isolation   [  90% ] 30 VUs  02m34.7s/10m0s  27/30 iters, 1 per VU

running (03m03.0s), 03/30 VUs, 27 complete and 0 interrupted iterations
isolation   [  90% ] 30 VUs  02m35.7s/10m0s  27/30 iters, 1 per VU

running (03m04.0s), 03/30 VUs, 27 complete and 0 interrupted iterations
isolation   [  90% ] 30 VUs  02m36.7s/10m0s  27/30 iters, 1 per VU

running (03m05.0s), 03/30 VUs, 27 complete and 0 interrupted iterations
isolation   [  90% ] 30 VUs  02m37.7s/10m0s  27/30 iters, 1 per VU

running (03m06.0s), 03/30 VUs, 27 complete and 0 interrupted iterations
isolation   [  90% ] 30 VUs  02m38.7s/10m0s  27/30 iters, 1 per VU

running (03m07.0s), 03/30 VUs, 27 complete and 0 interrupted iterations
isolation   [  90% ] 30 VUs  02m39.7s/10m0s  27/30 iters, 1 per VU

running (03m08.0s), 03/30 VUs, 27 complete and 0 interrupted iterations
isolation   [  90% ] 30 VUs  02m40.7s/10m0s  27/30 iters, 1 per VU

running (03m09.0s), 03/30 VUs, 27 complete and 0 interrupted iterations
isolation   [  90% ] 30 VUs  02m41.7s/10m0s  27/30 iters, 1 per VU

running (03m10.0s), 03/30 VUs, 27 complete and 0 interrupted iterations
isolation   [  90% ] 30 VUs  02m42.7s/10m0s  27/30 iters, 1 per VU

running (03m11.0s), 03/30 VUs, 27 complete and 0 interrupted iterations
isolation   [  90% ] 30 VUs  02m43.7s/10m0s  27/30 iters, 1 per VU

running (03m12.0s), 03/30 VUs, 27 complete and 0 interrupted iterations
isolation   [  90% ] 30 VUs  02m44.7s/10m0s  27/30 iters, 1 per VU

running (03m13.0s), 03/30 VUs, 27 complete and 0 interrupted iterations
isolation   [  90% ] 30 VUs  02m45.7s/10m0s  27/30 iters, 1 per VU

running (03m14.0s), 03/30 VUs, 27 complete and 0 interrupted iterations
isolation   [  90% ] 30 VUs  02m46.7s/10m0s  27/30 iters, 1 per VU

running (03m15.0s), 03/30 VUs, 27 complete and 0 interrupted iterations
isolation   [  90% ] 30 VUs  02m47.7s/10m0s  27/30 iters, 1 per VU

running (03m16.0s), 03/30 VUs, 27 complete and 0 interrupted iterations
isolation   [  90% ] 30 VUs  02m48.7s/10m0s  27/30 iters, 1 per VU

running (03m17.0s), 03/30 VUs, 27 complete and 0 interrupted iterations
isolation   [  90% ] 30 VUs  02m49.7s/10m0s  27/30 iters, 1 per VU

running (03m18.0s), 03/30 VUs, 27 complete and 0 interrupted iterations
isolation   [  90% ] 30 VUs  02m50.7s/10m0s  27/30 iters, 1 per VU

running (03m19.0s), 03/30 VUs, 27 complete and 0 interrupted iterations
isolation   [  90% ] 30 VUs  02m51.7s/10m0s  27/30 iters, 1 per VU

running (03m20.0s), 03/30 VUs, 27 complete and 0 interrupted iterations
isolation   [  90% ] 30 VUs  02m52.7s/10m0s  27/30 iters, 1 per VU

running (03m21.0s), 03/30 VUs, 27 complete and 0 interrupted iterations
isolation   [  90% ] 30 VUs  02m53.7s/10m0s  27/30 iters, 1 per VU

running (03m22.0s), 03/30 VUs, 27 complete and 0 interrupted iterations
isolation   [  90% ] 30 VUs  02m54.7s/10m0s  27/30 iters, 1 per VU

running (03m23.0s), 03/30 VUs, 27 complete and 0 interrupted iterations
isolation   [  90% ] 30 VUs  02m55.7s/10m0s  27/30 iters, 1 per VU

running (03m24.0s), 03/30 VUs, 27 complete and 0 interrupted iterations
isolation   [  90% ] 30 VUs  02m56.7s/10m0s  27/30 iters, 1 per VU

running (03m25.0s), 03/30 VUs, 27 complete and 0 interrupted iterations
isolation   [  90% ] 30 VUs  02m57.7s/10m0s  27/30 iters, 1 per VU

running (03m26.0s), 03/30 VUs, 27 complete and 0 interrupted iterations
isolation   [  90% ] 30 VUs  02m58.7s/10m0s  27/30 iters, 1 per VU

running (03m27.0s), 03/30 VUs, 27 complete and 0 interrupted iterations
isolation   [  90% ] 30 VUs  02m59.7s/10m0s  27/30 iters, 1 per VU

running (03m28.0s), 03/30 VUs, 27 complete and 0 interrupted iterations
isolation   [  90% ] 30 VUs  03m00.7s/10m0s  27/30 iters, 1 per VU

running (03m29.0s), 03/30 VUs, 27 complete and 0 interrupted iterations
isolation   [  90% ] 30 VUs  03m01.7s/10m0s  27/30 iters, 1 per VU

running (03m30.0s), 03/30 VUs, 27 complete and 0 interrupted iterations
isolation   [  90% ] 30 VUs  03m02.7s/10m0s  27/30 iters, 1 per VU

running (03m31.0s), 03/30 VUs, 27 complete and 0 interrupted iterations
isolation   [  90% ] 30 VUs  03m03.7s/10m0s  27/30 iters, 1 per VU

running (03m32.0s), 03/30 VUs, 27 complete and 0 interrupted iterations
isolation   [  90% ] 30 VUs  03m04.7s/10m0s  27/30 iters, 1 per VU

running (03m33.0s), 03/30 VUs, 27 complete and 0 interrupted iterations
isolation   [  90% ] 30 VUs  03m05.7s/10m0s  27/30 iters, 1 per VU

running (03m34.0s), 03/30 VUs, 27 complete and 0 interrupted iterations
isolation   [  90% ] 30 VUs  03m06.7s/10m0s  27/30 iters, 1 per VU

running (03m35.0s), 03/30 VUs, 27 complete and 0 interrupted iterations
isolation   [  90% ] 30 VUs  03m07.7s/10m0s  27/30 iters, 1 per VU

running (03m36.0s), 03/30 VUs, 27 complete and 0 interrupted iterations
isolation   [  90% ] 30 VUs  03m08.7s/10m0s  27/30 iters, 1 per VU

running (03m37.0s), 03/30 VUs, 27 complete and 0 interrupted iterations
isolation   [  90% ] 30 VUs  03m09.7s/10m0s  27/30 iters, 1 per VU

running (03m38.0s), 03/30 VUs, 27 complete and 0 interrupted iterations
isolation   [  90% ] 30 VUs  03m10.7s/10m0s  27/30 iters, 1 per VU

running (03m39.0s), 03/30 VUs, 27 complete and 0 interrupted iterations
isolation   [  90% ] 30 VUs  03m11.7s/10m0s  27/30 iters, 1 per VU

running (03m40.0s), 03/30 VUs, 27 complete and 0 interrupted iterations
isolation   [  90% ] 30 VUs  03m12.7s/10m0s  27/30 iters, 1 per VU

running (03m41.0s), 03/30 VUs, 27 complete and 0 interrupted iterations
isolation   [  90% ] 30 VUs  03m13.7s/10m0s  27/30 iters, 1 per VU

running (03m42.0s), 03/30 VUs, 27 complete and 0 interrupted iterations
isolation   [  90% ] 30 VUs  03m14.7s/10m0s  27/30 iters, 1 per VU

running (03m43.0s), 03/30 VUs, 27 complete and 0 interrupted iterations
isolation   [  90% ] 30 VUs  03m15.7s/10m0s  27/30 iters, 1 per VU

running (03m44.0s), 03/30 VUs, 27 complete and 0 interrupted iterations
isolation   [  90% ] 30 VUs  03m16.7s/10m0s  27/30 iters, 1 per VU

running (03m45.0s), 03/30 VUs, 27 complete and 0 interrupted iterations
isolation   [  90% ] 30 VUs  03m17.7s/10m0s  27/30 iters, 1 per VU

running (03m46.0s), 03/30 VUs, 27 complete and 0 interrupted iterations
isolation   [  90% ] 30 VUs  03m18.7s/10m0s  27/30 iters, 1 per VU

running (03m47.0s), 03/30 VUs, 27 complete and 0 interrupted iterations
isolation   [  90% ] 30 VUs  03m19.7s/10m0s  27/30 iters, 1 per VU

running (03m48.0s), 03/30 VUs, 27 complete and 0 interrupted iterations
isolation   [  90% ] 30 VUs  03m20.7s/10m0s  27/30 iters, 1 per VU

running (03m49.0s), 03/30 VUs, 27 complete and 0 interrupted iterations
isolation   [  90% ] 30 VUs  03m21.7s/10m0s  27/30 iters, 1 per VU

running (03m50.0s), 03/30 VUs, 27 complete and 0 interrupted iterations
isolation   [  90% ] 30 VUs  03m22.7s/10m0s  27/30 iters, 1 per VU

running (03m51.0s), 03/30 VUs, 27 complete and 0 interrupted iterations
isolation   [  90% ] 30 VUs  03m23.7s/10m0s  27/30 iters, 1 per VU

running (03m52.0s), 03/30 VUs, 27 complete and 0 interrupted iterations
isolation   [  90% ] 30 VUs  03m24.7s/10m0s  27/30 iters, 1 per VU

running (03m53.0s), 03/30 VUs, 27 complete and 0 interrupted iterations
isolation   [  90% ] 30 VUs  03m25.7s/10m0s  27/30 iters, 1 per VU

running (03m54.0s), 03/30 VUs, 27 complete and 0 interrupted iterations
isolation   [  90% ] 30 VUs  03m26.7s/10m0s  27/30 iters, 1 per VU

running (03m55.0s), 03/30 VUs, 27 complete and 0 interrupted iterations
isolation   [  90% ] 30 VUs  03m27.7s/10m0s  27/30 iters, 1 per VU

running (03m56.0s), 03/30 VUs, 27 complete and 0 interrupted iterations
isolation   [  90% ] 30 VUs  03m28.7s/10m0s  27/30 iters, 1 per VU

running (03m57.0s), 03/30 VUs, 27 complete and 0 interrupted iterations
isolation   [  90% ] 30 VUs  03m29.7s/10m0s  27/30 iters, 1 per VU

running (03m58.0s), 03/30 VUs, 27 complete and 0 interrupted iterations
isolation   [  90% ] 30 VUs  03m30.7s/10m0s  27/30 iters, 1 per VU

running (03m59.0s), 03/30 VUs, 27 complete and 0 interrupted iterations
isolation   [  90% ] 30 VUs  03m31.7s/10m0s  27/30 iters, 1 per VU

running (04m00.0s), 03/30 VUs, 27 complete and 0 interrupted iterations
isolation   [  90% ] 30 VUs  03m32.7s/10m0s  27/30 iters, 1 per VU

running (04m01.0s), 03/30 VUs, 27 complete and 0 interrupted iterations
isolation   [  90% ] 30 VUs  03m33.7s/10m0s  27/30 iters, 1 per VU

running (04m02.0s), 03/30 VUs, 27 complete and 0 interrupted iterations
isolation   [  90% ] 30 VUs  03m34.7s/10m0s  27/30 iters, 1 per VU

running (04m03.0s), 03/30 VUs, 27 complete and 0 interrupted iterations
isolation   [  90% ] 30 VUs  03m35.7s/10m0s  27/30 iters, 1 per VU

running (04m04.0s), 03/30 VUs, 27 complete and 0 interrupted iterations
isolation   [  90% ] 30 VUs  03m36.7s/10m0s  27/30 iters, 1 per VU

running (04m05.0s), 03/30 VUs, 27 complete and 0 interrupted iterations
isolation   [  90% ] 30 VUs  03m37.7s/10m0s  27/30 iters, 1 per VU

running (04m06.0s), 03/30 VUs, 27 complete and 0 interrupted iterations
isolation   [  90% ] 30 VUs  03m38.7s/10m0s  27/30 iters, 1 per VU

running (04m07.0s), 03/30 VUs, 27 complete and 0 interrupted iterations
isolation   [  90% ] 30 VUs  03m39.7s/10m0s  27/30 iters, 1 per VU

running (04m08.0s), 03/30 VUs, 27 complete and 0 interrupted iterations
isolation   [  90% ] 30 VUs  03m40.7s/10m0s  27/30 iters, 1 per VU

running (04m09.0s), 03/30 VUs, 27 complete and 0 interrupted iterations
isolation   [  90% ] 30 VUs  03m41.7s/10m0s  27/30 iters, 1 per VU

running (04m10.0s), 03/30 VUs, 27 complete and 0 interrupted iterations
isolation   [  90% ] 30 VUs  03m42.7s/10m0s  27/30 iters, 1 per VU

running (04m11.0s), 03/30 VUs, 27 complete and 0 interrupted iterations
isolation   [  90% ] 30 VUs  03m43.7s/10m0s  27/30 iters, 1 per VU

running (04m12.0s), 03/30 VUs, 27 complete and 0 interrupted iterations
isolation   [  90% ] 30 VUs  03m44.7s/10m0s  27/30 iters, 1 per VU

running (04m13.0s), 03/30 VUs, 27 complete and 0 interrupted iterations
isolation   [  90% ] 30 VUs  03m45.7s/10m0s  27/30 iters, 1 per VU

running (04m14.0s), 03/30 VUs, 27 complete and 0 interrupted iterations
isolation   [  90% ] 30 VUs  03m46.7s/10m0s  27/30 iters, 1 per VU

running (04m15.0s), 03/30 VUs, 27 complete and 0 interrupted iterations
isolation   [  90% ] 30 VUs  03m47.7s/10m0s  27/30 iters, 1 per VU

running (04m16.0s), 03/30 VUs, 27 complete and 0 interrupted iterations
isolation   [  90% ] 30 VUs  03m48.7s/10m0s  27/30 iters, 1 per VU

running (04m17.0s), 03/30 VUs, 27 complete and 0 interrupted iterations
isolation   [  90% ] 30 VUs  03m49.7s/10m0s  27/30 iters, 1 per VU

running (04m18.0s), 03/30 VUs, 27 complete and 0 interrupted iterations
isolation   [  90% ] 30 VUs  03m50.7s/10m0s  27/30 iters, 1 per VU

running (04m19.0s), 03/30 VUs, 27 complete and 0 interrupted iterations
isolation   [  90% ] 30 VUs  03m51.7s/10m0s  27/30 iters, 1 per VU

running (04m20.0s), 03/30 VUs, 27 complete and 0 interrupted iterations
isolation   [  90% ] 30 VUs  03m52.7s/10m0s  27/30 iters, 1 per VU

running (04m21.0s), 03/30 VUs, 27 complete and 0 interrupted iterations
isolation   [  90% ] 30 VUs  03m53.7s/10m0s  27/30 iters, 1 per VU

running (04m22.0s), 03/30 VUs, 27 complete and 0 interrupted iterations
isolation   [  90% ] 30 VUs  03m54.7s/10m0s  27/30 iters, 1 per VU

running (04m23.0s), 03/30 VUs, 27 complete and 0 interrupted iterations
isolation   [  90% ] 30 VUs  03m55.7s/10m0s  27/30 iters, 1 per VU

running (04m24.0s), 03/30 VUs, 27 complete and 0 interrupted iterations
isolation   [  90% ] 30 VUs  03m56.7s/10m0s  27/30 iters, 1 per VU

running (04m25.0s), 03/30 VUs, 27 complete and 0 interrupted iterations
isolation   [  90% ] 30 VUs  03m57.7s/10m0s  27/30 iters, 1 per VU

running (04m26.0s), 03/30 VUs, 27 complete and 0 interrupted iterations
isolation   [  90% ] 30 VUs  03m58.7s/10m0s  27/30 iters, 1 per VU

running (04m27.0s), 03/30 VUs, 27 complete and 0 interrupted iterations
isolation   [  90% ] 30 VUs  03m59.7s/10m0s  27/30 iters, 1 per VU

running (04m28.0s), 03/30 VUs, 27 complete and 0 interrupted iterations
isolation   [  90% ] 30 VUs  04m00.7s/10m0s  27/30 iters, 1 per VU

running (04m29.0s), 03/30 VUs, 27 complete and 0 interrupted iterations
isolation   [  90% ] 30 VUs  04m01.7s/10m0s  27/30 iters, 1 per VU

running (04m30.0s), 03/30 VUs, 27 complete and 0 interrupted iterations
isolation   [  90% ] 30 VUs  04m02.7s/10m0s  27/30 iters, 1 per VU

running (04m31.0s), 03/30 VUs, 27 complete and 0 interrupted iterations
isolation   [  90% ] 30 VUs  04m03.7s/10m0s  27/30 iters, 1 per VU

running (04m32.0s), 03/30 VUs, 27 complete and 0 interrupted iterations
isolation   [  90% ] 30 VUs  04m04.7s/10m0s  27/30 iters, 1 per VU

running (04m33.0s), 03/30 VUs, 27 complete and 0 interrupted iterations
isolation   [  90% ] 30 VUs  04m05.7s/10m0s  27/30 iters, 1 per VU

running (04m34.0s), 03/30 VUs, 27 complete and 0 interrupted iterations
isolation   [  90% ] 30 VUs  04m06.7s/10m0s  27/30 iters, 1 per VU

running (04m35.0s), 03/30 VUs, 27 complete and 0 interrupted iterations
isolation   [  90% ] 30 VUs  04m07.7s/10m0s  27/30 iters, 1 per VU

running (04m36.0s), 03/30 VUs, 27 complete and 0 interrupted iterations
isolation   [  90% ] 30 VUs  04m08.7s/10m0s  27/30 iters, 1 per VU

running (04m37.0s), 03/30 VUs, 27 complete and 0 interrupted iterations
isolation   [  90% ] 30 VUs  04m09.7s/10m0s  27/30 iters, 1 per VU

running (04m38.0s), 03/30 VUs, 27 complete and 0 interrupted iterations
isolation   [  90% ] 30 VUs  04m10.7s/10m0s  27/30 iters, 1 per VU

running (04m39.0s), 03/30 VUs, 27 complete and 0 interrupted iterations
isolation   [  90% ] 30 VUs  04m11.7s/10m0s  27/30 iters, 1 per VU

running (04m40.0s), 03/30 VUs, 27 complete and 0 interrupted iterations
isolation   [  90% ] 30 VUs  04m12.7s/10m0s  27/30 iters, 1 per VU

running (04m41.0s), 03/30 VUs, 27 complete and 0 interrupted iterations
isolation   [  90% ] 30 VUs  04m13.7s/10m0s  27/30 iters, 1 per VU

running (04m42.0s), 03/30 VUs, 27 complete and 0 interrupted iterations
isolation   [  90% ] 30 VUs  04m14.7s/10m0s  27/30 iters, 1 per VU

running (04m43.0s), 03/30 VUs, 27 complete and 0 interrupted iterations
isolation   [  90% ] 30 VUs  04m15.7s/10m0s  27/30 iters, 1 per VU

running (04m44.0s), 03/30 VUs, 27 complete and 0 interrupted iterations
isolation   [  90% ] 30 VUs  04m16.7s/10m0s  27/30 iters, 1 per VU

running (04m45.0s), 03/30 VUs, 27 complete and 0 interrupted iterations
isolation   [  90% ] 30 VUs  04m17.7s/10m0s  27/30 iters, 1 per VU

running (04m46.0s), 03/30 VUs, 27 complete and 0 interrupted iterations
isolation   [  90% ] 30 VUs  04m18.7s/10m0s  27/30 iters, 1 per VU

running (04m47.0s), 03/30 VUs, 27 complete and 0 interrupted iterations
isolation   [  90% ] 30 VUs  04m19.7s/10m0s  27/30 iters, 1 per VU

running (04m48.0s), 03/30 VUs, 27 complete and 0 interrupted iterations
isolation   [  90% ] 30 VUs  04m20.7s/10m0s  27/30 iters, 1 per VU

running (04m49.0s), 03/30 VUs, 27 complete and 0 interrupted iterations
isolation   [  90% ] 30 VUs  04m21.7s/10m0s  27/30 iters, 1 per VU

running (04m50.0s), 03/30 VUs, 27 complete and 0 interrupted iterations
isolation   [  90% ] 30 VUs  04m22.7s/10m0s  27/30 iters, 1 per VU

running (04m51.0s), 03/30 VUs, 27 complete and 0 interrupted iterations
isolation   [  90% ] 30 VUs  04m23.7s/10m0s  27/30 iters, 1 per VU

running (04m52.0s), 03/30 VUs, 27 complete and 0 interrupted iterations
isolation   [  90% ] 30 VUs  04m24.7s/10m0s  27/30 iters, 1 per VU

running (04m53.0s), 03/30 VUs, 27 complete and 0 interrupted iterations
isolation   [  90% ] 30 VUs  04m25.7s/10m0s  27/30 iters, 1 per VU

running (04m54.0s), 03/30 VUs, 27 complete and 0 interrupted iterations
isolation   [  90% ] 30 VUs  04m26.7s/10m0s  27/30 iters, 1 per VU

running (04m55.0s), 03/30 VUs, 27 complete and 0 interrupted iterations
isolation   [  90% ] 30 VUs  04m27.7s/10m0s  27/30 iters, 1 per VU

running (04m56.0s), 03/30 VUs, 27 complete and 0 interrupted iterations
isolation   [  90% ] 30 VUs  04m28.7s/10m0s  27/30 iters, 1 per VU

running (04m57.0s), 03/30 VUs, 27 complete and 0 interrupted iterations
isolation   [  90% ] 30 VUs  04m29.7s/10m0s  27/30 iters, 1 per VU

running (04m58.0s), 03/30 VUs, 27 complete and 0 interrupted iterations
isolation   [  90% ] 30 VUs  04m30.7s/10m0s  27/30 iters, 1 per VU

running (04m59.0s), 03/30 VUs, 27 complete and 0 interrupted iterations
isolation   [  90% ] 30 VUs  04m31.7s/10m0s  27/30 iters, 1 per VU

running (05m00.0s), 03/30 VUs, 27 complete and 0 interrupted iterations
isolation   [  90% ] 30 VUs  04m32.7s/10m0s  27/30 iters, 1 per VU

running (05m01.0s), 03/30 VUs, 27 complete and 0 interrupted iterations
isolation   [  90% ] 30 VUs  04m33.7s/10m0s  27/30 iters, 1 per VU

running (05m02.0s), 03/30 VUs, 27 complete and 0 interrupted iterations
isolation   [  90% ] 30 VUs  04m34.7s/10m0s  27/30 iters, 1 per VU

running (05m03.0s), 03/30 VUs, 27 complete and 0 interrupted iterations
isolation   [  90% ] 30 VUs  04m35.7s/10m0s  27/30 iters, 1 per VU

running (05m04.0s), 03/30 VUs, 27 complete and 0 interrupted iterations
isolation   [  90% ] 30 VUs  04m36.7s/10m0s  27/30 iters, 1 per VU

running (05m05.0s), 03/30 VUs, 27 complete and 0 interrupted iterations
isolation   [  90% ] 30 VUs  04m37.7s/10m0s  27/30 iters, 1 per VU

running (05m06.0s), 03/30 VUs, 27 complete and 0 interrupted iterations
isolation   [  90% ] 30 VUs  04m38.7s/10m0s  27/30 iters, 1 per VU

running (05m07.0s), 03/30 VUs, 27 complete and 0 interrupted iterations
isolation   [  90% ] 30 VUs  04m39.7s/10m0s  27/30 iters, 1 per VU

running (05m08.0s), 03/30 VUs, 27 complete and 0 interrupted iterations
isolation   [  90% ] 30 VUs  04m40.7s/10m0s  27/30 iters, 1 per VU

running (05m09.0s), 03/30 VUs, 27 complete and 0 interrupted iterations
isolation   [  90% ] 30 VUs  04m41.7s/10m0s  27/30 iters, 1 per VU

running (05m10.0s), 03/30 VUs, 27 complete and 0 interrupted iterations
isolation   [  90% ] 30 VUs  04m42.7s/10m0s  27/30 iters, 1 per VU

running (05m11.0s), 03/30 VUs, 27 complete and 0 interrupted iterations
isolation   [  90% ] 30 VUs  04m43.7s/10m0s  27/30 iters, 1 per VU

running (05m12.0s), 03/30 VUs, 27 complete and 0 interrupted iterations
isolation   [  90% ] 30 VUs  04m44.7s/10m0s  27/30 iters, 1 per VU

running (05m13.0s), 03/30 VUs, 27 complete and 0 interrupted iterations
isolation   [  90% ] 30 VUs  04m45.7s/10m0s  27/30 iters, 1 per VU

running (05m14.0s), 03/30 VUs, 27 complete and 0 interrupted iterations
isolation   [  90% ] 30 VUs  04m46.7s/10m0s  27/30 iters, 1 per VU

running (05m15.0s), 03/30 VUs, 27 complete and 0 interrupted iterations
isolation   [  90% ] 30 VUs  04m47.7s/10m0s  27/30 iters, 1 per VU

running (05m16.0s), 03/30 VUs, 27 complete and 0 interrupted iterations
isolation   [  90% ] 30 VUs  04m48.7s/10m0s  27/30 iters, 1 per VU

running (05m17.0s), 03/30 VUs, 27 complete and 0 interrupted iterations
isolation   [  90% ] 30 VUs  04m49.7s/10m0s  27/30 iters, 1 per VU

running (05m18.0s), 03/30 VUs, 27 complete and 0 interrupted iterations
isolation   [  90% ] 30 VUs  04m50.7s/10m0s  27/30 iters, 1 per VU

running (05m19.0s), 03/30 VUs, 27 complete and 0 interrupted iterations
isolation   [  90% ] 30 VUs  04m51.7s/10m0s  27/30 iters, 1 per VU

running (05m20.0s), 03/30 VUs, 27 complete and 0 interrupted iterations
isolation   [  90% ] 30 VUs  04m52.7s/10m0s  27/30 iters, 1 per VU

running (05m21.0s), 03/30 VUs, 27 complete and 0 interrupted iterations
isolation   [  90% ] 30 VUs  04m53.7s/10m0s  27/30 iters, 1 per VU

running (05m22.0s), 03/30 VUs, 27 complete and 0 interrupted iterations
isolation   [  90% ] 30 VUs  04m54.7s/10m0s  27/30 iters, 1 per VU

running (05m23.0s), 03/30 VUs, 27 complete and 0 interrupted iterations
isolation   [  90% ] 30 VUs  04m55.7s/10m0s  27/30 iters, 1 per VU

running (05m24.0s), 03/30 VUs, 27 complete and 0 interrupted iterations
isolation   [  90% ] 30 VUs  04m56.7s/10m0s  27/30 iters, 1 per VU

running (05m25.0s), 03/30 VUs, 27 complete and 0 interrupted iterations
isolation   [  90% ] 30 VUs  04m57.7s/10m0s  27/30 iters, 1 per VU

running (05m26.0s), 03/30 VUs, 27 complete and 0 interrupted iterations
isolation   [  90% ] 30 VUs  04m58.7s/10m0s  27/30 iters, 1 per VU

running (05m27.0s), 03/30 VUs, 27 complete and 0 interrupted iterations
isolation   [  90% ] 30 VUs  04m59.7s/10m0s  27/30 iters, 1 per VU

running (05m28.0s), 03/30 VUs, 27 complete and 0 interrupted iterations
isolation   [  90% ] 30 VUs  05m00.7s/10m0s  27/30 iters, 1 per VU

running (05m29.0s), 03/30 VUs, 27 complete and 0 interrupted iterations
isolation   [  90% ] 30 VUs  05m01.7s/10m0s  27/30 iters, 1 per VU

running (05m30.0s), 03/30 VUs, 27 complete and 0 interrupted iterations
isolation   [  90% ] 30 VUs  05m02.7s/10m0s  27/30 iters, 1 per VU

running (05m31.0s), 03/30 VUs, 27 complete and 0 interrupted iterations
isolation   [  90% ] 30 VUs  05m03.7s/10m0s  27/30 iters, 1 per VU

running (05m32.0s), 03/30 VUs, 27 complete and 0 interrupted iterations
isolation   [  90% ] 30 VUs  05m04.7s/10m0s  27/30 iters, 1 per VU

running (05m33.0s), 03/30 VUs, 27 complete and 0 interrupted iterations
isolation   [  90% ] 30 VUs  05m05.7s/10m0s  27/30 iters, 1 per VU

running (05m34.0s), 03/30 VUs, 27 complete and 0 interrupted iterations
isolation   [  90% ] 30 VUs  05m06.7s/10m0s  27/30 iters, 1 per VU

running (05m35.0s), 03/30 VUs, 27 complete and 0 interrupted iterations
isolation   [  90% ] 30 VUs  05m07.7s/10m0s  27/30 iters, 1 per VU

running (05m36.0s), 03/30 VUs, 27 complete and 0 interrupted iterations
isolation   [  90% ] 30 VUs  05m08.7s/10m0s  27/30 iters, 1 per VU

running (05m37.0s), 03/30 VUs, 27 complete and 0 interrupted iterations
isolation   [  90% ] 30 VUs  05m09.7s/10m0s  27/30 iters, 1 per VU

running (05m38.0s), 03/30 VUs, 27 complete and 0 interrupted iterations
isolation   [  90% ] 30 VUs  05m10.7s/10m0s  27/30 iters, 1 per VU

running (05m39.0s), 03/30 VUs, 27 complete and 0 interrupted iterations
isolation   [  90% ] 30 VUs  05m11.7s/10m0s  27/30 iters, 1 per VU

running (05m40.0s), 03/30 VUs, 27 complete and 0 interrupted iterations
isolation   [  90% ] 30 VUs  05m12.7s/10m0s  27/30 iters, 1 per VU

running (05m41.0s), 03/30 VUs, 27 complete and 0 interrupted iterations
isolation   [  90% ] 30 VUs  05m13.7s/10m0s  27/30 iters, 1 per VU

running (05m42.0s), 03/30 VUs, 27 complete and 0 interrupted iterations
isolation   [  90% ] 30 VUs  05m14.7s/10m0s  27/30 iters, 1 per VU

running (05m43.0s), 03/30 VUs, 27 complete and 0 interrupted iterations
isolation   [  90% ] 30 VUs  05m15.7s/10m0s  27/30 iters, 1 per VU

running (05m44.0s), 03/30 VUs, 27 complete and 0 interrupted iterations
isolation   [  90% ] 30 VUs  05m16.7s/10m0s  27/30 iters, 1 per VU

running (05m45.0s), 03/30 VUs, 27 complete and 0 interrupted iterations
isolation   [  90% ] 30 VUs  05m17.7s/10m0s  27/30 iters, 1 per VU

running (05m46.0s), 03/30 VUs, 27 complete and 0 interrupted iterations
isolation   [  90% ] 30 VUs  05m18.7s/10m0s  27/30 iters, 1 per VU

running (05m47.0s), 03/30 VUs, 27 complete and 0 interrupted iterations
isolation   [  90% ] 30 VUs  05m19.7s/10m0s  27/30 iters, 1 per VU

running (05m48.0s), 03/30 VUs, 27 complete and 0 interrupted iterations
isolation   [  90% ] 30 VUs  05m20.7s/10m0s  27/30 iters, 1 per VU

running (05m49.0s), 03/30 VUs, 27 complete and 0 interrupted iterations
isolation   [  90% ] 30 VUs  05m21.7s/10m0s  27/30 iters, 1 per VU

running (05m50.0s), 03/30 VUs, 27 complete and 0 interrupted iterations
isolation   [  90% ] 30 VUs  05m22.7s/10m0s  27/30 iters, 1 per VU

running (05m51.0s), 03/30 VUs, 27 complete and 0 interrupted iterations
isolation   [  90% ] 30 VUs  05m23.7s/10m0s  27/30 iters, 1 per VU

running (05m52.0s), 03/30 VUs, 27 complete and 0 interrupted iterations
isolation   [  90% ] 30 VUs  05m24.7s/10m0s  27/30 iters, 1 per VU

running (05m53.0s), 03/30 VUs, 27 complete and 0 interrupted iterations
isolation   [  90% ] 30 VUs  05m25.7s/10m0s  27/30 iters, 1 per VU

running (05m54.0s), 03/30 VUs, 27 complete and 0 interrupted iterations
isolation   [  90% ] 30 VUs  05m26.7s/10m0s  27/30 iters, 1 per VU

running (05m55.0s), 03/30 VUs, 27 complete and 0 interrupted iterations
isolation   [  90% ] 30 VUs  05m27.7s/10m0s  27/30 iters, 1 per VU

running (05m56.0s), 03/30 VUs, 27 complete and 0 interrupted iterations
isolation   [  90% ] 30 VUs  05m28.7s/10m0s  27/30 iters, 1 per VU

running (05m57.0s), 03/30 VUs, 27 complete and 0 interrupted iterations
isolation   [  90% ] 30 VUs  05m29.7s/10m0s  27/30 iters, 1 per VU

running (05m58.0s), 03/30 VUs, 27 complete and 0 interrupted iterations
isolation   [  90% ] 30 VUs  05m30.7s/10m0s  27/30 iters, 1 per VU

running (05m59.0s), 03/30 VUs, 27 complete and 0 interrupted iterations
isolation   [  90% ] 30 VUs  05m31.7s/10m0s  27/30 iters, 1 per VU

running (06m00.0s), 03/30 VUs, 27 complete and 0 interrupted iterations
isolation   [  90% ] 30 VUs  05m32.7s/10m0s  27/30 iters, 1 per VU

running (06m01.0s), 03/30 VUs, 27 complete and 0 interrupted iterations
isolation   [  90% ] 30 VUs  05m33.7s/10m0s  27/30 iters, 1 per VU

running (06m02.0s), 03/30 VUs, 27 complete and 0 interrupted iterations
isolation   [  90% ] 30 VUs  05m34.7s/10m0s  27/30 iters, 1 per VU

running (06m03.0s), 03/30 VUs, 27 complete and 0 interrupted iterations
isolation   [  90% ] 30 VUs  05m35.7s/10m0s  27/30 iters, 1 per VU

running (06m04.0s), 03/30 VUs, 27 complete and 0 interrupted iterations
isolation   [  90% ] 30 VUs  05m36.7s/10m0s  27/30 iters, 1 per VU

running (06m05.0s), 03/30 VUs, 27 complete and 0 interrupted iterations
isolation   [  90% ] 30 VUs  05m37.7s/10m0s  27/30 iters, 1 per VU

running (06m06.0s), 03/30 VUs, 27 complete and 0 interrupted iterations
isolation   [  90% ] 30 VUs  05m38.7s/10m0s  27/30 iters, 1 per VU

running (06m07.0s), 03/30 VUs, 27 complete and 0 interrupted iterations
isolation   [  90% ] 30 VUs  05m39.7s/10m0s  27/30 iters, 1 per VU

running (06m08.0s), 03/30 VUs, 27 complete and 0 interrupted iterations
isolation   [  90% ] 30 VUs  05m40.7s/10m0s  27/30 iters, 1 per VU

running (06m09.0s), 03/30 VUs, 27 complete and 0 interrupted iterations
isolation   [  90% ] 30 VUs  05m41.7s/10m0s  27/30 iters, 1 per VU

running (06m10.0s), 03/30 VUs, 27 complete and 0 interrupted iterations
isolation   [  90% ] 30 VUs  05m42.7s/10m0s  27/30 iters, 1 per VU

running (06m11.0s), 03/30 VUs, 27 complete and 0 interrupted iterations
isolation   [  90% ] 30 VUs  05m43.7s/10m0s  27/30 iters, 1 per VU

running (06m12.0s), 03/30 VUs, 27 complete and 0 interrupted iterations
isolation   [  90% ] 30 VUs  05m44.7s/10m0s  27/30 iters, 1 per VU

running (06m13.0s), 03/30 VUs, 27 complete and 0 interrupted iterations
isolation   [  90% ] 30 VUs  05m45.7s/10m0s  27/30 iters, 1 per VU

running (06m14.0s), 03/30 VUs, 27 complete and 0 interrupted iterations
isolation   [  90% ] 30 VUs  05m46.7s/10m0s  27/30 iters, 1 per VU

running (06m15.0s), 03/30 VUs, 27 complete and 0 interrupted iterations
isolation   [  90% ] 30 VUs  05m47.7s/10m0s  27/30 iters, 1 per VU

running (06m16.0s), 03/30 VUs, 27 complete and 0 interrupted iterations
isolation   [  90% ] 30 VUs  05m48.7s/10m0s  27/30 iters, 1 per VU

running (06m17.0s), 03/30 VUs, 27 complete and 0 interrupted iterations
isolation   [  90% ] 30 VUs  05m49.7s/10m0s  27/30 iters, 1 per VU

running (06m18.0s), 03/30 VUs, 27 complete and 0 interrupted iterations
isolation   [  90% ] 30 VUs  05m50.7s/10m0s  27/30 iters, 1 per VU

running (06m19.0s), 03/30 VUs, 27 complete and 0 interrupted iterations
isolation   [  90% ] 30 VUs  05m51.7s/10m0s  27/30 iters, 1 per VU

running (06m20.0s), 03/30 VUs, 27 complete and 0 interrupted iterations
isolation   [  90% ] 30 VUs  05m52.7s/10m0s  27/30 iters, 1 per VU

running (06m21.0s), 03/30 VUs, 27 complete and 0 interrupted iterations
isolation   [  90% ] 30 VUs  05m53.7s/10m0s  27/30 iters, 1 per VU

running (06m22.0s), 03/30 VUs, 27 complete and 0 interrupted iterations
isolation   [  90% ] 30 VUs  05m54.7s/10m0s  27/30 iters, 1 per VU

running (06m23.0s), 03/30 VUs, 27 complete and 0 interrupted iterations
isolation   [  90% ] 30 VUs  05m55.7s/10m0s  27/30 iters, 1 per VU

running (06m24.0s), 03/30 VUs, 27 complete and 0 interrupted iterations
isolation   [  90% ] 30 VUs  05m56.7s/10m0s  27/30 iters, 1 per VU

running (06m25.0s), 03/30 VUs, 27 complete and 0 interrupted iterations
isolation   [  90% ] 30 VUs  05m57.7s/10m0s  27/30 iters, 1 per VU

running (06m26.0s), 03/30 VUs, 27 complete and 0 interrupted iterations
isolation   [  90% ] 30 VUs  05m58.7s/10m0s  27/30 iters, 1 per VU

running (06m27.0s), 03/30 VUs, 27 complete and 0 interrupted iterations
isolation   [  90% ] 30 VUs  05m59.7s/10m0s  27/30 iters, 1 per VU

running (06m28.0s), 03/30 VUs, 27 complete and 0 interrupted iterations
isolation   [  90% ] 30 VUs  06m00.7s/10m0s  27/30 iters, 1 per VU

running (06m29.0s), 03/30 VUs, 27 complete and 0 interrupted iterations
isolation   [  90% ] 30 VUs  06m01.7s/10m0s  27/30 iters, 1 per VU

running (06m30.0s), 03/30 VUs, 27 complete and 0 interrupted iterations
isolation   [  90% ] 30 VUs  06m02.7s/10m0s  27/30 iters, 1 per VU

running (06m31.0s), 03/30 VUs, 27 complete and 0 interrupted iterations
isolation   [  90% ] 30 VUs  06m03.7s/10m0s  27/30 iters, 1 per VU

running (06m32.0s), 03/30 VUs, 27 complete and 0 interrupted iterations
isolation   [  90% ] 30 VUs  06m04.7s/10m0s  27/30 iters, 1 per VU

running (06m33.0s), 03/30 VUs, 27 complete and 0 interrupted iterations
isolation   [  90% ] 30 VUs  06m05.7s/10m0s  27/30 iters, 1 per VU

running (06m34.0s), 03/30 VUs, 27 complete and 0 interrupted iterations
isolation   [  90% ] 30 VUs  06m06.7s/10m0s  27/30 iters, 1 per VU

running (06m35.0s), 03/30 VUs, 27 complete and 0 interrupted iterations
isolation   [  90% ] 30 VUs  06m07.7s/10m0s  27/30 iters, 1 per VU

running (06m36.0s), 03/30 VUs, 27 complete and 0 interrupted iterations
isolation   [  90% ] 30 VUs  06m08.7s/10m0s  27/30 iters, 1 per VU

running (06m37.0s), 03/30 VUs, 27 complete and 0 interrupted iterations
isolation   [  90% ] 30 VUs  06m09.7s/10m0s  27/30 iters, 1 per VU

running (06m38.0s), 03/30 VUs, 27 complete and 0 interrupted iterations
isolation   [  90% ] 30 VUs  06m10.7s/10m0s  27/30 iters, 1 per VU

running (06m39.0s), 03/30 VUs, 27 complete and 0 interrupted iterations
isolation   [  90% ] 30 VUs  06m11.7s/10m0s  27/30 iters, 1 per VU

running (06m40.0s), 03/30 VUs, 27 complete and 0 interrupted iterations
isolation   [  90% ] 30 VUs  06m12.7s/10m0s  27/30 iters, 1 per VU

running (06m41.0s), 03/30 VUs, 27 complete and 0 interrupted iterations
isolation   [  90% ] 30 VUs  06m13.7s/10m0s  27/30 iters, 1 per VU

running (06m42.0s), 03/30 VUs, 27 complete and 0 interrupted iterations
isolation   [  90% ] 30 VUs  06m14.7s/10m0s  27/30 iters, 1 per VU

running (06m43.0s), 03/30 VUs, 27 complete and 0 interrupted iterations
isolation   [  90% ] 30 VUs  06m15.7s/10m0s  27/30 iters, 1 per VU

running (06m44.0s), 03/30 VUs, 27 complete and 0 interrupted iterations
isolation   [  90% ] 30 VUs  06m16.7s/10m0s  27/30 iters, 1 per VU

running (06m45.0s), 03/30 VUs, 27 complete and 0 interrupted iterations
isolation   [  90% ] 30 VUs  06m17.7s/10m0s  27/30 iters, 1 per VU

running (06m46.0s), 03/30 VUs, 27 complete and 0 interrupted iterations
isolation   [  90% ] 30 VUs  06m18.7s/10m0s  27/30 iters, 1 per VU

running (06m47.0s), 03/30 VUs, 27 complete and 0 interrupted iterations
isolation   [  90% ] 30 VUs  06m19.7s/10m0s  27/30 iters, 1 per VU

running (06m48.0s), 03/30 VUs, 27 complete and 0 interrupted iterations
isolation   [  90% ] 30 VUs  06m20.7s/10m0s  27/30 iters, 1 per VU

running (06m49.0s), 03/30 VUs, 27 complete and 0 interrupted iterations
isolation   [  90% ] 30 VUs  06m21.7s/10m0s  27/30 iters, 1 per VU

running (06m50.0s), 03/30 VUs, 27 complete and 0 interrupted iterations
isolation   [  90% ] 30 VUs  06m22.7s/10m0s  27/30 iters, 1 per VU

running (06m51.0s), 03/30 VUs, 27 complete and 0 interrupted iterations
isolation   [  90% ] 30 VUs  06m23.7s/10m0s  27/30 iters, 1 per VU

running (06m52.0s), 03/30 VUs, 27 complete and 0 interrupted iterations
isolation   [  90% ] 30 VUs  06m24.7s/10m0s  27/30 iters, 1 per VU

running (06m53.0s), 03/30 VUs, 27 complete and 0 interrupted iterations
isolation   [  90% ] 30 VUs  06m25.7s/10m0s  27/30 iters, 1 per VU

running (06m54.0s), 03/30 VUs, 27 complete and 0 interrupted iterations
isolation   [  90% ] 30 VUs  06m26.7s/10m0s  27/30 iters, 1 per VU

running (06m55.0s), 03/30 VUs, 27 complete and 0 interrupted iterations
isolation   [  90% ] 30 VUs  06m27.7s/10m0s  27/30 iters, 1 per VU

running (06m56.0s), 03/30 VUs, 27 complete and 0 interrupted iterations
isolation   [  90% ] 30 VUs  06m28.7s/10m0s  27/30 iters, 1 per VU

running (06m57.0s), 03/30 VUs, 27 complete and 0 interrupted iterations
isolation   [  90% ] 30 VUs  06m29.7s/10m0s  27/30 iters, 1 per VU

running (06m58.0s), 03/30 VUs, 27 complete and 0 interrupted iterations
isolation   [  90% ] 30 VUs  06m30.7s/10m0s  27/30 iters, 1 per VU

running (06m59.0s), 03/30 VUs, 27 complete and 0 interrupted iterations
isolation   [  90% ] 30 VUs  06m31.7s/10m0s  27/30 iters, 1 per VU

running (07m00.0s), 03/30 VUs, 27 complete and 0 interrupted iterations
isolation   [  90% ] 30 VUs  06m32.7s/10m0s  27/30 iters, 1 per VU

running (07m01.0s), 03/30 VUs, 27 complete and 0 interrupted iterations
isolation   [  90% ] 30 VUs  06m33.7s/10m0s  27/30 iters, 1 per VU

running (07m02.0s), 03/30 VUs, 27 complete and 0 interrupted iterations
isolation   [  90% ] 30 VUs  06m34.7s/10m0s  27/30 iters, 1 per VU

running (07m03.0s), 03/30 VUs, 27 complete and 0 interrupted iterations
isolation   [  90% ] 30 VUs  06m35.7s/10m0s  27/30 iters, 1 per VU

running (07m04.0s), 03/30 VUs, 27 complete and 0 interrupted iterations
isolation   [  90% ] 30 VUs  06m36.7s/10m0s  27/30 iters, 1 per VU

running (07m05.0s), 03/30 VUs, 27 complete and 0 interrupted iterations
isolation   [  90% ] 30 VUs  06m37.7s/10m0s  27/30 iters, 1 per VU

running (07m06.0s), 03/30 VUs, 27 complete and 0 interrupted iterations
isolation   [  90% ] 30 VUs  06m38.7s/10m0s  27/30 iters, 1 per VU

running (07m07.0s), 03/30 VUs, 27 complete and 0 interrupted iterations
isolation   [  90% ] 30 VUs  06m39.7s/10m0s  27/30 iters, 1 per VU

running (07m08.0s), 03/30 VUs, 27 complete and 0 interrupted iterations
isolation   [  90% ] 30 VUs  06m40.7s/10m0s  27/30 iters, 1 per VU

running (07m09.0s), 03/30 VUs, 27 complete and 0 interrupted iterations
isolation   [  90% ] 30 VUs  06m41.7s/10m0s  27/30 iters, 1 per VU

running (07m10.0s), 03/30 VUs, 27 complete and 0 interrupted iterations
isolation   [  90% ] 30 VUs  06m42.7s/10m0s  27/30 iters, 1 per VU

running (07m11.0s), 03/30 VUs, 27 complete and 0 interrupted iterations
isolation   [  90% ] 30 VUs  06m43.7s/10m0s  27/30 iters, 1 per VU

running (07m12.0s), 03/30 VUs, 27 complete and 0 interrupted iterations
isolation   [  90% ] 30 VUs  06m44.7s/10m0s  27/30 iters, 1 per VU

running (07m13.0s), 03/30 VUs, 27 complete and 0 interrupted iterations
isolation   [  90% ] 30 VUs  06m45.7s/10m0s  27/30 iters, 1 per VU

running (07m14.0s), 03/30 VUs, 27 complete and 0 interrupted iterations
isolation   [  90% ] 30 VUs  06m46.7s/10m0s  27/30 iters, 1 per VU

running (07m15.0s), 03/30 VUs, 27 complete and 0 interrupted iterations
isolation   [  90% ] 30 VUs  06m47.7s/10m0s  27/30 iters, 1 per VU

running (07m16.0s), 03/30 VUs, 27 complete and 0 interrupted iterations
isolation   [  90% ] 30 VUs  06m48.7s/10m0s  27/30 iters, 1 per VU

running (07m17.0s), 03/30 VUs, 27 complete and 0 interrupted iterations
isolation   [  90% ] 30 VUs  06m49.7s/10m0s  27/30 iters, 1 per VU

running (07m18.0s), 03/30 VUs, 27 complete and 0 interrupted iterations
isolation   [  90% ] 30 VUs  06m50.7s/10m0s  27/30 iters, 1 per VU

running (07m19.0s), 03/30 VUs, 27 complete and 0 interrupted iterations
isolation   [  90% ] 30 VUs  06m51.7s/10m0s  27/30 iters, 1 per VU

running (07m20.0s), 03/30 VUs, 27 complete and 0 interrupted iterations
isolation   [  90% ] 30 VUs  06m52.7s/10m0s  27/30 iters, 1 per VU

running (07m21.0s), 03/30 VUs, 27 complete and 0 interrupted iterations
isolation   [  90% ] 30 VUs  06m53.7s/10m0s  27/30 iters, 1 per VU

running (07m22.0s), 03/30 VUs, 27 complete and 0 interrupted iterations
isolation   [  90% ] 30 VUs  06m54.7s/10m0s  27/30 iters, 1 per VU

running (07m23.0s), 03/30 VUs, 27 complete and 0 interrupted iterations
isolation   [  90% ] 30 VUs  06m55.7s/10m0s  27/30 iters, 1 per VU

running (07m24.0s), 03/30 VUs, 27 complete and 0 interrupted iterations
isolation   [  90% ] 30 VUs  06m56.7s/10m0s  27/30 iters, 1 per VU

running (07m25.0s), 03/30 VUs, 27 complete and 0 interrupted iterations
isolation   [  90% ] 30 VUs  06m57.7s/10m0s  27/30 iters, 1 per VU

running (07m26.0s), 03/30 VUs, 27 complete and 0 interrupted iterations
isolation   [  90% ] 30 VUs  06m58.7s/10m0s  27/30 iters, 1 per VU

running (07m27.0s), 03/30 VUs, 27 complete and 0 interrupted iterations
isolation   [  90% ] 30 VUs  06m59.7s/10m0s  27/30 iters, 1 per VU

running (07m28.0s), 03/30 VUs, 27 complete and 0 interrupted iterations
isolation   [  90% ] 30 VUs  07m00.7s/10m0s  27/30 iters, 1 per VU

running (07m29.0s), 03/30 VUs, 27 complete and 0 interrupted iterations
isolation   [  90% ] 30 VUs  07m01.7s/10m0s  27/30 iters, 1 per VU

running (07m30.0s), 03/30 VUs, 27 complete and 0 interrupted iterations
isolation   [  90% ] 30 VUs  07m02.7s/10m0s  27/30 iters, 1 per VU
time="2026-06-11T22:55:14+02:00" level=info msg="VU15 MLTrainer: isolation check complete (00b7a372-37d7-41c1-b372-45f3acd3100a, a0af836a-13ad-463c-b22a-0d68f6e68923)" source=console

running (07m31.0s), 02/30 VUs, 28 complete and 0 interrupted iterations
isolation   [  93% ] 30 VUs  07m03.7s/10m0s  28/30 iters, 1 per VU

running (07m32.0s), 02/30 VUs, 28 complete and 0 interrupted iterations
isolation   [  93% ] 30 VUs  07m04.7s/10m0s  28/30 iters, 1 per VU

running (07m33.0s), 02/30 VUs, 28 complete and 0 interrupted iterations
isolation   [  93% ] 30 VUs  07m05.7s/10m0s  28/30 iters, 1 per VU

running (07m34.0s), 02/30 VUs, 28 complete and 0 interrupted iterations
isolation   [  93% ] 30 VUs  07m06.7s/10m0s  28/30 iters, 1 per VU

running (07m35.0s), 02/30 VUs, 28 complete and 0 interrupted iterations
isolation   [  93% ] 30 VUs  07m07.7s/10m0s  28/30 iters, 1 per VU

running (07m36.0s), 02/30 VUs, 28 complete and 0 interrupted iterations
isolation   [  93% ] 30 VUs  07m08.7s/10m0s  28/30 iters, 1 per VU

running (07m37.0s), 02/30 VUs, 28 complete and 0 interrupted iterations
isolation   [  93% ] 30 VUs  07m09.7s/10m0s  28/30 iters, 1 per VU

running (07m38.0s), 02/30 VUs, 28 complete and 0 interrupted iterations
isolation   [  93% ] 30 VUs  07m10.7s/10m0s  28/30 iters, 1 per VU

running (07m39.0s), 02/30 VUs, 28 complete and 0 interrupted iterations
isolation   [  93% ] 30 VUs  07m11.7s/10m0s  28/30 iters, 1 per VU
time="2026-06-11T22:55:22+02:00" level=info msg="VU7 MLTrainer: isolation check complete (a08be0e5-59f2-4d9f-b3fa-2251bdb2600b, 4d726167-0b32-4f28-a046-8bbf0b96a42d)" source=console

running (07m40.0s), 01/30 VUs, 29 complete and 0 interrupted iterations
isolation   [  97% ] 30 VUs  07m12.7s/10m0s  29/30 iters, 1 per VU

running (07m41.0s), 01/30 VUs, 29 complete and 0 interrupted iterations
isolation   [  97% ] 30 VUs  07m13.7s/10m0s  29/30 iters, 1 per VU

running (07m42.0s), 01/30 VUs, 29 complete and 0 interrupted iterations
isolation   [  97% ] 30 VUs  07m14.7s/10m0s  29/30 iters, 1 per VU

running (07m43.0s), 01/30 VUs, 29 complete and 0 interrupted iterations
isolation   [  97% ] 30 VUs  07m15.7s/10m0s  29/30 iters, 1 per VU

running (07m44.0s), 01/30 VUs, 29 complete and 0 interrupted iterations
isolation   [  97% ] 30 VUs  07m16.7s/10m0s  29/30 iters, 1 per VU
time="2026-06-11T22:55:28+02:00" level=info msg="VU23 MLTrainer: isolation check complete (6613fe1c-c3dc-4727-971b-0bb7e5652650, 9d69170e-37ce-4582-8903-a131f1ec3af1)" source=console


  █ THRESHOLDS 

    contamination_events
    ✓ 'count==0' count=0


  █ TOTAL RESULTS 

    checks_total.......: 112     0.241015/s
    checks_succeeded...: 100.00% 112 out of 112
    checks_failed......: 0.00%   0 out of 112

    ✓ Advanced session A clean
    ✓ Advanced session B clean
    ✓ Analytics session A clean
    ✓ Analytics session B clean
    ✓ Geospatial session A clean
    ✓ Geospatial session B clean
    ✓ Calculator session A clean
    ✓ Calculator session B clean
    ✓ ClimateAnomaly session A clean
    ✓ ClimateAnomaly session B clean
    ✓ DataExchange session A clean
    ✓ DataExchange session B clean
    ✓ Advanced DB save A clean
    ✓ Advanced DB save B clean
    ✓ MonteCarlo session A clean
    ✓ MonteCarlo session B clean
    ✓ Analytics DB save A clean
    ✓ Analytics DB save B clean
    ✓ Calculator DB save A clean
    ✓ Calculator DB save B clean
    ✓ Geospatial DB save A clean
    ✓ Geospatial DB save B clean
    ✓ DataExchange DB save A clean
    ✓ DataExchange DB save B clean
    ✓ MonteCarlo DB save A clean
    ✓ MonteCarlo DB save B clean
    ✓ MLTrainer session A clean
    ✓ MLTrainer session B clean
    ✓ MLTrainer DB save A clean
    ✓ MLTrainer DB save B clean

    CUSTOM
    contamination_events...........: 0      0/s
    isolation_checks...............: 112    0.241015/s
    isolation_ok...................: 112    0.241015/s

    HTTP
    http_req_duration..............: avg=1.57s min=34.41ms med=172.89ms max=46.08s p(90)=9.04s p(95)=12.78s
      { expected_response:true }...: avg=1.71s min=34.41ms med=174.36ms max=46.08s p(90)=9.12s p(95)=13.01s
    http_req_failed................: 11.20% 128 out of 1142
    http_reqs......................: 1142   2.457496/s

    EXECUTION
    iteration_duration.............: avg=1m6s  min=25.04s  med=25.62s   max=7m17s  p(90)=1m6s  p(95)=7m7s  
    iterations.....................: 30     0.064558/s
    vus............................: 1      min=0           max=30
    vus_max........................: 30     min=30          max=30

    NETWORK
    data_received..................: 10 MB  22 kB/s
    data_sent......................: 537 kB 1.2 kB/s




running (07m44.7s), 00/30 VUs, 30 complete and 0 interrupted iterations
isolation ✓ [ 100% ] 30 VUs  07m17.4s/10m0s  30/30 iters, 1 per VU
