
         /\      Grafana   /‾‾/  
    /\  /  \     |\  __   /  /   
   /  \/    \    | |/ /  /   ‾‾\ 
  /          \   |   (  |  (‾)  |
 / __________ \  |_|\_\  \_____/ 


     execution: local
        script: k6/01-state-relay-latency.js
        output: -

     scenarios: (100.00%) 1 scenario, 20 max VUs, 4m30s max duration (incl. graceful stop):
              * relay_latency: Up to 20 looping VUs for 4m0s over 5 stages (gracefulRampDown: 30s, gracefulStop: 30s)


Run             [ 100% ] setup()
relay_latency   [   0% ]
time="2026-06-10T23:28:18+02:00" level=info msg="Health check passed. 8 apps registered." source=console

running (0m02.0s), 01/20 VUs, 0 complete and 0 interrupted iterations
relay_latency   [   0% ] 01/20 VUs  0m00.5s/4m00.0s

running (0m03.0s), 01/20 VUs, 0 complete and 0 interrupted iterations
relay_latency   [   1% ] 01/20 VUs  0m01.5s/4m00.0s

running (0m04.0s), 01/20 VUs, 0 complete and 0 interrupted iterations
relay_latency   [   1% ] 01/20 VUs  0m02.5s/4m00.0s

running (0m05.0s), 01/20 VUs, 0 complete and 0 interrupted iterations
relay_latency   [   1% ] 01/20 VUs  0m03.5s/4m00.0s

running (0m06.0s), 01/20 VUs, 0 complete and 0 interrupted iterations
relay_latency   [   2% ] 01/20 VUs  0m04.5s/4m00.0s

running (0m07.0s), 01/20 VUs, 0 complete and 0 interrupted iterations
relay_latency   [   2% ] 01/20 VUs  0m05.5s/4m00.0s

running (0m08.0s), 01/20 VUs, 1 complete and 0 interrupted iterations
relay_latency   [   3% ] 01/20 VUs  0m06.5s/4m00.0s

running (0m09.0s), 01/20 VUs, 1 complete and 0 interrupted iterations
relay_latency   [   3% ] 01/20 VUs  0m07.5s/4m00.0s

running (0m10.0s), 02/20 VUs, 1 complete and 0 interrupted iterations
relay_latency   [   4% ] 02/20 VUs  0m08.5s/4m00.0s

running (0m11.0s), 02/20 VUs, 1 complete and 0 interrupted iterations
relay_latency   [   4% ] 02/20 VUs  0m09.5s/4m00.0s

running (0m12.0s), 02/20 VUs, 1 complete and 0 interrupted iterations
relay_latency   [   4% ] 02/20 VUs  0m10.5s/4m00.0s

running (0m13.0s), 02/20 VUs, 2 complete and 0 interrupted iterations
relay_latency   [   5% ] 02/20 VUs  0m11.5s/4m00.0s

running (0m14.0s), 02/20 VUs, 2 complete and 0 interrupted iterations
relay_latency   [   5% ] 02/20 VUs  0m12.5s/4m00.0s

running (0m15.0s), 02/20 VUs, 3 complete and 0 interrupted iterations
relay_latency   [   6% ] 02/20 VUs  0m13.5s/4m00.0s

running (0m16.0s), 02/20 VUs, 3 complete and 0 interrupted iterations
relay_latency   [   6% ] 02/20 VUs  0m14.5s/4m00.0s

running (0m17.0s), 03/20 VUs, 3 complete and 0 interrupted iterations
relay_latency   [   6% ] 03/20 VUs  0m15.5s/4m00.0s

running (0m18.0s), 03/20 VUs, 4 complete and 0 interrupted iterations
relay_latency   [   7% ] 03/20 VUs  0m16.5s/4m00.0s

running (0m19.0s), 03/20 VUs, 4 complete and 0 interrupted iterations
relay_latency   [   7% ] 03/20 VUs  0m17.5s/4m00.0s

running (0m20.0s), 03/20 VUs, 5 complete and 0 interrupted iterations
relay_latency   [   8% ] 03/20 VUs  0m18.5s/4m00.0s

running (0m21.0s), 03/20 VUs, 5 complete and 0 interrupted iterations
relay_latency   [   8% ] 03/20 VUs  0m19.5s/4m00.0s

running (0m22.0s), 03/20 VUs, 6 complete and 0 interrupted iterations
relay_latency   [   9% ] 03/20 VUs  0m20.5s/4m00.0s

running (0m23.0s), 03/20 VUs, 6 complete and 0 interrupted iterations
relay_latency   [   9% ] 03/20 VUs  0m21.5s/4m00.0s

running (0m24.0s), 03/20 VUs, 7 complete and 0 interrupted iterations
relay_latency   [   9% ] 03/20 VUs  0m22.5s/4m00.0s

running (0m25.0s), 04/20 VUs, 7 complete and 0 interrupted iterations
relay_latency   [  10% ] 04/20 VUs  0m23.5s/4m00.0s

running (0m26.0s), 04/20 VUs, 8 complete and 0 interrupted iterations
relay_latency   [  10% ] 04/20 VUs  0m24.5s/4m00.0s

running (0m27.0s), 04/20 VUs, 9 complete and 0 interrupted iterations
relay_latency   [  11% ] 04/20 VUs  0m25.5s/4m00.0s

running (0m28.0s), 04/20 VUs, 9 complete and 0 interrupted iterations
relay_latency   [  11% ] 04/20 VUs  0m26.5s/4m00.0s

running (0m29.0s), 04/20 VUs, 10 complete and 0 interrupted iterations
relay_latency   [  11% ] 04/20 VUs  0m27.5s/4m00.0s

running (0m30.0s), 04/20 VUs, 11 complete and 0 interrupted iterations
relay_latency   [  12% ] 04/20 VUs  0m28.5s/4m00.0s

running (0m31.0s), 04/20 VUs, 12 complete and 0 interrupted iterations
relay_latency   [  12% ] 04/20 VUs  0m29.5s/4m00.0s

running (0m32.0s), 05/20 VUs, 13 complete and 0 interrupted iterations
relay_latency   [  13% ] 05/20 VUs  0m30.5s/4m00.0s

running (0m33.0s), 05/20 VUs, 13 complete and 0 interrupted iterations
relay_latency   [  13% ] 05/20 VUs  0m31.5s/4m00.0s

running (0m34.0s), 05/20 VUs, 14 complete and 0 interrupted iterations
relay_latency   [  14% ] 05/20 VUs  0m32.5s/4m00.0s

running (0m35.0s), 05/20 VUs, 15 complete and 0 interrupted iterations
relay_latency   [  14% ] 05/20 VUs  0m33.5s/4m00.0s

running (0m36.0s), 05/20 VUs, 16 complete and 0 interrupted iterations
relay_latency   [  14% ] 05/20 VUs  0m34.5s/4m00.0s

running (0m37.0s), 05/20 VUs, 17 complete and 0 interrupted iterations
relay_latency   [  15% ] 05/20 VUs  0m35.5s/4m00.0s

running (0m38.0s), 05/20 VUs, 18 complete and 0 interrupted iterations
relay_latency   [  15% ] 05/20 VUs  0m36.5s/4m00.0s

running (0m39.0s), 05/20 VUs, 19 complete and 0 interrupted iterations
relay_latency   [  16% ] 05/20 VUs  0m37.5s/4m00.0s

running (0m40.0s), 05/20 VUs, 20 complete and 0 interrupted iterations
relay_latency   [  16% ] 05/20 VUs  0m38.5s/4m00.0s

running (0m41.0s), 05/20 VUs, 21 complete and 0 interrupted iterations
relay_latency   [  16% ] 05/20 VUs  0m39.5s/4m00.0s

running (0m42.0s), 05/20 VUs, 21 complete and 0 interrupted iterations
relay_latency   [  17% ] 05/20 VUs  0m40.5s/4m00.0s

running (0m43.0s), 05/20 VUs, 23 complete and 0 interrupted iterations
relay_latency   [  17% ] 05/20 VUs  0m41.5s/4m00.0s

running (0m44.0s), 06/20 VUs, 24 complete and 0 interrupted iterations
relay_latency   [  18% ] 06/20 VUs  0m42.5s/4m00.0s

running (0m45.0s), 06/20 VUs, 25 complete and 0 interrupted iterations
relay_latency   [  18% ] 06/20 VUs  0m43.5s/4m00.0s

running (0m46.0s), 06/20 VUs, 26 complete and 0 interrupted iterations
relay_latency   [  19% ] 06/20 VUs  0m44.5s/4m00.0s

running (0m47.0s), 06/20 VUs, 26 complete and 0 interrupted iterations
relay_latency   [  19% ] 06/20 VUs  0m45.5s/4m00.0s

running (0m48.0s), 06/20 VUs, 28 complete and 0 interrupted iterations
relay_latency   [  19% ] 06/20 VUs  0m46.5s/4m00.0s

running (0m49.0s), 06/20 VUs, 29 complete and 0 interrupted iterations
relay_latency   [  20% ] 06/20 VUs  0m47.5s/4m00.0s

running (0m50.0s), 06/20 VUs, 31 complete and 0 interrupted iterations
relay_latency   [  20% ] 06/20 VUs  0m48.5s/4m00.0s

running (0m51.0s), 06/20 VUs, 32 complete and 0 interrupted iterations
relay_latency   [  21% ] 06/20 VUs  0m49.5s/4m00.0s

running (0m52.0s), 06/20 VUs, 32 complete and 0 interrupted iterations
relay_latency   [  21% ] 06/20 VUs  0m50.5s/4m00.0s

running (0m53.0s), 06/20 VUs, 34 complete and 0 interrupted iterations
relay_latency   [  21% ] 06/20 VUs  0m51.5s/4m00.0s

running (0m54.0s), 06/20 VUs, 35 complete and 0 interrupted iterations
relay_latency   [  22% ] 06/20 VUs  0m52.5s/4m00.0s

running (0m55.0s), 06/20 VUs, 37 complete and 0 interrupted iterations
relay_latency   [  22% ] 06/20 VUs  0m53.5s/4m00.0s

running (0m56.0s), 07/20 VUs, 38 complete and 0 interrupted iterations
relay_latency   [  23% ] 07/20 VUs  0m54.5s/4m00.0s

running (0m57.0s), 07/20 VUs, 38 complete and 0 interrupted iterations
relay_latency   [  23% ] 07/20 VUs  0m55.5s/4m00.0s

running (0m58.0s), 07/20 VUs, 40 complete and 0 interrupted iterations
relay_latency   [  24% ] 07/20 VUs  0m56.5s/4m00.0s

running (0m59.0s), 07/20 VUs, 40 complete and 0 interrupted iterations
relay_latency   [  24% ] 07/20 VUs  0m57.5s/4m00.0s

running (1m00.0s), 07/20 VUs, 42 complete and 0 interrupted iterations
relay_latency   [  24% ] 07/20 VUs  0m58.5s/4m00.0s

running (1m01.0s), 07/20 VUs, 43 complete and 0 interrupted iterations
relay_latency   [  25% ] 07/20 VUs  0m59.5s/4m00.0s

running (1m02.0s), 07/20 VUs, 45 complete and 0 interrupted iterations
relay_latency   [  25% ] 07/20 VUs  1m00.5s/4m00.0s

running (1m03.0s), 07/20 VUs, 46 complete and 0 interrupted iterations
relay_latency   [  26% ] 07/20 VUs  1m01.5s/4m00.0s

running (1m04.0s), 07/20 VUs, 47 complete and 0 interrupted iterations
relay_latency   [  26% ] 07/20 VUs  1m02.5s/4m00.0s

running (1m05.0s), 07/20 VUs, 47 complete and 0 interrupted iterations
relay_latency   [  26% ] 07/20 VUs  1m03.5s/4m00.0s

running (1m06.0s), 07/20 VUs, 50 complete and 0 interrupted iterations
relay_latency   [  27% ] 07/20 VUs  1m04.5s/4m00.0s

running (1m07.0s), 07/20 VUs, 52 complete and 0 interrupted iterations
relay_latency   [  27% ] 07/20 VUs  1m05.5s/4m00.0s

running (1m08.0s), 08/20 VUs, 52 complete and 0 interrupted iterations
relay_latency   [  28% ] 08/20 VUs  1m06.5s/4m00.0s

running (1m09.0s), 08/20 VUs, 54 complete and 0 interrupted iterations
relay_latency   [  28% ] 08/20 VUs  1m07.5s/4m00.0s

running (1m10.0s), 08/20 VUs, 54 complete and 0 interrupted iterations
relay_latency   [  29% ] 08/20 VUs  1m08.5s/4m00.0s

running (1m11.0s), 08/20 VUs, 57 complete and 0 interrupted iterations
relay_latency   [  29% ] 08/20 VUs  1m09.5s/4m00.0s

running (1m12.0s), 08/20 VUs, 59 complete and 0 interrupted iterations
relay_latency   [  29% ] 08/20 VUs  1m10.5s/4m00.0s

running (1m13.0s), 08/20 VUs, 60 complete and 0 interrupted iterations
relay_latency   [  30% ] 08/20 VUs  1m11.5s/4m00.0s

running (1m14.0s), 08/20 VUs, 62 complete and 0 interrupted iterations
relay_latency   [  30% ] 08/20 VUs  1m12.5s/4m00.0s

running (1m15.0s), 08/20 VUs, 62 complete and 0 interrupted iterations
relay_latency   [  31% ] 08/20 VUs  1m13.5s/4m00.0s

running (1m16.0s), 08/20 VUs, 65 complete and 0 interrupted iterations
relay_latency   [  31% ] 08/20 VUs  1m14.5s/4m00.0s

running (1m17.0s), 08/20 VUs, 67 complete and 0 interrupted iterations
relay_latency   [  31% ] 08/20 VUs  1m15.5s/4m00.0s

running (1m18.0s), 08/20 VUs, 68 complete and 0 interrupted iterations
relay_latency   [  32% ] 08/20 VUs  1m16.5s/4m00.0s

running (1m19.0s), 08/20 VUs, 70 complete and 0 interrupted iterations
relay_latency   [  32% ] 08/20 VUs  1m17.5s/4m00.0s

running (1m20.0s), 09/20 VUs, 70 complete and 0 interrupted iterations
relay_latency   [  33% ] 09/20 VUs  1m18.5s/4m00.0s

running (1m21.0s), 09/20 VUs, 73 complete and 0 interrupted iterations
relay_latency   [  33% ] 09/20 VUs  1m19.5s/4m00.0s

running (1m22.0s), 09/20 VUs, 75 complete and 0 interrupted iterations
relay_latency   [  34% ] 09/20 VUs  1m20.5s/4m00.0s

running (1m23.0s), 09/20 VUs, 76 complete and 0 interrupted iterations
relay_latency   [  34% ] 09/20 VUs  1m21.5s/4m00.0s

running (1m24.0s), 09/20 VUs, 78 complete and 0 interrupted iterations
relay_latency   [  34% ] 09/20 VUs  1m22.5s/4m00.0s

running (1m25.0s), 09/20 VUs, 79 complete and 0 interrupted iterations
relay_latency   [  35% ] 09/20 VUs  1m23.5s/4m00.0s

running (1m26.0s), 09/20 VUs, 81 complete and 0 interrupted iterations
relay_latency   [  35% ] 09/20 VUs  1m24.5s/4m00.0s

running (1m27.0s), 09/20 VUs, 82 complete and 0 interrupted iterations
relay_latency   [  36% ] 09/20 VUs  1m25.5s/4m00.0s

running (1m28.0s), 09/20 VUs, 85 complete and 0 interrupted iterations
relay_latency   [  36% ] 09/20 VUs  1m26.5s/4m00.0s

running (1m29.0s), 09/20 VUs, 87 complete and 0 interrupted iterations
relay_latency   [  36% ] 09/20 VUs  1m27.5s/4m00.0s

running (1m30.0s), 09/20 VUs, 88 complete and 0 interrupted iterations
relay_latency   [  37% ] 09/20 VUs  1m28.5s/4m00.0s

running (1m31.0s), 09/20 VUs, 90 complete and 0 interrupted iterations
relay_latency   [  37% ] 09/20 VUs  1m29.5s/4m00.0s

running (1m32.0s), 10/20 VUs, 91 complete and 0 interrupted iterations
relay_latency   [  38% ] 10/20 VUs  1m30.5s/4m00.0s

running (1m33.0s), 10/20 VUs, 94 complete and 0 interrupted iterations
relay_latency   [  38% ] 10/20 VUs  1m31.5s/4m00.0s

running (1m34.0s), 10/20 VUs, 96 complete and 0 interrupted iterations
relay_latency   [  39% ] 10/20 VUs  1m32.5s/4m00.0s

running (1m35.0s), 10/20 VUs, 97 complete and 0 interrupted iterations
relay_latency   [  39% ] 10/20 VUs  1m33.5s/4m00.0s

running (1m36.0s), 10/20 VUs, 99 complete and 0 interrupted iterations
relay_latency   [  39% ] 10/20 VUs  1m34.5s/4m00.0s

running (1m37.0s), 10/20 VUs, 101 complete and 0 interrupted iterations
relay_latency   [  40% ] 10/20 VUs  1m35.5s/4m00.0s

running (1m38.0s), 11/20 VUs, 103 complete and 0 interrupted iterations
relay_latency   [  40% ] 11/20 VUs  1m36.5s/4m00.0s

running (1m39.0s), 11/20 VUs, 106 complete and 0 interrupted iterations
relay_latency   [  41% ] 11/20 VUs  1m37.5s/4m00.0s

running (1m40.0s), 11/20 VUs, 107 complete and 0 interrupted iterations
relay_latency   [  41% ] 11/20 VUs  1m38.5s/4m00.0s

running (1m41.0s), 11/20 VUs, 108 complete and 0 interrupted iterations
relay_latency   [  41% ] 11/20 VUs  1m39.5s/4m00.0s

running (1m42.0s), 11/20 VUs, 111 complete and 0 interrupted iterations
relay_latency   [  42% ] 11/20 VUs  1m40.5s/4m00.0s

running (1m43.0s), 11/20 VUs, 112 complete and 0 interrupted iterations
relay_latency   [  42% ] 11/20 VUs  1m41.5s/4m00.0s

running (1m44.0s), 12/20 VUs, 116 complete and 0 interrupted iterations
relay_latency   [  43% ] 12/20 VUs  1m42.5s/4m00.0s

running (1m45.0s), 12/20 VUs, 117 complete and 0 interrupted iterations
relay_latency   [  43% ] 12/20 VUs  1m43.5s/4m00.0s

running (1m46.0s), 12/20 VUs, 118 complete and 0 interrupted iterations
relay_latency   [  44% ] 12/20 VUs  1m44.5s/4m00.0s

running (1m47.0s), 12/20 VUs, 120 complete and 0 interrupted iterations
relay_latency   [  44% ] 12/20 VUs  1m45.5s/4m00.0s

running (1m48.0s), 12/20 VUs, 123 complete and 0 interrupted iterations
relay_latency   [  44% ] 12/20 VUs  1m46.5s/4m00.0s

running (1m49.0s), 12/20 VUs, 124 complete and 0 interrupted iterations
relay_latency   [  45% ] 12/20 VUs  1m47.5s/4m00.0s

running (1m50.0s), 13/20 VUs, 129 complete and 0 interrupted iterations
relay_latency   [  45% ] 13/20 VUs  1m48.5s/4m00.0s

running (1m51.0s), 13/20 VUs, 130 complete and 0 interrupted iterations
relay_latency   [  46% ] 13/20 VUs  1m49.5s/4m00.0s

running (1m52.0s), 13/20 VUs, 131 complete and 0 interrupted iterations
relay_latency   [  46% ] 13/20 VUs  1m50.5s/4m00.0s

running (1m53.0s), 13/20 VUs, 134 complete and 0 interrupted iterations
relay_latency   [  46% ] 13/20 VUs  1m51.5s/4m00.0s

running (1m54.0s), 13/20 VUs, 136 complete and 0 interrupted iterations
relay_latency   [  47% ] 13/20 VUs  1m52.5s/4m00.0s

running (1m55.0s), 13/20 VUs, 137 complete and 0 interrupted iterations
relay_latency   [  47% ] 13/20 VUs  1m53.5s/4m00.0s

running (1m56.0s), 14/20 VUs, 142 complete and 0 interrupted iterations
relay_latency   [  48% ] 14/20 VUs  1m54.5s/4m00.0s

running (1m57.0s), 14/20 VUs, 143 complete and 0 interrupted iterations
relay_latency   [  48% ] 14/20 VUs  1m55.5s/4m00.0s

running (1m58.0s), 14/20 VUs, 145 complete and 0 interrupted iterations
relay_latency   [  49% ] 14/20 VUs  1m56.5s/4m00.0s

running (1m59.0s), 14/20 VUs, 148 complete and 0 interrupted iterations
relay_latency   [  49% ] 14/20 VUs  1m57.5s/4m00.0s

running (2m00.0s), 14/20 VUs, 150 complete and 0 interrupted iterations
relay_latency   [  49% ] 14/20 VUs  1m58.5s/4m00.0s

running (2m01.0s), 14/20 VUs, 150 complete and 0 interrupted iterations
relay_latency   [  50% ] 14/20 VUs  1m59.5s/4m00.0s

running (2m02.0s), 15/20 VUs, 157 complete and 0 interrupted iterations
relay_latency   [  50% ] 15/20 VUs  2m00.5s/4m00.0s

running (2m03.0s), 15/20 VUs, 157 complete and 0 interrupted iterations
relay_latency   [  51% ] 15/20 VUs  2m01.5s/4m00.0s

running (2m04.0s), 15/20 VUs, 160 complete and 0 interrupted iterations
relay_latency   [  51% ] 15/20 VUs  2m02.5s/4m00.0s

running (2m05.0s), 15/20 VUs, 162 complete and 0 interrupted iterations
relay_latency   [  51% ] 15/20 VUs  2m03.5s/4m00.0s

running (2m06.0s), 15/20 VUs, 163 complete and 0 interrupted iterations
relay_latency   [  52% ] 15/20 VUs  2m04.5s/4m00.0s

running (2m07.0s), 15/20 VUs, 164 complete and 0 interrupted iterations
relay_latency   [  52% ] 15/20 VUs  2m05.5s/4m00.0s

running (2m08.0s), 16/20 VUs, 167 complete and 0 interrupted iterations
relay_latency   [  53% ] 16/20 VUs  2m06.5s/4m00.0s

running (2m09.0s), 16/20 VUs, 172 complete and 0 interrupted iterations
relay_latency   [  53% ] 16/20 VUs  2m07.5s/4m00.0s

running (2m10.0s), 16/20 VUs, 172 complete and 0 interrupted iterations
relay_latency   [  54% ] 16/20 VUs  2m08.5s/4m00.0s

running (2m11.0s), 16/20 VUs, 175 complete and 0 interrupted iterations
relay_latency   [  54% ] 16/20 VUs  2m09.5s/4m00.0s

running (2m12.0s), 16/20 VUs, 179 complete and 0 interrupted iterations
relay_latency   [  54% ] 16/20 VUs  2m10.5s/4m00.0s

running (2m13.0s), 16/20 VUs, 180 complete and 0 interrupted iterations
relay_latency   [  55% ] 16/20 VUs  2m11.5s/4m00.0s

running (2m14.0s), 17/20 VUs, 182 complete and 0 interrupted iterations
relay_latency   [  55% ] 17/20 VUs  2m12.5s/4m00.0s

running (2m15.0s), 17/20 VUs, 187 complete and 0 interrupted iterations
relay_latency   [  56% ] 17/20 VUs  2m13.5s/4m00.0s

running (2m16.0s), 17/20 VUs, 188 complete and 0 interrupted iterations
relay_latency   [  56% ] 17/20 VUs  2m14.5s/4m00.0s

running (2m17.0s), 17/20 VUs, 193 complete and 0 interrupted iterations
relay_latency   [  56% ] 17/20 VUs  2m15.5s/4m00.0s

running (2m18.0s), 17/20 VUs, 195 complete and 0 interrupted iterations
relay_latency   [  57% ] 17/20 VUs  2m16.5s/4m00.0s

running (2m19.0s), 17/20 VUs, 196 complete and 0 interrupted iterations
relay_latency   [  57% ] 17/20 VUs  2m17.5s/4m00.0s

running (2m20.0s), 18/20 VUs, 199 complete and 0 interrupted iterations
relay_latency   [  58% ] 18/20 VUs  2m18.5s/4m00.0s

running (2m21.0s), 18/20 VUs, 203 complete and 0 interrupted iterations
relay_latency   [  58% ] 18/20 VUs  2m19.5s/4m00.0s

running (2m22.0s), 18/20 VUs, 206 complete and 0 interrupted iterations
relay_latency   [  59% ] 18/20 VUs  2m20.5s/4m00.0s

running (2m23.0s), 18/20 VUs, 209 complete and 0 interrupted iterations
relay_latency   [  59% ] 18/20 VUs  2m21.5s/4m00.0s

running (2m24.0s), 18/20 VUs, 213 complete and 0 interrupted iterations
relay_latency   [  59% ] 18/20 VUs  2m22.5s/4m00.0s

running (2m25.0s), 18/20 VUs, 213 complete and 0 interrupted iterations
relay_latency   [  60% ] 18/20 VUs  2m23.5s/4m00.0s

running (2m26.0s), 19/20 VUs, 216 complete and 0 interrupted iterations
relay_latency   [  60% ] 19/20 VUs  2m24.5s/4m00.0s

running (2m27.0s), 19/20 VUs, 218 complete and 0 interrupted iterations
relay_latency   [  61% ] 19/20 VUs  2m25.5s/4m00.0s

running (2m28.0s), 19/20 VUs, 222 complete and 0 interrupted iterations
relay_latency   [  61% ] 19/20 VUs  2m26.5s/4m00.0s

running (2m29.0s), 19/20 VUs, 224 complete and 0 interrupted iterations
relay_latency   [  61% ] 19/20 VUs  2m27.5s/4m00.0s

running (2m30.0s), 19/20 VUs, 226 complete and 0 interrupted iterations
relay_latency   [  62% ] 19/20 VUs  2m28.5s/4m00.0s

running (2m31.0s), 19/20 VUs, 231 complete and 0 interrupted iterations
relay_latency   [  62% ] 19/20 VUs  2m29.5s/4m00.0s

running (2m32.0s), 20/20 VUs, 232 complete and 0 interrupted iterations
relay_latency   [  63% ] 20/20 VUs  2m30.5s/4m00.0s

running (2m33.0s), 20/20 VUs, 237 complete and 0 interrupted iterations
relay_latency   [  63% ] 20/20 VUs  2m31.5s/4m00.0s

running (2m34.0s), 20/20 VUs, 239 complete and 0 interrupted iterations
relay_latency   [  64% ] 20/20 VUs  2m32.5s/4m00.0s

running (2m35.0s), 20/20 VUs, 242 complete and 0 interrupted iterations
relay_latency   [  64% ] 20/20 VUs  2m33.5s/4m00.0s

running (2m36.0s), 20/20 VUs, 243 complete and 0 interrupted iterations
relay_latency   [  64% ] 20/20 VUs  2m34.5s/4m00.0s

running (2m37.0s), 20/20 VUs, 249 complete and 0 interrupted iterations
relay_latency   [  65% ] 20/20 VUs  2m35.5s/4m00.0s

running (2m38.0s), 20/20 VUs, 250 complete and 0 interrupted iterations
relay_latency   [  65% ] 20/20 VUs  2m36.5s/4m00.0s

running (2m39.0s), 19/20 VUs, 253 complete and 0 interrupted iterations
relay_latency   [  66% ] 19/20 VUs  2m37.5s/4m00.0s

running (2m40.0s), 19/20 VUs, 259 complete and 0 interrupted iterations
relay_latency   [  66% ] 19/20 VUs  2m38.5s/4m00.0s

running (2m41.0s), 19/20 VUs, 261 complete and 0 interrupted iterations
relay_latency   [  66% ] 19/20 VUs  2m39.5s/4m00.0s

running (2m42.0s), 19/20 VUs, 263 complete and 0 interrupted iterations
relay_latency   [  67% ] 19/20 VUs  2m40.5s/4m00.0s

running (2m43.0s), 19/20 VUs, 265 complete and 0 interrupted iterations
relay_latency   [  67% ] 19/20 VUs  2m41.5s/4m00.0s

running (2m44.0s), 19/20 VUs, 270 complete and 0 interrupted iterations
relay_latency   [  68% ] 19/20 VUs  2m42.5s/4m00.0s

running (2m45.0s), 18/20 VUs, 272 complete and 0 interrupted iterations
relay_latency   [  68% ] 18/20 VUs  2m43.5s/4m00.0s

running (2m46.0s), 18/20 VUs, 274 complete and 0 interrupted iterations
relay_latency   [  69% ] 18/20 VUs  2m44.5s/4m00.0s

running (2m47.0s), 18/20 VUs, 280 complete and 0 interrupted iterations
relay_latency   [  69% ] 18/20 VUs  2m45.5s/4m00.0s

running (2m48.0s), 18/20 VUs, 282 complete and 0 interrupted iterations
relay_latency   [  69% ] 18/20 VUs  2m46.5s/4m00.0s

running (2m49.0s), 18/20 VUs, 282 complete and 0 interrupted iterations
relay_latency   [  70% ] 18/20 VUs  2m47.5s/4m00.0s

running (2m50.0s), 18/20 VUs, 283 complete and 0 interrupted iterations
relay_latency   [  70% ] 18/20 VUs  2m48.5s/4m00.0s

running (2m51.0s), 18/20 VUs, 290 complete and 0 interrupted iterations
relay_latency   [  71% ] 18/20 VUs  2m49.5s/4m00.0s

running (2m52.0s), 18/20 VUs, 290 complete and 0 interrupted iterations
relay_latency   [  71% ] 18/20 VUs  2m50.5s/4m00.0s

running (2m53.0s), 18/20 VUs, 292 complete and 0 interrupted iterations
relay_latency   [  71% ] 18/20 VUs  2m51.5s/4m00.0s

running (2m54.0s), 17/20 VUs, 297 complete and 0 interrupted iterations
relay_latency   [  72% ] 17/20 VUs  2m52.5s/4m00.0s

running (2m55.0s), 17/20 VUs, 300 complete and 0 interrupted iterations
relay_latency   [  72% ] 17/20 VUs  2m53.5s/4m00.0s

running (2m56.0s), 17/20 VUs, 301 complete and 0 interrupted iterations
relay_latency   [  73% ] 17/20 VUs  2m54.5s/4m00.0s

running (2m57.0s), 17/20 VUs, 303 complete and 0 interrupted iterations
relay_latency   [  73% ] 17/20 VUs  2m55.5s/4m00.0s

running (2m58.0s), 17/20 VUs, 308 complete and 0 interrupted iterations
relay_latency   [  74% ] 17/20 VUs  2m56.5s/4m00.0s

running (2m59.0s), 17/20 VUs, 309 complete and 0 interrupted iterations
relay_latency   [  74% ] 17/20 VUs  2m57.5s/4m00.0s

running (3m00.0s), 16/20 VUs, 311 complete and 0 interrupted iterations
relay_latency   [  74% ] 16/20 VUs  2m58.5s/4m00.0s

running (3m01.0s), 16/20 VUs, 317 complete and 0 interrupted iterations
relay_latency   [  75% ] 16/20 VUs  2m59.5s/4m00.0s

running (3m02.0s), 16/20 VUs, 318 complete and 0 interrupted iterations
relay_latency   [  75% ] 16/20 VUs  3m00.5s/4m00.0s

running (3m03.0s), 16/20 VUs, 320 complete and 0 interrupted iterations
relay_latency   [  76% ] 16/20 VUs  3m01.5s/4m00.0s

running (3m04.0s), 16/20 VUs, 325 complete and 0 interrupted iterations
relay_latency   [  76% ] 16/20 VUs  3m02.5s/4m00.0s

running (3m05.0s), 16/20 VUs, 325 complete and 0 interrupted iterations
relay_latency   [  76% ] 16/20 VUs  3m03.5s/4m00.0s

running (3m06.0s), 16/20 VUs, 327 complete and 0 interrupted iterations
relay_latency   [  77% ] 16/20 VUs  3m04.5s/4m00.0s

running (3m07.0s), 15/20 VUs, 330 complete and 0 interrupted iterations
relay_latency   [  77% ] 15/20 VUs  3m05.5s/4m00.0s

running (3m08.0s), 15/20 VUs, 334 complete and 0 interrupted iterations
relay_latency   [  78% ] 15/20 VUs  3m06.5s/4m00.0s

running (3m09.0s), 15/20 VUs, 336 complete and 0 interrupted iterations
relay_latency   [  78% ] 15/20 VUs  3m07.5s/4m00.0s

running (3m10.0s), 15/20 VUs, 341 complete and 0 interrupted iterations
relay_latency   [  79% ] 15/20 VUs  3m08.5s/4m00.0s

running (3m11.0s), 15/20 VUs, 342 complete and 0 interrupted iterations
relay_latency   [  79% ] 15/20 VUs  3m09.5s/4m00.0s

running (3m12.0s), 15/20 VUs, 344 complete and 0 interrupted iterations
relay_latency   [  79% ] 15/20 VUs  3m10.5s/4m00.0s

running (3m13.0s), 15/20 VUs, 347 complete and 0 interrupted iterations
relay_latency   [  80% ] 15/20 VUs  3m11.5s/4m00.0s

running (3m14.0s), 14/20 VUs, 349 complete and 0 interrupted iterations
relay_latency   [  80% ] 14/20 VUs  3m12.5s/4m00.0s

running (3m15.0s), 14/20 VUs, 352 complete and 0 interrupted iterations
relay_latency   [  81% ] 14/20 VUs  3m13.5s/4m00.0s

running (3m16.0s), 14/20 VUs, 357 complete and 0 interrupted iterations
relay_latency   [  81% ] 14/20 VUs  3m14.5s/4m00.0s

running (3m17.0s), 14/20 VUs, 358 complete and 0 interrupted iterations
relay_latency   [  81% ] 14/20 VUs  3m15.5s/4m00.0s

running (3m18.0s), 13/20 VUs, 360 complete and 0 interrupted iterations
relay_latency   [  82% ] 13/20 VUs  3m16.5s/4m00.0s

running (3m19.0s), 13/20 VUs, 363 complete and 0 interrupted iterations
relay_latency   [  82% ] 13/20 VUs  3m17.5s/4m00.0s

running (3m20.0s), 13/20 VUs, 365 complete and 0 interrupted iterations
relay_latency   [  83% ] 13/20 VUs  3m18.5s/4m00.0s

running (3m21.0s), 13/20 VUs, 368 complete and 0 interrupted iterations
relay_latency   [  83% ] 13/20 VUs  3m19.5s/4m00.0s

running (3m22.0s), 12/20 VUs, 372 complete and 0 interrupted iterations
relay_latency   [  84% ] 12/20 VUs  3m20.5s/4m00.0s

running (3m23.0s), 12/20 VUs, 373 complete and 0 interrupted iterations
relay_latency   [  84% ] 12/20 VUs  3m21.5s/4m00.0s

running (3m24.0s), 12/20 VUs, 375 complete and 0 interrupted iterations
relay_latency   [  84% ] 12/20 VUs  3m22.5s/4m00.0s

running (3m25.0s), 12/20 VUs, 378 complete and 0 interrupted iterations
relay_latency   [  85% ] 12/20 VUs  3m23.5s/4m00.0s

running (3m26.0s), 12/20 VUs, 380 complete and 0 interrupted iterations
relay_latency   [  85% ] 12/20 VUs  3m24.5s/4m00.0s

running (3m27.0s), 11/20 VUs, 384 complete and 0 interrupted iterations
relay_latency   [  86% ] 11/20 VUs  3m25.5s/4m00.0s

running (3m28.0s), 11/20 VUs, 385 complete and 0 interrupted iterations
relay_latency   [  86% ] 11/20 VUs  3m26.5s/4m00.0s

running (3m29.0s), 11/20 VUs, 387 complete and 0 interrupted iterations
relay_latency   [  86% ] 11/20 VUs  3m27.5s/4m00.0s

running (3m30.0s), 11/20 VUs, 388 complete and 0 interrupted iterations
relay_latency   [  87% ] 11/20 VUs  3m28.5s/4m00.0s

running (3m31.0s), 11/20 VUs, 392 complete and 0 interrupted iterations
relay_latency   [  87% ] 11/20 VUs  3m29.5s/4m00.0s

running (3m32.0s), 11/20 VUs, 394 complete and 0 interrupted iterations
relay_latency   [  88% ] 11/20 VUs  3m30.5s/4m00.0s

running (3m33.0s), 11/20 VUs, 396 complete and 0 interrupted iterations
relay_latency   [  88% ] 11/20 VUs  3m31.5s/4m00.0s

running (3m34.0s), 11/20 VUs, 397 complete and 0 interrupted iterations
relay_latency   [  89% ] 11/20 VUs  3m32.5s/4m00.0s

running (3m35.0s), 11/20 VUs, 399 complete and 0 interrupted iterations
relay_latency   [  89% ] 11/20 VUs  3m33.5s/4m00.0s

running (3m36.0s), 10/20 VUs, 403 complete and 0 interrupted iterations
relay_latency   [  89% ] 10/20 VUs  3m34.5s/4m00.0s

running (3m37.0s), 10/20 VUs, 404 complete and 0 interrupted iterations
relay_latency   [  90% ] 10/20 VUs  3m35.5s/4m00.0s

running (3m38.0s), 09/20 VUs, 407 complete and 0 interrupted iterations
relay_latency   [  90% ] 09/20 VUs  3m36.5s/4m00.0s

running (3m39.0s), 09/20 VUs, 408 complete and 0 interrupted iterations
relay_latency   [  91% ] 09/20 VUs  3m37.5s/4m00.0s

running (3m40.0s), 08/20 VUs, 410 complete and 0 interrupted iterations
relay_latency   [  91% ] 08/20 VUs  3m38.5s/4m00.0s

running (3m41.0s), 08/20 VUs, 413 complete and 0 interrupted iterations
relay_latency   [  91% ] 08/20 VUs  3m39.5s/4m00.0s

running (3m42.0s), 08/20 VUs, 414 complete and 0 interrupted iterations
relay_latency   [  92% ] 08/20 VUs  3m40.5s/4m00.0s

running (3m43.0s), 08/20 VUs, 416 complete and 0 interrupted iterations
relay_latency   [  92% ] 08/20 VUs  3m41.5s/4m00.0s

running (3m44.0s), 08/20 VUs, 417 complete and 0 interrupted iterations
relay_latency   [  93% ] 08/20 VUs  3m42.5s/4m00.0s

running (3m45.0s), 08/20 VUs, 418 complete and 0 interrupted iterations
relay_latency   [  93% ] 08/20 VUs  3m43.5s/4m00.0s

running (3m46.0s), 07/20 VUs, 421 complete and 0 interrupted iterations
relay_latency   [  94% ] 07/20 VUs  3m44.5s/4m00.0s

running (3m47.0s), 07/20 VUs, 422 complete and 0 interrupted iterations
relay_latency   [  94% ] 07/20 VUs  3m45.5s/4m00.0s

running (3m48.0s), 07/20 VUs, 424 complete and 0 interrupted iterations
relay_latency   [  94% ] 07/20 VUs  3m46.5s/4m00.0s

running (3m49.0s), 06/20 VUs, 425 complete and 0 interrupted iterations
relay_latency   [  95% ] 06/20 VUs  3m47.5s/4m00.0s

running (3m50.0s), 05/20 VUs, 426 complete and 0 interrupted iterations
relay_latency   [  95% ] 05/20 VUs  3m48.5s/4m00.0s

running (3m51.0s), 05/20 VUs, 429 complete and 0 interrupted iterations
relay_latency   [  96% ] 05/20 VUs  3m49.5s/4m00.0s

running (3m52.0s), 05/20 VUs, 429 complete and 0 interrupted iterations
relay_latency   [  96% ] 05/20 VUs  3m50.5s/4m00.0s

running (3m53.0s), 05/20 VUs, 431 complete and 0 interrupted iterations
relay_latency   [  96% ] 05/20 VUs  3m51.5s/4m00.0s

running (3m54.0s), 05/20 VUs, 431 complete and 0 interrupted iterations
relay_latency   [  97% ] 05/20 VUs  3m52.5s/4m00.0s

running (3m55.0s), 05/20 VUs, 431 complete and 0 interrupted iterations
relay_latency   [  97% ] 05/20 VUs  3m53.5s/4m00.0s

running (3m56.0s), 03/20 VUs, 434 complete and 0 interrupted iterations
relay_latency   [  98% ] 03/20 VUs  3m54.5s/4m00.0s

running (3m57.0s), 03/20 VUs, 434 complete and 0 interrupted iterations
relay_latency   [  98% ] 03/20 VUs  3m55.5s/4m00.0s

running (3m58.0s), 03/20 VUs, 436 complete and 0 interrupted iterations
relay_latency   [  99% ] 03/20 VUs  3m56.5s/4m00.0s

running (3m59.0s), 03/20 VUs, 436 complete and 0 interrupted iterations
relay_latency   [  99% ] 03/20 VUs  3m57.5s/4m00.0s

running (4m00.0s), 03/20 VUs, 436 complete and 0 interrupted iterations
relay_latency   [  99% ] 03/20 VUs  3m58.5s/4m00.0s

running (4m01.0s), 03/20 VUs, 437 complete and 0 interrupted iterations
relay_latency   [ 100% ] 03/20 VUs  3m59.5s/4m00.0s

running (4m02.0s), 02/20 VUs, 438 complete and 0 interrupted iterations
relay_latency ↓ [ 100% ] 03/20 VUs  4m0s

running (4m03.0s), 01/20 VUs, 439 complete and 0 interrupted iterations
relay_latency ↓ [ 100% ] 03/20 VUs  4m0s

running (4m04.0s), 01/20 VUs, 439 complete and 0 interrupted iterations
relay_latency ↓ [ 100% ] 03/20 VUs  4m0s

running (4m05.0s), 01/20 VUs, 439 complete and 0 interrupted iterations
relay_latency ↓ [ 100% ] 03/20 VUs  4m0s


  █ THRESHOLDS 

    http_req_failed
    ✗ 'rate<0.15' rate=47.04%

    relay_total_ms
    ✓ 'p(95)<10000' p(95)=0s


  █ TOTAL RESULTS 

    CUSTOM
    relay_failure..................: 3520   14.365841/s
    relay_post_ms..................: avg=71.69ms  min=36ms    med=52ms    max=601ms p(90)=102ms    p(95)=140ms   
    relay_total_ms.................: avg=0s       min=0s      med=0s      max=0s    p(90)=0s       p(95)=0s      

    HTTP
    http_req_duration..............: avg=102.61ms min=35.21ms med=56.78ms max=1.9s  p(90)=162.85ms p(95)=259.65ms
      { expected_response:true }...: avg=130.35ms min=35.82ms med=63.51ms max=1.9s  p(90)=223.3ms  p(95)=499.62ms
    http_req_failed................: 47.04% 3520 out of 7482
    http_reqs......................: 7482   30.535574/s

    EXECUTION
    iteration_duration.............: avg=5.75s    min=4.8s    med=5.59s   max=7.39s p(90)=6.75s    p(95)=6.9s    
    iterations.....................: 440    1.79573/s
    vus............................: 1      min=0            max=20
    vus_max........................: 20     min=20           max=20

    NETWORK
    data_received..................: 7.1 MB 29 kB/s
    data_sent......................: 3.1 MB 13 kB/s




running (4m05.0s), 00/20 VUs, 440 complete and 0 interrupted iterations
relay_latency ✓ [ 100% ] 00/20 VUs  4m0s
time="2026-06-10T23:32:22+02:00" level=error msg="thresholds on metrics 'http_req_failed' have been crossed"
