
         /\      Grafana   /‾‾/  
    /\  /  \     |\  __   /  /   
   /  \/    \    | |/ /  /   ‾‾\ 
  /          \   |   (  |  (‾)  |
 / __________ \  |_|\_\  \_____/ 


     execution: local
        script: k6/05-data-loss.js
        output: -

     scenarios: (100.00%) 1 scenario, 15 max VUs, 10m30s max duration (incl. graceful stop):
              * data_loss: 1 iterations for each of 15 VUs (maxDuration: 10m0s, gracefulStop: 30s)


running (00m01.0s), 15/15 VUs, 0 complete and 0 interrupted iterations
data_loss   [   0% ] 15 VUs  00m00.6s/10m0s  00/15 iters, 1 per VU

running (00m02.0s), 15/15 VUs, 0 complete and 0 interrupted iterations
data_loss   [   0% ] 15 VUs  00m01.6s/10m0s  00/15 iters, 1 per VU

running (00m03.0s), 15/15 VUs, 0 complete and 0 interrupted iterations
data_loss   [   0% ] 15 VUs  00m02.6s/10m0s  00/15 iters, 1 per VU

running (00m04.0s), 15/15 VUs, 0 complete and 0 interrupted iterations
data_loss   [   0% ] 15 VUs  00m03.6s/10m0s  00/15 iters, 1 per VU

running (00m05.0s), 15/15 VUs, 0 complete and 0 interrupted iterations
data_loss   [   0% ] 15 VUs  00m04.6s/10m0s  00/15 iters, 1 per VU

running (00m06.0s), 15/15 VUs, 0 complete and 0 interrupted iterations
data_loss   [   0% ] 15 VUs  00m05.6s/10m0s  00/15 iters, 1 per VU

running (00m07.0s), 15/15 VUs, 0 complete and 0 interrupted iterations
data_loss   [   0% ] 15 VUs  00m06.6s/10m0s  00/15 iters, 1 per VU

running (00m08.0s), 15/15 VUs, 0 complete and 0 interrupted iterations
data_loss   [   0% ] 15 VUs  00m07.6s/10m0s  00/15 iters, 1 per VU

running (00m09.0s), 15/15 VUs, 0 complete and 0 interrupted iterations
data_loss   [   0% ] 15 VUs  00m08.6s/10m0s  00/15 iters, 1 per VU

running (00m10.0s), 15/15 VUs, 0 complete and 0 interrupted iterations
data_loss   [   0% ] 15 VUs  00m09.6s/10m0s  00/15 iters, 1 per VU
time="2026-06-10T23:46:46+02:00" level=info msg="VU3 Calculator: accepted=0 found=0 lost=0 (0.0%)" source=console
time="2026-06-10T23:46:46+02:00" level=info msg="VU9 Calculator: accepted=0 found=0 lost=0 (0.0%)" source=console
time="2026-06-10T23:46:46+02:00" level=info msg="VU13 Calculator: accepted=0 found=0 lost=0 (0.0%)" source=console
time="2026-06-10T23:46:46+02:00" level=info msg="VU8 Calculator: accepted=0 found=0 lost=0 (0.0%)" source=console
time="2026-06-10T23:46:46+02:00" level=info msg="VU15 Calculator: accepted=0 found=0 lost=0 (0.0%)" source=console
time="2026-06-10T23:46:46+02:00" level=info msg="VU11 Calculator: accepted=0 found=0 lost=0 (0.0%)" source=console
time="2026-06-10T23:46:46+02:00" level=info msg="VU2 Calculator: accepted=0 found=0 lost=0 (0.0%)" source=console
time="2026-06-10T23:46:46+02:00" level=info msg="VU1 Calculator: accepted=0 found=0 lost=0 (0.0%)" source=console
time="2026-06-10T23:46:46+02:00" level=info msg="VU12 Calculator: accepted=0 found=0 lost=0 (0.0%)" source=console
time="2026-06-10T23:46:46+02:00" level=info msg="VU10 Calculator: accepted=0 found=0 lost=0 (0.0%)" source=console
time="2026-06-10T23:46:46+02:00" level=info msg="VU6 Calculator: accepted=0 found=0 lost=0 (0.0%)" source=console
time="2026-06-10T23:46:46+02:00" level=info msg="VU5 Calculator: accepted=0 found=0 lost=0 (0.0%)" source=console
time="2026-06-10T23:46:47+02:00" level=info msg="VU14 Calculator: accepted=0 found=0 lost=0 (0.0%)" source=console
time="2026-06-10T23:46:47+02:00" level=info msg="VU4 Calculator: accepted=0 found=0 lost=0 (0.0%)" source=console
time="2026-06-10T23:46:47+02:00" level=info msg="VU7 Calculator: accepted=0 found=0 lost=0 (0.0%)" source=console

running (00m11.0s), 15/15 VUs, 0 complete and 0 interrupted iterations
data_loss   [   0% ] 15 VUs  00m10.6s/10m0s  00/15 iters, 1 per VU

running (00m12.0s), 15/15 VUs, 0 complete and 0 interrupted iterations
data_loss   [   0% ] 15 VUs  00m11.6s/10m0s  00/15 iters, 1 per VU

running (00m13.0s), 15/15 VUs, 0 complete and 0 interrupted iterations
data_loss   [   0% ] 15 VUs  00m12.6s/10m0s  00/15 iters, 1 per VU

running (00m14.0s), 15/15 VUs, 0 complete and 0 interrupted iterations
data_loss   [   0% ] 15 VUs  00m13.6s/10m0s  00/15 iters, 1 per VU

running (00m15.0s), 15/15 VUs, 0 complete and 0 interrupted iterations
data_loss   [   0% ] 15 VUs  00m14.6s/10m0s  00/15 iters, 1 per VU

running (00m16.0s), 15/15 VUs, 0 complete and 0 interrupted iterations
data_loss   [   0% ] 15 VUs  00m15.6s/10m0s  00/15 iters, 1 per VU

running (00m17.0s), 15/15 VUs, 0 complete and 0 interrupted iterations
data_loss   [   0% ] 15 VUs  00m16.6s/10m0s  00/15 iters, 1 per VU
time="2026-06-10T23:46:53+02:00" level=info msg="VU3 Analytics: accepted=0 found=0 lost=0 (0.0%)" source=console
time="2026-06-10T23:46:54+02:00" level=info msg="VU9 Analytics: accepted=0 found=0 lost=0 (0.0%)" source=console

running (00m18.0s), 15/15 VUs, 0 complete and 0 interrupted iterations
data_loss   [   0% ] 15 VUs  00m17.6s/10m0s  00/15 iters, 1 per VU
time="2026-06-10T23:46:54+02:00" level=info msg="VU15 Analytics: accepted=0 found=0 lost=0 (0.0%)" source=console
time="2026-06-10T23:46:54+02:00" level=info msg="VU13 Analytics: accepted=0 found=0 lost=0 (0.0%)" source=console
time="2026-06-10T23:46:54+02:00" level=info msg="VU8 Analytics: accepted=0 found=0 lost=0 (0.0%)" source=console
time="2026-06-10T23:46:54+02:00" level=info msg="VU5 Analytics: accepted=0 found=0 lost=0 (0.0%)" source=console
time="2026-06-10T23:46:54+02:00" level=info msg="VU10 Analytics: accepted=0 found=0 lost=0 (0.0%)" source=console
time="2026-06-10T23:46:54+02:00" level=info msg="VU2 Analytics: accepted=0 found=0 lost=0 (0.0%)" source=console
time="2026-06-10T23:46:54+02:00" level=info msg="VU1 Analytics: accepted=0 found=0 lost=0 (0.0%)" source=console
time="2026-06-10T23:46:54+02:00" level=info msg="VU6 Analytics: accepted=0 found=0 lost=0 (0.0%)" source=console
time="2026-06-10T23:46:54+02:00" level=info msg="VU4 Analytics: accepted=0 found=0 lost=0 (0.0%)" source=console
time="2026-06-10T23:46:54+02:00" level=info msg="VU11 Analytics: accepted=0 found=0 lost=0 (0.0%)" source=console
time="2026-06-10T23:46:54+02:00" level=info msg="VU12 Analytics: accepted=0 found=0 lost=0 (0.0%)" source=console
time="2026-06-10T23:46:54+02:00" level=info msg="VU14 Analytics: accepted=0 found=0 lost=0 (0.0%)" source=console
time="2026-06-10T23:46:54+02:00" level=info msg="VU7 Analytics: accepted=0 found=0 lost=0 (0.0%)" source=console

running (00m19.0s), 15/15 VUs, 0 complete and 0 interrupted iterations
data_loss   [   0% ] 15 VUs  00m18.6s/10m0s  00/15 iters, 1 per VU

running (00m20.0s), 15/15 VUs, 0 complete and 0 interrupted iterations
data_loss   [   0% ] 15 VUs  00m19.6s/10m0s  00/15 iters, 1 per VU

running (00m21.0s), 15/15 VUs, 0 complete and 0 interrupted iterations
data_loss   [   0% ] 15 VUs  00m20.6s/10m0s  00/15 iters, 1 per VU

running (00m22.0s), 15/15 VUs, 0 complete and 0 interrupted iterations
data_loss   [   0% ] 15 VUs  00m21.6s/10m0s  00/15 iters, 1 per VU

running (00m23.0s), 15/15 VUs, 0 complete and 0 interrupted iterations
data_loss   [   0% ] 15 VUs  00m22.6s/10m0s  00/15 iters, 1 per VU

running (00m24.0s), 15/15 VUs, 0 complete and 0 interrupted iterations
data_loss   [   0% ] 15 VUs  00m23.6s/10m0s  00/15 iters, 1 per VU
time="2026-06-10T23:47:00+02:00" level=info msg="VU3 Advanced: accepted=0 found=0 lost=0 (0.0%)" source=console
time="2026-06-10T23:47:00+02:00" level=info msg="VU9 Advanced: accepted=0 found=0 lost=0 (0.0%)" source=console

running (00m25.0s), 15/15 VUs, 0 complete and 0 interrupted iterations
data_loss   [   0% ] 15 VUs  00m24.6s/10m0s  00/15 iters, 1 per VU
time="2026-06-10T23:47:01+02:00" level=info msg="VU15 Advanced: accepted=0 found=0 lost=0 (0.0%)" source=console
time="2026-06-10T23:47:01+02:00" level=info msg="VU13 Advanced: accepted=0 found=0 lost=0 (0.0%)" source=console
time="2026-06-10T23:47:01+02:00" level=info msg="VU2 Advanced: accepted=0 found=0 lost=0 (0.0%)" source=console
time="2026-06-10T23:47:01+02:00" level=info msg="VU8 Advanced: accepted=0 found=0 lost=0 (0.0%)" source=console
time="2026-06-10T23:47:01+02:00" level=info msg="VU10 Advanced: accepted=0 found=0 lost=0 (0.0%)" source=console
time="2026-06-10T23:47:01+02:00" level=info msg="VU11 Advanced: accepted=0 found=0 lost=0 (0.0%)" source=console
time="2026-06-10T23:47:01+02:00" level=info msg="VU1 Advanced: accepted=0 found=0 lost=0 (0.0%)" source=console
time="2026-06-10T23:47:01+02:00" level=info msg="VU5 Advanced: accepted=0 found=0 lost=0 (0.0%)" source=console
time="2026-06-10T23:47:01+02:00" level=info msg="VU4 Advanced: accepted=0 found=0 lost=0 (0.0%)" source=console
time="2026-06-10T23:47:01+02:00" level=info msg="VU6 Advanced: accepted=0 found=0 lost=0 (0.0%)" source=console
time="2026-06-10T23:47:01+02:00" level=info msg="VU7 Advanced: accepted=0 found=0 lost=0 (0.0%)" source=console
time="2026-06-10T23:47:01+02:00" level=info msg="VU12 Advanced: accepted=0 found=0 lost=0 (0.0%)" source=console
time="2026-06-10T23:47:01+02:00" level=info msg="VU14 Advanced: accepted=0 found=0 lost=0 (0.0%)" source=console

running (00m26.0s), 15/15 VUs, 0 complete and 0 interrupted iterations
data_loss   [   0% ] 15 VUs  00m25.6s/10m0s  00/15 iters, 1 per VU

running (00m27.0s), 15/15 VUs, 0 complete and 0 interrupted iterations
data_loss   [   0% ] 15 VUs  00m26.6s/10m0s  00/15 iters, 1 per VU

running (00m28.0s), 15/15 VUs, 0 complete and 0 interrupted iterations
data_loss   [   0% ] 15 VUs  00m27.6s/10m0s  00/15 iters, 1 per VU

running (00m29.0s), 15/15 VUs, 0 complete and 0 interrupted iterations
data_loss   [   0% ] 15 VUs  00m28.6s/10m0s  00/15 iters, 1 per VU

running (00m30.0s), 15/15 VUs, 0 complete and 0 interrupted iterations
data_loss   [   0% ] 15 VUs  00m29.6s/10m0s  00/15 iters, 1 per VU
time="2026-06-10T23:47:06+02:00" level=info msg="VU3 DataExchange: accepted=0 found=0 lost=0 (0.0%)" source=console

running (00m31.0s), 15/15 VUs, 0 complete and 0 interrupted iterations
data_loss   [   0% ] 15 VUs  00m30.6s/10m0s  00/15 iters, 1 per VU
time="2026-06-10T23:47:07+02:00" level=info msg="VU9 DataExchange: accepted=0 found=0 lost=0 (0.0%)" source=console

running (00m32.0s), 15/15 VUs, 0 complete and 0 interrupted iterations
data_loss   [   0% ] 15 VUs  00m31.6s/10m0s  00/15 iters, 1 per VU
time="2026-06-10T23:47:08+02:00" level=info msg="VU15 DataExchange: accepted=0 found=0 lost=0 (0.0%)" source=console
time="2026-06-10T23:47:08+02:00" level=info msg="VU13 DataExchange: accepted=0 found=0 lost=0 (0.0%)" source=console
time="2026-06-10T23:47:08+02:00" level=info msg="VU8 DataExchange: accepted=0 found=0 lost=0 (0.0%)" source=console
time="2026-06-10T23:47:08+02:00" level=info msg="VU2 DataExchange: accepted=0 found=0 lost=0 (0.0%)" source=console
time="2026-06-10T23:47:08+02:00" level=info msg="VU10 DataExchange: accepted=0 found=0 lost=0 (0.0%)" source=console
time="2026-06-10T23:47:08+02:00" level=info msg="VU11 DataExchange: accepted=0 found=0 lost=0 (0.0%)" source=console
time="2026-06-10T23:47:08+02:00" level=info msg="VU1 DataExchange: accepted=0 found=0 lost=0 (0.0%)" source=console
time="2026-06-10T23:47:08+02:00" level=info msg="VU6 DataExchange: accepted=0 found=0 lost=0 (0.0%)" source=console
time="2026-06-10T23:47:08+02:00" level=info msg="VU7 DataExchange: accepted=0 found=0 lost=0 (0.0%)" source=console
time="2026-06-10T23:47:09+02:00" level=info msg="VU14 DataExchange: accepted=0 found=0 lost=0 (0.0%)" source=console
time="2026-06-10T23:47:09+02:00" level=info msg="VU4 DataExchange: accepted=0 found=0 lost=0 (0.0%)" source=console
time="2026-06-10T23:47:09+02:00" level=info msg="VU5 DataExchange: accepted=0 found=0 lost=0 (0.0%)" source=console

running (00m33.0s), 15/15 VUs, 0 complete and 0 interrupted iterations
data_loss   [   0% ] 15 VUs  00m32.6s/10m0s  00/15 iters, 1 per VU
time="2026-06-10T23:47:09+02:00" level=info msg="VU12 DataExchange: accepted=0 found=0 lost=0 (0.0%)" source=console

running (00m34.0s), 15/15 VUs, 0 complete and 0 interrupted iterations
data_loss   [   0% ] 15 VUs  00m33.6s/10m0s  00/15 iters, 1 per VU

running (00m35.0s), 15/15 VUs, 0 complete and 0 interrupted iterations
data_loss   [   0% ] 15 VUs  00m34.6s/10m0s  00/15 iters, 1 per VU

running (00m36.0s), 15/15 VUs, 0 complete and 0 interrupted iterations
data_loss   [   0% ] 15 VUs  00m35.6s/10m0s  00/15 iters, 1 per VU
time="2026-06-10T23:47:13+02:00" level=info msg="VU3 MonteCarlo: accepted=0 found=0 lost=0 (0.0%)" source=console

running (00m37.0s), 15/15 VUs, 0 complete and 0 interrupted iterations
data_loss   [   0% ] 15 VUs  00m36.6s/10m0s  00/15 iters, 1 per VU
time="2026-06-10T23:47:13+02:00" level=info msg="VU9 MonteCarlo: accepted=0 found=0 lost=0 (0.0%)" source=console

running (00m38.0s), 15/15 VUs, 0 complete and 0 interrupted iterations
data_loss   [   0% ] 15 VUs  00m37.6s/10m0s  00/15 iters, 1 per VU
time="2026-06-10T23:47:14+02:00" level=info msg="VU15 MonteCarlo: accepted=0 found=0 lost=0 (0.0%)" source=console
time="2026-06-10T23:47:15+02:00" level=info msg="VU13 MonteCarlo: accepted=0 found=0 lost=0 (0.0%)" source=console

running (00m39.0s), 15/15 VUs, 0 complete and 0 interrupted iterations
data_loss   [   0% ] 15 VUs  00m38.6s/10m0s  00/15 iters, 1 per VU
time="2026-06-10T23:47:15+02:00" level=info msg="VU8 MonteCarlo: accepted=0 found=0 lost=0 (0.0%)" source=console
time="2026-06-10T23:47:15+02:00" level=info msg="VU11 MonteCarlo: accepted=0 found=0 lost=0 (0.0%)" source=console
time="2026-06-10T23:47:15+02:00" level=info msg="VU10 MonteCarlo: accepted=0 found=0 lost=0 (0.0%)" source=console
time="2026-06-10T23:47:15+02:00" level=info msg="VU1 MonteCarlo: accepted=0 found=0 lost=0 (0.0%)" source=console
time="2026-06-10T23:47:15+02:00" level=info msg="VU2 MonteCarlo: accepted=0 found=0 lost=0 (0.0%)" source=console
time="2026-06-10T23:47:15+02:00" level=info msg="VU7 MonteCarlo: accepted=0 found=0 lost=0 (0.0%)" source=console
time="2026-06-10T23:47:15+02:00" level=info msg="VU6 MonteCarlo: accepted=0 found=0 lost=0 (0.0%)" source=console
time="2026-06-10T23:47:15+02:00" level=info msg="VU5 MonteCarlo: accepted=0 found=0 lost=0 (0.0%)" source=console
time="2026-06-10T23:47:15+02:00" level=info msg="VU14 MonteCarlo: accepted=0 found=0 lost=0 (0.0%)" source=console
time="2026-06-10T23:47:15+02:00" level=info msg="VU4 MonteCarlo: accepted=0 found=0 lost=0 (0.0%)" source=console
time="2026-06-10T23:47:16+02:00" level=info msg="VU12 MonteCarlo: accepted=0 found=0 lost=0 (0.0%)" source=console

running (00m40.0s), 15/15 VUs, 0 complete and 0 interrupted iterations
data_loss   [   0% ] 15 VUs  00m39.6s/10m0s  00/15 iters, 1 per VU

running (00m41.0s), 15/15 VUs, 0 complete and 0 interrupted iterations
data_loss   [   0% ] 15 VUs  00m40.6s/10m0s  00/15 iters, 1 per VU

running (00m42.0s), 15/15 VUs, 0 complete and 0 interrupted iterations
data_loss   [   0% ] 15 VUs  00m41.6s/10m0s  00/15 iters, 1 per VU

running (00m43.0s), 15/15 VUs, 0 complete and 0 interrupted iterations
data_loss   [   0% ] 15 VUs  00m42.6s/10m0s  00/15 iters, 1 per VU
time="2026-06-10T23:47:19+02:00" level=info msg="VU3 Geospatial: accepted=0 found=0 lost=0 (0.0%)" source=console
time="2026-06-10T23:47:20+02:00" level=info msg="VU9 Geospatial: accepted=0 found=0 lost=0 (0.0%)" source=console

running (00m44.0s), 15/15 VUs, 0 complete and 0 interrupted iterations
data_loss   [   0% ] 15 VUs  00m43.6s/10m0s  00/15 iters, 1 per VU

running (00m45.0s), 15/15 VUs, 0 complete and 0 interrupted iterations
data_loss   [   0% ] 15 VUs  00m44.6s/10m0s  00/15 iters, 1 per VU
time="2026-06-10T23:47:21+02:00" level=info msg="VU15 Geospatial: accepted=0 found=0 lost=0 (0.0%)" source=console
time="2026-06-10T23:47:21+02:00" level=info msg="VU13 Geospatial: accepted=0 found=0 lost=0 (0.0%)" source=console
time="2026-06-10T23:47:22+02:00" level=info msg="VU11 Geospatial: accepted=0 found=0 lost=0 (0.0%)" source=console
time="2026-06-10T23:47:22+02:00" level=info msg="VU8 Geospatial: accepted=0 found=0 lost=0 (0.0%)" source=console

running (00m46.0s), 15/15 VUs, 0 complete and 0 interrupted iterations
data_loss   [   0% ] 15 VUs  00m45.6s/10m0s  00/15 iters, 1 per VU
time="2026-06-10T23:47:22+02:00" level=info msg="VU10 Geospatial: accepted=0 found=0 lost=0 (0.0%)" source=console
time="2026-06-10T23:47:22+02:00" level=info msg="VU1 Geospatial: accepted=0 found=0 lost=0 (0.0%)" source=console
time="2026-06-10T23:47:22+02:00" level=info msg="VU2 Geospatial: accepted=0 found=0 lost=0 (0.0%)" source=console
time="2026-06-10T23:47:22+02:00" level=info msg="VU7 Geospatial: accepted=0 found=0 lost=0 (0.0%)" source=console
time="2026-06-10T23:47:22+02:00" level=info msg="VU6 Geospatial: accepted=0 found=0 lost=0 (0.0%)" source=console
time="2026-06-10T23:47:22+02:00" level=info msg="VU5 Geospatial: accepted=0 found=0 lost=0 (0.0%)" source=console
time="2026-06-10T23:47:22+02:00" level=info msg="VU4 Geospatial: accepted=0 found=0 lost=0 (0.0%)" source=console
time="2026-06-10T23:47:22+02:00" level=info msg="VU12 Geospatial: accepted=0 found=0 lost=0 (0.0%)" source=console
time="2026-06-10T23:47:22+02:00" level=info msg="VU14 Geospatial: accepted=0 found=0 lost=0 (0.0%)" source=console

running (00m47.0s), 15/15 VUs, 0 complete and 0 interrupted iterations
data_loss   [   0% ] 15 VUs  00m46.6s/10m0s  00/15 iters, 1 per VU

running (00m48.0s), 15/15 VUs, 0 complete and 0 interrupted iterations
data_loss   [   0% ] 15 VUs  00m47.6s/10m0s  00/15 iters, 1 per VU

running (00m49.0s), 15/15 VUs, 0 complete and 0 interrupted iterations
data_loss   [   0% ] 15 VUs  00m48.6s/10m0s  00/15 iters, 1 per VU
time="2026-06-10T23:47:25+02:00" level=info msg="VU3 ClimateAnomaly: accepted=0 found=0 lost=0 (0.0%)" source=console

running (00m50.0s), 15/15 VUs, 0 complete and 0 interrupted iterations
data_loss   [   0% ] 15 VUs  00m49.6s/10m0s  00/15 iters, 1 per VU
time="2026-06-10T23:47:26+02:00" level=info msg="VU9 ClimateAnomaly: accepted=0 found=0 lost=0 (0.0%)" source=console

running (00m51.0s), 15/15 VUs, 0 complete and 0 interrupted iterations
data_loss   [   0% ] 15 VUs  00m50.6s/10m0s  00/15 iters, 1 per VU
time="2026-06-10T23:47:27+02:00" level=info msg="VU15 ClimateAnomaly: accepted=0 found=0 lost=0 (0.0%)" source=console

running (00m52.0s), 15/15 VUs, 0 complete and 0 interrupted iterations
data_loss   [   0% ] 15 VUs  00m51.6s/10m0s  00/15 iters, 1 per VU
time="2026-06-10T23:47:28+02:00" level=info msg="VU13 ClimateAnomaly: accepted=0 found=0 lost=0 (0.0%)" source=console
time="2026-06-10T23:47:28+02:00" level=info msg="VU11 ClimateAnomaly: accepted=0 found=0 lost=0 (0.0%)" source=console
time="2026-06-10T23:47:28+02:00" level=info msg="VU8 ClimateAnomaly: accepted=0 found=0 lost=0 (0.0%)" source=console
time="2026-06-10T23:47:29+02:00" level=info msg="VU10 ClimateAnomaly: accepted=0 found=0 lost=0 (0.0%)" source=console
time="2026-06-10T23:47:29+02:00" level=info msg="VU1 ClimateAnomaly: accepted=0 found=0 lost=0 (0.0%)" source=console
time="2026-06-10T23:47:29+02:00" level=info msg="VU2 ClimateAnomaly: accepted=0 found=0 lost=0 (0.0%)" source=console
time="2026-06-10T23:47:29+02:00" level=info msg="VU7 ClimateAnomaly: accepted=0 found=0 lost=0 (0.0%)" source=console

running (00m53.0s), 15/15 VUs, 0 complete and 0 interrupted iterations
data_loss   [   0% ] 15 VUs  00m52.6s/10m0s  00/15 iters, 1 per VU
time="2026-06-10T23:47:29+02:00" level=info msg="VU6 ClimateAnomaly: accepted=0 found=0 lost=0 (0.0%)" source=console
time="2026-06-10T23:47:29+02:00" level=info msg="VU5 ClimateAnomaly: accepted=0 found=0 lost=0 (0.0%)" source=console
time="2026-06-10T23:47:29+02:00" level=info msg="VU4 ClimateAnomaly: accepted=0 found=0 lost=0 (0.0%)" source=console
time="2026-06-10T23:47:29+02:00" level=info msg="VU12 ClimateAnomaly: accepted=0 found=0 lost=0 (0.0%)" source=console
time="2026-06-10T23:47:29+02:00" level=info msg="VU14 ClimateAnomaly: accepted=0 found=0 lost=0 (0.0%)" source=console

running (00m54.0s), 15/15 VUs, 0 complete and 0 interrupted iterations
data_loss   [   0% ] 15 VUs  00m53.6s/10m0s  00/15 iters, 1 per VU

running (00m55.0s), 15/15 VUs, 0 complete and 0 interrupted iterations
data_loss   [   0% ] 15 VUs  00m54.6s/10m0s  00/15 iters, 1 per VU
time="2026-06-10T23:47:31+02:00" level=info msg="VU3 MLTrainer: accepted=0 found=0 lost=0 (0.0%)" source=console

running (00m56.0s), 14/15 VUs, 1 complete and 0 interrupted iterations
data_loss   [   7% ] 15 VUs  00m55.6s/10m0s  01/15 iters, 1 per VU
time="2026-06-10T23:47:32+02:00" level=info msg="VU9 MLTrainer: accepted=0 found=0 lost=0 (0.0%)" source=console

running (00m57.0s), 13/15 VUs, 2 complete and 0 interrupted iterations
data_loss   [  13% ] 15 VUs  00m56.6s/10m0s  02/15 iters, 1 per VU
time="2026-06-10T23:47:34+02:00" level=info msg="VU15 MLTrainer: accepted=0 found=0 lost=0 (0.0%)" source=console

running (00m58.0s), 12/15 VUs, 3 complete and 0 interrupted iterations
data_loss   [  20% ] 15 VUs  00m57.6s/10m0s  03/15 iters, 1 per VU
time="2026-06-10T23:47:35+02:00" level=info msg="VU13 MLTrainer: accepted=0 found=0 lost=0 (0.0%)" source=console

running (00m59.0s), 11/15 VUs, 4 complete and 0 interrupted iterations
data_loss   [  27% ] 15 VUs  00m58.6s/10m0s  04/15 iters, 1 per VU
time="2026-06-10T23:47:35+02:00" level=info msg="VU11 MLTrainer: accepted=0 found=0 lost=0 (0.0%)" source=console
time="2026-06-10T23:47:36+02:00" level=info msg="VU8 MLTrainer: accepted=0 found=0 lost=0 (0.0%)" source=console
time="2026-06-10T23:47:36+02:00" level=info msg="VU10 MLTrainer: accepted=0 found=0 lost=0 (0.0%)" source=console
time="2026-06-10T23:47:36+02:00" level=info msg="VU7 MLTrainer: accepted=0 found=0 lost=0 (0.0%)" source=console
time="2026-06-10T23:47:36+02:00" level=info msg="VU1 MLTrainer: accepted=0 found=0 lost=0 (0.0%)" source=console

running (01m00.0s), 06/15 VUs, 9 complete and 0 interrupted iterations
data_loss   [  60% ] 15 VUs  00m59.6s/10m0s  09/15 iters, 1 per VU
time="2026-06-10T23:47:36+02:00" level=info msg="VU2 MLTrainer: accepted=0 found=0 lost=0 (0.0%)" source=console
time="2026-06-10T23:47:36+02:00" level=info msg="VU6 MLTrainer: accepted=0 found=0 lost=0 (0.0%)" source=console
time="2026-06-10T23:47:36+02:00" level=info msg="VU5 MLTrainer: accepted=0 found=0 lost=0 (0.0%)" source=console
time="2026-06-10T23:47:36+02:00" level=info msg="VU4 MLTrainer: accepted=0 found=0 lost=0 (0.0%)" source=console
time="2026-06-10T23:47:36+02:00" level=info msg="VU12 MLTrainer: accepted=0 found=0 lost=0 (0.0%)" source=console
time="2026-06-10T23:47:36+02:00" level=info msg="VU14 MLTrainer: accepted=0 found=0 lost=0 (0.0%)" source=console


  █ THRESHOLDS 

    dataloss_pct
    ✓ 'p(95)<5' p(95)=0s


  █ TOTAL RESULTS 

    checks_total.......: 120     1.984059/s
    checks_succeeded...: 100.00% 120 out of 120
    checks_failed......: 0.00%   0 out of 120

    ✓ Calculator zero data loss
    ✓ Analytics zero data loss
    ✓ Advanced zero data loss
    ✓ DataExchange zero data loss
    ✓ MonteCarlo zero data loss
    ✓ Geospatial zero data loss
    ✓ ClimateAnomaly zero data loss
    ✓ MLTrainer zero data loss

    CUSTOM
    dataloss_pct...................: avg=0s       min=0s      med=0s      max=0s    p(90)=0s       p(95)=0s      

    HTTP
    http_req_duration..............: avg=73.33ms  min=34.67ms med=50.87ms max=2.99s p(90)=102.62ms p(95)=107.69ms
      { expected_response:true }...: avg=176.54ms min=35.72ms med=44.48ms max=2.99s p(90)=168.28ms p(95)=992.26ms
    http_req_failed................: 93.33% 3600 out of 3857
    http_reqs......................: 3857   63.770948/s

    EXECUTION
    iteration_duration.............: avg=58.93s   min=55.26s  med=59.56s  max=1m0s  p(90)=1m0s     p(95)=1m0s    
    iterations.....................: 15     0.248007/s
    vus............................: 6      min=6            max=15
    vus_max........................: 15     min=15           max=15

    NETWORK
    data_received..................: 1.9 MB 32 kB/s
    data_sent......................: 1.9 MB 31 kB/s




running (01m00.5s), 00/15 VUs, 15 complete and 0 interrupted iterations
data_loss ✓ [ 100% ] 15 VUs  01m00.1s/10m0s  15/15 iters, 1 per VU
